#
# There is insufficient memory for the Java Runtime Environment to continue.
# Native memory allocation (malloc) failed to allocate 1757936 bytes. Error detail: Chunk::new
# Possible reasons:
#   The system is out of physical RAM or swap space
#   This process is running with CompressedOops enabled, and the Java Heap may be blocking the growth of the native heap
# Possible solutions:
#   Reduce memory load on the system
#   Increase physical memory or swap space
#   Check if swap backing store is full
#   Decrease Java heap size (-Xmx/-Xms)
#   Decrease number of Java threads
#   Decrease Java thread stack sizes (-Xss)
#   Set larger code cache with -XX:ReservedCodeCacheSize=
#   JVM is running with Unscaled Compressed Oops mode in which the Java heap is
#     placed in the first 4GB address space. The Java Heap base address is the
#     maximum limit for the native heap growth. Please use -XX:HeapBaseMinAddress
#     to set the Java Heap base and to place the Java Heap above 4GB virtual address.
# This output file may be truncated or incomplete.
#
#  Out of Memory Error (arena.cpp:191), pid=17440, tid=2220
#
# JRE version: OpenJDK Runtime Environment Temurin-17.0.13+11 (17.0.13+11) (build 17.0.13+11)
# Java VM: OpenJDK 64-Bit Server VM Temurin-17.0.13+11 (17.0.13+11, mixed mode, tiered, compressed oops, compressed class ptrs, parallel gc, windows-amd64)
# No core dump will be written. Minidumps are not enabled by default on client versions of Windows
#

---------------  S U M M A R Y ------------

Command Line: --add-modules=ALL-SYSTEM --add-opens=java.base/java.util=ALL-UNNAMED --add-opens=java.base/java.lang=ALL-UNNAMED --add-opens=java.base/sun.nio.fs=ALL-UNNAMED -Declipse.application=org.eclipse.jdt.ls.core.id1 -Dosgi.bundles.defaultStartLevel=4 -Declipse.product=org.eclipse.jdt.ls.core.product -Djava.import.generatesMetadataFilesAtProjectRoot=false -DDetectVMInstallationsJob.disabled=true -Dfile.encoding=utf8 -XX:+UseParallelGC -XX:GCTimeRatio=4 -XX:AdaptiveSizePolicyWeight=90 -Dsun.zip.disableMemoryMapping=true -Xmx1G -Xms100m -Xlog:disable -javaagent:c:\Users\Thamod Rasmitha\.vscode\extensions\redhat.java-1.37.0-win32-x64\lombok\lombok-1.18.34.jar -XX:+HeapDumpOnOutOfMemoryError -XX:HeapDumpPath=c:\Users\Thamod Rasmitha\AppData\Roaming\Code\User\workspaceStorage\79564c900adf8b5a677e70732245fc39\redhat.java -Daether.dependencyCollector.impl=bf c:\Users\Thamod Rasmitha\.vscode\extensions\redhat.java-1.37.0-win32-x64\server\plugins\org.eclipse.equinox.launcher_1.6.900.v20240613-2009.jar -configuration c:\Users\Thamod Rasmitha\AppData\Roaming\Code\User\globalStorage\redhat.java\1.37.0\config_win -data c:\Users\Thamod Rasmitha\AppData\Roaming\Code\User\workspaceStorage\79564c900adf8b5a677e70732245fc39\redhat.java\jdt_ws --pipe=\\.\pipe\lsp-a0fd7aefd0507630532da6a08307d1bf-sock

Host: AMD Ryzen 5 5500U with Radeon Graphics         , 12 cores, 15G,  Windows 11 , 64 bit Build 26100 (10.0.26100.2454)
Time: Sun Dec 15 20:53:16 2024 Sri Lanka Standard Time elapsed time: 4.578564 seconds (0d 0h 0m 4s)

---------------  T H R E A D  ---------------

Current thread (0x000002752c932ac0):  JavaThread "C2 CompilerThread0" daemon [_thread_in_native, id=2220, stack(0x000000dbb8700000,0x000000dbb8800000)]


Current CompileTask:
C2:   4578 4253       4       org.eclipse.osgi.internal.loader.BundleLoader::addExportedProvidersFor (167 bytes)

Stack: [0x000000dbb8700000,0x000000dbb8800000]
Native frames: (J=compiled Java code, j=interpreted, Vv=VM code, C=native code)
V  [jvm.dll+0x682a19]
V  [jvm.dll+0x839538]
V  [jvm.dll+0x83afe3]
V  [jvm.dll+0x83b653]
V  [jvm.dll+0x24704f]
V  [jvm.dll+0xace34]
V  [jvm.dll+0xad4cc]
V  [jvm.dll+0x36592f]
V  [jvm.dll+0x32fbd8]
V  [jvm.dll+0x32f05a]
V  [jvm.dll+0x21804f]
V  [jvm.dll+0x21748f]
V  [jvm.dll+0x1a3070]
V  [jvm.dll+0x22788c]
V  [jvm.dll+0x2259eb]
V  [jvm.dll+0x7eec98]
V  [jvm.dll+0x7e8ffc]
V  [jvm.dll+0x6818f7]
C  [ucrtbase.dll+0x14ea0]
C  [KERNEL32.DLL+0x2e8d7]
C  [ntdll.dll+0xdfbcc]


---------------  P R O C E S S  ---------------

Threads class SMR info:
_java_thread_list=0x00000275315aba20, length=42, elements={
0x00000275119194c0, 0x00000275277a5020, 0x00000275119cdfe0, 0x00000275277ae2d0,
0x000002752c929000, 0x000002752c92cbf0, 0x000002752c92e030, 0x000002752c932ac0,
0x000002752c934e80, 0x000002752c939460, 0x000002752cabf450, 0x000002752cac0890,
0x000002752e1e2890, 0x000002752cabdb00, 0x000002752cac0da0, 0x000002752cac12b0,
0x000002752cabe010, 0x000002752cabea30, 0x000002752cabe520, 0x000002752cabfe70,
0x000002752cabf960, 0x000002752ef0f970, 0x000002752ef10390, 0x000002752ef0d600,
0x000002752f5864c0, 0x000002752ef108a0, 0x000002752ef0f460, 0x000002752ef0d0f0,
0x000002752ef0fe80, 0x000002752ef10db0, 0x000002752ef0e020, 0x000002752ef112c0,
0x000002752ef0db10, 0x000002752ef117d0, 0x000002752ef11ce0, 0x000002752ef0e530,
0x000002752ef121f0, 0x000002752ef0ea40, 0x000002752ef12c10, 0x000002752ef13630,
0x000002752ef13b40, 0x000002752ef14560
}

Java Threads: ( => current thread )
  0x00000275119194c0 JavaThread "main" [_thread_in_vm, id=19976, stack(0x000000dbb7e00000,0x000000dbb7f00000)]
  0x00000275277a5020 JavaThread "Reference Handler" daemon [_thread_blocked, id=6404, stack(0x000000dbb8100000,0x000000dbb8200000)]
  0x00000275119cdfe0 JavaThread "Finalizer" daemon [_thread_blocked, id=13596, stack(0x000000dbb8200000,0x000000dbb8300000)]
  0x00000275277ae2d0 JavaThread "Signal Dispatcher" daemon [_thread_blocked, id=17644, stack(0x000000dbb8300000,0x000000dbb8400000)]
  0x000002752c929000 JavaThread "Attach Listener" daemon [_thread_blocked, id=16564, stack(0x000000dbb8400000,0x000000dbb8500000)]
  0x000002752c92cbf0 JavaThread "Service Thread" daemon [_thread_blocked, id=3688, stack(0x000000dbb8500000,0x000000dbb8600000)]
  0x000002752c92e030 JavaThread "Monitor Deflation Thread" daemon [_thread_blocked, id=17608, stack(0x000000dbb8600000,0x000000dbb8700000)]
=>0x000002752c932ac0 JavaThread "C2 CompilerThread0" daemon [_thread_in_native, id=2220, stack(0x000000dbb8700000,0x000000dbb8800000)]
  0x000002752c934e80 JavaThread "C1 CompilerThread0" daemon [_thread_blocked, id=8884, stack(0x000000dbb8800000,0x000000dbb8900000)]
  0x000002752c939460 JavaThread "Sweeper thread" daemon [_thread_blocked, id=2776, stack(0x000000dbb8900000,0x000000dbb8a00000)]
  0x000002752cabf450 JavaThread "Common-Cleaner" daemon [_thread_blocked, id=16856, stack(0x000000dbb8a00000,0x000000dbb8b00000)]
  0x000002752cac0890 JavaThread "Notification Thread" daemon [_thread_blocked, id=4740, stack(0x000000dbb8b00000,0x000000dbb8c00000)]
  0x000002752e1e2890 JavaThread "C2 CompilerThread1" daemon [_thread_in_native, id=3424, stack(0x000000dbb8d00000,0x000000dbb8e00000)]
  0x000002752cabdb00 JavaThread "Active Thread: Equinox Container: 2290fc5b-4ac3-461c-aa48-eaea6c08019b" [_thread_blocked, id=18340, stack(0x000000dbb9400000,0x000000dbb9500000)]
  0x000002752cac0da0 JavaThread "Refresh Thread: Equinox Container: 2290fc5b-4ac3-461c-aa48-eaea6c08019b" daemon [_thread_blocked, id=3468, stack(0x000000dbb9500000,0x000000dbb9600000)]
  0x000002752cac12b0 JavaThread "Framework Event Dispatcher: Equinox Container: 2290fc5b-4ac3-461c-aa48-eaea6c08019b" daemon [_thread_blocked, id=14752, stack(0x000000dbb9600000,0x000000dbb9700000)]
  0x000002752cabe010 JavaThread "Start Level: Equinox Container: 2290fc5b-4ac3-461c-aa48-eaea6c08019b" daemon [_thread_blocked, id=8396, stack(0x000000dbb9700000,0x000000dbb9800000)]
  0x000002752cabea30 JavaThread "Bundle File Closer" daemon [_thread_blocked, id=14836, stack(0x000000dbb9a00000,0x000000dbb9b00000)]
  0x000002752cabe520 JavaThread "SCR Component Actor" daemon [_thread_blocked, id=4232, stack(0x000000dbb8e00000,0x000000dbb8f00000)]
  0x000002752cabfe70 JavaThread "SCR Component Registry" daemon [_thread_blocked, id=13224, stack(0x000000dbb9d00000,0x000000dbb9e00000)]
  0x000002752cabf960 JavaThread "Worker-JM" [_thread_blocked, id=7940, stack(0x000000dbb9e00000,0x000000dbb9f00000)]
  0x000002752ef0f970 JavaThread "JNA Cleaner" daemon [_thread_blocked, id=7452, stack(0x000000dbb9f00000,0x000000dbba000000)]
  0x000002752ef10390 JavaThread "Worker-0: Initialize After Load" [_thread_in_native, id=1288, stack(0x000000dbba000000,0x000000dbba100000)]
  0x000002752ef0d600 JavaThread "Worker-1: Repository registry initialization" [_thread_in_vm, id=16936, stack(0x000000dbba100000,0x000000dbba200000)]
  0x000002752f5864c0 JavaThread "C2 CompilerThread2" daemon [_thread_in_native, id=2460, stack(0x000000dbba200000,0x000000dbba300000)]
  0x000002752ef108a0 JavaThread "Java indexing" daemon [_thread_blocked, id=2428, stack(0x000000dbba300000,0x000000dbba400000)]
  0x000002752ef0f460 JavaThread "Thread-2" daemon [_thread_in_native, id=3396, stack(0x000000dbba600000,0x000000dbba700000)]
  0x000002752ef0d0f0 JavaThread "Thread-3" daemon [_thread_in_native, id=1768, stack(0x000000dbba700000,0x000000dbba800000)]
  0x000002752ef0fe80 JavaThread "Thread-4" daemon [_thread_in_native, id=10056, stack(0x000000dbba800000,0x000000dbba900000)]
  0x000002752ef10db0 JavaThread "Thread-5" daemon [_thread_in_native, id=20516, stack(0x000000dbba900000,0x000000dbbaa00000)]
  0x000002752ef0e020 JavaThread "Thread-6" daemon [_thread_in_native, id=14648, stack(0x000000dbbaa00000,0x000000dbbab00000)]
  0x000002752ef112c0 JavaThread "Thread-7" daemon [_thread_in_native, id=20704, stack(0x000000dbbab00000,0x000000dbbac00000)]
  0x000002752ef0db10 JavaThread "Thread-8" daemon [_thread_in_native, id=10608, stack(0x000000dbbac00000,0x000000dbbad00000)]
  0x000002752ef117d0 JavaThread "Thread-9" daemon [_thread_in_native, id=8240, stack(0x000000dbbad00000,0x000000dbbae00000)]
  0x000002752ef11ce0 JavaThread "Thread-10" daemon [_thread_in_native, id=3500, stack(0x000000dbbae00000,0x000000dbbaf00000)]
  0x000002752ef0e530 JavaThread "Thread-11" daemon [_thread_in_native, id=6260, stack(0x000000dbbaf00000,0x000000dbbb000000)]
  0x000002752ef121f0 JavaThread "Thread-12" daemon [_thread_in_native, id=5772, stack(0x000000dbbb000000,0x000000dbbb100000)]
  0x000002752ef0ea40 JavaThread "Thread-13" daemon [_thread_in_native, id=16448, stack(0x000000dbbb100000,0x000000dbbb200000)]
  0x000002752ef12c10 JavaThread "Thread-14" daemon [_thread_in_native, id=9928, stack(0x000000dbbb200000,0x000000dbbb300000)]
  0x000002752ef13630 JavaThread "Worker-2" [_thread_blocked, id=14236, stack(0x000000dbbb300000,0x000000dbbb400000)]
  0x000002752ef13b40 JavaThread "pool-2-thread-1" [_thread_blocked, id=5672, stack(0x000000dbbb400000,0x000000dbbb500000)]
  0x000002752ef14560 JavaThread "Worker-3" [_thread_blocked, id=8512, stack(0x000000dbbb500000,0x000000dbbb600000)]

Other Threads:
  0x000002752c904c70 VMThread "VM Thread" [stack: 0x000000dbb8000000,0x000000dbb8100000] [id=5476]
  0x000002752e13bcf0 WatcherThread [stack: 0x000000dbb8c00000,0x000000dbb8d00000] [id=18576]
  0x000002751192d810 GCTaskThread "GC Thread#0" [stack: 0x000000dbb7f00000,0x000000dbb8000000] [id=15264]
  0x000002752e6ae410 GCTaskThread "GC Thread#1" [stack: 0x000000dbb8f00000,0x000000dbb9000000] [id=5880]
  0x000002752e8b7cd0 GCTaskThread "GC Thread#2" [stack: 0x000000dbb9000000,0x000000dbb9100000] [id=21252]
  0x000002752e8b7f90 GCTaskThread "GC Thread#3" [stack: 0x000000dbb9100000,0x000000dbb9200000] [id=5076]
  0x000002752e56ce10 GCTaskThread "GC Thread#4" [stack: 0x000000dbb9200000,0x000000dbb9300000] [id=7512]
  0x000002752e56d0d0 GCTaskThread "GC Thread#5" [stack: 0x000000dbb9300000,0x000000dbb9400000] [id=17456]
  0x000002752e660730 GCTaskThread "GC Thread#6" [stack: 0x000000dbb9800000,0x000000dbb9900000] [id=9684]
  0x000002752e6609f0 GCTaskThread "GC Thread#7" [stack: 0x000000dbb9900000,0x000000dbb9a00000] [id=2232]
  0x000002752f039c30 GCTaskThread "GC Thread#8" [stack: 0x000000dbb9b00000,0x000000dbb9c00000] [id=9712]
  0x000002752f039ef0 GCTaskThread "GC Thread#9" [stack: 0x000000dbb9c00000,0x000000dbb9d00000] [id=5920]

Threads with active compile tasks:
C2 CompilerThread0     4594 4253       4       org.eclipse.osgi.internal.loader.BundleLoader::addExportedProvidersFor (167 bytes)
C1 CompilerThread0     4594 4496       3       java.lang.String::compareToIgnoreCase (11 bytes)
C2 CompilerThread1     4594 4488       4       org.eclipse.osgi.internal.loader.classpath.ClasspathEntry::findEntry (56 bytes)
C2 CompilerThread2     4594 4483   !   4       org.eclipse.osgi.internal.loader.classpath.ClasspathManager::findLocalClass (210 bytes)

VM state: not at safepoint (normal execution)

VM Mutex/Monitor currently owned by a thread: None

Heap address: 0x00000000c0000000, size: 1024 MB, Compressed Oops mode: 32-bit

CDS archive(s) not mapped
Compressed class space mapped at: 0x0000000100000000-0x0000000140000000, reserved size: 1073741824
Narrow klass base: 0x0000000000000000, Narrow klass shift: 3, Narrow klass range: 0x140000000

GC Precious Log:
 CPUs: 12 total, 12 available
 Memory: 15753M
 Large Page Support: Disabled
 NUMA Support: Disabled
 Compressed Oops: Enabled (32-bit)
 Alignments: Space 512K, Generation 512K, Heap 2M
 Heap Min Capacity: 100M
 Heap Initial Capacity: 100M
 Heap Max Capacity: 1G
 Pre-touch: Disabled
 Parallel Workers: 10

Heap:
 PSYoungGen      total 24064K, used 17715K [0x00000000eab00000, 0x00000000ec600000, 0x0000000100000000)
  eden space 22528K, 71% used [0x00000000eab00000,0x00000000ebaccca0,0x00000000ec100000)
  from space 1536K, 99% used [0x00000000ec480000,0x00000000ec5fffd0,0x00000000ec600000)
  to   space 2048K, 0% used [0x00000000ec200000,0x00000000ec200000,0x00000000ec400000)
 ParOldGen       total 68608K, used 15943K [0x00000000c0000000, 0x00000000c4300000, 0x00000000eab00000)
  object space 68608K, 23% used [0x00000000c0000000,0x00000000c0f91f78,0x00000000c4300000)
 Metaspace       used 40334K, committed 41408K, reserved 1114112K
  class space    used 4057K, committed 4544K, reserved 1048576K

Card table byte_map: [0x0000027525040000,0x0000027525250000] _byte_map_base: 0x0000027524a40000

Marking Bits: (ParMarkBitMap*) 0x00007fff49986940
 Begin Bits: [0x00000275253b0000, 0x00000275263b0000)
 End Bits:   [0x00000275263b0000, 0x00000275273b0000)

Polling page: 0x00000275119d0000

Metaspace:

Usage:
  Non-class:     35.43 MB used.
      Class:      3.96 MB used.
       Both:     39.39 MB used.

Virtual space:
  Non-class space:       64.00 MB reserved,      36.00 MB ( 56%) committed,  1 nodes.
      Class space:        1.00 GB reserved,       4.44 MB ( <1%) committed,  1 nodes.
             Both:        1.06 GB reserved,      40.44 MB (  4%) committed. 

Chunk freelists:
   Non-Class:  11.73 MB
       Class:  11.54 MB
        Both:  23.27 MB

MaxMetaspaceSize: unlimited
CompressedClassSpaceSize: 1.00 GB
Initial GC threshold: 21.00 MB
Current GC threshold: 58.38 MB
CDS: off
MetaspaceReclaimPolicy: balanced
 - commit_granule_bytes: 65536.
 - commit_granule_words: 8192.
 - virtual_space_node_default_size: 8388608.
 - enlarge_chunks_in_place: 1.
 - new_chunks_are_fully_committed: 0.
 - uncommit_free_chunks: 1.
 - use_allocation_guard: 0.
 - handle_deallocations: 1.


Internal statistics:

num_allocs_failed_limit: 6.
num_arena_births: 648.
num_arena_deaths: 14.
num_vsnodes_births: 2.
num_vsnodes_deaths: 0.
num_space_committed: 647.
num_space_uncommitted: 0.
num_chunks_returned_to_freelist: 20.
num_chunks_taken_from_freelist: 2079.
num_chunk_merges: 12.
num_chunk_splits: 1293.
num_chunks_enlarged: 743.
num_inconsistent_stats: 0.

CodeHeap 'non-profiled nmethods': size=120000Kb used=2302Kb max_used=2302Kb free=117697Kb
 bounds [0x000002751da20000, 0x000002751dc90000, 0x0000027524f50000]
CodeHeap 'profiled nmethods': size=120000Kb used=9259Kb max_used=9259Kb free=110740Kb
 bounds [0x0000027515f50000, 0x0000027516860000, 0x000002751d480000]
CodeHeap 'non-nmethods': size=5760Kb used=1279Kb max_used=1331Kb free=4480Kb
 bounds [0x000002751d480000, 0x000002751d6f0000, 0x000002751da20000]
 total_blobs=5095 nmethods=4492 adapters=517
 compilation: enabled
              stopped_count=0, restarted_count=0
 full_count=0

Compilation events (20 events):
Event: 3.557 Thread 0x000002752c934e80 4448   !   3       sun.reflect.generics.factory.CoreReflectionFactory::makeNamedType (21 bytes)
Event: 3.557 Thread 0x000002752c934e80 nmethod 4448 0x0000027516842d10 code [0x0000027516842ee0, 0x0000027516843148]
Event: 3.557 Thread 0x000002752e1e2890 4449       4       org.eclipse.osgi.internal.framework.EquinoxBundle::getSymbolicName (11 bytes)
Event: 3.558 Thread 0x000002752c934e80 4450       3       sun.reflect.generics.tree.SimpleClassTypeSignature::make (11 bytes)
Event: 3.558 Thread 0x000002752c934e80 nmethod 4450 0x0000027516843290 code [0x0000027516843440, 0x0000027516843678]
Event: 3.558 Thread 0x000002752c934e80 4451       1       sun.reflect.generics.repository.AbstractRepository::getFactory (5 bytes)
Event: 3.558 Thread 0x000002752c934e80 nmethod 4451 0x000002751dc5b110 code [0x000002751dc5b2a0, 0x000002751dc5b378]
Event: 3.558 Thread 0x000002752c934e80 4452       1       sun.reflect.generics.repository.AbstractRepository::getTree (5 bytes)
Event: 3.559 Thread 0x000002752c934e80 nmethod 4452 0x000002751dc5b410 code [0x000002751dc5b5a0, 0x000002751dc5b678]
Event: 3.559 Thread 0x000002752c934e80 4453       3       java.util.Spliterators$ArraySpliterator::<init> (33 bytes)
Event: 3.559 Thread 0x000002752c934e80 nmethod 4453 0x0000027516843790 code [0x0000027516843920, 0x0000027516843ab8]
Event: 3.559 Thread 0x000002752c934e80 4455       1       sun.reflect.annotation.AnnotationType::memberTypes (5 bytes)
Event: 3.559 Thread 0x000002752c934e80 nmethod 4455 0x000002751dc5b710 code [0x000002751dc5b8a0, 0x000002751dc5b978]
Event: 3.559 Thread 0x000002752c934e80 4456       1       sun.reflect.annotation.AnnotationType::memberDefaults (5 bytes)
Event: 3.559 Thread 0x000002752c934e80 nmethod 4456 0x000002751dc5ba10 code [0x000002751dc5bba0, 0x000002751dc5bc78]
Event: 3.559 Thread 0x000002752c934e80 4457       1       sun.reflect.annotation.AnnotationType::retention (5 bytes)
Event: 3.559 Thread 0x000002752c934e80 nmethod 4457 0x000002751dc5bd10 code [0x000002751dc5bea0, 0x000002751dc5bf78]
Event: 3.560 Thread 0x000002752e1e2890 nmethod 4449 0x000002751dc5c010 code [0x000002751dc5c1a0, 0x000002751dc5c4d8]
Event: 3.560 Thread 0x000002752e1e2890 4454       4       jdk.internal.access.SharedSecrets::getJavaLangAccess (4 bytes)
Event: 3.560 Thread 0x000002752e1e2890 nmethod 4454 0x000002751dc5c790 code [0x000002751dc5c900, 0x000002751dc5c978]

GC Heap History (20 events):
Event: 1.936 GC heap before
{Heap before GC invocations=5 (full 0):
 PSYoungGen      total 29696K, used 14660K [0x00000000eab00000, 0x00000000ecc00000, 0x0000000100000000)
  eden space 25600K, 41% used [0x00000000eab00000,0x00000000eb5541f8,0x00000000ec400000)
  from space 4096K, 99% used [0x00000000ec800000,0x00000000ecbfd0d0,0x00000000ecc00000)
  to   space 4096K, 0% used [0x00000000ec400000,0x00000000ec400000,0x00000000ec800000)
 ParOldGen       total 68608K, used 6628K [0x00000000c0000000, 0x00000000c4300000, 0x00000000eab00000)
  object space 68608K, 9% used [0x00000000c0000000,0x00000000c0679248,0x00000000c4300000)
 Metaspace       used 21137K, committed 21504K, reserved 1114112K
  class space    used 2131K, committed 2304K, reserved 1048576K
}
Event: 1.938 GC heap after
{Heap after GC invocations=5 (full 0):
 PSYoungGen      total 29696K, used 4086K [0x00000000eab00000, 0x00000000ece00000, 0x0000000100000000)
  eden space 25600K, 0% used [0x00000000eab00000,0x00000000eab00000,0x00000000ec400000)
  from space 4096K, 99% used [0x00000000ec400000,0x00000000ec7fdb60,0x00000000ec800000)
  to   space 5120K, 0% used [0x00000000ec900000,0x00000000ec900000,0x00000000ece00000)
 ParOldGen       total 68608K, used 7092K [0x00000000c0000000, 0x00000000c4300000, 0x00000000eab00000)
  object space 68608K, 10% used [0x00000000c0000000,0x00000000c06ed258,0x00000000c4300000)
 Metaspace       used 21137K, committed 21504K, reserved 1114112K
  class space    used 2131K, committed 2304K, reserved 1048576K
}
Event: 1.938 GC heap before
{Heap before GC invocations=6 (full 1):
 PSYoungGen      total 29696K, used 4086K [0x00000000eab00000, 0x00000000ece00000, 0x0000000100000000)
  eden space 25600K, 0% used [0x00000000eab00000,0x00000000eab00000,0x00000000ec400000)
  from space 4096K, 99% used [0x00000000ec400000,0x00000000ec7fdb60,0x00000000ec800000)
  to   space 5120K, 0% used [0x00000000ec900000,0x00000000ec900000,0x00000000ece00000)
 ParOldGen       total 68608K, used 7092K [0x00000000c0000000, 0x00000000c4300000, 0x00000000eab00000)
  object space 68608K, 10% used [0x00000000c0000000,0x00000000c06ed258,0x00000000c4300000)
 Metaspace       used 21137K, committed 21504K, reserved 1114112K
  class space    used 2131K, committed 2304K, reserved 1048576K
}
Event: 1.954 GC heap after
{Heap after GC invocations=6 (full 1):
 PSYoungGen      total 29696K, used 0K [0x00000000eab00000, 0x00000000ece00000, 0x0000000100000000)
  eden space 25600K, 0% used [0x00000000eab00000,0x00000000eab00000,0x00000000ec400000)
  from space 4096K, 0% used [0x00000000ec400000,0x00000000ec400000,0x00000000ec800000)
  to   space 5120K, 0% used [0x00000000ec900000,0x00000000ec900000,0x00000000ece00000)
 ParOldGen       total 68608K, used 10732K [0x00000000c0000000, 0x00000000c4300000, 0x00000000eab00000)
  object space 68608K, 15% used [0x00000000c0000000,0x00000000c0a7b310,0x00000000c4300000)
 Metaspace       used 21137K, committed 21504K, reserved 1114112K
  class space    used 2131K, committed 2304K, reserved 1048576K
}
Event: 2.344 GC heap before
{Heap before GC invocations=7 (full 1):
 PSYoungGen      total 29696K, used 25600K [0x00000000eab00000, 0x00000000ece00000, 0x0000000100000000)
  eden space 25600K, 100% used [0x00000000eab00000,0x00000000ec400000,0x00000000ec400000)
  from space 4096K, 0% used [0x00000000ec400000,0x00000000ec400000,0x00000000ec800000)
  to   space 5120K, 0% used [0x00000000ec900000,0x00000000ec900000,0x00000000ece00000)
 ParOldGen       total 68608K, used 10732K [0x00000000c0000000, 0x00000000c4300000, 0x00000000eab00000)
  object space 68608K, 15% used [0x00000000c0000000,0x00000000c0a7b310,0x00000000c4300000)
 Metaspace       used 24877K, committed 25408K, reserved 1114112K
  class space    used 2541K, committed 2752K, reserved 1048576K
}
Event: 2.347 GC heap after
{Heap after GC invocations=7 (full 1):
 PSYoungGen      total 26624K, used 1219K [0x00000000eab00000, 0x00000000eca80000, 0x0000000100000000)
  eden space 25088K, 0% used [0x00000000eab00000,0x00000000eab00000,0x00000000ec380000)
  from space 1536K, 79% used [0x00000000ec900000,0x00000000eca30e70,0x00000000eca80000)
  to   space 2560K, 0% used [0x00000000ec580000,0x00000000ec580000,0x00000000ec800000)
 ParOldGen       total 68608K, used 10740K [0x00000000c0000000, 0x00000000c4300000, 0x00000000eab00000)
  object space 68608K, 15% used [0x00000000c0000000,0x00000000c0a7d310,0x00000000c4300000)
 Metaspace       used 24877K, committed 25408K, reserved 1114112K
  class space    used 2541K, committed 2752K, reserved 1048576K
}
Event: 2.585 GC heap before
{Heap before GC invocations=8 (full 1):
 PSYoungGen      total 26624K, used 26307K [0x00000000eab00000, 0x00000000eca80000, 0x0000000100000000)
  eden space 25088K, 100% used [0x00000000eab00000,0x00000000ec380000,0x00000000ec380000)
  from space 1536K, 79% used [0x00000000ec900000,0x00000000eca30e70,0x00000000eca80000)
  to   space 2560K, 0% used [0x00000000ec580000,0x00000000ec580000,0x00000000ec800000)
 ParOldGen       total 68608K, used 10740K [0x00000000c0000000, 0x00000000c4300000, 0x00000000eab00000)
  object space 68608K, 15% used [0x00000000c0000000,0x00000000c0a7d310,0x00000000c4300000)
 Metaspace       used 27612K, committed 28288K, reserved 1114112K
  class space    used 2864K, committed 3136K, reserved 1048576K
}
Event: 2.587 GC heap after
{Heap after GC invocations=8 (full 1):
 PSYoungGen      total 27136K, used 2558K [0x00000000eab00000, 0x00000000eca00000, 0x0000000100000000)
  eden space 24576K, 0% used [0x00000000eab00000,0x00000000eab00000,0x00000000ec300000)
  from space 2560K, 99% used [0x00000000ec580000,0x00000000ec7ff850,0x00000000ec800000)
  to   space 2048K, 0% used [0x00000000ec800000,0x00000000ec800000,0x00000000eca00000)
 ParOldGen       total 68608K, used 11146K [0x00000000c0000000, 0x00000000c4300000, 0x00000000eab00000)
  object space 68608K, 16% used [0x00000000c0000000,0x00000000c0ae2930,0x00000000c4300000)
 Metaspace       used 27612K, committed 28288K, reserved 1114112K
  class space    used 2864K, committed 3136K, reserved 1048576K
}
Event: 2.761 GC heap before
{Heap before GC invocations=9 (full 1):
 PSYoungGen      total 27136K, used 27134K [0x00000000eab00000, 0x00000000eca00000, 0x0000000100000000)
  eden space 24576K, 100% used [0x00000000eab00000,0x00000000ec300000,0x00000000ec300000)
  from space 2560K, 99% used [0x00000000ec580000,0x00000000ec7ff850,0x00000000ec800000)
  to   space 2048K, 0% used [0x00000000ec800000,0x00000000ec800000,0x00000000eca00000)
 ParOldGen       total 68608K, used 11146K [0x00000000c0000000, 0x00000000c4300000, 0x00000000eab00000)
  object space 68608K, 16% used [0x00000000c0000000,0x00000000c0ae2930,0x00000000c4300000)
 Metaspace       used 29745K, committed 30528K, reserved 1114112K
  class space    used 3050K, committed 3392K, reserved 1048576K
}
Event: 2.763 GC heap after
{Heap after GC invocations=9 (full 1):
 PSYoungGen      total 26112K, used 2040K [0x00000000eab00000, 0x00000000eca80000, 0x0000000100000000)
  eden space 24064K, 0% used [0x00000000eab00000,0x00000000eab00000,0x00000000ec280000)
  from space 2048K, 99% used [0x00000000ec800000,0x00000000ec9fe378,0x00000000eca00000)
  to   space 4096K, 0% used [0x00000000ec280000,0x00000000ec280000,0x00000000ec680000)
 ParOldGen       total 68608K, used 12600K [0x00000000c0000000, 0x00000000c4300000, 0x00000000eab00000)
  object space 68608K, 18% used [0x00000000c0000000,0x00000000c0c4e150,0x00000000c4300000)
 Metaspace       used 29745K, committed 30528K, reserved 1114112K
  class space    used 3050K, committed 3392K, reserved 1048576K
}
Event: 2.957 GC heap before
{Heap before GC invocations=10 (full 1):
 PSYoungGen      total 26112K, used 26104K [0x00000000eab00000, 0x00000000eca80000, 0x0000000100000000)
  eden space 24064K, 100% used [0x00000000eab00000,0x00000000ec280000,0x00000000ec280000)
  from space 2048K, 99% used [0x00000000ec800000,0x00000000ec9fe378,0x00000000eca00000)
  to   space 4096K, 0% used [0x00000000ec280000,0x00000000ec280000,0x00000000ec680000)
 ParOldGen       total 68608K, used 12600K [0x00000000c0000000, 0x00000000c4300000, 0x00000000eab00000)
  object space 68608K, 18% used [0x00000000c0000000,0x00000000c0c4e150,0x00000000c4300000)
 Metaspace       used 33337K, committed 34176K, reserved 1114112K
  class space    used 3322K, committed 3712K, reserved 1048576K
}
Event: 2.958 GC heap after
{Heap after GC invocations=10 (full 1):
 PSYoungGen      total 25600K, used 2028K [0x00000000eab00000, 0x00000000ec880000, 0x0000000100000000)
  eden space 23552K, 0% used [0x00000000eab00000,0x00000000eab00000,0x00000000ec200000)
  from space 2048K, 99% used [0x00000000ec280000,0x00000000ec47b148,0x00000000ec480000)
  to   space 3072K, 0% used [0x00000000ec580000,0x00000000ec580000,0x00000000ec880000)
 ParOldGen       total 68608K, used 13107K [0x00000000c0000000, 0x00000000c4300000, 0x00000000eab00000)
  object space 68608K, 19% used [0x00000000c0000000,0x00000000c0ccce70,0x00000000c4300000)
 Metaspace       used 33337K, committed 34176K, reserved 1114112K
  class space    used 3322K, committed 3712K, reserved 1048576K
}
Event: 3.120 GC heap before
{Heap before GC invocations=11 (full 1):
 PSYoungGen      total 25600K, used 25580K [0x00000000eab00000, 0x00000000ec880000, 0x0000000100000000)
  eden space 23552K, 100% used [0x00000000eab00000,0x00000000ec200000,0x00000000ec200000)
  from space 2048K, 99% used [0x00000000ec280000,0x00000000ec47b148,0x00000000ec480000)
  to   space 3072K, 0% used [0x00000000ec580000,0x00000000ec580000,0x00000000ec880000)
 ParOldGen       total 68608K, used 13107K [0x00000000c0000000, 0x00000000c4300000, 0x00000000eab00000)
  object space 68608K, 19% used [0x00000000c0000000,0x00000000c0ccce70,0x00000000c4300000)
 Metaspace       used 34857K, committed 35648K, reserved 1114112K
  class space    used 3434K, committed 3776K, reserved 1048576K
}
Event: 3.122 GC heap after
{Heap after GC invocations=11 (full 1):
 PSYoungGen      total 26112K, used 2798K [0x00000000eab00000, 0x00000000ec880000, 0x0000000100000000)
  eden space 23040K, 0% used [0x00000000eab00000,0x00000000eab00000,0x00000000ec180000)
  from space 3072K, 91% used [0x00000000ec580000,0x00000000ec83b9e8,0x00000000ec880000)
  to   space 3072K, 0% used [0x00000000ec280000,0x00000000ec280000,0x00000000ec580000)
 ParOldGen       total 68608K, used 14706K [0x00000000c0000000, 0x00000000c4300000, 0x00000000eab00000)
  object space 68608K, 21% used [0x00000000c0000000,0x00000000c0e5cbe0,0x00000000c4300000)
 Metaspace       used 34857K, committed 35648K, reserved 1114112K
  class space    used 3434K, committed 3776K, reserved 1048576K
}
Event: 3.156 GC heap before
{Heap before GC invocations=12 (full 1):
 PSYoungGen      total 26112K, used 5463K [0x00000000eab00000, 0x00000000ec880000, 0x0000000100000000)
  eden space 23040K, 11% used [0x00000000eab00000,0x00000000ead9a2d0,0x00000000ec180000)
  from space 3072K, 91% used [0x00000000ec580000,0x00000000ec83b9e8,0x00000000ec880000)
  to   space 3072K, 0% used [0x00000000ec280000,0x00000000ec280000,0x00000000ec580000)
 ParOldGen       total 68608K, used 14706K [0x00000000c0000000, 0x00000000c4300000, 0x00000000eab00000)
  object space 68608K, 21% used [0x00000000c0000000,0x00000000c0e5cbe0,0x00000000c4300000)
 Metaspace       used 35120K, committed 35840K, reserved 1114112K
  class space    used 3459K, committed 3776K, reserved 1048576K
}
Event: 3.158 GC heap after
{Heap after GC invocations=12 (full 1):
 PSYoungGen      total 24064K, used 727K [0x00000000eab00000, 0x00000000ec600000, 0x0000000100000000)
  eden space 23040K, 0% used [0x00000000eab00000,0x00000000eab00000,0x00000000ec180000)
  from space 1024K, 71% used [0x00000000ec280000,0x00000000ec335c38,0x00000000ec380000)
  to   space 1536K, 0% used [0x00000000ec480000,0x00000000ec480000,0x00000000ec600000)
 ParOldGen       total 68608K, used 17235K [0x00000000c0000000, 0x00000000c4300000, 0x00000000eab00000)
  object space 68608K, 25% used [0x00000000c0000000,0x00000000c10d4fa0,0x00000000c4300000)
 Metaspace       used 35120K, committed 35840K, reserved 1114112K
  class space    used 3459K, committed 3776K, reserved 1048576K
}
Event: 3.158 GC heap before
{Heap before GC invocations=13 (full 2):
 PSYoungGen      total 24064K, used 727K [0x00000000eab00000, 0x00000000ec600000, 0x0000000100000000)
  eden space 23040K, 0% used [0x00000000eab00000,0x00000000eab00000,0x00000000ec180000)
  from space 1024K, 71% used [0x00000000ec280000,0x00000000ec335c38,0x00000000ec380000)
  to   space 1536K, 0% used [0x00000000ec480000,0x00000000ec480000,0x00000000ec600000)
 ParOldGen       total 68608K, used 17235K [0x00000000c0000000, 0x00000000c4300000, 0x00000000eab00000)
  object space 68608K, 25% used [0x00000000c0000000,0x00000000c10d4fa0,0x00000000c4300000)
 Metaspace       used 35120K, committed 35840K, reserved 1114112K
  class space    used 3459K, committed 3776K, reserved 1048576K
}
Event: 3.188 GC heap after
{Heap after GC invocations=13 (full 2):
 PSYoungGen      total 24064K, used 0K [0x00000000eab00000, 0x00000000ec600000, 0x0000000100000000)
  eden space 23040K, 0% used [0x00000000eab00000,0x00000000eab00000,0x00000000ec180000)
  from space 1024K, 0% used [0x00000000ec280000,0x00000000ec280000,0x00000000ec380000)
  to   space 1536K, 0% used [0x00000000ec480000,0x00000000ec480000,0x00000000ec600000)
 ParOldGen       total 68608K, used 15843K [0x00000000c0000000, 0x00000000c4300000, 0x00000000eab00000)
  object space 68608K, 23% used [0x00000000c0000000,0x00000000c0f78f68,0x00000000c4300000)
 Metaspace       used 35107K, committed 35840K, reserved 1114112K
  class space    used 3455K, committed 3776K, reserved 1048576K
}
Event: 3.449 GC heap before
{Heap before GC invocations=14 (full 2):
 PSYoungGen      total 24064K, used 23040K [0x00000000eab00000, 0x00000000ec600000, 0x0000000100000000)
  eden space 23040K, 100% used [0x00000000eab00000,0x00000000ec180000,0x00000000ec180000)
  from space 1024K, 0% used [0x00000000ec280000,0x00000000ec280000,0x00000000ec380000)
  to   space 1536K, 0% used [0x00000000ec480000,0x00000000ec480000,0x00000000ec600000)
 ParOldGen       total 68608K, used 15843K [0x00000000c0000000, 0x00000000c4300000, 0x00000000eab00000)
  object space 68608K, 23% used [0x00000000c0000000,0x00000000c0f78f68,0x00000000c4300000)
 Metaspace       used 38504K, committed 39424K, reserved 1114112K
  class space    used 3833K, committed 4224K, reserved 1048576K
}
Event: 3.450 GC heap after
{Heap after GC invocations=14 (full 2):
 PSYoungGen      total 24064K, used 1535K [0x00000000eab00000, 0x00000000ec600000, 0x0000000100000000)
  eden space 22528K, 0% used [0x00000000eab00000,0x00000000eab00000,0x00000000ec100000)
  from space 1536K, 99% used [0x00000000ec480000,0x00000000ec5fffd0,0x00000000ec600000)
  to   space 2048K, 0% used [0x00000000ec200000,0x00000000ec200000,0x00000000ec400000)
 ParOldGen       total 68608K, used 15943K [0x00000000c0000000, 0x00000000c4300000, 0x00000000eab00000)
  object space 68608K, 23% used [0x00000000c0000000,0x00000000c0f91f78,0x00000000c4300000)
 Metaspace       used 38504K, committed 39424K, reserved 1114112K
  class space    used 3833K, committed 4224K, reserved 1048576K
}

Dll operation events (10 events):
Event: 0.015 Loaded shared library c:\Users\Thamod Rasmitha\.vscode\extensions\redhat.java-1.37.0-win32-x64\jre\17.0.13-win32-x86_64\bin\java.dll
Event: 0.147 Loaded shared library c:\Users\Thamod Rasmitha\.vscode\extensions\redhat.java-1.37.0-win32-x64\jre\17.0.13-win32-x86_64\bin\zip.dll
Event: 0.151 Loaded shared library C:\Users\Thamod Rasmitha\.vscode\extensions\redhat.java-1.37.0-win32-x64\jre\17.0.13-win32-x86_64\bin\instrument.dll
Event: 0.161 Loaded shared library C:\Users\Thamod Rasmitha\.vscode\extensions\redhat.java-1.37.0-win32-x64\jre\17.0.13-win32-x86_64\bin\net.dll
Event: 0.163 Loaded shared library C:\Users\Thamod Rasmitha\.vscode\extensions\redhat.java-1.37.0-win32-x64\jre\17.0.13-win32-x86_64\bin\nio.dll
Event: 0.169 Loaded shared library C:\Users\Thamod Rasmitha\.vscode\extensions\redhat.java-1.37.0-win32-x64\jre\17.0.13-win32-x86_64\bin\zip.dll
Event: 0.183 Loaded shared library C:\Users\Thamod Rasmitha\.vscode\extensions\redhat.java-1.37.0-win32-x64\jre\17.0.13-win32-x86_64\bin\jimage.dll
Event: 0.239 Loaded shared library c:\Users\Thamod Rasmitha\.vscode\extensions\redhat.java-1.37.0-win32-x64\jre\17.0.13-win32-x86_64\bin\verify.dll
Event: 1.036 Loaded shared library C:\Users\Thamod Rasmitha\AppData\Roaming\Code\User\globalStorage\redhat.java\1.37.0\config_win\org.eclipse.equinox.launcher\org.eclipse.equinox.launcher.win32.win32.x86_64_1.2.1100.v20240722-2106\eclipse_11904.dll
Event: 2.209 Loaded shared library C:\Users\Thamod Rasmitha\AppData\Local\Temp\jna--2070620168\jna9309589242439112300.dll

Deoptimization events (20 events):
Event: 3.464 Thread 0x000002752ef10390 DEOPT PACKING pc=0x000002751dc18c4c sp=0x000000dbba0fe7e0
Event: 3.464 Thread 0x000002752ef10390 DEOPT UNPACKING pc=0x000002751d4d66a3 sp=0x000000dbba0fe6a8 mode 2
Event: 3.483 Thread 0x000002752ef10390 Uncommon trap: trap_request=0xffffffde fr.pc=0x000002751dc09684 relative=0x0000000000000724
Event: 3.483 Thread 0x000002752ef10390 Uncommon trap: reason=class_check action=maybe_recompile pc=0x000002751dc09684 method=java.util.Hashtable.put(Ljava/lang/Object;Ljava/lang/Object;)Ljava/lang/Object; @ 60 c2
Event: 3.483 Thread 0x000002752ef10390 DEOPT PACKING pc=0x000002751dc09684 sp=0x000000dbba0feec0
Event: 3.483 Thread 0x000002752ef10390 DEOPT UNPACKING pc=0x000002751d4d66a3 sp=0x000000dbba0fee70 mode 2
Event: 3.485 Thread 0x000002752ef10390 Uncommon trap: trap_request=0xffffffde fr.pc=0x000002751dc09684 relative=0x0000000000000724
Event: 3.485 Thread 0x000002752ef10390 Uncommon trap: reason=class_check action=maybe_recompile pc=0x000002751dc09684 method=java.util.Hashtable.put(Ljava/lang/Object;Ljava/lang/Object;)Ljava/lang/Object; @ 60 c2
Event: 3.485 Thread 0x000002752ef10390 DEOPT PACKING pc=0x000002751dc09684 sp=0x000000dbba0feec0
Event: 3.485 Thread 0x000002752ef10390 DEOPT UNPACKING pc=0x000002751d4d66a3 sp=0x000000dbba0fee70 mode 2
Event: 3.486 Thread 0x000002752ef10390 Uncommon trap: trap_request=0xffffffde fr.pc=0x000002751dc09684 relative=0x0000000000000724
Event: 3.486 Thread 0x000002752ef10390 Uncommon trap: reason=class_check action=maybe_recompile pc=0x000002751dc09684 method=java.util.Hashtable.put(Ljava/lang/Object;Ljava/lang/Object;)Ljava/lang/Object; @ 60 c2
Event: 3.486 Thread 0x000002752ef10390 DEOPT PACKING pc=0x000002751dc09684 sp=0x000000dbba0feec0
Event: 3.486 Thread 0x000002752ef10390 DEOPT UNPACKING pc=0x000002751d4d66a3 sp=0x000000dbba0fee70 mode 2
Event: 3.486 Thread 0x000002752ef10390 Uncommon trap: trap_request=0xffffffde fr.pc=0x000002751dc09684 relative=0x0000000000000724
Event: 3.486 Thread 0x000002752ef10390 Uncommon trap: reason=class_check action=maybe_recompile pc=0x000002751dc09684 method=java.util.Hashtable.put(Ljava/lang/Object;Ljava/lang/Object;)Ljava/lang/Object; @ 60 c2
Event: 3.486 Thread 0x000002752ef10390 DEOPT PACKING pc=0x000002751dc09684 sp=0x000000dbba0feec0
Event: 3.486 Thread 0x000002752ef10390 DEOPT UNPACKING pc=0x000002751d4d66a3 sp=0x000000dbba0fee70 mode 2
Event: 3.506 Thread 0x000002752ef10390 DEOPT PACKING pc=0x0000027516351d38 sp=0x000000dbba0febd0
Event: 3.506 Thread 0x000002752ef10390 DEOPT UNPACKING pc=0x000002751d4d6e43 sp=0x000000dbba0fe0d8 mode 0

Classes loaded (20 events):
Event: 3.467 Loading class sun/reflect/generics/tree/ClassSignature
Event: 3.467 Loading class sun/reflect/generics/tree/ClassSignature done
Event: 3.467 Loading class sun/reflect/generics/tree/TypeVariableSignature
Event: 3.467 Loading class sun/reflect/generics/tree/TypeVariableSignature done
Event: 3.468 Loading class sun/reflect/generics/reflectiveObjects/TypeVariableImpl
Event: 3.468 Loading class sun/reflect/generics/reflectiveObjects/LazyReflectiveObjectGenerator
Event: 3.468 Loading class sun/reflect/generics/reflectiveObjects/LazyReflectiveObjectGenerator done
Event: 3.468 Loading class sun/reflect/generics/reflectiveObjects/TypeVariableImpl done
Event: 3.480 Loading class java/lang/Deprecated
Event: 3.480 Loading class java/lang/Deprecated done
Event: 3.481 Loading class jdk/internal/vm/annotation/IntrinsicCandidate
Event: 3.482 Loading class jdk/internal/vm/annotation/IntrinsicCandidate done
Event: 3.519 Loading class sun/reflect/generics/tree/BottomSignature
Event: 3.519 Loading class sun/reflect/generics/tree/BottomSignature done
Event: 3.519 Loading class sun/reflect/generics/tree/Wildcard
Event: 3.519 Loading class sun/reflect/generics/tree/Wildcard done
Event: 3.520 Loading class sun/reflect/generics/reflectiveObjects/WildcardTypeImpl
Event: 3.521 Loading class java/lang/reflect/WildcardType
Event: 3.521 Loading class java/lang/reflect/WildcardType done
Event: 3.521 Loading class sun/reflect/generics/reflectiveObjects/WildcardTypeImpl done

Classes unloaded (7 events):
Event: 3.162 Thread 0x000002752c904c70 Unloading class 0x0000000100250400 'java/lang/invoke/LambdaForm$MH+0x0000000100250400'
Event: 3.162 Thread 0x000002752c904c70 Unloading class 0x0000000100250000 'java/lang/invoke/LambdaForm$MH+0x0000000100250000'
Event: 3.162 Thread 0x000002752c904c70 Unloading class 0x000000010024bc00 'java/lang/invoke/LambdaForm$MH+0x000000010024bc00'
Event: 3.162 Thread 0x000002752c904c70 Unloading class 0x000000010024b800 'java/lang/invoke/LambdaForm$MH+0x000000010024b800'
Event: 3.162 Thread 0x000002752c904c70 Unloading class 0x000000010024b400 'java/lang/invoke/LambdaForm$BMH+0x000000010024b400'
Event: 3.162 Thread 0x000002752c904c70 Unloading class 0x000000010024b000 'java/lang/invoke/LambdaForm$DMH+0x000000010024b000'
Event: 3.162 Thread 0x000002752c904c70 Unloading class 0x0000000100248800 'java/lang/invoke/LambdaForm$DMH+0x0000000100248800'

Classes redefined (0 events):
No events

Internal exceptions (20 events):
Event: 3.416 Thread 0x000002752ef10390 Exception <a 'sun/nio/fs/WindowsException'{0x00000000ebd2cfe0}> (0x00000000ebd2cfe0) 
thrown [s\src\hotspot\share\prims\jni.cpp, line 516]
Event: 3.416 Thread 0x000002752ef10390 Exception <a 'sun/nio/fs/WindowsException'{0x00000000ebd2db60}> (0x00000000ebd2db60) 
thrown [s\src\hotspot\share\prims\jni.cpp, line 516]
Event: 3.416 Thread 0x00000275119194c0 Exception <a 'java/lang/NoSuchMethodError'{0x00000000ebd30580}: 'java.lang.Object java.lang.invoke.DirectMethodHandle$Holder.invokeStatic(java.lang.Object, java.lang.Object, long, java.lang.Object)'> (0x00000000ebd30580) 
thrown [s\src\hotspot\share\interpreter\linkResolver.cpp, line 759]
Event: 3.416 Thread 0x00000275119194c0 Exception <a 'java/lang/NoSuchMethodError'{0x00000000ebd34018}: 'java.lang.Object java.lang.invoke.DirectMethodHandle$Holder.invokeStaticInit(java.lang.Object, java.lang.Object, long, java.lang.Object)'> (0x00000000ebd34018) 
thrown [s\src\hotspot\share\interpreter\linkResolver.cpp, line 759]
Event: 3.416 Thread 0x00000275119194c0 Exception <a 'java/lang/NoSuchMethodError'{0x00000000ebd4cd70}: 'java.lang.Object java.lang.invoke.DirectMethodHandle$Holder.newInvokeSpecial(java.lang.Object, java.lang.Object, long)'> (0x00000000ebd4cd70) 
thrown [s\src\hotspot\share\interpreter\linkResolver.cpp, line 759]
Event: 3.419 Thread 0x000002752ef10390 Exception <a 'sun/nio/fs/WindowsException'{0x00000000ebd81260}> (0x00000000ebd81260) 
thrown [s\src\hotspot\share\prims\jni.cpp, line 516]
Event: 3.419 Thread 0x000002752ef10390 Exception <a 'sun/nio/fs/WindowsException'{0x00000000ebd81b60}> (0x00000000ebd81b60) 
thrown [s\src\hotspot\share\prims\jni.cpp, line 516]
Event: 3.420 Thread 0x000002752ef10390 Exception <a 'sun/nio/fs/WindowsException'{0x00000000ebd82830}> (0x00000000ebd82830) 
thrown [s\src\hotspot\share\prims\jni.cpp, line 516]
Event: 3.420 Thread 0x000002752ef10390 Exception <a 'sun/nio/fs/WindowsException'{0x00000000ebd83130}> (0x00000000ebd83130) 
thrown [s\src\hotspot\share\prims\jni.cpp, line 516]
Event: 3.421 Thread 0x000002752ef10390 Exception <a 'sun/nio/fs/WindowsException'{0x00000000ebda7d10}> (0x00000000ebda7d10) 
thrown [s\src\hotspot\share\prims\jni.cpp, line 516]
Event: 3.421 Thread 0x000002752ef10390 Exception <a 'sun/nio/fs/WindowsException'{0x00000000ebda8610}> (0x00000000ebda8610) 
thrown [s\src\hotspot\share\prims\jni.cpp, line 516]
Event: 3.433 Thread 0x000002752ef10390 Exception <a 'java/lang/NoSuchMethodError'{0x00000000ebf31fb8}: 'void java.lang.invoke.DirectMethodHandle$Holder.invokeVirtual(java.lang.Object, java.lang.Object, java.lang.Object, java.lang.Object)'> (0x00000000ebf31fb8) 
thrown [s\src\hotspot\share\interpreter\linkResolver.cpp, line 759]
Event: 3.457 Thread 0x000002752ef10390 Exception <a 'java/lang/NoSuchMethodError'{0x00000000eabca5e0}: 'int java.lang.invoke.DirectMethodHandle$Holder.invokeSpecial(java.lang.Object, java.lang.Object, java.lang.Object, java.lang.Object)'> (0x00000000eabca5e0) 
thrown [s\src\hotspot\share\interpreter\linkResolver.cpp, line 759]
Event: 3.472 Thread 0x000002752ef10390 Exception <a 'sun/nio/fs/WindowsException'{0x00000000ead7b878}> (0x00000000ead7b878) 
thrown [s\src\hotspot\share\prims\jni.cpp, line 516]
Event: 3.472 Thread 0x000002752ef10390 Exception <a 'sun/nio/fs/WindowsException'{0x00000000ead7c150}> (0x00000000ead7c150) 
thrown [s\src\hotspot\share\prims\jni.cpp, line 516]
Event: 3.473 Thread 0x000002752ef10390 Exception <a 'sun/nio/fs/WindowsException'{0x00000000ead988a8}> (0x00000000ead988a8) 
thrown [s\src\hotspot\share\prims\jni.cpp, line 516]
Event: 3.473 Thread 0x000002752ef10390 Exception <a 'sun/nio/fs/WindowsException'{0x00000000ead98f00}> (0x00000000ead98f00) 
thrown [s\src\hotspot\share\prims\jni.cpp, line 516]
Event: 3.479 Thread 0x00000275119194c0 Exception <a 'java/lang/NoSuchMethodError'{0x00000000eae265d8}: 'void java.lang.invoke.DirectMethodHandle$Holder.invokeStatic(java.lang.Object, java.lang.Object, java.lang.Object, java.lang.Object)'> (0x00000000eae265d8) 
thrown [s\src\hotspot\share\interpreter\linkResolver.cpp, line 759]
Event: 3.481 Thread 0x000002752ef10390 Exception <a 'sun/nio/fs/WindowsException'{0x00000000eae4e2a0}> (0x00000000eae4e2a0) 
thrown [s\src\hotspot\share\prims\jni.cpp, line 516]
Event: 3.481 Thread 0x000002752ef10390 Exception <a 'sun/nio/fs/WindowsException'{0x00000000eae4eb78}> (0x00000000eae4eb78) 
thrown [s\src\hotspot\share\prims\jni.cpp, line 516]

VM Operations (20 events):
Event: 2.958 Executing VM operation: ParallelGCFailedAllocation done
Event: 3.068 Executing VM operation: HandshakeAllThreads
Event: 3.068 Executing VM operation: HandshakeAllThreads done
Event: 3.120 Executing VM operation: ParallelGCFailedAllocation
Event: 3.122 Executing VM operation: ParallelGCFailedAllocation done
Event: 3.145 Executing VM operation: HandshakeAllThreads
Event: 3.145 Executing VM operation: HandshakeAllThreads done
Event: 3.156 Executing VM operation: CollectForMetadataAllocation
Event: 3.188 Executing VM operation: CollectForMetadataAllocation done
Event: 3.234 Executing VM operation: HandshakeAllThreads
Event: 3.235 Executing VM operation: HandshakeAllThreads done
Event: 3.256 Executing VM operation: HandshakeAllThreads
Event: 3.256 Executing VM operation: HandshakeAllThreads done
Event: 3.258 Executing VM operation: HandshakeAllThreads
Event: 3.258 Executing VM operation: HandshakeAllThreads done
Event: 3.275 Executing VM operation: HandshakeAllThreads
Event: 3.275 Executing VM operation: HandshakeAllThreads done
Event: 3.448 Executing VM operation: ParallelGCFailedAllocation
Event: 3.450 Executing VM operation: ParallelGCFailedAllocation done
Event: 4.450 Executing VM operation: Cleanup

Memory protections (0 events):
No events

Nmethod flushes (0 events):
No events

Events (20 events):
Event: 2.229 Thread 0x000002752cabe010 Thread added: 0x000002752ef0f970
Event: 2.254 Thread 0x000002752cabe010 Thread added: 0x000002752ef10390
Event: 2.272 Thread 0x000002752cabe010 Thread added: 0x000002752ef0d600
Event: 2.741 Thread 0x000002752c934e80 Thread added: 0x000002752f5864c0
Event: 3.112 Thread 0x000002752cabe010 Thread added: 0x000002752ef108a0
Event: 3.423 Thread 0x00000275119194c0 Thread added: 0x000002752ef0f460
Event: 3.423 Thread 0x00000275119194c0 Thread added: 0x000002752ef0d0f0
Event: 3.424 Thread 0x00000275119194c0 Thread added: 0x000002752ef0fe80
Event: 3.424 Thread 0x00000275119194c0 Thread added: 0x000002752ef10db0
Event: 3.424 Thread 0x00000275119194c0 Thread added: 0x000002752ef0e020
Event: 3.424 Thread 0x00000275119194c0 Thread added: 0x000002752ef112c0
Event: 3.424 Thread 0x00000275119194c0 Thread added: 0x000002752ef0db10
Event: 3.424 Thread 0x00000275119194c0 Thread added: 0x000002752ef117d0
Event: 3.424 Thread 0x00000275119194c0 Thread added: 0x000002752ef11ce0
Event: 3.424 Thread 0x00000275119194c0 Thread added: 0x000002752ef0e530
Event: 3.424 Thread 0x00000275119194c0 Thread added: 0x000002752ef121f0
Event: 3.424 Thread 0x00000275119194c0 Thread added: 0x000002752ef0ea40
Event: 3.424 Thread 0x00000275119194c0 Thread added: 0x000002752ef12c10
Event: 3.437 Thread 0x000002752ef0d600 Thread added: 0x000002752ef13630
Event: 3.444 Thread 0x00000275119194c0 Thread added: 0x000002752ef13b40


Dynamic libraries:
0x00007ff7864a0000 - 0x00007ff7864ae000 	c:\Users\Thamod Rasmitha\.vscode\extensions\redhat.java-1.37.0-win32-x64\jre\17.0.13-win32-x86_64\bin\java.exe
0x00007ff802180000 - 0x00007ff8023e3000 	C:\WINDOWS\SYSTEM32\ntdll.dll
0x00007ff8007d0000 - 0x00007ff800898000 	C:\WINDOWS\System32\KERNEL32.DLL
0x00007fffff5d0000 - 0x00007fffff982000 	C:\WINDOWS\System32\KERNELBASE.dll
0x00007fffffc80000 - 0x00007fffffdcb000 	C:\WINDOWS\System32\ucrtbase.dll
0x00007fffa7530000 - 0x00007fffa7547000 	c:\Users\Thamod Rasmitha\.vscode\extensions\redhat.java-1.37.0-win32-x64\jre\17.0.13-win32-x86_64\bin\jli.dll
0x00007fffbb0a0000 - 0x00007fffbb0be000 	c:\Users\Thamod Rasmitha\.vscode\extensions\redhat.java-1.37.0-win32-x64\jre\17.0.13-win32-x86_64\bin\VCRUNTIME140.dll
0x00007fffec300000 - 0x00007fffec590000 	C:\WINDOWS\WinSxS\amd64_microsoft.windows.common-controls_6595b64144ccf1df_6.0.26100.2454_none_3e0b68a2e331ad60\COMCTL32.dll
0x00007ff800dd0000 - 0x00007ff800f98000 	C:\WINDOWS\System32\USER32.dll
0x00007ff801210000 - 0x00007ff8012b9000 	C:\WINDOWS\System32\msvcrt.dll
0x00007fffff990000 - 0x00007fffff9b7000 	C:\WINDOWS\System32\win32u.dll
0x00007ff800ba0000 - 0x00007ff800bca000 	C:\WINDOWS\System32\GDI32.dll
0x00007fffffe90000 - 0x00007ffffffbb000 	C:\WINDOWS\System32\gdi32full.dll
0x00007fffff9c0000 - 0x00007fffffa63000 	C:\WINDOWS\System32\msvcp_win.dll
0x00007ff800910000 - 0x00007ff80093f000 	C:\WINDOWS\System32\IMM32.DLL
0x00007fffde680000 - 0x00007fffde68c000 	c:\Users\Thamod Rasmitha\.vscode\extensions\redhat.java-1.37.0-win32-x64\jre\17.0.13-win32-x86_64\bin\vcruntime140_1.dll
0x00007fff4a2a0000 - 0x00007fff4a32d000 	c:\Users\Thamod Rasmitha\.vscode\extensions\redhat.java-1.37.0-win32-x64\jre\17.0.13-win32-x86_64\bin\msvcp140.dll
0x00007fff48de0000 - 0x00007fff49a4b000 	c:\Users\Thamod Rasmitha\.vscode\extensions\redhat.java-1.37.0-win32-x64\jre\17.0.13-win32-x86_64\bin\server\jvm.dll
0x00007ff800200000 - 0x00007ff8002b4000 	C:\WINDOWS\System32\ADVAPI32.dll
0x00007ff801520000 - 0x00007ff8015c6000 	C:\WINDOWS\System32\sechost.dll
0x00007ff801340000 - 0x00007ff801456000 	C:\WINDOWS\System32\RPCRT4.dll
0x00007ff800750000 - 0x00007ff8007c4000 	C:\WINDOWS\System32\WS2_32.dll
0x00007ffffe210000 - 0x00007ffffe25e000 	C:\WINDOWS\SYSTEM32\POWRPROF.dll
0x00007ffff8f60000 - 0x00007ffff8f96000 	C:\WINDOWS\SYSTEM32\WINMM.dll
0x00007ffff8fa0000 - 0x00007ffff8fab000 	C:\WINDOWS\SYSTEM32\VERSION.dll
0x00007ffffe1f0000 - 0x00007ffffe204000 	C:\WINDOWS\SYSTEM32\UMPDC.dll
0x00007ffffe490000 - 0x00007ffffe4aa000 	C:\WINDOWS\SYSTEM32\kernel.appcore.dll
0x00007fffdc9f0000 - 0x00007fffdc9fa000 	c:\Users\Thamod Rasmitha\.vscode\extensions\redhat.java-1.37.0-win32-x64\jre\17.0.13-win32-x86_64\bin\jimage.dll
0x00007ffffccc0000 - 0x00007ffffcf01000 	C:\WINDOWS\SYSTEM32\DBGHELP.DLL
0x00007ff801650000 - 0x00007ff8019ce000 	C:\WINDOWS\System32\combase.dll
0x00007ff800ac0000 - 0x00007ff800b96000 	C:\WINDOWS\System32\OLEAUT32.dll
0x00007fffeb800000 - 0x00007fffeb839000 	C:\WINDOWS\SYSTEM32\dbgcore.DLL
0x00007fffff530000 - 0x00007fffff5c9000 	C:\WINDOWS\System32\bcryptPrimitives.dll
0x00007ffff1d60000 - 0x00007ffff1d6e000 	c:\Users\Thamod Rasmitha\.vscode\extensions\redhat.java-1.37.0-win32-x64\jre\17.0.13-win32-x86_64\bin\instrument.dll
0x00007fff4a5a0000 - 0x00007fff4a5c5000 	c:\Users\Thamod Rasmitha\.vscode\extensions\redhat.java-1.37.0-win32-x64\jre\17.0.13-win32-x86_64\bin\java.dll
0x00007fffa63f0000 - 0x00007fffa6408000 	c:\Users\Thamod Rasmitha\.vscode\extensions\redhat.java-1.37.0-win32-x64\jre\17.0.13-win32-x86_64\bin\zip.dll
0x00007ff801a30000 - 0x00007ff802130000 	C:\WINDOWS\System32\SHELL32.dll
0x00007ffffd2b0000 - 0x00007ffffdae1000 	C:\WINDOWS\SYSTEM32\windows.storage.dll
0x00007ff800fa0000 - 0x00007ff80107a000 	C:\WINDOWS\System32\SHCORE.dll
0x00007ff8008b0000 - 0x00007ff80090d000 	C:\WINDOWS\System32\shlwapi.dll
0x00007fffff440000 - 0x00007fffff46e000 	C:\WINDOWS\SYSTEM32\profapi.dll
0x00007fffa6350000 - 0x00007fffa6369000 	C:\Users\Thamod Rasmitha\.vscode\extensions\redhat.java-1.37.0-win32-x64\jre\17.0.13-win32-x86_64\bin\net.dll
0x00007ffff5a80000 - 0x00007ffff5ba6000 	C:\WINDOWS\SYSTEM32\WINHTTP.dll
0x00007ffffe990000 - 0x00007ffffe9f8000 	C:\WINDOWS\system32\mswsock.dll
0x00007fff8b440000 - 0x00007fff8b456000 	C:\Users\Thamod Rasmitha\.vscode\extensions\redhat.java-1.37.0-win32-x64\jre\17.0.13-win32-x86_64\bin\nio.dll
0x00007fffd98d0000 - 0x00007fffd98e0000 	c:\Users\Thamod Rasmitha\.vscode\extensions\redhat.java-1.37.0-win32-x64\jre\17.0.13-win32-x86_64\bin\verify.dll
0x00007fffdb020000 - 0x00007fffdb065000 	C:\Users\Thamod Rasmitha\AppData\Roaming\Code\User\globalStorage\redhat.java\1.37.0\config_win\org.eclipse.equinox.launcher\org.eclipse.equinox.launcher.win32.win32.x86_64_1.2.1100.v20240722-2106\eclipse_11904.dll
0x00007ff800bd0000 - 0x00007ff800d69000 	C:\WINDOWS\System32\ole32.dll
0x00007ffffec30000 - 0x00007ffffec4c000 	C:\WINDOWS\SYSTEM32\CRYPTSP.dll
0x00007ffffe3f0000 - 0x00007ffffe428000 	C:\WINDOWS\system32\rsaenh.dll
0x00007ffffea30000 - 0x00007ffffea5b000 	C:\WINDOWS\SYSTEM32\USERENV.dll
0x00007ffffee70000 - 0x00007ffffee96000 	C:\WINDOWS\SYSTEM32\bcrypt.dll
0x00007ffffec50000 - 0x00007ffffec5c000 	C:\WINDOWS\SYSTEM32\CRYPTBASE.dll
0x00007ffffde50000 - 0x00007ffffde82000 	C:\WINDOWS\SYSTEM32\IPHLPAPI.DLL
0x00007ff801460000 - 0x00007ff80146a000 	C:\WINDOWS\System32\NSI.dll
0x00007ffff5c40000 - 0x00007ffff5c5e000 	C:\WINDOWS\SYSTEM32\dhcpcsvc6.DLL
0x00007ffff5c10000 - 0x00007ffff5c35000 	C:\WINDOWS\SYSTEM32\dhcpcsvc.DLL
0x00007ffffdf40000 - 0x00007ffffe065000 	C:\WINDOWS\SYSTEM32\DNSAPI.dll
0x00007fffdafd0000 - 0x00007fffdb019000 	C:\Users\Thamod Rasmitha\AppData\Local\Temp\jna--2070620168\jna9309589242439112300.dll
0x00007ff8008a0000 - 0x00007ff8008a8000 	C:\WINDOWS\System32\PSAPI.DLL

dbghelp: loaded successfully - version: 4.0.5 - missing functions: none
symbol engine: initialized successfully - sym options: 0x614 - pdb path: .;c:\Users\Thamod Rasmitha\.vscode\extensions\redhat.java-1.37.0-win32-x64\jre\17.0.13-win32-x86_64\bin;C:\WINDOWS\SYSTEM32;C:\WINDOWS\WinSxS\amd64_microsoft.windows.common-controls_6595b64144ccf1df_6.0.26100.2454_none_3e0b68a2e331ad60;c:\Users\Thamod Rasmitha\.vscode\extensions\redhat.java-1.37.0-win32-x64\jre\17.0.13-win32-x86_64\bin\server;C:\Users\Thamod Rasmitha\AppData\Roaming\Code\User\globalStorage\redhat.java\1.37.0\config_win\org.eclipse.equinox.launcher\org.eclipse.equinox.launcher.win32.win32.x86_64_1.2.1100.v20240722-2106;C:\Users\Thamod Rasmitha\AppData\Local\Temp\jna--2070620168

VM Arguments:
jvm_args: --add-modules=ALL-SYSTEM --add-opens=java.base/java.util=ALL-UNNAMED --add-opens=java.base/java.lang=ALL-UNNAMED --add-opens=java.base/sun.nio.fs=ALL-UNNAMED -Declipse.application=org.eclipse.jdt.ls.core.id1 -Dosgi.bundles.defaultStartLevel=4 -Declipse.product=org.eclipse.jdt.ls.core.product -Djava.import.generatesMetadataFilesAtProjectRoot=false -DDetectVMInstallationsJob.disabled=true -Dfile.encoding=utf8 -XX:+UseParallelGC -XX:GCTimeRatio=4 -XX:AdaptiveSizePolicyWeight=90 -Dsun.zip.disableMemoryMapping=true -Xmx1G -Xms100m -Xlog:disable -javaagent:c:\Users\Thamod Rasmitha\.vscode\extensions\redhat.java-1.37.0-win32-x64\lombok\lombok-1.18.34.jar -XX:+HeapDumpOnOutOfMemoryError -XX:HeapDumpPath=c:\Users\Thamod Rasmitha\AppData\Roaming\Code\User\workspaceStorage\79564c900adf8b5a677e70732245fc39\redhat.java -Daether.dependencyCollector.impl=bf 
java_command: c:\Users\Thamod Rasmitha\.vscode\extensions\redhat.java-1.37.0-win32-x64\server\plugins\org.eclipse.equinox.launcher_1.6.900.v20240613-2009.jar -configuration c:\Users\Thamod Rasmitha\AppData\Roaming\Code\User\globalStorage\redhat.java\1.37.0\config_win -data c:\Users\Thamod Rasmitha\AppData\Roaming\Code\User\workspaceStorage\79564c900adf8b5a677e70732245fc39\redhat.java\jdt_ws --pipe=\\.\pipe\lsp-a0fd7aefd0507630532da6a08307d1bf-sock
java_class_path (initial): c:\Users\Thamod Rasmitha\.vscode\extensions\redhat.java-1.37.0-win32-x64\server\plugins\org.eclipse.equinox.launcher_1.6.900.v20240613-2009.jar
Launcher Type: SUN_STANDARD

[Global flags]
    uintx AdaptiveSizePolicyWeight                 = 90                                        {product} {command line}
     intx CICompilerCount                          = 4                                         {product} {ergonomic}
    uintx GCTimeRatio                              = 4                                         {product} {command line}
     bool HeapDumpOnOutOfMemoryError               = true                                   {manageable} {command line}
    ccstr HeapDumpPath                             = c:\Users\Thamod Rasmitha\AppData\Roaming\Code\User\workspaceStorage\79564c900adf8b5a677e70732245fc39\redhat.java         {manageable} {command line}
   size_t InitialHeapSize                          = 104857600                                 {product} {command line}
   size_t MaxHeapSize                              = 1073741824                                {product} {command line}
   size_t MaxNewSize                               = 357564416                                 {product} {ergonomic}
   size_t MinHeapDeltaBytes                        = 524288                                    {product} {ergonomic}
   size_t MinHeapSize                              = 104857600                                 {product} {command line}
   size_t NewSize                                  = 34603008                                  {product} {ergonomic}
    uintx NonNMethodCodeHeapSize                   = 5839372                                {pd product} {ergonomic}
    uintx NonProfiledCodeHeapSize                  = 122909434                              {pd product} {ergonomic}
   size_t OldSize                                  = 70254592                                  {product} {ergonomic}
    uintx ProfiledCodeHeapSize                     = 122909434                              {pd product} {ergonomic}
    uintx ReservedCodeCacheSize                    = 251658240                              {pd product} {ergonomic}
     bool SegmentedCodeCache                       = true                                      {product} {ergonomic}
   size_t SoftMaxHeapSize                          = 1073741824                             {manageable} {ergonomic}
     bool UseCompressedClassPointers               = true                           {product lp64_product} {ergonomic}
     bool UseCompressedOops                        = true                           {product lp64_product} {ergonomic}
     bool UseLargePagesIndividualAllocation        = false                                  {pd product} {ergonomic}
     bool UseParallelGC                            = true                                      {product} {command line}

Logging:
Log output configuration:
 #0: stdout all=off uptime,level,tags
 #1: stderr all=off uptime,level,tags

Environment Variables:
PATH=C:\Program Files (x86)\Common Files\Oracle\Java\javapath;C:\oracles\dbhomeXE\bin;C:\Python311\Scripts\;C:\Python311\;C:\WINDOWS\system32;C:\WINDOWS;C:\WINDOWS\System32\Wbem;C:\WINDOWS\System32\WindowsPowerShell\v1.0\;C:\WINDOWS\System32\OpenSSH\;C:\Program Files\Java\jdk1.8.0_351\bin;C:\Program Files\Java\jre1.8.0_351\bin;C:\ProgramData\chocolatey\bin;C:\Program Files\Git\cmd;C:\Program Files\nodejs\;C:\Program Files\MATLAB\R2023a\runtime\win64;C:\Program Files\MATLAB\R2023a\bin;C:\Program Files (x86)\Microsoft SQL Server\160\DTS\Binn\;C:\Program Files (x86)\Microsoft SQL Server\160\Tools\Binn\;C:\Program Files\Microsoft SQL Server\160\Tools\Binn\;C:\Program Files\Microsoft SQL Server\Client SDK\ODBC\170\Tools\Binn\;C:\Program Files\Microsoft SQL Server\160\DTS\Binn\;C:\Program Files\Microsoft SQL Server\150\Tools\Binn\;C:\Program Files\PowerShell\7\;D:\Software\mongoDb\mongosh-2.3.3-win32-x64\mongosh-2.3.3-win32-x64\bin;C:\Users\Thamod Rasmitha\AppData\Local\Microsoft\WindowsApps;C:\Program Files\JetBrains\IntelliJ IDEA Community Edition 2022.3.1\bin;;C:\Users\Thamod Rasmitha\AppData\Local\Programs\Microsoft VS Code\bin;C:\flutter\bin;C:\Users\Thamod Rasmitha\AppData\Local\Pub\Cache\bin;C:\Users\Thamod Rasmitha\AppData\Roaming\npm;
USERNAME=Thamod Rasmitha
OS=Windows_NT
PROCESSOR_IDENTIFIER=AMD64 Family 23 Model 104 Stepping 1, AuthenticAMD
TMP=C:\Users\THAMOD~1\AppData\Local\Temp
TEMP=C:\Users\THAMOD~1\AppData\Local\Temp



Periodic native trim disabled


---------------  S Y S T E M  ---------------

OS:
 Windows 11 , 64 bit Build 26100 (10.0.26100.2454)
OS uptime: 0 days 3:22 hours

CPU: total 12 (initial active 12) (12 cores per cpu, 2 threads per core) family 23 model 104 stepping 1 microcode 0x8608104, cx8, cmov, fxsr, ht, mmx, 3dnowpref, sse, sse2, sse3, ssse3, sse4a, sse4.1, sse4.2, popcnt, lzcnt, tsc, tscinvbit, avx, avx2, aes, clmul, bmi1, bmi2, adx, sha, fma, vzeroupper, clflush, clflushopt
Processor Information for all 12 processors :
  Max Mhz: 2100, Current Mhz: 2100, Mhz Limit: 2100

Memory: 4k page, system-wide physical 15753M (6038M free)
TotalPageFile size 15753M (AvailPageFile size 4M)
current process WorkingSet (physical memory assigned to process): 188M, peak: 188M
current process commit charge ("private bytes"): 286M, peak: 287M

vm_info: OpenJDK 64-Bit Server VM (17.0.13+11) for windows-amd64 JRE (17.0.13+11), built on Oct 16 2024 00:10:08 by "admin" with MS VC++ 17.7 (VS2022)

END.
