#
# There is insufficient memory for the Java Runtime Environment to continue.
# Native memory allocation (malloc) failed to allocate 1561456 bytes. Error detail: Chunk::new
# Possible reasons:
#   The system is out of physical RAM or swap space
#   This process is running with CompressedOops enabled, and the Java Heap may be blocking the growth of the native heap
# Possible solutions:
#   Reduce memory load on the system
#   Increase physical memory or swap space
#   Check if swap backing store is full
#   Decrease Java heap size (-Xmx/-Xms)
#   Decrease number of Java threads
#   Decrease Java thread stack sizes (-Xss)
#   Set larger code cache with -XX:ReservedCodeCacheSize=
#   JVM is running with Unscaled Compressed Oops mode in which the Java heap is
#     placed in the first 4GB address space. The Java Heap base address is the
#     maximum limit for the native heap growth. Please use -XX:HeapBaseMinAddress
#     to set the Java Heap base and to place the Java Heap above 4GB virtual address.
# This output file may be truncated or incomplete.
#
#  Out of Memory Error (arena.cpp:191), pid=12228, tid=7736
#
# JRE version: OpenJDK Runtime Environment Temurin-17.0.13+11 (17.0.13+11) (build 17.0.13+11)
# Java VM: OpenJDK 64-Bit Server VM Temurin-17.0.13+11 (17.0.13+11, mixed mode, tiered, compressed oops, compressed class ptrs, parallel gc, windows-amd64)
# No core dump will be written. Minidumps are not enabled by default on client versions of Windows
#

---------------  S U M M A R Y ------------

Command Line: --add-modules=ALL-SYSTEM --add-opens=java.base/java.util=ALL-UNNAMED --add-opens=java.base/java.lang=ALL-UNNAMED --add-opens=java.base/sun.nio.fs=ALL-UNNAMED -Declipse.application=org.eclipse.jdt.ls.core.id1 -Dosgi.bundles.defaultStartLevel=4 -Declipse.product=org.eclipse.jdt.ls.core.product -Djava.import.generatesMetadataFilesAtProjectRoot=false -DDetectVMInstallationsJob.disabled=true -Dfile.encoding=utf8 -XX:+UseParallelGC -XX:GCTimeRatio=4 -XX:AdaptiveSizePolicyWeight=90 -Dsun.zip.disableMemoryMapping=true -Xmx1G -Xms100m -Xlog:disable -javaagent:c:\Users\Thamod Rasmitha\.vscode\extensions\redhat.java-1.37.0-win32-x64\lombok\lombok-1.18.34.jar c:\Users\Thamod Rasmitha\.vscode\extensions\redhat.java-1.37.0-win32-x64\server\plugins\org.eclipse.equinox.launcher_1.6.900.v20240613-2009.jar -configuration c:\Users\Thamod Rasmitha\AppData\Roaming\Code\User\globalStorage\redhat.java\1.37.0\config_ss_win -data c:\Users\Thamod Rasmitha\AppData\Roaming\Code\User\workspaceStorage\79564c900adf8b5a677e70732245fc39\redhat.java\ss_ws --pipe=\\.\pipe\lsp-433b1e5cd36cad5e126a5fd4402f4612-sock

Host: AMD Ryzen 5 5500U with Radeon Graphics         , 12 cores, 15G,  Windows 11 , 64 bit Build 26100 (10.0.26100.2454)
Time: Sun Dec 15 20:10:56 2024 Sri Lanka Standard Time elapsed time: 14.579156 seconds (0d 0h 0m 14s)

---------------  T H R E A D  ---------------

Current thread (0x00000171a682e250):  JavaThread "C2 CompilerThread0" daemon [_thread_in_native, id=7736, stack(0x00000010b5500000,0x00000010b5600000)]


Current CompileTask:
C2:  14579 2454       4       org.lombokweb.asm.ClassReader::readMethod (1066 bytes)

Stack: [0x00000010b5500000,0x00000010b5600000]
Native frames: (J=compiled Java code, j=interpreted, Vv=VM code, C=native code)
V  [jvm.dll+0x682a19]
V  [jvm.dll+0x839538]
V  [jvm.dll+0x83afe3]
V  [jvm.dll+0x83b653]
V  [jvm.dll+0x24704f]
V  [jvm.dll+0xace34]
V  [jvm.dll+0xad4cc]
V  [jvm.dll+0x36592f]
V  [jvm.dll+0x32fbd8]
V  [jvm.dll+0x32f05a]
V  [jvm.dll+0x21804f]
V  [jvm.dll+0x21748f]
V  [jvm.dll+0x1a3070]
V  [jvm.dll+0x22788c]
V  [jvm.dll+0x2259eb]
V  [jvm.dll+0x7eec98]
V  [jvm.dll+0x7e8ffc]
V  [jvm.dll+0x6818f7]
C  [ucrtbase.dll+0x14ea0]
C  [KERNEL32.DLL+0x2e8d7]
C  [ntdll.dll+0xdfbcc]


---------------  P R O C E S S  ---------------

Threads class SMR info:
_java_thread_list=0x00000171a691c0b0, length=20, elements={
0x000001718d16e0c0, 0x00000171a1755030, 0x00000171a1756730, 0x00000171a175dff0,
0x00000171a175e8c0, 0x00000171a68291c0, 0x00000171a6827360, 0x00000171a682e250,
0x00000171a6832060, 0x00000171a6832970, 0x00000171a68287a0, 0x00000171a6828cb0,
0x00000171a6827870, 0x00000171a682a0f0, 0x00000171a6827d80, 0x00000171a68296d0,
0x00000171a682ab10, 0x00000171a6828290, 0x00000171a82a08f0, 0x00000171a82a3170
}

Java Threads: ( => current thread )
  0x000001718d16e0c0 JavaThread "main" [_thread_blocked, id=11096, stack(0x00000010b4c00000,0x00000010b4d00000)]
  0x00000171a1755030 JavaThread "Reference Handler" daemon [_thread_blocked, id=20052, stack(0x00000010b4f00000,0x00000010b5000000)]
  0x00000171a1756730 JavaThread "Finalizer" daemon [_thread_blocked, id=16644, stack(0x00000010b5000000,0x00000010b5100000)]
  0x00000171a175dff0 JavaThread "Signal Dispatcher" daemon [_thread_blocked, id=10220, stack(0x00000010b5100000,0x00000010b5200000)]
  0x00000171a175e8c0 JavaThread "Attach Listener" daemon [_thread_blocked, id=20600, stack(0x00000010b5200000,0x00000010b5300000)]
  0x00000171a68291c0 JavaThread "Service Thread" daemon [_thread_blocked, id=5764, stack(0x00000010b5300000,0x00000010b5400000)]
  0x00000171a6827360 JavaThread "Monitor Deflation Thread" daemon [_thread_blocked, id=7336, stack(0x00000010b5400000,0x00000010b5500000)]
=>0x00000171a682e250 JavaThread "C2 CompilerThread0" daemon [_thread_in_native, id=7736, stack(0x00000010b5500000,0x00000010b5600000)]
  0x00000171a6832060 JavaThread "C1 CompilerThread0" daemon [_thread_blocked, id=4952, stack(0x00000010b5600000,0x00000010b5700000)]
  0x00000171a6832970 JavaThread "Sweeper thread" daemon [_thread_blocked, id=20964, stack(0x00000010b5700000,0x00000010b5800000)]
  0x00000171a68287a0 JavaThread "Common-Cleaner" daemon [_thread_blocked, id=9952, stack(0x00000010b5800000,0x00000010b5900000)]
  0x00000171a6828cb0 JavaThread "Notification Thread" daemon [_thread_blocked, id=5736, stack(0x00000010b5a00000,0x00000010b5b00000)]
  0x00000171a6827870 JavaThread "Active Thread: Equinox Container: a6593fbd-631e-43fe-a3f8-7709734cdcec" [_thread_blocked, id=20204, stack(0x00000010b6300000,0x00000010b6400000)]
  0x00000171a682a0f0 JavaThread "Framework Event Dispatcher: Equinox Container: a6593fbd-631e-43fe-a3f8-7709734cdcec" daemon [_thread_blocked, id=19372, stack(0x00000010b5900000,0x00000010b5a00000)]
  0x00000171a6827d80 JavaThread "Start Level: Equinox Container: a6593fbd-631e-43fe-a3f8-7709734cdcec" daemon [_thread_in_vm, id=20544, stack(0x00000010b5c00000,0x00000010b5d00000)]
  0x00000171a68296d0 JavaThread "SCR Component Actor" daemon [_thread_blocked, id=8928, stack(0x00000010b6400000,0x00000010b6500000)]
  0x00000171a682ab10 JavaThread "Worker-JM" [_thread_blocked, id=4668, stack(0x00000010b6700000,0x00000010b6800000)]
  0x00000171a6828290 JavaThread "JNA Cleaner" daemon [_thread_blocked, id=13568, stack(0x00000010b6a00000,0x00000010b6b00000)]
  0x00000171a82a08f0 JavaThread "Worker-0" [_thread_blocked, id=19752, stack(0x00000010b6b00000,0x00000010b6c00000)]
  0x00000171a82a3170 JavaThread "Worker-1" [_thread_blocked, id=7016, stack(0x00000010b6c00000,0x00000010b6d00000)]

Other Threads:
  0x00000171a67f4870 VMThread "VM Thread" [stack: 0x00000010b4e00000,0x00000010b4f00000] [id=19476]
  0x00000171a8005bd0 WatcherThread [stack: 0x00000010b5b00000,0x00000010b5c00000] [id=17848]
  0x000001718d182b30 GCTaskThread "GC Thread#0" [stack: 0x00000010b4d00000,0x00000010b4e00000] [id=8256]
  0x00000171a8157b00 GCTaskThread "GC Thread#1" [stack: 0x00000010b5d00000,0x00000010b5e00000] [id=14324]
  0x00000171a8154b40 GCTaskThread "GC Thread#2" [stack: 0x00000010b5e00000,0x00000010b5f00000] [id=9760]
  0x00000171a83cf430 GCTaskThread "GC Thread#3" [stack: 0x00000010b5f00000,0x00000010b6000000] [id=7972]
  0x00000171a83cf6f0 GCTaskThread "GC Thread#4" [stack: 0x00000010b6000000,0x00000010b6100000] [id=17968]
  0x00000171a83cf9b0 GCTaskThread "GC Thread#5" [stack: 0x00000010b6100000,0x00000010b6200000] [id=19616]
  0x00000171a83d0690 GCTaskThread "GC Thread#6" [stack: 0x00000010b6200000,0x00000010b6300000] [id=7268]
  0x00000171a899f230 GCTaskThread "GC Thread#7" [stack: 0x00000010b6500000,0x00000010b6600000] [id=9944]
  0x00000171a899f4f0 GCTaskThread "GC Thread#8" [stack: 0x00000010b6800000,0x00000010b6900000] [id=10624]
  0x00000171a899fff0 GCTaskThread "GC Thread#9" [stack: 0x00000010b6900000,0x00000010b6a00000] [id=7604]

Threads with active compile tasks:
C2 CompilerThread0    14601 2454       4       org.lombokweb.asm.ClassReader::readMethod (1066 bytes)

VM state: not at safepoint (normal execution)

VM Mutex/Monitor currently owned by a thread: None

Heap address: 0x00000000c0000000, size: 1024 MB, Compressed Oops mode: 32-bit

CDS archive(s) not mapped
Compressed class space mapped at: 0x0000000100000000-0x0000000140000000, reserved size: 1073741824
Narrow klass base: 0x0000000000000000, Narrow klass shift: 3, Narrow klass range: 0x140000000

GC Precious Log:
 CPUs: 12 total, 12 available
 Memory: 15753M
 Large Page Support: Disabled
 NUMA Support: Disabled
 Compressed Oops: Enabled (32-bit)
 Alignments: Space 512K, Generation 512K, Heap 2M
 Heap Min Capacity: 100M
 Heap Initial Capacity: 100M
 Heap Max Capacity: 1G
 Pre-touch: Disabled
 Parallel Workers: 10

Heap:
 PSYoungGen      total 27648K, used 14961K [0x00000000eab00000, 0x00000000eca00000, 0x0000000100000000)
  eden space 24576K, 49% used [0x00000000eab00000,0x00000000eb6cc418,0x00000000ec300000)
  from space 3072K, 93% used [0x00000000ec700000,0x00000000ec9cfff0,0x00000000eca00000)
  to   space 3072K, 0% used [0x00000000ec400000,0x00000000ec400000,0x00000000ec700000)
 ParOldGen       total 68608K, used 6935K [0x00000000c0000000, 0x00000000c4300000, 0x00000000eab00000)
  object space 68608K, 10% used [0x00000000c0000000,0x00000000c06c5fc8,0x00000000c4300000)
 Metaspace       used 28611K, committed 29120K, reserved 1114112K
  class space    used 2776K, committed 3008K, reserved 1048576K

Card table byte_map: [0x000001719eff0000,0x000001719f200000] _byte_map_base: 0x000001719e9f0000

Marking Bits: (ParMarkBitMap*) 0x00007fff49986940
 Begin Bits: [0x000001719f360000, 0x00000171a0360000)
 End Bits:   [0x00000171a0360000, 0x00000171a1360000)

Polling page: 0x000001718b910000

Metaspace:

Usage:
  Non-class:     25.23 MB used.
      Class:      2.71 MB used.
       Both:     27.94 MB used.

Virtual space:
  Non-class space:       64.00 MB reserved,      25.50 MB ( 40%) committed,  1 nodes.
      Class space:        1.00 GB reserved,       2.94 MB ( <1%) committed,  1 nodes.
             Both:        1.06 GB reserved,      28.44 MB (  3%) committed. 

Chunk freelists:
   Non-Class:  6.50 MB
       Class:  12.97 MB
        Both:  19.47 MB

MaxMetaspaceSize: unlimited
CompressedClassSpaceSize: 1.00 GB
Initial GC threshold: 21.00 MB
Current GC threshold: 35.00 MB
CDS: off
MetaspaceReclaimPolicy: balanced
 - commit_granule_bytes: 65536.
 - commit_granule_words: 8192.
 - virtual_space_node_default_size: 8388608.
 - enlarge_chunks_in_place: 1.
 - new_chunks_are_fully_committed: 0.
 - uncommit_free_chunks: 1.
 - use_allocation_guard: 0.
 - handle_deallocations: 1.


Internal statistics:

num_allocs_failed_limit: 3.
num_arena_births: 304.
num_arena_deaths: 14.
num_vsnodes_births: 2.
num_vsnodes_deaths: 0.
num_space_committed: 455.
num_space_uncommitted: 0.
num_chunks_returned_to_freelist: 17.
num_chunks_taken_from_freelist: 1080.
num_chunk_merges: 5.
num_chunk_splits: 721.
num_chunks_enlarged: 512.
num_inconsistent_stats: 0.

CodeHeap 'non-profiled nmethods': size=120000Kb used=1029Kb max_used=1029Kb free=118970Kb
 bounds [0x00000171978e0000, 0x0000017197b50000, 0x000001719ee10000]
CodeHeap 'profiled nmethods': size=120000Kb used=4851Kb max_used=4851Kb free=115148Kb
 bounds [0x000001718fe10000, 0x00000171902d0000, 0x0000017197340000]
CodeHeap 'non-nmethods': size=5760Kb used=1238Kb max_used=1252Kb free=4521Kb
 bounds [0x0000017197340000, 0x00000171975b0000, 0x00000171978e0000]
 total_blobs=3069 nmethods=2516 adapters=467
 compilation: enabled
              stopped_count=0, restarted_count=0
 full_count=0

Compilation events (20 events):
Event: 13.554 Thread 0x00000171a6832060 nmethod 2494 0x00000171902ba610 code [0x00000171902ba7a0, 0x00000171902ba8f8]
Event: 13.554 Thread 0x00000171a6832060 2495   !   3       org.eclipse.core.internal.preferences.EclipsePreferences::internalPut (87 bytes)
Event: 13.555 Thread 0x00000171a6832060 nmethod 2495 0x00000171902ba990 code [0x00000171902babe0, 0x00000171902bb448]
Event: 13.555 Thread 0x00000171a6832060 2498       3       org.eclipse.core.internal.preferences.EclipsePreferences::put (43 bytes)
Event: 13.555 Thread 0x00000171a6832060 nmethod 2498 0x00000171902bb990 code [0x00000171902bbbc0, 0x00000171902bc5d8]
Event: 13.555 Thread 0x00000171a6832060 2504       3       org.eclipse.core.internal.preferences.DefaultPreferences::getLoadLevel (52 bytes)
Event: 13.555 Thread 0x00000171a6832060 nmethod 2504 0x00000171902bc910 code [0x00000171902bcb00, 0x00000171902bd158]
Event: 13.555 Thread 0x00000171a6832060 2500   !   3       org.eclipse.core.internal.preferences.EclipsePreferences::getChild (92 bytes)
Event: 13.556 Thread 0x00000171a6832060 nmethod 2500 0x00000171902bd390 code [0x00000171902bd5a0, 0x00000171902bde88]
Event: 13.556 Thread 0x00000171a6832060 2501       3       org.eclipse.core.internal.preferences.EclipsePreferences::absolutePath (79 bytes)
Event: 13.559 Thread 0x00000171a6832060 nmethod 2501 0x00000171902be110 code [0x00000171902be700, 0x00000171902c22d8]
Event: 13.559 Thread 0x00000171a6832060 2502       3       org.eclipse.core.internal.preferences.PreferencesService::getRootNode (4 bytes)
Event: 13.559 Thread 0x00000171a6832060 nmethod 2502 0x00000171902c3690 code [0x00000171902c3820, 0x00000171902c3938]
Event: 13.559 Thread 0x00000171a6832060 2503       3       org.eclipse.core.internal.preferences.RootPreferences::node (7 bytes)
Event: 13.559 Thread 0x00000171a6832060 nmethod 2503 0x00000171902c3a10 code [0x00000171902c3ba0, 0x00000171902c3ce8]
Event: 13.559 Thread 0x00000171a6832060 2505       3       org.eclipse.core.internal.preferences.RootPreferences::getNode (135 bytes)
Event: 13.561 Thread 0x00000171a6832060 nmethod 2505 0x00000171902c3d90 code [0x00000171902c4100, 0x00000171902c5608]
Event: 13.561 Thread 0x00000171a6832060 2506   !   3       org.eclipse.core.internal.preferences.EclipsePreferences::getOrCreate (108 bytes)
Event: 13.562 Thread 0x00000171a6832060 nmethod 2506 0x00000171902c5d90 code [0x00000171902c5fc0, 0x00000171902c6998]
Event: 14.527 Thread 0x00000171a6832060 2507       3       jdk.internal.misc.Unsafe::putReferenceOpaque (9 bytes)

GC Heap History (14 events):
Event: 3.946 GC heap before
{Heap before GC invocations=1 (full 0):
 PSYoungGen      total 29696K, used 25600K [0x00000000eab00000, 0x00000000ecc00000, 0x0000000100000000)
  eden space 25600K, 100% used [0x00000000eab00000,0x00000000ec400000,0x00000000ec400000)
  from space 4096K, 0% used [0x00000000ec800000,0x00000000ec800000,0x00000000ecc00000)
  to   space 4096K, 0% used [0x00000000ec400000,0x00000000ec400000,0x00000000ec800000)
 ParOldGen       total 68608K, used 0K [0x00000000c0000000, 0x00000000c4300000, 0x00000000eab00000)
  object space 68608K, 0% used [0x00000000c0000000,0x00000000c0000000,0x00000000c4300000)
 Metaspace       used 10938K, committed 11072K, reserved 1114112K
  class space    used 1083K, committed 1152K, reserved 1048576K
}
Event: 3.951 GC heap after
{Heap after GC invocations=1 (full 0):
 PSYoungGen      total 29696K, used 3117K [0x00000000eab00000, 0x00000000ecc00000, 0x0000000100000000)
  eden space 25600K, 0% used [0x00000000eab00000,0x00000000eab00000,0x00000000ec400000)
  from space 4096K, 76% used [0x00000000ec400000,0x00000000ec70b7b8,0x00000000ec800000)
  to   space 4096K, 0% used [0x00000000ec800000,0x00000000ec800000,0x00000000ecc00000)
 ParOldGen       total 68608K, used 16K [0x00000000c0000000, 0x00000000c4300000, 0x00000000eab00000)
  object space 68608K, 0% used [0x00000000c0000000,0x00000000c0004000,0x00000000c4300000)
 Metaspace       used 10938K, committed 11072K, reserved 1114112K
  class space    used 1083K, committed 1152K, reserved 1048576K
}
Event: 8.051 GC heap before
{Heap before GC invocations=2 (full 0):
 PSYoungGen      total 29696K, used 28717K [0x00000000eab00000, 0x00000000ecc00000, 0x0000000100000000)
  eden space 25600K, 100% used [0x00000000eab00000,0x00000000ec400000,0x00000000ec400000)
  from space 4096K, 76% used [0x00000000ec400000,0x00000000ec70b7b8,0x00000000ec800000)
  to   space 4096K, 0% used [0x00000000ec800000,0x00000000ec800000,0x00000000ecc00000)
 ParOldGen       total 68608K, used 16K [0x00000000c0000000, 0x00000000c4300000, 0x00000000eab00000)
  object space 68608K, 0% used [0x00000000c0000000,0x00000000c0004000,0x00000000c4300000)
 Metaspace       used 14602K, committed 14784K, reserved 1114112K
  class space    used 1475K, committed 1536K, reserved 1048576K
}
Event: 8.055 GC heap after
{Heap after GC invocations=2 (full 0):
 PSYoungGen      total 29696K, used 4089K [0x00000000eab00000, 0x00000000ecc00000, 0x0000000100000000)
  eden space 25600K, 0% used [0x00000000eab00000,0x00000000eab00000,0x00000000ec400000)
  from space 4096K, 99% used [0x00000000ec800000,0x00000000ecbfe7d0,0x00000000ecc00000)
  to   space 4096K, 0% used [0x00000000ec400000,0x00000000ec400000,0x00000000ec800000)
 ParOldGen       total 68608K, used 832K [0x00000000c0000000, 0x00000000c4300000, 0x00000000eab00000)
  object space 68608K, 1% used [0x00000000c0000000,0x00000000c00d0360,0x00000000c4300000)
 Metaspace       used 14602K, committed 14784K, reserved 1114112K
  class space    used 1475K, committed 1536K, reserved 1048576K
}
Event: 8.556 GC heap before
{Heap before GC invocations=3 (full 0):
 PSYoungGen      total 29696K, used 29689K [0x00000000eab00000, 0x00000000ecc00000, 0x0000000100000000)
  eden space 25600K, 100% used [0x00000000eab00000,0x00000000ec400000,0x00000000ec400000)
  from space 4096K, 99% used [0x00000000ec800000,0x00000000ecbfe7d0,0x00000000ecc00000)
  to   space 4096K, 0% used [0x00000000ec400000,0x00000000ec400000,0x00000000ec800000)
 ParOldGen       total 68608K, used 832K [0x00000000c0000000, 0x00000000c4300000, 0x00000000eab00000)
  object space 68608K, 1% used [0x00000000c0000000,0x00000000c00d0360,0x00000000c4300000)
 Metaspace       used 19673K, committed 20096K, reserved 1114112K
  class space    used 2010K, committed 2176K, reserved 1048576K
}
Event: 8.561 GC heap after
{Heap after GC invocations=3 (full 0):
 PSYoungGen      total 29696K, used 4066K [0x00000000eab00000, 0x00000000ecc00000, 0x0000000100000000)
  eden space 25600K, 0% used [0x00000000eab00000,0x00000000eab00000,0x00000000ec400000)
  from space 4096K, 99% used [0x00000000ec400000,0x00000000ec7f8a78,0x00000000ec800000)
  to   space 4096K, 0% used [0x00000000ec800000,0x00000000ec800000,0x00000000ecc00000)
 ParOldGen       total 68608K, used 2542K [0x00000000c0000000, 0x00000000c4300000, 0x00000000eab00000)
  object space 68608K, 3% used [0x00000000c0000000,0x00000000c027bbd0,0x00000000c4300000)
 Metaspace       used 19673K, committed 20096K, reserved 1114112K
  class space    used 2010K, committed 2176K, reserved 1048576K
}
Event: 8.739 GC heap before
{Heap before GC invocations=4 (full 0):
 PSYoungGen      total 29696K, used 11913K [0x00000000eab00000, 0x00000000ecc00000, 0x0000000100000000)
  eden space 25600K, 30% used [0x00000000eab00000,0x00000000eb2a9d28,0x00000000ec400000)
  from space 4096K, 99% used [0x00000000ec400000,0x00000000ec7f8a78,0x00000000ec800000)
  to   space 4096K, 0% used [0x00000000ec800000,0x00000000ec800000,0x00000000ecc00000)
 ParOldGen       total 68608K, used 2542K [0x00000000c0000000, 0x00000000c4300000, 0x00000000eab00000)
  object space 68608K, 3% used [0x00000000c0000000,0x00000000c027bbd0,0x00000000c4300000)
 Metaspace       used 21147K, committed 21504K, reserved 1114112K
  class space    used 2159K, committed 2304K, reserved 1048576K
}
Event: 8.742 GC heap after
{Heap after GC invocations=4 (full 0):
 PSYoungGen      total 29696K, used 4070K [0x00000000eab00000, 0x00000000ecc00000, 0x0000000100000000)
  eden space 25600K, 0% used [0x00000000eab00000,0x00000000eab00000,0x00000000ec400000)
  from space 4096K, 99% used [0x00000000ec800000,0x00000000ecbf9908,0x00000000ecc00000)
  to   space 4096K, 0% used [0x00000000ec400000,0x00000000ec400000,0x00000000ec800000)
 ParOldGen       total 68608K, used 3025K [0x00000000c0000000, 0x00000000c4300000, 0x00000000eab00000)
  object space 68608K, 4% used [0x00000000c0000000,0x00000000c02f4650,0x00000000c4300000)
 Metaspace       used 21147K, committed 21504K, reserved 1114112K
  class space    used 2159K, committed 2304K, reserved 1048576K
}
Event: 8.742 GC heap before
{Heap before GC invocations=5 (full 1):
 PSYoungGen      total 29696K, used 4070K [0x00000000eab00000, 0x00000000ecc00000, 0x0000000100000000)
  eden space 25600K, 0% used [0x00000000eab00000,0x00000000eab00000,0x00000000ec400000)
  from space 4096K, 99% used [0x00000000ec800000,0x00000000ecbf9908,0x00000000ecc00000)
  to   space 4096K, 0% used [0x00000000ec400000,0x00000000ec400000,0x00000000ec800000)
 ParOldGen       total 68608K, used 3025K [0x00000000c0000000, 0x00000000c4300000, 0x00000000eab00000)
  object space 68608K, 4% used [0x00000000c0000000,0x00000000c02f4650,0x00000000c4300000)
 Metaspace       used 21147K, committed 21504K, reserved 1114112K
  class space    used 2159K, committed 2304K, reserved 1048576K
}
Event: 8.762 GC heap after
{Heap after GC invocations=5 (full 1):
 PSYoungGen      total 29696K, used 0K [0x00000000eab00000, 0x00000000ecc00000, 0x0000000100000000)
  eden space 25600K, 0% used [0x00000000eab00000,0x00000000eab00000,0x00000000ec400000)
  from space 4096K, 0% used [0x00000000ec800000,0x00000000ec800000,0x00000000ecc00000)
  to   space 4096K, 0% used [0x00000000ec400000,0x00000000ec400000,0x00000000ec800000)
 ParOldGen       total 68608K, used 6927K [0x00000000c0000000, 0x00000000c4300000, 0x00000000eab00000)
  object space 68608K, 10% used [0x00000000c0000000,0x00000000c06c3fc8,0x00000000c4300000)
 Metaspace       used 21134K, committed 21504K, reserved 1114112K
  class space    used 2155K, committed 2304K, reserved 1048576K
}
Event: 10.203 GC heap before
{Heap before GC invocations=6 (full 1):
 PSYoungGen      total 29696K, used 25600K [0x00000000eab00000, 0x00000000ecc00000, 0x0000000100000000)
  eden space 25600K, 100% used [0x00000000eab00000,0x00000000ec400000,0x00000000ec400000)
  from space 4096K, 0% used [0x00000000ec800000,0x00000000ec800000,0x00000000ecc00000)
  to   space 4096K, 0% used [0x00000000ec400000,0x00000000ec400000,0x00000000ec800000)
 ParOldGen       total 68608K, used 6927K [0x00000000c0000000, 0x00000000c4300000, 0x00000000eab00000)
  object space 68608K, 10% used [0x00000000c0000000,0x00000000c06c3fc8,0x00000000c4300000)
 Metaspace       used 23987K, committed 24512K, reserved 1114112K
  class space    used 2448K, committed 2688K, reserved 1048576K
}
Event: 10.204 GC heap after
{Heap after GC invocations=6 (full 1):
 PSYoungGen      total 27648K, used 2090K [0x00000000eab00000, 0x00000000eca80000, 0x0000000100000000)
  eden space 25088K, 0% used [0x00000000eab00000,0x00000000eab00000,0x00000000ec380000)
  from space 2560K, 81% used [0x00000000ec400000,0x00000000ec60a968,0x00000000ec680000)
  to   space 3584K, 0% used [0x00000000ec700000,0x00000000ec700000,0x00000000eca80000)
 ParOldGen       total 68608K, used 6935K [0x00000000c0000000, 0x00000000c4300000, 0x00000000eab00000)
  object space 68608K, 10% used [0x00000000c0000000,0x00000000c06c5fc8,0x00000000c4300000)
 Metaspace       used 23987K, committed 24512K, reserved 1114112K
  class space    used 2448K, committed 2688K, reserved 1048576K
}
Event: 13.538 GC heap before
{Heap before GC invocations=7 (full 1):
 PSYoungGen      total 27648K, used 27114K [0x00000000eab00000, 0x00000000eca80000, 0x0000000100000000)
  eden space 25088K, 99% used [0x00000000eab00000,0x00000000ec36ff10,0x00000000ec380000)
  from space 2560K, 81% used [0x00000000ec400000,0x00000000ec60a968,0x00000000ec680000)
  to   space 3584K, 0% used [0x00000000ec700000,0x00000000ec700000,0x00000000eca80000)
 ParOldGen       total 68608K, used 6935K [0x00000000c0000000, 0x00000000c4300000, 0x00000000eab00000)
  object space 68608K, 10% used [0x00000000c0000000,0x00000000c06c5fc8,0x00000000c4300000)
 Metaspace       used 28172K, committed 28672K, reserved 1114112K
  class space    used 2758K, committed 3008K, reserved 1048576K
}
Event: 13.540 GC heap after
{Heap after GC invocations=7 (full 1):
 PSYoungGen      total 27648K, used 2879K [0x00000000eab00000, 0x00000000eca00000, 0x0000000100000000)
  eden space 24576K, 0% used [0x00000000eab00000,0x00000000eab00000,0x00000000ec300000)
  from space 3072K, 93% used [0x00000000ec700000,0x00000000ec9cfff0,0x00000000eca00000)
  to   space 3072K, 0% used [0x00000000ec400000,0x00000000ec400000,0x00000000ec700000)
 ParOldGen       total 68608K, used 6935K [0x00000000c0000000, 0x00000000c4300000, 0x00000000eab00000)
  object space 68608K, 10% used [0x00000000c0000000,0x00000000c06c5fc8,0x00000000c4300000)
 Metaspace       used 28172K, committed 28672K, reserved 1114112K
  class space    used 2758K, committed 3008K, reserved 1048576K
}

Dll operation events (10 events):
Event: 0.036 Loaded shared library c:\Users\Thamod Rasmitha\.vscode\extensions\redhat.java-1.37.0-win32-x64\jre\17.0.13-win32-x86_64\bin\java.dll
Event: 3.276 Loaded shared library c:\Users\Thamod Rasmitha\.vscode\extensions\redhat.java-1.37.0-win32-x64\jre\17.0.13-win32-x86_64\bin\zip.dll
Event: 3.283 Loaded shared library C:\Users\Thamod Rasmitha\.vscode\extensions\redhat.java-1.37.0-win32-x64\jre\17.0.13-win32-x86_64\bin\instrument.dll
Event: 3.301 Loaded shared library C:\Users\Thamod Rasmitha\.vscode\extensions\redhat.java-1.37.0-win32-x64\jre\17.0.13-win32-x86_64\bin\net.dll
Event: 3.304 Loaded shared library C:\Users\Thamod Rasmitha\.vscode\extensions\redhat.java-1.37.0-win32-x64\jre\17.0.13-win32-x86_64\bin\nio.dll
Event: 3.317 Loaded shared library C:\Users\Thamod Rasmitha\.vscode\extensions\redhat.java-1.37.0-win32-x64\jre\17.0.13-win32-x86_64\bin\zip.dll
Event: 3.343 Loaded shared library C:\Users\Thamod Rasmitha\.vscode\extensions\redhat.java-1.37.0-win32-x64\jre\17.0.13-win32-x86_64\bin\jimage.dll
Event: 3.442 Loaded shared library c:\Users\Thamod Rasmitha\.vscode\extensions\redhat.java-1.37.0-win32-x64\jre\17.0.13-win32-x86_64\bin\verify.dll
Event: 7.982 Loaded shared library C:\Users\Thamod Rasmitha\AppData\Roaming\Code\User\globalStorage\redhat.java\1.37.0\config_ss_win\org.eclipse.equinox.launcher\org.eclipse.equinox.launcher.win32.win32.x86_64_1.2.1100.v20240722-2106\eclipse_11904.dll
Event: 8.922 Loaded shared library C:\Users\Thamod Rasmitha\AppData\Local\Temp\jna--2070620168\jna6453107605855657317.dll

Deoptimization events (20 events):
Event: 8.736 Thread 0x00000171a6827d80 DEOPT PACKING pc=0x000001719791d3f8 sp=0x00000010b5cf7a10
Event: 8.736 Thread 0x00000171a6827d80 DEOPT UNPACKING pc=0x00000171973966a3 sp=0x00000010b5cf79a0 mode 2
Event: 8.836 Thread 0x00000171a6827d80 DEOPT PACKING pc=0x00000171902015f8 sp=0x00000010b5cf63f0
Event: 8.836 Thread 0x00000171a6827d80 DEOPT UNPACKING pc=0x0000017197396e43 sp=0x00000010b5cf5868 mode 0
Event: 8.841 Thread 0x00000171a6827d80 DEOPT PACKING pc=0x00000171902015f8 sp=0x00000010b5cf63f0
Event: 8.841 Thread 0x00000171a6827d80 DEOPT UNPACKING pc=0x0000017197396e43 sp=0x00000010b5cf5868 mode 0
Event: 8.959 Thread 0x00000171a6827d80 Uncommon trap: trap_request=0xffffffc6 fr.pc=0x0000017197975578 relative=0x0000000000000a38
Event: 8.959 Thread 0x00000171a6827d80 Uncommon trap: reason=bimorphic_or_optimized_type_check action=maybe_recompile pc=0x0000017197975578 method=java.util.HashMap.putVal(ILjava/lang/Object;Ljava/lang/Object;ZZ)Ljava/lang/Object; @ 91 c2
Event: 8.959 Thread 0x00000171a6827d80 DEOPT PACKING pc=0x0000017197975578 sp=0x00000010b5cf80d0
Event: 8.959 Thread 0x00000171a6827d80 DEOPT UNPACKING pc=0x00000171973966a3 sp=0x00000010b5cf7ff8 mode 2
Event: 9.024 Thread 0x00000171a6827d80 Uncommon trap: trap_request=0xffffff45 fr.pc=0x000001719790fd48 relative=0x0000000000000048
Event: 9.024 Thread 0x00000171a6827d80 Uncommon trap: reason=unstable_if action=reinterpret pc=0x000001719790fd48 method=java.lang.CharacterData.of(I)Ljava/lang/CharacterData; @ 4 c2
Event: 9.024 Thread 0x00000171a6827d80 DEOPT PACKING pc=0x000001719790fd48 sp=0x00000010b5cf8d70
Event: 9.024 Thread 0x00000171a6827d80 DEOPT UNPACKING pc=0x00000171973966a3 sp=0x00000010b5cf8d08 mode 2
Event: 13.451 Thread 0x00000171a6827d80 Uncommon trap: trap_request=0xffffff45 fr.pc=0x00000171979dafd4 relative=0x0000000000000334
Event: 13.451 Thread 0x00000171a6827d80 Uncommon trap: reason=unstable_if action=reinterpret pc=0x00000171979dafd4 method=org.lombokweb.asm.Label.resolve([BLorg/lombokweb/asm/ByteVector;I)Z @ 81 c2
Event: 13.451 Thread 0x00000171a6827d80 DEOPT PACKING pc=0x00000171979dafd4 sp=0x00000010b5cf2d20
Event: 13.451 Thread 0x00000171a6827d80 DEOPT UNPACKING pc=0x00000171973966a3 sp=0x00000010b5cf2c28 mode 2
Event: 13.534 Thread 0x00000171a6827d80 DEOPT PACKING pc=0x000001718fefdb0e sp=0x00000010b5cf9c30
Event: 13.534 Thread 0x00000171a6827d80 DEOPT UNPACKING pc=0x0000017197396e43 sp=0x00000010b5cf9128 mode 0

Classes loaded (20 events):
Event: 10.131 Loading class java/util/zip/GZIPInputStream
Event: 10.131 Loading class java/util/zip/GZIPInputStream done
Event: 10.136 Loading class java/net/SocketTimeoutException
Event: 10.136 Loading class java/io/InterruptedIOException
Event: 10.136 Loading class java/io/InterruptedIOException done
Event: 10.136 Loading class java/net/SocketTimeoutException done
Event: 10.136 Loading class java/net/SocketException
Event: 10.136 Loading class java/net/SocketException done
Event: 10.136 Loading class java/net/UnknownHostException
Event: 10.136 Loading class java/net/UnknownHostException done
Event: 10.136 Loading class java/net/ProtocolException
Event: 10.136 Loading class java/net/ProtocolException done
Event: 10.158 Loading class java/lang/ThreadLocal$SuppliedThreadLocal
Event: 10.158 Loading class java/lang/ThreadLocal$SuppliedThreadLocal done
Event: 10.213 Loading class java/io/FileWriter
Event: 10.213 Loading class java/io/FileWriter done
Event: 10.218 Loading class java/lang/NegativeArraySizeException
Event: 10.218 Loading class java/lang/NegativeArraySizeException done
Event: 10.221 Loading class java/lang/invoke/MethodHandle$1
Event: 10.221 Loading class java/lang/invoke/MethodHandle$1 done

Classes unloaded (7 events):
Event: 8.745 Thread 0x00000171a67f4870 Unloading class 0x0000000100219400 'java/lang/invoke/LambdaForm$MH+0x0000000100219400'
Event: 8.745 Thread 0x00000171a67f4870 Unloading class 0x0000000100219000 'java/lang/invoke/LambdaForm$MH+0x0000000100219000'
Event: 8.745 Thread 0x00000171a67f4870 Unloading class 0x0000000100218c00 'java/lang/invoke/LambdaForm$MH+0x0000000100218c00'
Event: 8.745 Thread 0x00000171a67f4870 Unloading class 0x0000000100218800 'java/lang/invoke/LambdaForm$MH+0x0000000100218800'
Event: 8.745 Thread 0x00000171a67f4870 Unloading class 0x0000000100218400 'java/lang/invoke/LambdaForm$BMH+0x0000000100218400'
Event: 8.745 Thread 0x00000171a67f4870 Unloading class 0x0000000100218000 'java/lang/invoke/LambdaForm$DMH+0x0000000100218000'
Event: 8.745 Thread 0x00000171a67f4870 Unloading class 0x0000000100214400 'java/lang/invoke/LambdaForm$DMH+0x0000000100214400'

Classes redefined (0 events):
No events

Internal exceptions (20 events):
Event: 8.554 Thread 0x00000171a6827d80 Exception <a 'java/io/FileNotFoundException'{0x00000000ec3ea320}> (0x00000000ec3ea320) 
thrown [s\src\hotspot\share\prims\jni.cpp, line 516]
Event: 8.555 Thread 0x00000171a6827d80 Exception <a 'java/io/FileNotFoundException'{0x00000000ec3f18c8}> (0x00000000ec3f18c8) 
thrown [s\src\hotspot\share\prims\jni.cpp, line 516]
Event: 8.623 Thread 0x00000171a6827d80 Exception <a 'java/lang/NoSuchMethodError'{0x00000000eae14330}: 'java.lang.Object java.lang.invoke.DirectMethodHandle$Holder.newInvokeSpecial(java.lang.Object, java.lang.Object, java.lang.Object, java.lang.Object, java.lang.Object)'> (0x00000000eae14330) 
thrown [s\src\hotspot\share\interpreter\linkResolver.cpp, line 759]
Event: 8.680 Thread 0x00000171a6827d80 Exception <a 'java/lang/NoSuchMethodError'{0x00000000eafb09e0}: 'java.lang.Object java.lang.invoke.DirectMethodHandle$Holder.invokeStaticInit(java.lang.Object, int)'> (0x00000000eafb09e0) 
thrown [s\src\hotspot\share\interpreter\linkResolver.cpp, line 759]
Event: 8.763 Thread 0x00000171a6827d80 Exception <a 'java/lang/NoSuchMethodError'{0x00000000eab10918}: 'java.lang.Object java.lang.invoke.DirectMethodHandle$Holder.invokeStaticInit(java.lang.Object, int, int, int, int)'> (0x00000000eab10918) 
thrown [s\src\hotspot\share\interpreter\linkResolver.cpp, line 759]
Event: 8.852 Thread 0x00000171a6827d80 Exception <a 'java/lang/NoSuchMethodError'{0x00000000eacd3798}: 'java.lang.Object java.lang.invoke.DirectMethodHandle$Holder.invokeStaticInit(java.lang.Object, java.lang.Object, int, int, int, int)'> (0x00000000eacd3798) 
thrown [s\src\hotspot\share\interpreter\linkResolver.cpp, line 759]
Event: 8.992 Thread 0x00000171a6827d80 Exception <a 'java/lang/NoSuchMethodError'{0x00000000eafd5038}: 'java.lang.Object java.lang.invoke.DirectMethodHandle$Holder.invokeSpecial(java.lang.Object, java.lang.Object, java.lang.Object, long, java.lang.Object)'> (0x00000000eafd5038) 
thrown [s\src\hotspot\share\interpreter\linkResolver.cpp, line 759]
Event: 8.992 Thread 0x00000171a6827d80 Exception <a 'java/lang/NoSuchMethodError'{0x00000000eafdd448}: 'java.lang.Object java.lang.invoke.DirectMethodHandle$Holder.newInvokeSpecial(java.lang.Object, java.lang.Object, java.lang.Object, long)'> (0x00000000eafdd448) 
thrown [s\src\hotspot\share\interpreter\linkResolver.cpp, line 759]
Event: 8.993 Thread 0x00000171a6827d80 Exception <a 'java/lang/NoSuchMethodError'{0x00000000eafe19e8}: 'java.lang.Object java.lang.invoke.DirectMethodHandle$Holder.invokeSpecial(java.lang.Object, java.lang.Object, java.lang.Object, java.lang.Object, long)'> (0x00000000eafe19e8) 
thrown [s\src\hotspot\share\interpreter\linkResolver.cpp, line 759]
Event: 8.994 Thread 0x00000171a6827d80 Exception <a 'java/lang/NoSuchMethodError'{0x00000000eafe5860}: 'java.lang.Object java.lang.invoke.Invokers$Holder.linkToTargetMethod(java.lang.Object, java.lang.Object, long, java.lang.Object)'> (0x00000000eafe5860) 
thrown [s\src\hotspot\share\interpreter\linkResolver.cpp, line 759]
Event: 9.003 Thread 0x00000171a6827d80 Exception <a 'java/lang/NoSuchMethodError'{0x00000000eb059558}: 'int java.lang.invoke.DirectMethodHandle$Holder.invokeStaticInit(java.lang.Object, java.lang.Object, java.lang.Object)'> (0x00000000eb059558) 
thrown [s\src\hotspot\share\interpreter\linkResolver.cpp, line 759]
Event: 9.035 Thread 0x00000171a6827d80 Exception <a 'java/lang/IncompatibleClassChangeError'{0x00000000eb295e18}: Found class java.lang.Object, but interface was expected> (0x00000000eb295e18) 
thrown [s\src\hotspot\share\interpreter\linkResolver.cpp, line 826]
Event: 9.039 Thread 0x00000171a6827d80 Exception <a 'java/lang/NoSuchMethodError'{0x00000000eb2aaf60}: 'java.lang.Object java.lang.invoke.DirectMethodHandle$Holder.invokeSpecial(java.lang.Object, java.lang.Object, java.lang.Object, int, java.lang.Object, java.lang.Object)'> (0x00000000eb2aaf60) 
thrown [s\src\hotspot\share\interpreter\linkResolver.cpp, line 759]
Event: 9.039 Thread 0x00000171a6827d80 Exception <a 'java/lang/NoSuchMethodError'{0x00000000eb2b36e8}: 'java.lang.Object java.lang.invoke.DirectMethodHandle$Holder.newInvokeSpecial(java.lang.Object, java.lang.Object, java.lang.Object, int, java.lang.Object)'> (0x00000000eb2b36e8) 
thrown [s\src\hotspot\share\interpreter\linkResolver.cpp, line 759]
Event: 9.040 Thread 0x00000171a6827d80 Exception <a 'java/lang/NoSuchMethodError'{0x00000000eb2b7d98}: 'java.lang.Object java.lang.invoke.DirectMethodHandle$Holder.invokeSpecial(java.lang.Object, java.lang.Object, java.lang.Object, java.lang.Object, int, java.lang.Object)'> (0x00000000eb2b7d98) 
thrown [s\src\hotspot\share\interpreter\linkResolver.cpp, line 759]
Event: 9.040 Thread 0x00000171a82a08f0 Exception <a 'java/lang/NoSuchMethodError'{0x00000000eb01fbe8}: 'java.lang.Object java.lang.invoke.DirectMethodHandle$Holder.invokeSpecial(java.lang.Object, java.lang.Object, int, java.lang.Object, java.lang.Object)'> (0x00000000eb01fbe8) 
thrown [s\src\hotspot\share\interpreter\linkResolver.cpp, line 759]
Event: 9.041 Thread 0x00000171a82a08f0 Exception <a 'java/lang/NoSuchMethodError'{0x00000000eb0272b8}: 'java.lang.Object java.lang.invoke.DirectMethodHandle$Holder.newInvokeSpecial(java.lang.Object, java.lang.Object, int, java.lang.Object)'> (0x00000000eb0272b8) 
thrown [s\src\hotspot\share\interpreter\linkResolver.cpp, line 759]
Event: 9.041 Thread 0x00000171a82a08f0 Exception <a 'java/lang/NoSuchMethodError'{0x00000000eb02adc8}: 'java.lang.Object java.lang.invoke.DirectMethodHandle$Holder.invokeSpecial(java.lang.Object, java.lang.Object, java.lang.Object, int, java.lang.Object)'> (0x00000000eb02adc8) 
thrown [s\src\hotspot\share\interpreter\linkResolver.cpp, line 759]
Event: 9.085 Thread 0x00000171a6827d80 Exception <a 'java/lang/NoSuchMethodError'{0x00000000eb5dae90}: 'double java.lang.invoke.DirectMethodHandle$Holder.invokeStatic(java.lang.Object, java.lang.Object)'> (0x00000000eb5dae90) 
thrown [s\src\hotspot\share\interpreter\linkResolver.cpp, line 759]
Event: 9.085 Thread 0x00000171a6827d80 Exception <a 'java/lang/NoSuchMethodError'{0x00000000eb5de7a8}: 'double java.lang.invoke.DirectMethodHandle$Holder.invokeStaticInit(java.lang.Object, java.lang.Object)'> (0x00000000eb5de7a8) 
thrown [s\src\hotspot\share\interpreter\linkResolver.cpp, line 759]

VM Operations (20 events):
Event: 8.556 Executing VM operation: ParallelGCFailedAllocation
Event: 8.561 Executing VM operation: ParallelGCFailedAllocation done
Event: 8.739 Executing VM operation: CollectForMetadataAllocation
Event: 8.762 Executing VM operation: CollectForMetadataAllocation done
Event: 8.778 Executing VM operation: HandshakeAllThreads
Event: 8.778 Executing VM operation: HandshakeAllThreads done
Event: 8.932 Executing VM operation: HandshakeAllThreads
Event: 8.932 Executing VM operation: HandshakeAllThreads done
Event: 9.011 Executing VM operation: HandshakeAllThreads
Event: 9.011 Executing VM operation: HandshakeAllThreads done
Event: 9.025 Executing VM operation: HandshakeAllThreads
Event: 9.025 Executing VM operation: HandshakeAllThreads done
Event: 10.026 Executing VM operation: Cleanup
Event: 10.119 Executing VM operation: Cleanup done
Event: 10.203 Executing VM operation: ParallelGCFailedAllocation
Event: 10.204 Executing VM operation: ParallelGCFailedAllocation done
Event: 11.214 Executing VM operation: Cleanup
Event: 11.415 Executing VM operation: Cleanup done
Event: 13.538 Executing VM operation: ParallelGCFailedAllocation
Event: 13.540 Executing VM operation: ParallelGCFailedAllocation done

Memory protections (0 events):
No events

Nmethod flushes (0 events):
No events

Events (20 events):
Event: 3.266 Thread 0x00000171a6832060 Thread added: 0x00000171a6a025c0
Event: 3.531 Thread 0x000001718d16e0c0 Thread added: 0x00000171a6828cb0
Event: 3.601 Thread 0x00000171a6832060 Thread added: 0x00000171a80aa500
Event: 4.157 Thread 0x000001718d16e0c0 Thread added: 0x00000171a6827870
Event: 4.367 Thread 0x00000171a80aa500 Thread exited: 0x00000171a80aa500
Event: 4.409 Thread 0x00000171a6a025c0 Thread exited: 0x00000171a6a025c0
Event: 7.972 Thread 0x000001718d16e0c0 Thread added: 0x00000171a682a0f0
Event: 7.976 Thread 0x000001718d16e0c0 Thread added: 0x00000171a6827d80
Event: 8.007 Thread 0x00000171a6827d80 Thread added: 0x00000171a68296d0
Event: 8.110 Thread 0x00000171a6827d80 Thread added: 0x00000171a682a600
Event: 8.428 Thread 0x00000171a6827d80 Thread added: 0x00000171a682ab10
Event: 8.948 Thread 0x00000171a6827d80 Thread added: 0x00000171a6828290
Event: 8.997 Thread 0x00000171a6827d80 Thread added: 0x00000171a82a08f0
Event: 9.041 Thread 0x00000171a6827d80 Thread added: 0x00000171a82a3170
Event: 10.194 Thread 0x00000171a6832060 Thread added: 0x00000171a8474000
Event: 10.201 Thread 0x00000171a6832060 Thread added: 0x00000171a8474930
Event: 10.324 Thread 0x00000171a8474930 Thread exited: 0x00000171a8474930
Event: 11.415 Thread 0x00000171a8474000 Thread exited: 0x00000171a8474000
Event: 13.501 Thread 0x00000171a6832060 Thread added: 0x00000171a8474000
Event: 14.527 Thread 0x00000171a8474000 Thread exited: 0x00000171a8474000


Dynamic libraries:
0x00007ff7864a0000 - 0x00007ff7864ae000 	c:\Users\Thamod Rasmitha\.vscode\extensions\redhat.java-1.37.0-win32-x64\jre\17.0.13-win32-x86_64\bin\java.exe
0x00007ff802180000 - 0x00007ff8023e3000 	C:\WINDOWS\SYSTEM32\ntdll.dll
0x00007ff8007d0000 - 0x00007ff800898000 	C:\WINDOWS\System32\KERNEL32.DLL
0x00007fffff5d0000 - 0x00007fffff982000 	C:\WINDOWS\System32\KERNELBASE.dll
0x00007fffffc80000 - 0x00007fffffdcb000 	C:\WINDOWS\System32\ucrtbase.dll
0x00007fff49b30000 - 0x00007fff49b4e000 	c:\Users\Thamod Rasmitha\.vscode\extensions\redhat.java-1.37.0-win32-x64\jre\17.0.13-win32-x86_64\bin\VCRUNTIME140.dll
0x00007fff4a050000 - 0x00007fff4a067000 	c:\Users\Thamod Rasmitha\.vscode\extensions\redhat.java-1.37.0-win32-x64\jre\17.0.13-win32-x86_64\bin\jli.dll
0x00007ff800dd0000 - 0x00007ff800f98000 	C:\WINDOWS\System32\USER32.dll
0x00007fffec300000 - 0x00007fffec590000 	C:\WINDOWS\WinSxS\amd64_microsoft.windows.common-controls_6595b64144ccf1df_6.0.26100.2454_none_3e0b68a2e331ad60\COMCTL32.dll
0x00007fffff990000 - 0x00007fffff9b7000 	C:\WINDOWS\System32\win32u.dll
0x00007ff801210000 - 0x00007ff8012b9000 	C:\WINDOWS\System32\msvcrt.dll
0x00007ff800ba0000 - 0x00007ff800bca000 	C:\WINDOWS\System32\GDI32.dll
0x00007fffffe90000 - 0x00007ffffffbb000 	C:\WINDOWS\System32\gdi32full.dll
0x00007fffff9c0000 - 0x00007fffffa63000 	C:\WINDOWS\System32\msvcp_win.dll
0x00007ff800910000 - 0x00007ff80093f000 	C:\WINDOWS\System32\IMM32.DLL
0x00007fffd9e80000 - 0x00007fffd9e8c000 	c:\Users\Thamod Rasmitha\.vscode\extensions\redhat.java-1.37.0-win32-x64\jre\17.0.13-win32-x86_64\bin\vcruntime140_1.dll
0x00007fffd9df0000 - 0x00007fffd9e7d000 	c:\Users\Thamod Rasmitha\.vscode\extensions\redhat.java-1.37.0-win32-x64\jre\17.0.13-win32-x86_64\bin\msvcp140.dll
0x00007fff48de0000 - 0x00007fff49a4b000 	c:\Users\Thamod Rasmitha\.vscode\extensions\redhat.java-1.37.0-win32-x64\jre\17.0.13-win32-x86_64\bin\server\jvm.dll
0x00007ff800200000 - 0x00007ff8002b4000 	C:\WINDOWS\System32\ADVAPI32.dll
0x00007ff801520000 - 0x00007ff8015c6000 	C:\WINDOWS\System32\sechost.dll
0x00007ff801340000 - 0x00007ff801456000 	C:\WINDOWS\System32\RPCRT4.dll
0x00007ff800750000 - 0x00007ff8007c4000 	C:\WINDOWS\System32\WS2_32.dll
0x00007ffffe210000 - 0x00007ffffe25e000 	C:\WINDOWS\SYSTEM32\POWRPROF.dll
0x00007ffff8f60000 - 0x00007ffff8f96000 	C:\WINDOWS\SYSTEM32\WINMM.dll
0x00007ffff8fa0000 - 0x00007ffff8fab000 	C:\WINDOWS\SYSTEM32\VERSION.dll
0x00007ffffe1f0000 - 0x00007ffffe204000 	C:\WINDOWS\SYSTEM32\UMPDC.dll
0x00007ffffe490000 - 0x00007ffffe4aa000 	C:\WINDOWS\SYSTEM32\kernel.appcore.dll
0x00007fffd9de0000 - 0x00007fffd9dea000 	c:\Users\Thamod Rasmitha\.vscode\extensions\redhat.java-1.37.0-win32-x64\jre\17.0.13-win32-x86_64\bin\jimage.dll
0x00007ffffccc0000 - 0x00007ffffcf01000 	C:\WINDOWS\SYSTEM32\DBGHELP.DLL
0x00007ff801650000 - 0x00007ff8019ce000 	C:\WINDOWS\System32\combase.dll
0x00007ff800ac0000 - 0x00007ff800b96000 	C:\WINDOWS\System32\OLEAUT32.dll
0x00007fffeb800000 - 0x00007fffeb839000 	C:\WINDOWS\SYSTEM32\dbgcore.DLL
0x00007fffff530000 - 0x00007fffff5c9000 	C:\WINDOWS\System32\bcryptPrimitives.dll
0x00007ffff1ec0000 - 0x00007ffff1ece000 	c:\Users\Thamod Rasmitha\.vscode\extensions\redhat.java-1.37.0-win32-x64\jre\17.0.13-win32-x86_64\bin\instrument.dll
0x00007fffd3750000 - 0x00007fffd3775000 	c:\Users\Thamod Rasmitha\.vscode\extensions\redhat.java-1.37.0-win32-x64\jre\17.0.13-win32-x86_64\bin\java.dll
0x00007fffda760000 - 0x00007fffda778000 	c:\Users\Thamod Rasmitha\.vscode\extensions\redhat.java-1.37.0-win32-x64\jre\17.0.13-win32-x86_64\bin\zip.dll
0x00007ff801a30000 - 0x00007ff802130000 	C:\WINDOWS\System32\SHELL32.dll
0x00007ffffd2b0000 - 0x00007ffffdae1000 	C:\WINDOWS\SYSTEM32\windows.storage.dll
0x00007ff800fa0000 - 0x00007ff80107a000 	C:\WINDOWS\System32\SHCORE.dll
0x00007ff8008b0000 - 0x00007ff80090d000 	C:\WINDOWS\System32\shlwapi.dll
0x00007fffff440000 - 0x00007fffff46e000 	C:\WINDOWS\SYSTEM32\profapi.dll
0x00007fffd4c50000 - 0x00007fffd4c69000 	C:\Users\Thamod Rasmitha\.vscode\extensions\redhat.java-1.37.0-win32-x64\jre\17.0.13-win32-x86_64\bin\net.dll
0x00007ffff5a80000 - 0x00007ffff5ba6000 	C:\WINDOWS\SYSTEM32\WINHTTP.dll
0x00007ffffe990000 - 0x00007ffffe9f8000 	C:\WINDOWS\system32\mswsock.dll
0x00007fffd1c20000 - 0x00007fffd1c36000 	C:\Users\Thamod Rasmitha\.vscode\extensions\redhat.java-1.37.0-win32-x64\jre\17.0.13-win32-x86_64\bin\nio.dll
0x00007ffff1d30000 - 0x00007ffff1d40000 	c:\Users\Thamod Rasmitha\.vscode\extensions\redhat.java-1.37.0-win32-x64\jre\17.0.13-win32-x86_64\bin\verify.dll
0x00007fffd4b10000 - 0x00007fffd4b55000 	C:\Users\Thamod Rasmitha\AppData\Roaming\Code\User\globalStorage\redhat.java\1.37.0\config_ss_win\org.eclipse.equinox.launcher\org.eclipse.equinox.launcher.win32.win32.x86_64_1.2.1100.v20240722-2106\eclipse_11904.dll
0x00007ff800bd0000 - 0x00007ff800d69000 	C:\WINDOWS\System32\ole32.dll
0x00007ffffec30000 - 0x00007ffffec4c000 	C:\WINDOWS\SYSTEM32\CRYPTSP.dll
0x00007ffffe3f0000 - 0x00007ffffe428000 	C:\WINDOWS\system32\rsaenh.dll
0x00007ffffea30000 - 0x00007ffffea5b000 	C:\WINDOWS\SYSTEM32\USERENV.dll
0x00007ffffee70000 - 0x00007ffffee96000 	C:\WINDOWS\SYSTEM32\bcrypt.dll
0x00007ffffec50000 - 0x00007ffffec5c000 	C:\WINDOWS\SYSTEM32\CRYPTBASE.dll
0x00007ffffde50000 - 0x00007ffffde82000 	C:\WINDOWS\SYSTEM32\IPHLPAPI.DLL
0x00007ff801460000 - 0x00007ff80146a000 	C:\WINDOWS\System32\NSI.dll
0x00007ffff5c40000 - 0x00007ffff5c5e000 	C:\WINDOWS\SYSTEM32\dhcpcsvc6.DLL
0x00007ffff5c10000 - 0x00007ffff5c35000 	C:\WINDOWS\SYSTEM32\dhcpcsvc.DLL
0x00007ffffdf40000 - 0x00007ffffe065000 	C:\WINDOWS\SYSTEM32\DNSAPI.dll
0x00007fffc2c60000 - 0x00007fffc2ca9000 	C:\Users\Thamod Rasmitha\AppData\Local\Temp\jna--2070620168\jna6453107605855657317.dll
0x00007ff8008a0000 - 0x00007ff8008a8000 	C:\WINDOWS\System32\PSAPI.DLL

dbghelp: loaded successfully - version: 4.0.5 - missing functions: none
symbol engine: initialized successfully - sym options: 0x614 - pdb path: .;c:\Users\Thamod Rasmitha\.vscode\extensions\redhat.java-1.37.0-win32-x64\jre\17.0.13-win32-x86_64\bin;C:\WINDOWS\SYSTEM32;C:\WINDOWS\WinSxS\amd64_microsoft.windows.common-controls_6595b64144ccf1df_6.0.26100.2454_none_3e0b68a2e331ad60;c:\Users\Thamod Rasmitha\.vscode\extensions\redhat.java-1.37.0-win32-x64\jre\17.0.13-win32-x86_64\bin\server;C:\Users\Thamod Rasmitha\AppData\Roaming\Code\User\globalStorage\redhat.java\1.37.0\config_ss_win\org.eclipse.equinox.launcher\org.eclipse.equinox.launcher.win32.win32.x86_64_1.2.1100.v20240722-2106;C:\Users\Thamod Rasmitha\AppData\Local\Temp\jna--2070620168

VM Arguments:
jvm_args: --add-modules=ALL-SYSTEM --add-opens=java.base/java.util=ALL-UNNAMED --add-opens=java.base/java.lang=ALL-UNNAMED --add-opens=java.base/sun.nio.fs=ALL-UNNAMED -Declipse.application=org.eclipse.jdt.ls.core.id1 -Dosgi.bundles.defaultStartLevel=4 -Declipse.product=org.eclipse.jdt.ls.core.product -Djava.import.generatesMetadataFilesAtProjectRoot=false -DDetectVMInstallationsJob.disabled=true -Dfile.encoding=utf8 -XX:+UseParallelGC -XX:GCTimeRatio=4 -XX:AdaptiveSizePolicyWeight=90 -Dsun.zip.disableMemoryMapping=true -Xmx1G -Xms100m -Xlog:disable -javaagent:c:\Users\Thamod Rasmitha\.vscode\extensions\redhat.java-1.37.0-win32-x64\lombok\lombok-1.18.34.jar 
java_command: c:\Users\Thamod Rasmitha\.vscode\extensions\redhat.java-1.37.0-win32-x64\server\plugins\org.eclipse.equinox.launcher_1.6.900.v20240613-2009.jar -configuration c:\Users\Thamod Rasmitha\AppData\Roaming\Code\User\globalStorage\redhat.java\1.37.0\config_ss_win -data c:\Users\Thamod Rasmitha\AppData\Roaming\Code\User\workspaceStorage\79564c900adf8b5a677e70732245fc39\redhat.java\ss_ws --pipe=\\.\pipe\lsp-433b1e5cd36cad5e126a5fd4402f4612-sock
java_class_path (initial): c:\Users\Thamod Rasmitha\.vscode\extensions\redhat.java-1.37.0-win32-x64\server\plugins\org.eclipse.equinox.launcher_1.6.900.v20240613-2009.jar
Launcher Type: SUN_STANDARD

[Global flags]
    uintx AdaptiveSizePolicyWeight                 = 90                                        {product} {command line}
     intx CICompilerCount                          = 4                                         {product} {ergonomic}
    uintx GCTimeRatio                              = 4                                         {product} {command line}
   size_t InitialHeapSize                          = 104857600                                 {product} {command line}
   size_t MaxHeapSize                              = 1073741824                                {product} {command line}
   size_t MaxNewSize                               = 357564416                                 {product} {ergonomic}
   size_t MinHeapDeltaBytes                        = 524288                                    {product} {ergonomic}
   size_t MinHeapSize                              = 104857600                                 {product} {command line}
   size_t NewSize                                  = 34603008                                  {product} {ergonomic}
    uintx NonNMethodCodeHeapSize                   = 5839372                                {pd product} {ergonomic}
    uintx NonProfiledCodeHeapSize                  = 122909434                              {pd product} {ergonomic}
   size_t OldSize                                  = 70254592                                  {product} {ergonomic}
    uintx ProfiledCodeHeapSize                     = 122909434                              {pd product} {ergonomic}
    uintx ReservedCodeCacheSize                    = 251658240                              {pd product} {ergonomic}
     bool SegmentedCodeCache                       = true                                      {product} {ergonomic}
   size_t SoftMaxHeapSize                          = 1073741824                             {manageable} {ergonomic}
     bool UseCompressedClassPointers               = true                           {product lp64_product} {ergonomic}
     bool UseCompressedOops                        = true                           {product lp64_product} {ergonomic}
     bool UseLargePagesIndividualAllocation        = false                                  {pd product} {ergonomic}
     bool UseParallelGC                            = true                                      {product} {command line}

Logging:
Log output configuration:
 #0: stdout all=off uptime,level,tags
 #1: stderr all=off uptime,level,tags

Environment Variables:
PATH=C:\Program Files (x86)\Common Files\Oracle\Java\javapath;C:\oracles\dbhomeXE\bin;C:\Python311\Scripts\;C:\Python311\;C:\WINDOWS\system32;C:\WINDOWS;C:\WINDOWS\System32\Wbem;C:\WINDOWS\System32\WindowsPowerShell\v1.0\;C:\WINDOWS\System32\OpenSSH\;C:\Program Files\Java\jdk1.8.0_351\bin;C:\Program Files\Java\jre1.8.0_351\bin;C:\ProgramData\chocolatey\bin;C:\Program Files\Git\cmd;C:\Program Files\nodejs\;C:\Program Files\MATLAB\R2023a\runtime\win64;C:\Program Files\MATLAB\R2023a\bin;C:\Program Files (x86)\Microsoft SQL Server\160\DTS\Binn\;C:\Program Files (x86)\Microsoft SQL Server\160\Tools\Binn\;C:\Program Files\Microsoft SQL Server\160\Tools\Binn\;C:\Program Files\Microsoft SQL Server\Client SDK\ODBC\170\Tools\Binn\;C:\Program Files\Microsoft SQL Server\160\DTS\Binn\;C:\Program Files\Microsoft SQL Server\150\Tools\Binn\;C:\Program Files\PowerShell\7\;D:\Software\mongoDb\mongosh-2.3.3-win32-x64\mongosh-2.3.3-win32-x64\bin;C:\Users\Thamod Rasmitha\AppData\Local\Microsoft\WindowsApps;C:\Program Files\JetBrains\IntelliJ IDEA Community Edition 2022.3.1\bin;;C:\Users\Thamod Rasmitha\AppData\Local\Programs\Microsoft VS Code\bin;C:\flutter\bin;C:\Users\Thamod Rasmitha\AppData\Local\Pub\Cache\bin;C:\Users\Thamod Rasmitha\AppData\Roaming\npm;
USERNAME=Thamod Rasmitha
OS=Windows_NT
PROCESSOR_IDENTIFIER=AMD64 Family 23 Model 104 Stepping 1, AuthenticAMD
TMP=C:\Users\THAMOD~1\AppData\Local\Temp
TEMP=C:\Users\THAMOD~1\AppData\Local\Temp



Periodic native trim disabled


---------------  S Y S T E M  ---------------

OS:
 Windows 11 , 64 bit Build 26100 (10.0.26100.2454)
OS uptime: 0 days 2:40 hours

CPU: total 12 (initial active 12) (12 cores per cpu, 2 threads per core) family 23 model 104 stepping 1 microcode 0x8608104, cx8, cmov, fxsr, ht, mmx, 3dnowpref, sse, sse2, sse3, ssse3, sse4a, sse4.1, sse4.2, popcnt, lzcnt, tsc, tscinvbit, avx, avx2, aes, clmul, bmi1, bmi2, adx, sha, fma, vzeroupper, clflush, clflushopt
Processor Information for all 12 processors :
  Max Mhz: 2100, Current Mhz: 2100, Mhz Limit: 2100

Memory: 4k page, system-wide physical 15753M (5950M free)
TotalPageFile size 15753M (AvailPageFile size 9M)
current process WorkingSet (physical memory assigned to process): 129M, peak: 132M
current process commit charge ("private bytes"): 240M, peak: 245M

vm_info: OpenJDK 64-Bit Server VM (17.0.13+11) for windows-amd64 JRE (17.0.13+11), built on Oct 16 2024 00:10:08 by "admin" with MS VC++ 17.7 (VS2022)

END.
