#
# There is insufficient memory for the Java Runtime Environment to continue.
# Native memory allocation (malloc) failed to allocate 663376 bytes. Error detail: Chunk::new
# Possible reasons:
#   The system is out of physical RAM or swap space
#   This process is running with CompressedOops enabled, and the Java Heap may be blocking the growth of the native heap
# Possible solutions:
#   Reduce memory load on the system
#   Increase physical memory or swap space
#   Check if swap backing store is full
#   Decrease Java heap size (-Xmx/-Xms)
#   Decrease number of Java threads
#   Decrease Java thread stack sizes (-Xss)
#   Set larger code cache with -XX:ReservedCodeCacheSize=
#   JVM is running with Unscaled Compressed Oops mode in which the Java heap is
#     placed in the first 4GB address space. The Java Heap base address is the
#     maximum limit for the native heap growth. Please use -XX:HeapBaseMinAddress
#     to set the Java Heap base and to place the Java Heap above 4GB virtual address.
# This output file may be truncated or incomplete.
#
#  Out of Memory Error (arena.cpp:191), pid=2544, tid=9456
#
# JRE version: OpenJDK Runtime Environment Temurin-17.0.13+11 (17.0.13+11) (build 17.0.13+11)
# Java VM: OpenJDK 64-Bit Server VM Temurin-17.0.13+11 (17.0.13+11, mixed mode, tiered, compressed oops, compressed class ptrs, parallel gc, windows-amd64)
# No core dump will be written. Minidumps are not enabled by default on client versions of Windows
#

---------------  S U M M A R Y ------------

Command Line: --add-modules=ALL-SYSTEM --add-opens=java.base/java.util=ALL-UNNAMED --add-opens=java.base/java.lang=ALL-UNNAMED --add-opens=java.base/sun.nio.fs=ALL-UNNAMED -Declipse.application=org.eclipse.jdt.ls.core.id1 -Dosgi.bundles.defaultStartLevel=4 -Declipse.product=org.eclipse.jdt.ls.core.product -Djava.import.generatesMetadataFilesAtProjectRoot=false -DDetectVMInstallationsJob.disabled=true -Dfile.encoding=utf8 -XX:+UseParallelGC -XX:GCTimeRatio=4 -XX:AdaptiveSizePolicyWeight=90 -Dsun.zip.disableMemoryMapping=true -Xmx1G -Xms100m -Xlog:disable -javaagent:c:\Users\Thamod Rasmitha\.vscode\extensions\redhat.java-1.37.0-win32-x64\lombok\lombok-1.18.34.jar -XX:+HeapDumpOnOutOfMemoryError -XX:HeapDumpPath=c:\Users\Thamod Rasmitha\AppData\Roaming\Code\User\workspaceStorage\79564c900adf8b5a677e70732245fc39\redhat.java -Daether.dependencyCollector.impl=bf c:\Users\Thamod Rasmitha\.vscode\extensions\redhat.java-1.37.0-win32-x64\server\plugins\org.eclipse.equinox.launcher_1.6.900.v20240613-2009.jar -configuration c:\Users\Thamod Rasmitha\AppData\Roaming\Code\User\globalStorage\redhat.java\1.37.0\config_win -data c:\Users\Thamod Rasmitha\AppData\Roaming\Code\User\workspaceStorage\79564c900adf8b5a677e70732245fc39\redhat.java\jdt_ws --pipe=\\.\pipe\lsp-3c6ff4a68de0da1f2d931d3a1e5a41b5-sock

Host: AMD Ryzen 5 5500U with Radeon Graphics         , 12 cores, 15G,  Windows 11 , 64 bit Build 26100 (10.0.26100.2454)
Time: Sun Dec 15 20:53:25 2024 Sri Lanka Standard Time elapsed time: 8.548192 seconds (0d 0h 0m 8s)

---------------  T H R E A D  ---------------

Current thread (0x000001326cea3920):  JavaThread "C2 CompilerThread0" daemon [_thread_in_native, id=9456, stack(0x00000031d9a00000,0x00000031d9b00000)]


Current CompileTask:
C2:   8548 4296       4       java.io.WinNTFileSystem::normalize (143 bytes)

Stack: [0x00000031d9a00000,0x00000031d9b00000]
Native frames: (J=compiled Java code, j=interpreted, Vv=VM code, C=native code)
V  [jvm.dll+0x682a19]
V  [jvm.dll+0x839538]
V  [jvm.dll+0x83afe3]
V  [jvm.dll+0x83b653]
V  [jvm.dll+0x24704f]
V  [jvm.dll+0xace34]
V  [jvm.dll+0xad4cc]
V  [jvm.dll+0x36592f]
V  [jvm.dll+0x1ba989]
V  [jvm.dll+0x2181a7]
V  [jvm.dll+0x21748f]
V  [jvm.dll+0x1a3070]
V  [jvm.dll+0x22788c]
V  [jvm.dll+0x2259eb]
V  [jvm.dll+0x7eec98]
V  [jvm.dll+0x7e8ffc]
V  [jvm.dll+0x6818f7]
C  [ucrtbase.dll+0x14ea0]
C  [KERNEL32.DLL+0x2e8d7]
C  [ntdll.dll+0xdfbcc]


---------------  P R O C E S S  ---------------

Threads class SMR info:
_java_thread_list=0x000001326f7a1930, length=41, elements={
0x000001325371b390, 0x0000013267d73030, 0x0000013267d75030, 0x0000013267d7c790,
0x0000013267d7d060, 0x0000013267d7e4a0, 0x000001326ce7ce40, 0x000001326cea3920,
0x000001326cea9550, 0x000001326ceb0680, 0x000001326d0111d0, 0x000001326cfd2ce0,
0x000001326d1cd680, 0x000001326e63a100, 0x000001326f0989e0, 0x000001326f0cbbe0,
0x000001326f26b800, 0x000001326f29eab0, 0x000001326f06b620, 0x000001326f1034b0,
0x000001326f102a90, 0x000001326f105310, 0x000001326f102fa0, 0x000001326f102070,
0x000001326f105820, 0x000001326f103ed0, 0x000001326f1043e0, 0x000001326f104e00,
0x0000013271cef570, 0x0000013271cedc20, 0x0000013271ceeb50, 0x0000013271cef060,
0x0000013271cee130, 0x0000013271cec2d0, 0x0000013271ceff90, 0x0000013271ced710,
0x0000013271cee640, 0x0000013271cefa80, 0x0000013271cec7e0, 0x0000013271cf04a0,
0x0000013271ceccf0
}

Java Threads: ( => current thread )
  0x000001325371b390 JavaThread "main" [_thread_blocked, id=7060, stack(0x00000031d9100000,0x00000031d9200000)]
  0x0000013267d73030 JavaThread "Reference Handler" daemon [_thread_blocked, id=20744, stack(0x00000031d9400000,0x00000031d9500000)]
  0x0000013267d75030 JavaThread "Finalizer" daemon [_thread_blocked, id=13848, stack(0x00000031d9500000,0x00000031d9600000)]
  0x0000013267d7c790 JavaThread "Signal Dispatcher" daemon [_thread_blocked, id=3576, stack(0x00000031d9600000,0x00000031d9700000)]
  0x0000013267d7d060 JavaThread "Attach Listener" daemon [_thread_blocked, id=20252, stack(0x00000031d9700000,0x00000031d9800000)]
  0x0000013267d7e4a0 JavaThread "Service Thread" daemon [_thread_blocked, id=20108, stack(0x00000031d9800000,0x00000031d9900000)]
  0x000001326ce7ce40 JavaThread "Monitor Deflation Thread" daemon [_thread_blocked, id=21124, stack(0x00000031d9900000,0x00000031d9a00000)]
=>0x000001326cea3920 JavaThread "C2 CompilerThread0" daemon [_thread_in_native, id=9456, stack(0x00000031d9a00000,0x00000031d9b00000)]
  0x000001326cea9550 JavaThread "C1 CompilerThread0" daemon [_thread_in_vm, id=19932, stack(0x00000031d9b00000,0x00000031d9c00000)]
  0x000001326ceb0680 JavaThread "Sweeper thread" daemon [_thread_blocked, id=12296, stack(0x00000031d9c00000,0x00000031d9d00000)]
  0x000001326d0111d0 JavaThread "Common-Cleaner" daemon [_thread_blocked, id=21212, stack(0x00000031d9d00000,0x00000031d9e00000)]
  0x000001326cfd2ce0 JavaThread "C2 CompilerThread1" daemon [_thread_in_native, id=12788, stack(0x00000031d9e00000,0x00000031d9f00000)]
  0x000001326d1cd680 JavaThread "Notification Thread" daemon [_thread_blocked, id=19840, stack(0x00000031d9f00000,0x00000031da000000)]
  0x000001326e63a100 JavaThread "C2 CompilerThread2" daemon [_thread_in_vm, id=3188, stack(0x00000031da100000,0x00000031da200000)]
  0x000001326f0989e0 JavaThread "Active Thread: Equinox Container: 6f049e04-229d-446b-8c16-102fd1722cbf" [_thread_blocked, id=8632, stack(0x00000031da700000,0x00000031da800000)]
  0x000001326f0cbbe0 JavaThread "Refresh Thread: Equinox Container: 6f049e04-229d-446b-8c16-102fd1722cbf" daemon [_thread_blocked, id=21456, stack(0x00000031da800000,0x00000031da900000)]
  0x000001326f26b800 JavaThread "Framework Event Dispatcher: Equinox Container: 6f049e04-229d-446b-8c16-102fd1722cbf" daemon [_thread_blocked, id=6216, stack(0x00000031da900000,0x00000031daa00000)]
  0x000001326f29eab0 JavaThread "Start Level: Equinox Container: 6f049e04-229d-446b-8c16-102fd1722cbf" daemon [_thread_blocked, id=19676, stack(0x00000031daa00000,0x00000031dab00000)]
  0x000001326f06b620 JavaThread "Bundle File Closer" daemon [_thread_blocked, id=17632, stack(0x00000031dad00000,0x00000031dae00000)]
  0x000001326f1034b0 JavaThread "SCR Component Actor" daemon [_thread_blocked, id=19384, stack(0x00000031db000000,0x00000031db100000)]
  0x000001326f102a90 JavaThread "Worker-JM" [_thread_blocked, id=9336, stack(0x00000031db200000,0x00000031db300000)]
  0x000001326f105310 JavaThread "JNA Cleaner" daemon [_thread_blocked, id=7928, stack(0x00000031db300000,0x00000031db400000)]
  0x000001326f102fa0 JavaThread "Worker-0: Initialize After Load" [_thread_in_vm, id=10316, stack(0x00000031db400000,0x00000031db500000)]
  0x000001326f102070 JavaThread "Worker-1: Repository registry initialization" [_thread_in_native, id=14088, stack(0x00000031db500000,0x00000031db600000)]
  0x000001326f105820 JavaThread "Java indexing" daemon [_thread_blocked, id=15208, stack(0x00000031db600000,0x00000031db700000)]
  0x000001326f103ed0 JavaThread "Worker-2" [_thread_blocked, id=3356, stack(0x00000031db700000,0x00000031db800000)]
  0x000001326f1043e0 JavaThread "Thread-2" daemon [_thread_in_native, id=12816, stack(0x00000031dba00000,0x00000031dbb00000)]
  0x000001326f104e00 JavaThread "Thread-3" daemon [_thread_in_native, id=6908, stack(0x00000031dbb00000,0x00000031dbc00000)]
  0x0000013271cef570 JavaThread "Thread-4" daemon [_thread_in_native, id=18956, stack(0x00000031dbc00000,0x00000031dbd00000)]
  0x0000013271cedc20 JavaThread "Thread-5" daemon [_thread_in_native, id=14712, stack(0x00000031dbd00000,0x00000031dbe00000)]
  0x0000013271ceeb50 JavaThread "Thread-6" daemon [_thread_in_native, id=15436, stack(0x00000031dbe00000,0x00000031dbf00000)]
  0x0000013271cef060 JavaThread "Thread-7" daemon [_thread_in_native, id=17296, stack(0x00000031dbf00000,0x00000031dc000000)]
  0x0000013271cee130 JavaThread "Thread-8" daemon [_thread_in_native, id=19332, stack(0x00000031dc000000,0x00000031dc100000)]
  0x0000013271cec2d0 JavaThread "Thread-9" daemon [_thread_in_native, id=16776, stack(0x00000031dc100000,0x00000031dc200000)]
  0x0000013271ceff90 JavaThread "Thread-10" daemon [_thread_in_native, id=10548, stack(0x00000031dc200000,0x00000031dc300000)]
  0x0000013271ced710 JavaThread "Thread-11" daemon [_thread_in_native, id=9068, stack(0x00000031dc300000,0x00000031dc400000)]
  0x0000013271cee640 JavaThread "Thread-12" daemon [_thread_in_native, id=6800, stack(0x00000031dc400000,0x00000031dc500000)]
  0x0000013271cefa80 JavaThread "Thread-13" daemon [_thread_in_native, id=12708, stack(0x00000031dc500000,0x00000031dc600000)]
  0x0000013271cec7e0 JavaThread "Thread-14" daemon [_thread_in_native, id=14312, stack(0x00000031dc600000,0x00000031dc700000)]
  0x0000013271cf04a0 JavaThread "Worker-3" [_thread_blocked, id=19664, stack(0x00000031dc700000,0x00000031dc800000)]
  0x0000013271ceccf0 JavaThread "Framework stop - Equinox Container: 6f049e04-229d-446b-8c16-102fd1722cbf" [_thread_in_vm, id=2320, stack(0x00000031db100000,0x00000031db200000)]

Other Threads:
  0x000001326ce54870 VMThread "VM Thread" [stack: 0x00000031d9300000,0x00000031d9400000] [id=3812]
  0x000001326d1a1210 WatcherThread [stack: 0x00000031da000000,0x00000031da100000] [id=20032]
  0x00000132537317f0 GCTaskThread "GC Thread#0" [stack: 0x00000031d9200000,0x00000031d9300000] [id=9916]
  0x000001326ee77a80 GCTaskThread "GC Thread#1" [stack: 0x00000031da200000,0x00000031da300000] [id=10540]
  0x000001326ee77d40 GCTaskThread "GC Thread#2" [stack: 0x00000031da300000,0x00000031da400000] [id=21420]
  0x000001326ea37aa0 GCTaskThread "GC Thread#3" [stack: 0x00000031da400000,0x00000031da500000] [id=10896]
  0x000001326ea37d60 GCTaskThread "GC Thread#4" [stack: 0x00000031da500000,0x00000031da600000] [id=11444]
  0x000001326ea38020 GCTaskThread "GC Thread#5" [stack: 0x00000031da600000,0x00000031da700000] [id=11072]
  0x000001326f3b0d70 GCTaskThread "GC Thread#6" [stack: 0x00000031dab00000,0x00000031dac00000] [id=3300]
  0x0000013253700900 GCTaskThread "GC Thread#7" [stack: 0x00000031dac00000,0x00000031dad00000] [id=10976]
  0x000001326f5de490 GCTaskThread "GC Thread#8" [stack: 0x00000031dae00000,0x00000031daf00000] [id=20344]
  0x000001326f5de750 GCTaskThread "GC Thread#9" [stack: 0x00000031daf00000,0x00000031db000000] [id=18228]

Threads with active compile tasks:
C2 CompilerThread0     8563 4296       4       java.io.WinNTFileSystem::normalize (143 bytes)
C1 CompilerThread0     8563 4447   !   2       org.eclipse.osgi.internal.framework.EquinoxBundle::adapt0 (939 bytes)
C2 CompilerThread1     8563 4112   !   4       org.eclipse.osgi.internal.loader.classpath.ClasspathManager::findClassImpl (308 bytes)
C2 CompilerThread2     8563 4420       4       sun.nio.cs.UTF_8$Decoder::decodeArrayLoop (688 bytes)

VM state: not at safepoint (normal execution)

VM Mutex/Monitor currently owned by a thread: None

Heap address: 0x00000000c0000000, size: 1024 MB, Compressed Oops mode: 32-bit

CDS archive(s) not mapped
Compressed class space mapped at: 0x0000000100000000-0x0000000140000000, reserved size: 1073741824
Narrow klass base: 0x0000000000000000, Narrow klass shift: 3, Narrow klass range: 0x140000000

GC Precious Log:
 CPUs: 12 total, 12 available
 Memory: 15753M
 Large Page Support: Disabled
 NUMA Support: Disabled
 Compressed Oops: Enabled (32-bit)
 Alignments: Space 512K, Generation 512K, Heap 2M
 Heap Min Capacity: 100M
 Heap Initial Capacity: 100M
 Heap Max Capacity: 1G
 Pre-touch: Disabled
 Parallel Workers: 10

Heap:
 PSYoungGen      total 23552K, used 5151K [0x00000000eab00000, 0x00000000ec500000, 0x0000000100000000)
  eden space 22016K, 17% used [0x00000000eab00000,0x00000000eaeab000,0x00000000ec080000)
  from space 1536K, 90% used [0x00000000ec300000,0x00000000ec45cd48,0x00000000ec480000)
  to   space 512K, 0% used [0x00000000ec480000,0x00000000ec480000,0x00000000ec500000)
 ParOldGen       total 68608K, used 16718K [0x00000000c0000000, 0x00000000c4300000, 0x00000000eab00000)
  object space 68608K, 24% used [0x00000000c0000000,0x00000000c1053870,0x00000000c4300000)
 Metaspace       used 41128K, committed 42176K, reserved 1114112K
  class space    used 4211K, committed 4672K, reserved 1048576K

Card table byte_map: [0x0000013265610000,0x0000013265820000] _byte_map_base: 0x0000013265010000

Marking Bits: (ParMarkBitMap*) 0x00007fff49986940
 Begin Bits: [0x0000013265980000, 0x0000013266980000)
 End Bits:   [0x0000013266980000, 0x0000013267980000)

Polling page: 0x0000013251f10000

Metaspace:

Usage:
  Non-class:     36.05 MB used.
      Class:      4.11 MB used.
       Both:     40.17 MB used.

Virtual space:
  Non-class space:       64.00 MB reserved,      36.62 MB ( 57%) committed,  1 nodes.
      Class space:        1.00 GB reserved,       4.56 MB ( <1%) committed,  1 nodes.
             Both:        1.06 GB reserved,      41.19 MB (  4%) committed. 

Chunk freelists:
   Non-Class:  11.16 MB
       Class:  11.41 MB
        Both:  22.56 MB

MaxMetaspaceSize: unlimited
CompressedClassSpaceSize: 1.00 GB
Initial GC threshold: 21.00 MB
Current GC threshold: 58.38 MB
CDS: off
MetaspaceReclaimPolicy: balanced
 - commit_granule_bytes: 65536.
 - commit_granule_words: 8192.
 - virtual_space_node_default_size: 8388608.
 - enlarge_chunks_in_place: 1.
 - new_chunks_are_fully_committed: 0.
 - uncommit_free_chunks: 1.
 - use_allocation_guard: 0.
 - handle_deallocations: 1.


Internal statistics:

num_allocs_failed_limit: 8.
num_arena_births: 648.
num_arena_deaths: 14.
num_vsnodes_births: 2.
num_vsnodes_deaths: 0.
num_space_committed: 659.
num_space_uncommitted: 0.
num_chunks_returned_to_freelist: 22.
num_chunks_taken_from_freelist: 2091.
num_chunk_merges: 13.
num_chunk_splits: 1297.
num_chunks_enlarged: 753.
num_inconsistent_stats: 0.

CodeHeap 'non-profiled nmethods': size=120000Kb used=2257Kb max_used=2257Kb free=117742Kb
 bounds [0x000001325df00000, 0x000001325e170000, 0x0000013265430000]
CodeHeap 'profiled nmethods': size=120000Kb used=9309Kb max_used=9309Kb free=110690Kb
 bounds [0x0000013256430000, 0x0000013256d50000, 0x000001325d960000]
CodeHeap 'non-nmethods': size=5760Kb used=1281Kb max_used=1338Kb free=4478Kb
 bounds [0x000001325d960000, 0x000001325dbd0000, 0x000001325df00000]
 total_blobs=5026 nmethods=4422 adapters=517
 compilation: enabled
              stopped_count=0, restarted_count=0
 full_count=0

Compilation events (20 events):
Event: 6.509 Thread 0x000001326cea9550 nmethod 4377 0x0000013256d22110 code [0x0000013256d222a0, 0x0000013256d223f8]
Event: 6.509 Thread 0x000001326cea9550 4380       3       jdk.internal.org.objectweb.asm.SymbolTable::setMajorVersionAndClassName (19 bytes)
Event: 6.509 Thread 0x000001326cea9550 nmethod 4380 0x0000013256d22490 code [0x0000013256d22640, 0x0000013256d22808]
Event: 6.510 Thread 0x000001326cea9550 4396   !   3       java.lang.invoke.MethodHandles$Lookup::canBeCached (150 bytes)
Event: 6.512 Thread 0x000001326cea9550 nmethod 4396 0x0000013256d22910 code [0x0000013256d22d60, 0x0000013256d24fe8]
Event: 6.512 Thread 0x000001326cea9550 4401       3       org.codehaus.plexus.util.xml.pull.MXParser::isNameStartChar (56 bytes)
Event: 6.513 Thread 0x000001326cea9550 nmethod 4401 0x0000013256d25c10 code [0x0000013256d25dc0, 0x0000013256d26058]
Event: 6.513 Thread 0x000001326cea9550 4402       3       org.eclipse.core.runtime.Path::<init> (9 bytes)
Event: 6.513 Thread 0x000001326cea9550 nmethod 4402 0x0000013256d26110 code [0x0000013256d262a0, 0x0000013256d263e8]
Event: 6.513 Thread 0x000001326cea9550 4400       3       java.lang.AbstractStringBuilder::append (54 bytes)
Event: 6.513 Thread 0x000001326cea9550 nmethod 4400 0x0000013256d26490 code [0x0000013256d266c0, 0x0000013256d26fc8]
Event: 6.513 Thread 0x000001326cea9550 4397       3       java.util.concurrent.locks.ReentrantLock::newCondition (8 bytes)
Event: 6.513 Thread 0x000001326cea9550 nmethod 4397 0x0000013256d27110 code [0x0000013256d272c0, 0x0000013256d27558]
Event: 6.513 Thread 0x000001326cea9550 4398       3       java.util.concurrent.locks.ReentrantLock$Sync::newCondition (9 bytes)
Event: 6.513 Thread 0x000001326cea9550 nmethod 4398 0x0000013256d27690 code [0x0000013256d27840, 0x0000013256d27a78]
Event: 6.514 Thread 0x000001326cea9550 4403       3       java.util.ArrayList::contains (14 bytes)
Event: 6.514 Thread 0x000001326cea9550 nmethod 4403 0x0000013256d27b90 code [0x0000013256d27d40, 0x0000013256d28028]
Event: 6.514 Thread 0x000001326cea9550 4405       3       org.codehaus.plexus.util.xml.pull.MXParser::isWhitespace (114 bytes)
Event: 6.515 Thread 0x000001326cea9550 nmethod 4405 0x0000013256d28110 code [0x0000013256d28320, 0x0000013256d28b28]
Event: 6.515 Thread 0x000001326cea9550 4406       3       org.codehaus.plexus.util.xml.pull.MXParser::parseStartTag (1190 bytes)

GC Heap History (20 events):
Event: 1.857 GC heap before
{Heap before GC invocations=5 (full 0):
 PSYoungGen      total 29696K, used 14228K [0x00000000eab00000, 0x00000000ecc00000, 0x0000000100000000)
  eden space 25600K, 39% used [0x00000000eab00000,0x00000000eb4ea238,0x00000000ec400000)
  from space 4096K, 99% used [0x00000000ec800000,0x00000000ecbfafd0,0x00000000ecc00000)
  to   space 4096K, 0% used [0x00000000ec400000,0x00000000ec400000,0x00000000ec800000)
 ParOldGen       total 68608K, used 6508K [0x00000000c0000000, 0x00000000c4300000, 0x00000000eab00000)
  object space 68608K, 9% used [0x00000000c0000000,0x00000000c065b088,0x00000000c4300000)
 Metaspace       used 21161K, committed 21504K, reserved 1114112K
  class space    used 2132K, committed 2304K, reserved 1048576K
}
Event: 1.859 GC heap after
{Heap after GC invocations=5 (full 0):
 PSYoungGen      total 29696K, used 4089K [0x00000000eab00000, 0x00000000ece00000, 0x0000000100000000)
  eden space 25600K, 0% used [0x00000000eab00000,0x00000000eab00000,0x00000000ec400000)
  from space 4096K, 99% used [0x00000000ec400000,0x00000000ec7fe4f8,0x00000000ec800000)
  to   space 5120K, 0% used [0x00000000ec900000,0x00000000ec900000,0x00000000ece00000)
 ParOldGen       total 68608K, used 6921K [0x00000000c0000000, 0x00000000c4300000, 0x00000000eab00000)
  object space 68608K, 10% used [0x00000000c0000000,0x00000000c06c2518,0x00000000c4300000)
 Metaspace       used 21161K, committed 21504K, reserved 1114112K
  class space    used 2132K, committed 2304K, reserved 1048576K
}
Event: 1.859 GC heap before
{Heap before GC invocations=6 (full 1):
 PSYoungGen      total 29696K, used 4089K [0x00000000eab00000, 0x00000000ece00000, 0x0000000100000000)
  eden space 25600K, 0% used [0x00000000eab00000,0x00000000eab00000,0x00000000ec400000)
  from space 4096K, 99% used [0x00000000ec400000,0x00000000ec7fe4f8,0x00000000ec800000)
  to   space 5120K, 0% used [0x00000000ec900000,0x00000000ec900000,0x00000000ece00000)
 ParOldGen       total 68608K, used 6921K [0x00000000c0000000, 0x00000000c4300000, 0x00000000eab00000)
  object space 68608K, 10% used [0x00000000c0000000,0x00000000c06c2518,0x00000000c4300000)
 Metaspace       used 21161K, committed 21504K, reserved 1114112K
  class space    used 2132K, committed 2304K, reserved 1048576K
}
Event: 1.879 GC heap after
{Heap after GC invocations=6 (full 1):
 PSYoungGen      total 29696K, used 0K [0x00000000eab00000, 0x00000000ece00000, 0x0000000100000000)
  eden space 25600K, 0% used [0x00000000eab00000,0x00000000eab00000,0x00000000ec400000)
  from space 4096K, 0% used [0x00000000ec400000,0x00000000ec400000,0x00000000ec800000)
  to   space 5120K, 0% used [0x00000000ec900000,0x00000000ec900000,0x00000000ece00000)
 ParOldGen       total 68608K, used 10694K [0x00000000c0000000, 0x00000000c4300000, 0x00000000eab00000)
  object space 68608K, 15% used [0x00000000c0000000,0x00000000c0a71a70,0x00000000c4300000)
 Metaspace       used 21161K, committed 21504K, reserved 1114112K
  class space    used 2132K, committed 2304K, reserved 1048576K
}
Event: 2.244 GC heap before
{Heap before GC invocations=7 (full 1):
 PSYoungGen      total 29696K, used 25600K [0x00000000eab00000, 0x00000000ece00000, 0x0000000100000000)
  eden space 25600K, 100% used [0x00000000eab00000,0x00000000ec400000,0x00000000ec400000)
  from space 4096K, 0% used [0x00000000ec400000,0x00000000ec400000,0x00000000ec800000)
  to   space 5120K, 0% used [0x00000000ec900000,0x00000000ec900000,0x00000000ece00000)
 ParOldGen       total 68608K, used 10694K [0x00000000c0000000, 0x00000000c4300000, 0x00000000eab00000)
  object space 68608K, 15% used [0x00000000c0000000,0x00000000c0a71a70,0x00000000c4300000)
 Metaspace       used 24872K, committed 25408K, reserved 1114112K
  class space    used 2538K, committed 2752K, reserved 1048576K
}
Event: 2.246 GC heap after
{Heap after GC invocations=7 (full 1):
 PSYoungGen      total 26624K, used 1219K [0x00000000eab00000, 0x00000000eca80000, 0x0000000100000000)
  eden space 25088K, 0% used [0x00000000eab00000,0x00000000eab00000,0x00000000ec380000)
  from space 1536K, 79% used [0x00000000ec900000,0x00000000eca30e70,0x00000000eca80000)
  to   space 2560K, 0% used [0x00000000ec580000,0x00000000ec580000,0x00000000ec800000)
 ParOldGen       total 68608K, used 10702K [0x00000000c0000000, 0x00000000c4300000, 0x00000000eab00000)
  object space 68608K, 15% used [0x00000000c0000000,0x00000000c0a73a70,0x00000000c4300000)
 Metaspace       used 24872K, committed 25408K, reserved 1114112K
  class space    used 2538K, committed 2752K, reserved 1048576K
}
Event: 2.549 GC heap before
{Heap before GC invocations=8 (full 1):
 PSYoungGen      total 26624K, used 26307K [0x00000000eab00000, 0x00000000eca80000, 0x0000000100000000)
  eden space 25088K, 100% used [0x00000000eab00000,0x00000000ec380000,0x00000000ec380000)
  from space 1536K, 79% used [0x00000000ec900000,0x00000000eca30e70,0x00000000eca80000)
  to   space 2560K, 0% used [0x00000000ec580000,0x00000000ec580000,0x00000000ec800000)
 ParOldGen       total 68608K, used 10702K [0x00000000c0000000, 0x00000000c4300000, 0x00000000eab00000)
  object space 68608K, 15% used [0x00000000c0000000,0x00000000c0a73a70,0x00000000c4300000)
 Metaspace       used 27646K, committed 28352K, reserved 1114112K
  class space    used 2863K, committed 3136K, reserved 1048576K
}
Event: 2.552 GC heap after
{Heap after GC invocations=8 (full 1):
 PSYoungGen      total 27136K, used 2558K [0x00000000eab00000, 0x00000000eca00000, 0x0000000100000000)
  eden space 24576K, 0% used [0x00000000eab00000,0x00000000eab00000,0x00000000ec300000)
  from space 2560K, 99% used [0x00000000ec580000,0x00000000ec7ff850,0x00000000ec800000)
  to   space 2048K, 0% used [0x00000000ec800000,0x00000000ec800000,0x00000000eca00000)
 ParOldGen       total 68608K, used 11084K [0x00000000c0000000, 0x00000000c4300000, 0x00000000eab00000)
  object space 68608K, 16% used [0x00000000c0000000,0x00000000c0ad3090,0x00000000c4300000)
 Metaspace       used 27646K, committed 28352K, reserved 1114112K
  class space    used 2863K, committed 3136K, reserved 1048576K
}
Event: 2.784 GC heap before
{Heap before GC invocations=9 (full 1):
 PSYoungGen      total 27136K, used 27134K [0x00000000eab00000, 0x00000000eca00000, 0x0000000100000000)
  eden space 24576K, 100% used [0x00000000eab00000,0x00000000ec300000,0x00000000ec300000)
  from space 2560K, 99% used [0x00000000ec580000,0x00000000ec7ff850,0x00000000ec800000)
  to   space 2048K, 0% used [0x00000000ec800000,0x00000000ec800000,0x00000000eca00000)
 ParOldGen       total 68608K, used 11084K [0x00000000c0000000, 0x00000000c4300000, 0x00000000eab00000)
  object space 68608K, 16% used [0x00000000c0000000,0x00000000c0ad3090,0x00000000c4300000)
 Metaspace       used 29777K, committed 30528K, reserved 1114112K
  class space    used 3049K, committed 3392K, reserved 1048576K
}
Event: 2.786 GC heap after
{Heap after GC invocations=9 (full 1):
 PSYoungGen      total 26112K, used 2023K [0x00000000eab00000, 0x00000000eca80000, 0x0000000100000000)
  eden space 24064K, 0% used [0x00000000eab00000,0x00000000eab00000,0x00000000ec280000)
  from space 2048K, 98% used [0x00000000ec800000,0x00000000ec9f9c98,0x00000000eca00000)
  to   space 4096K, 0% used [0x00000000ec280000,0x00000000ec280000,0x00000000ec680000)
 ParOldGen       total 68608K, used 12602K [0x00000000c0000000, 0x00000000c4300000, 0x00000000eab00000)
  object space 68608K, 18% used [0x00000000c0000000,0x00000000c0c4e920,0x00000000c4300000)
 Metaspace       used 29777K, committed 30528K, reserved 1114112K
  class space    used 3049K, committed 3392K, reserved 1048576K
}
Event: 2.980 GC heap before
{Heap before GC invocations=10 (full 1):
 PSYoungGen      total 26112K, used 26035K [0x00000000eab00000, 0x00000000eca80000, 0x0000000100000000)
  eden space 24064K, 99% used [0x00000000eab00000,0x00000000ec273298,0x00000000ec280000)
  from space 2048K, 98% used [0x00000000ec800000,0x00000000ec9f9c98,0x00000000eca00000)
  to   space 4096K, 0% used [0x00000000ec280000,0x00000000ec280000,0x00000000ec680000)
 ParOldGen       total 68608K, used 12602K [0x00000000c0000000, 0x00000000c4300000, 0x00000000eab00000)
  object space 68608K, 18% used [0x00000000c0000000,0x00000000c0c4e920,0x00000000c4300000)
 Metaspace       used 33346K, committed 34176K, reserved 1114112K
  class space    used 3316K, committed 3712K, reserved 1048576K
}
Event: 2.982 GC heap after
{Heap after GC invocations=10 (full 1):
 PSYoungGen      total 25600K, used 1924K [0x00000000eab00000, 0x00000000ec880000, 0x0000000100000000)
  eden space 23552K, 0% used [0x00000000eab00000,0x00000000eab00000,0x00000000ec200000)
  from space 2048K, 93% used [0x00000000ec280000,0x00000000ec4613e8,0x00000000ec480000)
  to   space 2560K, 0% used [0x00000000ec600000,0x00000000ec600000,0x00000000ec880000)
 ParOldGen       total 68608K, used 13173K [0x00000000c0000000, 0x00000000c4300000, 0x00000000eab00000)
  object space 68608K, 19% used [0x00000000c0000000,0x00000000c0cdd630,0x00000000c4300000)
 Metaspace       used 33346K, committed 34176K, reserved 1114112K
  class space    used 3316K, committed 3712K, reserved 1048576K
}
Event: 4.137 GC heap before
{Heap before GC invocations=11 (full 1):
 PSYoungGen      total 25600K, used 25476K [0x00000000eab00000, 0x00000000ec880000, 0x0000000100000000)
  eden space 23552K, 100% used [0x00000000eab00000,0x00000000ec200000,0x00000000ec200000)
  from space 2048K, 93% used [0x00000000ec280000,0x00000000ec4613e8,0x00000000ec480000)
  to   space 2560K, 0% used [0x00000000ec600000,0x00000000ec600000,0x00000000ec880000)
 ParOldGen       total 68608K, used 13173K [0x00000000c0000000, 0x00000000c4300000, 0x00000000eab00000)
  object space 68608K, 19% used [0x00000000c0000000,0x00000000c0cdd630,0x00000000c4300000)
 Metaspace       used 34915K, committed 35712K, reserved 1114112K
  class space    used 3439K, committed 3776K, reserved 1048576K
}
Event: 6.156 GC heap after
{Heap after GC invocations=11 (full 1):
 PSYoungGen      total 26112K, used 2536K [0x00000000eab00000, 0x00000000ec880000, 0x0000000100000000)
  eden space 23552K, 0% used [0x00000000eab00000,0x00000000eab00000,0x00000000ec200000)
  from space 2560K, 99% used [0x00000000ec600000,0x00000000ec87a2b0,0x00000000ec880000)
  to   space 2048K, 0% used [0x00000000ec280000,0x00000000ec280000,0x00000000ec480000)
 ParOldGen       total 68608K, used 14676K [0x00000000c0000000, 0x00000000c4300000, 0x00000000eab00000)
  object space 68608K, 21% used [0x00000000c0000000,0x00000000c0e55240,0x00000000c4300000)
 Metaspace       used 34915K, committed 35712K, reserved 1114112K
  class space    used 3439K, committed 3776K, reserved 1048576K
}
Event: 6.164 GC heap before
{Heap before GC invocations=12 (full 1):
 PSYoungGen      total 26112K, used 4133K [0x00000000eab00000, 0x00000000ec880000, 0x0000000100000000)
  eden space 23552K, 6% used [0x00000000eab00000,0x00000000eac8f3d8,0x00000000ec200000)
  from space 2560K, 99% used [0x00000000ec600000,0x00000000ec87a2b0,0x00000000ec880000)
  to   space 2048K, 0% used [0x00000000ec280000,0x00000000ec280000,0x00000000ec480000)
 ParOldGen       total 68608K, used 14676K [0x00000000c0000000, 0x00000000c4300000, 0x00000000eab00000)
  object space 68608K, 21% used [0x00000000c0000000,0x00000000c0e55240,0x00000000c4300000)
 Metaspace       used 35025K, committed 35840K, reserved 1114112K
  class space    used 3447K, committed 3840K, reserved 1048576K
}
Event: 6.166 GC heap after
{Heap after GC invocations=12 (full 1):
 PSYoungGen      total 25088K, used 516K [0x00000000eab00000, 0x00000000ec680000, 0x0000000100000000)
  eden space 23040K, 0% used [0x00000000eab00000,0x00000000eab00000,0x00000000ec180000)
  from space 2048K, 25% used [0x00000000ec280000,0x00000000ec301220,0x00000000ec480000)
  to   space 2048K, 0% used [0x00000000ec480000,0x00000000ec480000,0x00000000ec680000)
 ParOldGen       total 68608K, used 17149K [0x00000000c0000000, 0x00000000c4300000, 0x00000000eab00000)
  object space 68608K, 24% used [0x00000000c0000000,0x00000000c10bf530,0x00000000c4300000)
 Metaspace       used 35025K, committed 35840K, reserved 1114112K
  class space    used 3447K, committed 3840K, reserved 1048576K
}
Event: 6.166 GC heap before
{Heap before GC invocations=13 (full 2):
 PSYoungGen      total 25088K, used 516K [0x00000000eab00000, 0x00000000ec680000, 0x0000000100000000)
  eden space 23040K, 0% used [0x00000000eab00000,0x00000000eab00000,0x00000000ec180000)
  from space 2048K, 25% used [0x00000000ec280000,0x00000000ec301220,0x00000000ec480000)
  to   space 2048K, 0% used [0x00000000ec480000,0x00000000ec480000,0x00000000ec680000)
 ParOldGen       total 68608K, used 17149K [0x00000000c0000000, 0x00000000c4300000, 0x00000000eab00000)
  object space 68608K, 24% used [0x00000000c0000000,0x00000000c10bf530,0x00000000c4300000)
 Metaspace       used 35025K, committed 35840K, reserved 1114112K
  class space    used 3447K, committed 3840K, reserved 1048576K
}
Event: 6.186 GC heap after
{Heap after GC invocations=13 (full 2):
 PSYoungGen      total 25088K, used 0K [0x00000000eab00000, 0x00000000ec680000, 0x0000000100000000)
  eden space 23040K, 0% used [0x00000000eab00000,0x00000000eab00000,0x00000000ec180000)
  from space 2048K, 0% used [0x00000000ec280000,0x00000000ec280000,0x00000000ec480000)
  to   space 2048K, 0% used [0x00000000ec480000,0x00000000ec480000,0x00000000ec680000)
 ParOldGen       total 68608K, used 15694K [0x00000000c0000000, 0x00000000c4300000, 0x00000000eab00000)
  object space 68608K, 22% used [0x00000000c0000000,0x00000000c0f53920,0x00000000c4300000)
 Metaspace       used 35011K, committed 35840K, reserved 1114112K
  class space    used 3444K, committed 3840K, reserved 1048576K
}
Event: 6.386 GC heap before
{Heap before GC invocations=14 (full 2):
 PSYoungGen      total 25088K, used 23039K [0x00000000eab00000, 0x00000000ec680000, 0x0000000100000000)
  eden space 23040K, 99% used [0x00000000eab00000,0x00000000ec17fff8,0x00000000ec180000)
  from space 2048K, 0% used [0x00000000ec280000,0x00000000ec280000,0x00000000ec480000)
  to   space 2048K, 0% used [0x00000000ec480000,0x00000000ec480000,0x00000000ec680000)
 ParOldGen       total 68608K, used 15694K [0x00000000c0000000, 0x00000000c4300000, 0x00000000eab00000)
  object space 68608K, 22% used [0x00000000c0000000,0x00000000c0f53920,0x00000000c4300000)
 Metaspace       used 38437K, committed 39360K, reserved 1114112K
  class space    used 3877K, committed 4288K, reserved 1048576K
}
Event: 6.387 GC heap after
{Heap after GC invocations=14 (full 2):
 PSYoungGen      total 24064K, used 1161K [0x00000000eab00000, 0x00000000ec600000, 0x0000000100000000)
  eden space 22528K, 0% used [0x00000000eab00000,0x00000000eab00000,0x00000000ec100000)
  from space 1536K, 75% used [0x00000000ec480000,0x00000000ec5a26c0,0x00000000ec600000)
  to   space 1536K, 0% used [0x00000000ec300000,0x00000000ec300000,0x00000000ec480000)
 ParOldGen       total 68608K, used 15702K [0x00000000c0000000, 0x00000000c4300000, 0x00000000eab00000)
  object space 68608K, 22% used [0x00000000c0000000,0x00000000c0f55920,0x00000000c4300000)
 Metaspace       used 38437K, committed 39360K, reserved 1114112K
  class space    used 3877K, committed 4288K, reserved 1048576K
}

Dll operation events (10 events):
Event: 0.010 Loaded shared library c:\Users\Thamod Rasmitha\.vscode\extensions\redhat.java-1.37.0-win32-x64\jre\17.0.13-win32-x86_64\bin\java.dll
Event: 0.104 Loaded shared library c:\Users\Thamod Rasmitha\.vscode\extensions\redhat.java-1.37.0-win32-x64\jre\17.0.13-win32-x86_64\bin\zip.dll
Event: 0.107 Loaded shared library C:\Users\Thamod Rasmitha\.vscode\extensions\redhat.java-1.37.0-win32-x64\jre\17.0.13-win32-x86_64\bin\instrument.dll
Event: 0.115 Loaded shared library C:\Users\Thamod Rasmitha\.vscode\extensions\redhat.java-1.37.0-win32-x64\jre\17.0.13-win32-x86_64\bin\net.dll
Event: 0.118 Loaded shared library C:\Users\Thamod Rasmitha\.vscode\extensions\redhat.java-1.37.0-win32-x64\jre\17.0.13-win32-x86_64\bin\nio.dll
Event: 0.123 Loaded shared library C:\Users\Thamod Rasmitha\.vscode\extensions\redhat.java-1.37.0-win32-x64\jre\17.0.13-win32-x86_64\bin\zip.dll
Event: 0.135 Loaded shared library C:\Users\Thamod Rasmitha\.vscode\extensions\redhat.java-1.37.0-win32-x64\jre\17.0.13-win32-x86_64\bin\jimage.dll
Event: 0.185 Loaded shared library c:\Users\Thamod Rasmitha\.vscode\extensions\redhat.java-1.37.0-win32-x64\jre\17.0.13-win32-x86_64\bin\verify.dll
Event: 0.873 Loaded shared library C:\Users\Thamod Rasmitha\AppData\Roaming\Code\User\globalStorage\redhat.java\1.37.0\config_win\org.eclipse.equinox.launcher\org.eclipse.equinox.launcher.win32.win32.x86_64_1.2.1100.v20240722-2106\eclipse_11904.dll
Event: 2.112 Loaded shared library C:\Users\Thamod Rasmitha\AppData\Local\Temp\jna--2070620168\jna12877806670857217235.dll

Deoptimization events (20 events):
Event: 6.479 Thread 0x000001326f102fa0 DEOPT PACKING pc=0x000001325683fb1c sp=0x00000031db4fce70
Event: 6.479 Thread 0x000001326f102fa0 DEOPT UNPACKING pc=0x000001325d9b6e43 sp=0x00000031db4fc3c0 mode 0
Event: 6.479 Thread 0x000001325371b390 DEOPT PACKING pc=0x000001325683fb1c sp=0x00000031d91f9c70
Event: 6.479 Thread 0x000001325371b390 DEOPT UNPACKING pc=0x000001325d9b6e43 sp=0x00000031d91f91c0 mode 0
Event: 6.483 Thread 0x000001326f102fa0 Uncommon trap: trap_request=0xffffff45 fr.pc=0x000001325e06ef58 relative=0x00000000000016f8
Event: 6.483 Thread 0x000001326f102fa0 Uncommon trap: reason=unstable_if action=reinterpret pc=0x000001325e06ef58 method=sun.nio.fs.WindowsPathParser.nextNonSlash(Ljava/lang/String;II)I @ 2 c2
Event: 6.483 Thread 0x000001326f102fa0 DEOPT PACKING pc=0x000001325e06ef58 sp=0x00000031db4fcde0
Event: 6.483 Thread 0x000001326f102fa0 DEOPT UNPACKING pc=0x000001325d9b66a3 sp=0x00000031db4fcd70 mode 2
Event: 6.487 Thread 0x000001326f102fa0 Uncommon trap: trap_request=0xffffffc6 fr.pc=0x000001325e08f410 relative=0x00000000000001d0
Event: 6.487 Thread 0x000001326f102fa0 Uncommon trap: reason=bimorphic_or_optimized_type_check action=maybe_recompile pc=0x000001325e08f410 method=java.io.BufferedInputStream.read1([BII)I @ 39 c2
Event: 6.487 Thread 0x000001326f102fa0 DEOPT PACKING pc=0x000001325e08f410 sp=0x00000031db4fd770
Event: 6.487 Thread 0x000001326f102fa0 DEOPT UNPACKING pc=0x000001325d9b66a3 sp=0x00000031db4fd718 mode 2
Event: 6.505 Thread 0x000001326f102070 Uncommon trap: trap_request=0xffffff45 fr.pc=0x000001325e00e8b4 relative=0x0000000000000114
Event: 6.505 Thread 0x000001326f102070 Uncommon trap: reason=unstable_if action=reinterpret pc=0x000001325e00e8b4 method=java.util.ArrayList.indexOfRange(Ljava/lang/Object;II)I @ 7 c2
Event: 6.505 Thread 0x000001326f102070 DEOPT PACKING pc=0x000001325e00e8b4 sp=0x00000031db5fe320
Event: 6.505 Thread 0x000001326f102070 DEOPT UNPACKING pc=0x000001325d9b66a3 sp=0x00000031db5fe1e0 mode 2
Event: 6.518 Thread 0x000001326f102070 Uncommon trap: trap_request=0xffffff45 fr.pc=0x000001325e007b10 relative=0x00000000000000f0
Event: 6.518 Thread 0x000001326f102070 Uncommon trap: reason=unstable_if action=reinterpret pc=0x000001325e007b10 method=java.util.ArrayList.indexOfRange(Ljava/lang/Object;II)I @ 7 c2
Event: 6.518 Thread 0x000001326f102070 DEOPT PACKING pc=0x000001325e007b10 sp=0x00000031db5fe2c0
Event: 6.518 Thread 0x000001326f102070 DEOPT UNPACKING pc=0x000001325d9b66a3 sp=0x00000031db5fe240 mode 2

Classes loaded (20 events):
Event: 6.509 Loading class jdk/internal/access/foreign/MemorySegmentProxy
Event: 6.509 Loading class sun/nio/ch/Iocp$CompletionStatus
Event: 6.509 Loading class jdk/internal/access/foreign/MemorySegmentProxy done
Event: 6.509 Loading class sun/nio/ch/Iocp$CompletionStatus done
Event: 6.509 Loading class sun/nio/ch/ThreadPool
Event: 6.510 Loading class sun/nio/ch/ThreadPool done
Event: 6.510 Loading class sun/nio/ch/Iocp$EventHandlerTask
Event: 6.511 Loading class sun/nio/ch/Iocp$EventHandlerTask done
Event: 6.511 Loading class sun/nio/ch/AsynchronousChannelGroupImpl$2
Event: 6.511 Loading class sun/nio/ch/AsynchronousChannelGroupImpl$2 done
Event: 6.511 Loading class sun/nio/ch/AsynchronousChannelGroupImpl$1
Event: 6.511 Loading class sun/nio/ch/AsynchronousChannelGroupImpl$1 done
Event: 6.511 Loading class sun/nio/ch/Invoker
Event: 6.511 Loading class sun/nio/ch/Invoker done
Event: 6.512 Loading class sun/nio/ch/Invoker$1
Event: 6.512 Loading class sun/nio/ch/Invoker$1 done
Event: 6.512 Loading class sun/nio/ch/Invoker$GroupAndInvokeCount
Event: 6.512 Loading class sun/nio/ch/Invoker$GroupAndInvokeCount done
Event: 6.513 Loading class sun/nio/ch/PendingIoCache
Event: 6.513 Loading class sun/nio/ch/PendingIoCache done

Classes unloaded (7 events):
Event: 6.170 Thread 0x000001326ce54870 Unloading class 0x0000000100250000 'java/lang/invoke/LambdaForm$MH+0x0000000100250000'
Event: 6.170 Thread 0x000001326ce54870 Unloading class 0x000000010024fc00 'java/lang/invoke/LambdaForm$MH+0x000000010024fc00'
Event: 6.170 Thread 0x000001326ce54870 Unloading class 0x000000010024f800 'java/lang/invoke/LambdaForm$MH+0x000000010024f800'
Event: 6.170 Thread 0x000001326ce54870 Unloading class 0x000000010024f400 'java/lang/invoke/LambdaForm$MH+0x000000010024f400'
Event: 6.170 Thread 0x000001326ce54870 Unloading class 0x000000010024f000 'java/lang/invoke/LambdaForm$BMH+0x000000010024f000'
Event: 6.170 Thread 0x000001326ce54870 Unloading class 0x000000010024ec00 'java/lang/invoke/LambdaForm$DMH+0x000000010024ec00'
Event: 6.170 Thread 0x000001326ce54870 Unloading class 0x000000010024c400 'java/lang/invoke/LambdaForm$DMH+0x000000010024c400'

Classes redefined (0 events):
No events

Internal exceptions (20 events):
Event: 6.486 Thread 0x000001326f102070 Exception <a 'java/lang/NoClassDefFoundError'{0x00000000eb937af8}: javax/enterprise/inject/Typed> (0x00000000eb937af8) 
thrown [s\src\hotspot\share\classfile\systemDictionary.cpp, line 245]
Event: 6.494 Thread 0x000001326f102fa0 Exception <a 'sun/nio/fs/WindowsException'{0x00000000eba775f0}> (0x00000000eba775f0) 
thrown [s\src\hotspot\share\prims\jni.cpp, line 516]
Event: 6.494 Thread 0x000001326f102fa0 Exception <a 'sun/nio/fs/WindowsException'{0x00000000eba78188}> (0x00000000eba78188) 
thrown [s\src\hotspot\share\prims\jni.cpp, line 516]
Event: 6.494 Thread 0x000001326f102fa0 Exception <a 'sun/nio/fs/WindowsException'{0x00000000eba923e8}> (0x00000000eba923e8) 
thrown [s\src\hotspot\share\prims\jni.cpp, line 516]
Event: 6.494 Thread 0x000001326f102fa0 Exception <a 'sun/nio/fs/WindowsException'{0x00000000eba92f68}> (0x00000000eba92f68) 
thrown [s\src\hotspot\share\prims\jni.cpp, line 516]
Event: 6.497 Thread 0x000001326f102fa0 Exception <a 'sun/nio/fs/WindowsException'{0x00000000ebb10d68}> (0x00000000ebb10d68) 
thrown [s\src\hotspot\share\prims\jni.cpp, line 516]
Event: 6.497 Thread 0x000001326f102fa0 Exception <a 'sun/nio/fs/WindowsException'{0x00000000ebb118e8}> (0x00000000ebb118e8) 
thrown [s\src\hotspot\share\prims\jni.cpp, line 516]
Event: 6.499 Thread 0x000001326f102fa0 Exception <a 'sun/nio/fs/WindowsException'{0x00000000ebb55988}> (0x00000000ebb55988) 
thrown [s\src\hotspot\share\prims\jni.cpp, line 516]
Event: 6.499 Thread 0x000001326f102fa0 Exception <a 'sun/nio/fs/WindowsException'{0x00000000ebb60bd8}> (0x00000000ebb60bd8) 
thrown [s\src\hotspot\share\prims\jni.cpp, line 516]
Event: 6.501 Thread 0x000001325371b390 Exception <a 'java/lang/NoSuchMethodError'{0x00000000ebbb0318}: 'java.lang.Object java.lang.invoke.DirectMethodHandle$Holder.invokeStatic(java.lang.Object, java.lang.Object, long, java.lang.Object)'> (0x00000000ebbb0318) 
thrown [s\src\hotspot\share\interpreter\linkResolver.cpp, line 759]
Event: 6.501 Thread 0x000001325371b390 Exception <a 'java/lang/NoSuchMethodError'{0x00000000ebbbf270}: 'java.lang.Object java.lang.invoke.DirectMethodHandle$Holder.invokeStaticInit(java.lang.Object, java.lang.Object, long, java.lang.Object)'> (0x00000000ebbbf270) 
thrown [s\src\hotspot\share\interpreter\linkResolver.cpp, line 759]
Event: 6.502 Thread 0x000001325371b390 Exception <a 'java/lang/NoSuchMethodError'{0x00000000ebbce1d0}: 'java.lang.Object java.lang.invoke.DirectMethodHandle$Holder.newInvokeSpecial(java.lang.Object, java.lang.Object, long)'> (0x00000000ebbce1d0) 
thrown [s\src\hotspot\share\interpreter\linkResolver.cpp, line 759]
Event: 6.503 Thread 0x000001326f102fa0 Exception <a 'sun/nio/fs/WindowsException'{0x00000000ebbe22b8}> (0x00000000ebbe22b8) 
thrown [s\src\hotspot\share\prims\jni.cpp, line 516]
Event: 6.503 Thread 0x000001326f102fa0 Exception <a 'sun/nio/fs/WindowsException'{0x00000000ebbe2bb8}> (0x00000000ebbe2bb8) 
thrown [s\src\hotspot\share\prims\jni.cpp, line 516]
Event: 6.503 Thread 0x000001326f102fa0 Exception <a 'sun/nio/fs/WindowsException'{0x00000000ebbedcc0}> (0x00000000ebbedcc0) 
thrown [s\src\hotspot\share\prims\jni.cpp, line 516]
Event: 6.503 Thread 0x000001326f102fa0 Exception <a 'sun/nio/fs/WindowsException'{0x00000000ebbee5c0}> (0x00000000ebbee5c0) 
thrown [s\src\hotspot\share\prims\jni.cpp, line 516]
Event: 6.503 Thread 0x000001326f102fa0 Exception <a 'sun/nio/fs/WindowsException'{0x00000000ebbef310}> (0x00000000ebbef310) 
thrown [s\src\hotspot\share\prims\jni.cpp, line 516]
Event: 6.503 Thread 0x000001326f102fa0 Exception <a 'sun/nio/fs/WindowsException'{0x00000000ebc06450}> (0x00000000ebc06450) 
thrown [s\src\hotspot\share\prims\jni.cpp, line 516]
Event: 6.516 Thread 0x000001326f102fa0 Exception <a 'java/lang/NoSuchMethodError'{0x00000000ebe74278}: 'void java.lang.invoke.DirectMethodHandle$Holder.invokeVirtual(java.lang.Object, java.lang.Object, java.lang.Object, java.lang.Object)'> (0x00000000ebe74278) 
thrown [s\src\hotspot\share\interpreter\linkResolver.cpp, line 759]
Event: 7.517 Thread 0x000001325371b390 Exception <a 'java/lang/RuntimeException'{0x00000000ebe4d9d0}: snapshot not available> (0x00000000ebe4d9d0) 
thrown [s\src\hotspot\share\prims\jni.cpp, line 535]

VM Operations (20 events):
Event: 6.156 Executing VM operation: ParallelGCFailedAllocation done
Event: 6.164 Executing VM operation: CollectForMetadataAllocation
Event: 6.186 Executing VM operation: CollectForMetadataAllocation done
Event: 6.186 Executing VM operation: CollectForMetadataAllocation
Event: 6.187 Executing VM operation: CollectForMetadataAllocation done
Event: 6.213 Executing VM operation: HandshakeAllThreads
Event: 6.213 Executing VM operation: HandshakeAllThreads done
Event: 6.268 Executing VM operation: HandshakeAllThreads
Event: 6.268 Executing VM operation: HandshakeAllThreads done
Event: 6.292 Executing VM operation: HandshakeAllThreads
Event: 6.292 Executing VM operation: HandshakeAllThreads done
Event: 6.294 Executing VM operation: HandshakeAllThreads
Event: 6.295 Executing VM operation: HandshakeAllThreads done
Event: 6.322 Executing VM operation: HandshakeAllThreads
Event: 6.322 Executing VM operation: HandshakeAllThreads done
Event: 6.386 Executing VM operation: ParallelGCFailedAllocation
Event: 6.387 Executing VM operation: ParallelGCFailedAllocation done
Event: 6.475 Executing VM operation: HandshakeAllThreads
Event: 6.475 Executing VM operation: HandshakeAllThreads done
Event: 7.483 Executing VM operation: Cleanup

Memory protections (0 events):
No events

Nmethod flushes (0 events):
No events

Events (20 events):
Event: 1.826 Thread 0x000001326f29eab0 Thread added: 0x000001326f102a90
Event: 2.130 Thread 0x000001326f29eab0 Thread added: 0x000001326f105310
Event: 2.154 Thread 0x000001326f29eab0 Thread added: 0x000001326f102fa0
Event: 2.171 Thread 0x000001326f29eab0 Thread added: 0x000001326f102070
Event: 4.136 Thread 0x000001326f29eab0 Thread added: 0x000001326f105820
Event: 6.156 Thread 0x000001326f102fa0 Thread added: 0x000001326f103ed0
Event: 6.511 Thread 0x000001325371b390 Thread added: 0x000001326f1043e0
Event: 6.511 Thread 0x000001325371b390 Thread added: 0x000001326f104e00
Event: 6.512 Thread 0x000001325371b390 Thread added: 0x0000013271cef570
Event: 6.512 Thread 0x000001325371b390 Thread added: 0x0000013271cedc20
Event: 6.512 Thread 0x000001325371b390 Thread added: 0x0000013271ceeb50
Event: 6.512 Thread 0x000001325371b390 Thread added: 0x0000013271cef060
Event: 6.512 Thread 0x000001325371b390 Thread added: 0x0000013271cee130
Event: 6.512 Thread 0x000001325371b390 Thread added: 0x0000013271cec2d0
Event: 6.512 Thread 0x000001325371b390 Thread added: 0x0000013271ceff90
Event: 6.512 Thread 0x000001325371b390 Thread added: 0x0000013271ced710
Event: 6.512 Thread 0x000001325371b390 Thread added: 0x0000013271cee640
Event: 6.513 Thread 0x000001325371b390 Thread added: 0x0000013271cefa80
Event: 6.513 Thread 0x000001325371b390 Thread added: 0x0000013271cec7e0
Event: 7.517 Thread 0x000001326f103ed0 Thread added: 0x0000013271cf04a0


Dynamic libraries:
0x00007ff7864a0000 - 0x00007ff7864ae000 	c:\Users\Thamod Rasmitha\.vscode\extensions\redhat.java-1.37.0-win32-x64\jre\17.0.13-win32-x86_64\bin\java.exe
0x00007ff802180000 - 0x00007ff8023e3000 	C:\WINDOWS\SYSTEM32\ntdll.dll
0x00007ff8007d0000 - 0x00007ff800898000 	C:\WINDOWS\System32\KERNEL32.DLL
0x00007fffff5d0000 - 0x00007fffff982000 	C:\WINDOWS\System32\KERNELBASE.dll
0x00007fffffc80000 - 0x00007fffffdcb000 	C:\WINDOWS\System32\ucrtbase.dll
0x00007fffa7530000 - 0x00007fffa7547000 	c:\Users\Thamod Rasmitha\.vscode\extensions\redhat.java-1.37.0-win32-x64\jre\17.0.13-win32-x86_64\bin\jli.dll
0x00007fffbb0a0000 - 0x00007fffbb0be000 	c:\Users\Thamod Rasmitha\.vscode\extensions\redhat.java-1.37.0-win32-x64\jre\17.0.13-win32-x86_64\bin\VCRUNTIME140.dll
0x00007ff800dd0000 - 0x00007ff800f98000 	C:\WINDOWS\System32\USER32.dll
0x00007fffff990000 - 0x00007fffff9b7000 	C:\WINDOWS\System32\win32u.dll
0x00007fffec300000 - 0x00007fffec590000 	C:\WINDOWS\WinSxS\amd64_microsoft.windows.common-controls_6595b64144ccf1df_6.0.26100.2454_none_3e0b68a2e331ad60\COMCTL32.dll
0x00007ff800ba0000 - 0x00007ff800bca000 	C:\WINDOWS\System32\GDI32.dll
0x00007ff801210000 - 0x00007ff8012b9000 	C:\WINDOWS\System32\msvcrt.dll
0x00007fffffe90000 - 0x00007ffffffbb000 	C:\WINDOWS\System32\gdi32full.dll
0x00007fffff9c0000 - 0x00007fffffa63000 	C:\WINDOWS\System32\msvcp_win.dll
0x00007ff800910000 - 0x00007ff80093f000 	C:\WINDOWS\System32\IMM32.DLL
0x00007fffde680000 - 0x00007fffde68c000 	c:\Users\Thamod Rasmitha\.vscode\extensions\redhat.java-1.37.0-win32-x64\jre\17.0.13-win32-x86_64\bin\vcruntime140_1.dll
0x00007fff4a2a0000 - 0x00007fff4a32d000 	c:\Users\Thamod Rasmitha\.vscode\extensions\redhat.java-1.37.0-win32-x64\jre\17.0.13-win32-x86_64\bin\msvcp140.dll
0x00007fff48de0000 - 0x00007fff49a4b000 	c:\Users\Thamod Rasmitha\.vscode\extensions\redhat.java-1.37.0-win32-x64\jre\17.0.13-win32-x86_64\bin\server\jvm.dll
0x00007ff800200000 - 0x00007ff8002b4000 	C:\WINDOWS\System32\ADVAPI32.dll
0x00007ff801520000 - 0x00007ff8015c6000 	C:\WINDOWS\System32\sechost.dll
0x00007ff801340000 - 0x00007ff801456000 	C:\WINDOWS\System32\RPCRT4.dll
0x00007ff800750000 - 0x00007ff8007c4000 	C:\WINDOWS\System32\WS2_32.dll
0x00007ffff8f60000 - 0x00007ffff8f96000 	C:\WINDOWS\SYSTEM32\WINMM.dll
0x00007ffff8fa0000 - 0x00007ffff8fab000 	C:\WINDOWS\SYSTEM32\VERSION.dll
0x00007ffffe210000 - 0x00007ffffe25e000 	C:\WINDOWS\SYSTEM32\POWRPROF.dll
0x00007ffffe1f0000 - 0x00007ffffe204000 	C:\WINDOWS\SYSTEM32\UMPDC.dll
0x00007ffffe490000 - 0x00007ffffe4aa000 	C:\WINDOWS\SYSTEM32\kernel.appcore.dll
0x00007fffdc9f0000 - 0x00007fffdc9fa000 	c:\Users\Thamod Rasmitha\.vscode\extensions\redhat.java-1.37.0-win32-x64\jre\17.0.13-win32-x86_64\bin\jimage.dll
0x00007ffffccc0000 - 0x00007ffffcf01000 	C:\WINDOWS\SYSTEM32\DBGHELP.DLL
0x00007ff801650000 - 0x00007ff8019ce000 	C:\WINDOWS\System32\combase.dll
0x00007ff800ac0000 - 0x00007ff800b96000 	C:\WINDOWS\System32\OLEAUT32.dll
0x00007fffeb800000 - 0x00007fffeb839000 	C:\WINDOWS\SYSTEM32\dbgcore.DLL
0x00007fffff530000 - 0x00007fffff5c9000 	C:\WINDOWS\System32\bcryptPrimitives.dll
0x00007ffff1d60000 - 0x00007ffff1d6e000 	c:\Users\Thamod Rasmitha\.vscode\extensions\redhat.java-1.37.0-win32-x64\jre\17.0.13-win32-x86_64\bin\instrument.dll
0x00007fff4a5a0000 - 0x00007fff4a5c5000 	c:\Users\Thamod Rasmitha\.vscode\extensions\redhat.java-1.37.0-win32-x64\jre\17.0.13-win32-x86_64\bin\java.dll
0x00007fffa63f0000 - 0x00007fffa6408000 	c:\Users\Thamod Rasmitha\.vscode\extensions\redhat.java-1.37.0-win32-x64\jre\17.0.13-win32-x86_64\bin\zip.dll
0x00007ff801a30000 - 0x00007ff802130000 	C:\WINDOWS\System32\SHELL32.dll
0x00007ffffd2b0000 - 0x00007ffffdae1000 	C:\WINDOWS\SYSTEM32\windows.storage.dll
0x00007ff800fa0000 - 0x00007ff80107a000 	C:\WINDOWS\System32\SHCORE.dll
0x00007ff8008b0000 - 0x00007ff80090d000 	C:\WINDOWS\System32\shlwapi.dll
0x00007fffff440000 - 0x00007fffff46e000 	C:\WINDOWS\SYSTEM32\profapi.dll
0x00007fffa6350000 - 0x00007fffa6369000 	C:\Users\Thamod Rasmitha\.vscode\extensions\redhat.java-1.37.0-win32-x64\jre\17.0.13-win32-x86_64\bin\net.dll
0x00007ffff5a80000 - 0x00007ffff5ba6000 	C:\WINDOWS\SYSTEM32\WINHTTP.dll
0x00007ffffe990000 - 0x00007ffffe9f8000 	C:\WINDOWS\system32\mswsock.dll
0x00007fff8b440000 - 0x00007fff8b456000 	C:\Users\Thamod Rasmitha\.vscode\extensions\redhat.java-1.37.0-win32-x64\jre\17.0.13-win32-x86_64\bin\nio.dll
0x00007fffd98d0000 - 0x00007fffd98e0000 	c:\Users\Thamod Rasmitha\.vscode\extensions\redhat.java-1.37.0-win32-x64\jre\17.0.13-win32-x86_64\bin\verify.dll
0x00007fffdb020000 - 0x00007fffdb065000 	C:\Users\Thamod Rasmitha\AppData\Roaming\Code\User\globalStorage\redhat.java\1.37.0\config_win\org.eclipse.equinox.launcher\org.eclipse.equinox.launcher.win32.win32.x86_64_1.2.1100.v20240722-2106\eclipse_11904.dll
0x00007ff800bd0000 - 0x00007ff800d69000 	C:\WINDOWS\System32\ole32.dll
0x00007ffffec30000 - 0x00007ffffec4c000 	C:\WINDOWS\SYSTEM32\CRYPTSP.dll
0x00007ffffe3f0000 - 0x00007ffffe428000 	C:\WINDOWS\system32\rsaenh.dll
0x00007ffffea30000 - 0x00007ffffea5b000 	C:\WINDOWS\SYSTEM32\USERENV.dll
0x00007ffffee70000 - 0x00007ffffee96000 	C:\WINDOWS\SYSTEM32\bcrypt.dll
0x00007ffffec50000 - 0x00007ffffec5c000 	C:\WINDOWS\SYSTEM32\CRYPTBASE.dll
0x00007ffffde50000 - 0x00007ffffde82000 	C:\WINDOWS\SYSTEM32\IPHLPAPI.DLL
0x00007ff801460000 - 0x00007ff80146a000 	C:\WINDOWS\System32\NSI.dll
0x00007ffff5c40000 - 0x00007ffff5c5e000 	C:\WINDOWS\SYSTEM32\dhcpcsvc6.DLL
0x00007ffff5c10000 - 0x00007ffff5c35000 	C:\WINDOWS\SYSTEM32\dhcpcsvc.DLL
0x00007ffffdf40000 - 0x00007ffffe065000 	C:\WINDOWS\SYSTEM32\DNSAPI.dll
0x00007fffdafa0000 - 0x00007fffdafe9000 	C:\Users\Thamod Rasmitha\AppData\Local\Temp\jna--2070620168\jna12877806670857217235.dll
0x00007ff8008a0000 - 0x00007ff8008a8000 	C:\WINDOWS\System32\PSAPI.DLL

dbghelp: loaded successfully - version: 4.0.5 - missing functions: none
symbol engine: initialized successfully - sym options: 0x614 - pdb path: .;c:\Users\Thamod Rasmitha\.vscode\extensions\redhat.java-1.37.0-win32-x64\jre\17.0.13-win32-x86_64\bin;C:\WINDOWS\SYSTEM32;C:\WINDOWS\WinSxS\amd64_microsoft.windows.common-controls_6595b64144ccf1df_6.0.26100.2454_none_3e0b68a2e331ad60;c:\Users\Thamod Rasmitha\.vscode\extensions\redhat.java-1.37.0-win32-x64\jre\17.0.13-win32-x86_64\bin\server;C:\Users\Thamod Rasmitha\AppData\Roaming\Code\User\globalStorage\redhat.java\1.37.0\config_win\org.eclipse.equinox.launcher\org.eclipse.equinox.launcher.win32.win32.x86_64_1.2.1100.v20240722-2106;C:\Users\Thamod Rasmitha\AppData\Local\Temp\jna--2070620168

VM Arguments:
jvm_args: --add-modules=ALL-SYSTEM --add-opens=java.base/java.util=ALL-UNNAMED --add-opens=java.base/java.lang=ALL-UNNAMED --add-opens=java.base/sun.nio.fs=ALL-UNNAMED -Declipse.application=org.eclipse.jdt.ls.core.id1 -Dosgi.bundles.defaultStartLevel=4 -Declipse.product=org.eclipse.jdt.ls.core.product -Djava.import.generatesMetadataFilesAtProjectRoot=false -DDetectVMInstallationsJob.disabled=true -Dfile.encoding=utf8 -XX:+UseParallelGC -XX:GCTimeRatio=4 -XX:AdaptiveSizePolicyWeight=90 -Dsun.zip.disableMemoryMapping=true -Xmx1G -Xms100m -Xlog:disable -javaagent:c:\Users\Thamod Rasmitha\.vscode\extensions\redhat.java-1.37.0-win32-x64\lombok\lombok-1.18.34.jar -XX:+HeapDumpOnOutOfMemoryError -XX:HeapDumpPath=c:\Users\Thamod Rasmitha\AppData\Roaming\Code\User\workspaceStorage\79564c900adf8b5a677e70732245fc39\redhat.java -Daether.dependencyCollector.impl=bf 
java_command: c:\Users\Thamod Rasmitha\.vscode\extensions\redhat.java-1.37.0-win32-x64\server\plugins\org.eclipse.equinox.launcher_1.6.900.v20240613-2009.jar -configuration c:\Users\Thamod Rasmitha\AppData\Roaming\Code\User\globalStorage\redhat.java\1.37.0\config_win -data c:\Users\Thamod Rasmitha\AppData\Roaming\Code\User\workspaceStorage\79564c900adf8b5a677e70732245fc39\redhat.java\jdt_ws --pipe=\\.\pipe\lsp-3c6ff4a68de0da1f2d931d3a1e5a41b5-sock
java_class_path (initial): c:\Users\Thamod Rasmitha\.vscode\extensions\redhat.java-1.37.0-win32-x64\server\plugins\org.eclipse.equinox.launcher_1.6.900.v20240613-2009.jar
Launcher Type: SUN_STANDARD

[Global flags]
    uintx AdaptiveSizePolicyWeight                 = 90                                        {product} {command line}
     intx CICompilerCount                          = 4                                         {product} {ergonomic}
    uintx GCTimeRatio                              = 4                                         {product} {command line}
     bool HeapDumpOnOutOfMemoryError               = true                                   {manageable} {command line}
    ccstr HeapDumpPath                             = c:\Users\Thamod Rasmitha\AppData\Roaming\Code\User\workspaceStorage\79564c900adf8b5a677e70732245fc39\redhat.java         {manageable} {command line}
   size_t InitialHeapSize                          = 104857600                                 {product} {command line}
   size_t MaxHeapSize                              = 1073741824                                {product} {command line}
   size_t MaxNewSize                               = 357564416                                 {product} {ergonomic}
   size_t MinHeapDeltaBytes                        = 524288                                    {product} {ergonomic}
   size_t MinHeapSize                              = 104857600                                 {product} {command line}
   size_t NewSize                                  = 34603008                                  {product} {ergonomic}
    uintx NonNMethodCodeHeapSize                   = 5839372                                {pd product} {ergonomic}
    uintx NonProfiledCodeHeapSize                  = 122909434                              {pd product} {ergonomic}
   size_t OldSize                                  = 70254592                                  {product} {ergonomic}
    uintx ProfiledCodeHeapSize                     = 122909434                              {pd product} {ergonomic}
    uintx ReservedCodeCacheSize                    = 251658240                              {pd product} {ergonomic}
     bool SegmentedCodeCache                       = true                                      {product} {ergonomic}
   size_t SoftMaxHeapSize                          = 1073741824                             {manageable} {ergonomic}
     bool UseCompressedClassPointers               = true                           {product lp64_product} {ergonomic}
     bool UseCompressedOops                        = true                           {product lp64_product} {ergonomic}
     bool UseLargePagesIndividualAllocation        = false                                  {pd product} {ergonomic}
     bool UseParallelGC                            = true                                      {product} {command line}

Logging:
Log output configuration:
 #0: stdout all=off uptime,level,tags
 #1: stderr all=off uptime,level,tags

Environment Variables:
PATH=C:\Program Files (x86)\Common Files\Oracle\Java\javapath;C:\oracles\dbhomeXE\bin;C:\Python311\Scripts\;C:\Python311\;C:\WINDOWS\system32;C:\WINDOWS;C:\WINDOWS\System32\Wbem;C:\WINDOWS\System32\WindowsPowerShell\v1.0\;C:\WINDOWS\System32\OpenSSH\;C:\Program Files\Java\jdk1.8.0_351\bin;C:\Program Files\Java\jre1.8.0_351\bin;C:\ProgramData\chocolatey\bin;C:\Program Files\Git\cmd;C:\Program Files\nodejs\;C:\Program Files\MATLAB\R2023a\runtime\win64;C:\Program Files\MATLAB\R2023a\bin;C:\Program Files (x86)\Microsoft SQL Server\160\DTS\Binn\;C:\Program Files (x86)\Microsoft SQL Server\160\Tools\Binn\;C:\Program Files\Microsoft SQL Server\160\Tools\Binn\;C:\Program Files\Microsoft SQL Server\Client SDK\ODBC\170\Tools\Binn\;C:\Program Files\Microsoft SQL Server\160\DTS\Binn\;C:\Program Files\Microsoft SQL Server\150\Tools\Binn\;C:\Program Files\PowerShell\7\;D:\Software\mongoDb\mongosh-2.3.3-win32-x64\mongosh-2.3.3-win32-x64\bin;C:\Users\Thamod Rasmitha\AppData\Local\Microsoft\WindowsApps;C:\Program Files\JetBrains\IntelliJ IDEA Community Edition 2022.3.1\bin;;C:\Users\Thamod Rasmitha\AppData\Local\Programs\Microsoft VS Code\bin;C:\flutter\bin;C:\Users\Thamod Rasmitha\AppData\Local\Pub\Cache\bin;C:\Users\Thamod Rasmitha\AppData\Roaming\npm;
USERNAME=Thamod Rasmitha
OS=Windows_NT
PROCESSOR_IDENTIFIER=AMD64 Family 23 Model 104 Stepping 1, AuthenticAMD
TMP=C:\Users\THAMOD~1\AppData\Local\Temp
TEMP=C:\Users\THAMOD~1\AppData\Local\Temp



Periodic native trim disabled


---------------  S Y S T E M  ---------------

OS:
 Windows 11 , 64 bit Build 26100 (10.0.26100.2454)
OS uptime: 0 days 3:22 hours

CPU: total 12 (initial active 12) (12 cores per cpu, 2 threads per core) family 23 model 104 stepping 1 microcode 0x8608104, cx8, cmov, fxsr, ht, mmx, 3dnowpref, sse, sse2, sse3, ssse3, sse4a, sse4.1, sse4.2, popcnt, lzcnt, tsc, tscinvbit, avx, avx2, aes, clmul, bmi1, bmi2, adx, sha, fma, vzeroupper, clflush, clflushopt
Processor Information for all 12 processors :
  Max Mhz: 2100, Current Mhz: 2100, Mhz Limit: 2100

Memory: 4k page, system-wide physical 15753M (6051M free)
TotalPageFile size 15753M (AvailPageFile size 12M)
current process WorkingSet (physical memory assigned to process): 184M, peak: 185M
current process commit charge ("private bytes"): 283M, peak: 284M

vm_info: OpenJDK 64-Bit Server VM (17.0.13+11) for windows-amd64 JRE (17.0.13+11), built on Oct 16 2024 00:10:08 by "admin" with MS VC++ 17.7 (VS2022)

END.
