#
# There is insufficient memory for the Java Runtime Environment to continue.
# Native memory allocation (malloc) failed to allocate 1576816 bytes. Error detail: Chunk::new
# Possible reasons:
#   The system is out of physical RAM or swap space
#   This process is running with CompressedOops enabled, and the Java Heap may be blocking the growth of the native heap
# Possible solutions:
#   Reduce memory load on the system
#   Increase physical memory or swap space
#   Check if swap backing store is full
#   Decrease Java heap size (-Xmx/-Xms)
#   Decrease number of Java threads
#   Decrease Java thread stack sizes (-Xss)
#   Set larger code cache with -XX:ReservedCodeCacheSize=
#   JVM is running with Unscaled Compressed Oops mode in which the Java heap is
#     placed in the first 4GB address space. The Java Heap base address is the
#     maximum limit for the native heap growth. Please use -XX:HeapBaseMinAddress
#     to set the Java Heap base and to place the Java Heap above 4GB virtual address.
# This output file may be truncated or incomplete.
#
#  Out of Memory Error (arena.cpp:191), pid=1784, tid=12524
#
# JRE version: OpenJDK Runtime Environment Temurin-17.0.13+11 (17.0.13+11) (build 17.0.13+11)
# Java VM: OpenJDK 64-Bit Server VM Temurin-17.0.13+11 (17.0.13+11, mixed mode, tiered, compressed oops, compressed class ptrs, parallel gc, windows-amd64)
# No core dump will be written. Minidumps are not enabled by default on client versions of Windows
#

---------------  S U M M A R Y ------------

Command Line: --add-modules=ALL-SYSTEM --add-opens=java.base/java.util=ALL-UNNAMED --add-opens=java.base/java.lang=ALL-UNNAMED --add-opens=java.base/sun.nio.fs=ALL-UNNAMED -Declipse.application=org.eclipse.jdt.ls.core.id1 -Dosgi.bundles.defaultStartLevel=4 -Declipse.product=org.eclipse.jdt.ls.core.product -Djava.import.generatesMetadataFilesAtProjectRoot=false -DDetectVMInstallationsJob.disabled=true -Dfile.encoding=utf8 -XX:+UseParallelGC -XX:GCTimeRatio=4 -XX:AdaptiveSizePolicyWeight=90 -Dsun.zip.disableMemoryMapping=true -Xmx1G -Xms100m -Xlog:disable -javaagent:c:\Users\Thamod Rasmitha\.vscode\extensions\redhat.java-1.37.0-win32-x64\lombok\lombok-1.18.34.jar -XX:+HeapDumpOnOutOfMemoryError -XX:HeapDumpPath=c:\Users\Thamod Rasmitha\AppData\Roaming\Code\User\workspaceStorage\79564c900adf8b5a677e70732245fc39\redhat.java -Daether.dependencyCollector.impl=bf c:\Users\Thamod Rasmitha\.vscode\extensions\redhat.java-1.37.0-win32-x64\server\plugins\org.eclipse.equinox.launcher_1.6.900.v20240613-2009.jar -configuration c:\Users\Thamod Rasmitha\AppData\Roaming\Code\User\globalStorage\redhat.java\1.37.0\config_win -data c:\Users\Thamod Rasmitha\AppData\Roaming\Code\User\workspaceStorage\79564c900adf8b5a677e70732245fc39\redhat.java\jdt_ws --pipe=\\.\pipe\lsp-b75d01e3dbba8424750542907cbfedb8-sock

Host: AMD Ryzen 5 5500U with Radeon Graphics         , 12 cores, 15G,  Windows 11 , 64 bit Build 26100 (10.0.26100.2454)
Time: Sun Dec 15 20:53:11 2024 Sri Lanka Standard Time elapsed time: 371.021568 seconds (0d 0h 6m 11s)

---------------  T H R E A D  ---------------

Current thread (0x000001ba21ea62e0):  JavaThread "C2 CompilerThread0" daemon [_thread_in_native, id=12524, stack(0x0000000c8e900000,0x0000000c8ea00000)]


Current CompileTask:
C2: 371021 14921       4       org.eclipse.jdt.internal.compiler.parser.Parser::consumeRule (7871 bytes)

Stack: [0x0000000c8e900000,0x0000000c8ea00000]
Native frames: (J=compiled Java code, j=interpreted, Vv=VM code, C=native code)
V  [jvm.dll+0x682a19]
V  [jvm.dll+0x839538]
V  [jvm.dll+0x83afe3]
V  [jvm.dll+0x83b653]
V  [jvm.dll+0x24704f]
V  [jvm.dll+0xace34]
V  [jvm.dll+0xad4cc]
V  [jvm.dll+0x36592f]
V  [jvm.dll+0x32fbd8]
V  [jvm.dll+0x32f05a]
V  [jvm.dll+0x21804f]
V  [jvm.dll+0x21748f]
V  [jvm.dll+0x1a3070]
V  [jvm.dll+0x22788c]
V  [jvm.dll+0x2259eb]
V  [jvm.dll+0x7eec98]
V  [jvm.dll+0x7e8ffc]
V  [jvm.dll+0x6818f7]
C  [ucrtbase.dll+0x14ea0]
C  [KERNEL32.DLL+0x2e8d7]
C  [ntdll.dll+0xdfbcc]


---------------  P R O C E S S  ---------------

Threads class SMR info:
_java_thread_list=0x000001ba2954d000, length=88, elements={
0x000001ba08c4ac90, 0x000001ba1cade360, 0x000001ba21e657b0, 0x000001ba21e9c320,
0x000001ba21e9cbf0, 0x000001ba21e9e7d0, 0x000001ba21ea1c20, 0x000001ba21ea62e0,
0x000001ba21eac710, 0x000001ba21eaf030, 0x000001ba21f1ef40, 0x000001ba23423110,
0x000001ba23d06510, 0x000001ba242b5860, 0x000001ba23e5fd30, 0x000001ba23e50550,
0x000001ba24612940, 0x000001ba24612140, 0x000001ba245ea9e0, 0x000001ba245e9090,
0x000001ba245e7c50, 0x000001ba245e95a0, 0x000001ba245e9ab0, 0x000001ba245e8160,
0x000001ba245e9fc0, 0x000001ba245ea4d0, 0x000001ba245eb400, 0x000001ba2686a0b0,
0x000001ba2686a5c0, 0x000001ba2686bf10, 0x000001ba26869690, 0x000001ba26869180,
0x000001ba2686d350, 0x000001ba2686ba00, 0x000001ba2686aad0, 0x000001ba2686d860,
0x000001ba2686c420, 0x000001ba2686dd70, 0x000001ba2686afe0, 0x000001ba2686e280,
0x000001ba2686e790, 0x000001ba2686eca0, 0x000001ba2686f1b0, 0x000001ba268705f0,
0x000001ba2686fbd0, 0x000001ba26870b00, 0x000001ba252c9ec0, 0x000001ba252ca3d0,
0x000001ba252c99b0, 0x000001ba252ce5a0, 0x000001ba252ce090, 0x000001ba252cc740,
0x000001ba252cf4d0, 0x000001ba252cc230, 0x000001ba252cd670, 0x000001ba252cbd20,
0x000001ba252c8a80, 0x000001ba252ceab0, 0x000001ba245e8b80, 0x000001ba252cf9e0,
0x000001ba23814e30, 0x000001ba238180d0, 0x000001ba23818af0, 0x000001ba23815850,
0x000001ba23816270, 0x000001ba23816780, 0x000001ba23816c90, 0x000001ba238176b0,
0x000001ba23815340, 0x000001ba2381b370, 0x000001ba2381a440, 0x000001ba23819f30,
0x000001ba2381a950, 0x000001ba23819a20, 0x000001ba23819510, 0x000001ba2381ae60,
0x000001ba2381c2a0, 0x000001ba2381bd90, 0x000001ba2381c7b0, 0x000001ba23819000,
0x000001ba252cd160, 0x000001ba262ce740, 0x000001ba262cf160, 0x000001ba262d0090,
0x000001ba262cec50, 0x000001ba262cf670, 0x000001ba281210f0, 0x000001ba28120ba0
}

Java Threads: ( => current thread )
  0x000001ba08c4ac90 JavaThread "main" [_thread_blocked, id=11844, stack(0x0000000c8e000000,0x0000000c8e100000)]
  0x000001ba1cade360 JavaThread "Reference Handler" daemon [_thread_blocked, id=7372, stack(0x0000000c8e300000,0x0000000c8e400000)]
  0x000001ba21e657b0 JavaThread "Finalizer" daemon [_thread_blocked, id=16532, stack(0x0000000c8e400000,0x0000000c8e500000)]
  0x000001ba21e9c320 JavaThread "Signal Dispatcher" daemon [_thread_blocked, id=20288, stack(0x0000000c8e500000,0x0000000c8e600000)]
  0x000001ba21e9cbf0 JavaThread "Attach Listener" daemon [_thread_blocked, id=16808, stack(0x0000000c8e600000,0x0000000c8e700000)]
  0x000001ba21e9e7d0 JavaThread "Service Thread" daemon [_thread_blocked, id=5912, stack(0x0000000c8e700000,0x0000000c8e800000)]
  0x000001ba21ea1c20 JavaThread "Monitor Deflation Thread" daemon [_thread_blocked, id=6748, stack(0x0000000c8e800000,0x0000000c8e900000)]
=>0x000001ba21ea62e0 JavaThread "C2 CompilerThread0" daemon [_thread_in_native, id=12524, stack(0x0000000c8e900000,0x0000000c8ea00000)]
  0x000001ba21eac710 JavaThread "C1 CompilerThread0" daemon [_thread_blocked, id=11772, stack(0x0000000c8ea00000,0x0000000c8eb00000)]
  0x000001ba21eaf030 JavaThread "Sweeper thread" daemon [_thread_blocked, id=16844, stack(0x0000000c8eb00000,0x0000000c8ec00000)]
  0x000001ba21f1ef40 JavaThread "Common-Cleaner" daemon [_thread_blocked, id=6564, stack(0x0000000c8ec00000,0x0000000c8ed00000)]
  0x000001ba23423110 JavaThread "Notification Thread" daemon [_thread_blocked, id=12028, stack(0x0000000c8ee00000,0x0000000c8ef00000)]
  0x000001ba23d06510 JavaThread "Active Thread: Equinox Container: b8e19cd4-4625-4038-a5d0-aaaf26ebe88b" [_thread_blocked, id=21444, stack(0x0000000c8f600000,0x0000000c8f700000)]
  0x000001ba242b5860 JavaThread "Refresh Thread: Equinox Container: b8e19cd4-4625-4038-a5d0-aaaf26ebe88b" daemon [_thread_blocked, id=8132, stack(0x0000000c8f700000,0x0000000c8f800000)]
  0x000001ba23e5fd30 JavaThread "Framework Event Dispatcher: Equinox Container: b8e19cd4-4625-4038-a5d0-aaaf26ebe88b" daemon [_thread_blocked, id=380, stack(0x0000000c8f800000,0x0000000c8f900000)]
  0x000001ba23e50550 JavaThread "Start Level: Equinox Container: b8e19cd4-4625-4038-a5d0-aaaf26ebe88b" daemon [_thread_blocked, id=19992, stack(0x0000000c8f900000,0x0000000c8fa00000)]
  0x000001ba24612940 JavaThread "Bundle File Closer" daemon [_thread_blocked, id=17656, stack(0x0000000c8fc00000,0x0000000c8fd00000)]
  0x000001ba24612140 JavaThread "SCR Component Actor" daemon [_thread_blocked, id=7272, stack(0x0000000c8ff00000,0x0000000c90000000)]
  0x000001ba245ea9e0 JavaThread "Worker-JM" [_thread_blocked, id=16272, stack(0x0000000c8f000000,0x0000000c8f100000)]
  0x000001ba245e9090 JavaThread "JNA Cleaner" daemon [_thread_blocked, id=4072, stack(0x0000000c90100000,0x0000000c90200000)]
  0x000001ba245e7c50 JavaThread "Java indexing" daemon [_thread_blocked, id=9896, stack(0x0000000c90500000,0x0000000c90600000)]
  0x000001ba245e95a0 JavaThread "Thread-2" daemon [_thread_in_native, id=16840, stack(0x0000000c90800000,0x0000000c90900000)]
  0x000001ba245e9ab0 JavaThread "Thread-3" daemon [_thread_in_native, id=7100, stack(0x0000000c90900000,0x0000000c90a00000)]
  0x000001ba245e8160 JavaThread "Thread-4" daemon [_thread_in_native, id=17620, stack(0x0000000c90a00000,0x0000000c90b00000)]
  0x000001ba245e9fc0 JavaThread "Thread-5" daemon [_thread_in_native, id=15808, stack(0x0000000c90b00000,0x0000000c90c00000)]
  0x000001ba245ea4d0 JavaThread "Thread-6" daemon [_thread_in_native, id=6188, stack(0x0000000c90c00000,0x0000000c90d00000)]
  0x000001ba245eb400 JavaThread "Thread-7" daemon [_thread_in_native, id=15244, stack(0x0000000c90d00000,0x0000000c90e00000)]
  0x000001ba2686a0b0 JavaThread "Thread-8" daemon [_thread_in_native, id=19820, stack(0x0000000c90e00000,0x0000000c90f00000)]
  0x000001ba2686a5c0 JavaThread "Thread-9" daemon [_thread_in_native, id=13172, stack(0x0000000c90f00000,0x0000000c91000000)]
  0x000001ba2686bf10 JavaThread "Thread-10" daemon [_thread_in_native, id=14108, stack(0x0000000c91000000,0x0000000c91100000)]
  0x000001ba26869690 JavaThread "Thread-11" daemon [_thread_in_native, id=21256, stack(0x0000000c91100000,0x0000000c91200000)]
  0x000001ba26869180 JavaThread "Thread-12" daemon [_thread_in_native, id=11672, stack(0x0000000c91200000,0x0000000c91300000)]
  0x000001ba2686d350 JavaThread "Thread-13" daemon [_thread_in_native, id=5176, stack(0x0000000c91300000,0x0000000c91400000)]
  0x000001ba2686ba00 JavaThread "Thread-14" daemon [_thread_in_native, id=11956, stack(0x0000000c91400000,0x0000000c91500000)]
  0x000001ba2686aad0 JavaThread "pool-2-thread-1" [_thread_blocked, id=6156, stack(0x0000000c91600000,0x0000000c91700000)]
  0x000001ba2686d860 JavaThread "WorkspaceEventsHandler" [_thread_blocked, id=19884, stack(0x0000000c91700000,0x0000000c91800000)]
  0x000001ba2686c420 JavaThread "pool-1-thread-1" [_thread_blocked, id=9852, stack(0x0000000c91800000,0x0000000c91900000)]
  0x000001ba2686dd70 JavaThread "ForkJoinPool.commonPool-worker-1" daemon [_thread_blocked, id=16692, stack(0x0000000c91900000,0x0000000c91a00000)]
  0x000001ba2686afe0 JavaThread "ForkJoinPool.commonPool-worker-2" daemon [_thread_blocked, id=21112, stack(0x0000000c91a00000,0x0000000c91b00000)]
  0x000001ba2686e280 JavaThread "ForkJoinPool.commonPool-worker-3" daemon [_thread_blocked, id=19600, stack(0x0000000c91b00000,0x0000000c91c00000)]
  0x000001ba2686e790 JavaThread "ForkJoinPool.commonPool-worker-4" daemon [_thread_blocked, id=13772, stack(0x0000000c91c00000,0x0000000c91d00000)]
  0x000001ba2686eca0 JavaThread "ForkJoinPool.commonPool-worker-6" daemon [_thread_blocked, id=16728, stack(0x0000000c91e00000,0x0000000c91f00000)]
  0x000001ba2686f1b0 JavaThread "ForkJoinPool.commonPool-worker-7" daemon [_thread_blocked, id=13612, stack(0x0000000c91f00000,0x0000000c92000000)]
  0x000001ba268705f0 JavaThread "ForkJoinPool.commonPool-worker-8" daemon [_thread_blocked, id=21364, stack(0x0000000c92000000,0x0000000c92100000)]
  0x000001ba2686fbd0 JavaThread "ForkJoinPool.commonPool-worker-10" daemon [_thread_blocked, id=16892, stack(0x0000000c92200000,0x0000000c92300000)]
  0x000001ba26870b00 JavaThread "ForkJoinPool.commonPool-worker-11" daemon [_thread_blocked, id=3512, stack(0x0000000c92400000,0x0000000c92500000)]
  0x000001ba252c9ec0 JavaThread "Worker-4" [_thread_blocked, id=3724, stack(0x0000000c92500000,0x0000000c92600000)]
  0x000001ba252ca3d0 JavaThread "Java Debug Server" daemon [_thread_in_native, id=7944, stack(0x0000000c90300000,0x0000000c90400000)]
  0x000001ba252c99b0 JavaThread "RxSchedulerPurge-1" daemon [_thread_blocked, id=6048, stack(0x0000000c92600000,0x0000000c92700000)]
  0x000001ba252ce5a0 JavaThread "RxCachedWorkerPoolEvictor-1" daemon [_thread_blocked, id=12948, stack(0x0000000c92700000,0x0000000c92800000)]
  0x000001ba252ce090 JavaThread "pool-4-thread-2" [_thread_in_native, id=18604, stack(0x0000000c90000000,0x0000000c90100000)]
  0x000001ba252cc740 JavaThread "RxNewThreadScheduler-7" daemon [_thread_blocked, id=2072, stack(0x0000000c92800000,0x0000000c92900000)]
  0x000001ba252cf4d0 JavaThread "Packet Receive Manager" daemon [_thread_in_native, id=12104, stack(0x0000000c92900000,0x0000000c92a00000)]
  0x000001ba252cc230 JavaThread "Packet Send Manager" daemon [_thread_blocked, id=16528, stack(0x0000000c92b00000,0x0000000c92c00000)]
  0x000001ba252cd670 JavaThread "Event Hub" daemon [_thread_blocked, id=11084, stack(0x0000000c92a00000,0x0000000c92b00000)]
  0x000001ba252cbd20 JavaThread "Cleaner-0" daemon [_thread_blocked, id=21016, stack(0x0000000c8df00000,0x0000000c8e000000)]
  0x000001ba252c8a80 JavaThread "Worker-7" [_thread_blocked, id=5928, stack(0x0000000c90200000,0x0000000c90300000)]
  0x000001ba252ceab0 JavaThread "ForkJoinPool.commonPool-worker-12" daemon [_thread_blocked, id=4036, stack(0x0000000c90400000,0x0000000c90500000)]
  0x000001ba245e8b80 JavaThread "ForkJoinPool.commonPool-worker-13" daemon [_thread_blocked, id=19568, stack(0x0000000c8dd00000,0x0000000c8de00000)]
  0x000001ba252cf9e0 JavaThread "Worker-9" [_thread_blocked, id=6924, stack(0x0000000c8ed00000,0x0000000c8ee00000)]
  0x000001ba23814e30 JavaThread "Worker-10" [_thread_blocked, id=19960, stack(0x0000000c90600000,0x0000000c90700000)]
  0x000001ba238180d0 JavaThread "Worker-11: Building" [_thread_in_vm, id=14796, stack(0x0000000c91d00000,0x0000000c91e00000)]
  0x000001ba23818af0 JavaThread "Worker-12" [_thread_blocked, id=1864, stack(0x0000000c92100000,0x0000000c92200000)]
  0x000001ba23815850 JavaThread "Worker-13" [_thread_blocked, id=21476, stack(0x0000000c92300000,0x0000000c92400000)]
  0x000001ba23816270 JavaThread "LocalFile Deleter" daemon [_thread_blocked, id=12424, stack(0x0000000c90700000,0x0000000c90800000)]
  0x000001ba23816780 JavaThread "LocalFile Deleter" daemon [_thread_blocked, id=13696, stack(0x0000000c91500000,0x0000000c91600000)]
  0x000001ba23816c90 JavaThread "LocalFile Deleter" daemon [_thread_blocked, id=19872, stack(0x0000000c92c00000,0x0000000c92d00000)]
  0x000001ba238176b0 JavaThread "LocalFile Deleter" daemon [_thread_blocked, id=13168, stack(0x0000000c92d00000,0x0000000c92e00000)]
  0x000001ba23815340 JavaThread "LocalFile Deleter" daemon [_thread_blocked, id=8484, stack(0x0000000c92e00000,0x0000000c92f00000)]
  0x000001ba2381b370 JavaThread "LocalFile Deleter" daemon [_thread_blocked, id=20668, stack(0x0000000c92f00000,0x0000000c93000000)]
  0x000001ba2381a440 JavaThread "LocalFile Deleter" daemon [_thread_blocked, id=2420, stack(0x0000000c93000000,0x0000000c93100000)]
  0x000001ba23819f30 JavaThread "LocalFile Deleter" daemon [_thread_blocked, id=17124, stack(0x0000000c93100000,0x0000000c93200000)]
  0x000001ba2381a950 JavaThread "LocalFile Deleter" daemon [_thread_blocked, id=6208, stack(0x0000000c93200000,0x0000000c93300000)]
  0x000001ba23819a20 JavaThread "LocalFile Deleter" daemon [_thread_blocked, id=19308, stack(0x0000000c93300000,0x0000000c93400000)]
  0x000001ba23819510 JavaThread "LocalFile Deleter" daemon [_thread_blocked, id=9688, stack(0x0000000c93400000,0x0000000c93500000)]
  0x000001ba2381ae60 JavaThread "LocalFile Deleter" daemon [_thread_blocked, id=376, stack(0x0000000c93500000,0x0000000c93600000)]
  0x000001ba2381c2a0 JavaThread "Compiler Source File Reader" daemon [_thread_blocked, id=7412, stack(0x0000000c93600000,0x0000000c93700000)]
  0x000001ba2381bd90 JavaThread "Compiler Source File Reader" daemon [_thread_blocked, id=11984, stack(0x0000000c93700000,0x0000000c93800000)]
  0x000001ba2381c7b0 JavaThread "Compiler Source File Reader" daemon [_thread_blocked, id=15080, stack(0x0000000c93800000,0x0000000c93900000)]
  0x000001ba23819000 JavaThread "Compiler Source File Reader" daemon [_thread_blocked, id=9000, stack(0x0000000c93900000,0x0000000c93a00000)]
  0x000001ba252cd160 JavaThread "Compiler Source File Reader" daemon [_thread_blocked, id=12132, stack(0x0000000c93a00000,0x0000000c93b00000)]
  0x000001ba262ce740 JavaThread "Compiler Source File Reader" daemon [_thread_blocked, id=20164, stack(0x0000000c93b00000,0x0000000c93c00000)]
  0x000001ba262cf160 JavaThread "Compiler Source File Reader" daemon [_thread_blocked, id=19648, stack(0x0000000c93c00000,0x0000000c93d00000)]
  0x000001ba262d0090 JavaThread "Compiler Source File Reader" daemon [_thread_blocked, id=3832, stack(0x0000000c93d00000,0x0000000c93e00000)]
  0x000001ba262cec50 JavaThread "Compiler Source File Reader" daemon [_thread_blocked, id=2184, stack(0x0000000c93e00000,0x0000000c93f00000)]
  0x000001ba262cf670 JavaThread "Compiler Source File Reader" daemon [_thread_blocked, id=15188, stack(0x0000000c93f00000,0x0000000c94000000)]
  0x000001ba281210f0 JavaThread "C2 CompilerThread1" daemon [_thread_in_native, id=21260, stack(0x0000000c94000000,0x0000000c94100000)]
  0x000001ba28120ba0 JavaThread "C2 CompilerThread2" daemon [_thread_in_native, id=20000, stack(0x0000000c94100000,0x0000000c94200000)]

Other Threads:
  0x000001ba08cd4f50 VMThread "VM Thread" [stack: 0x0000000c8e200000,0x0000000c8e300000] [id=7420]
  0x000001ba234235f0 WatcherThread [stack: 0x0000000c8ef00000,0x0000000c8f000000] [id=15488]
  0x000001ba08c62110 GCTaskThread "GC Thread#0" [stack: 0x0000000c8e100000,0x0000000c8e200000] [id=17416]
  0x000001ba23b6ec90 GCTaskThread "GC Thread#1" [stack: 0x0000000c8f100000,0x0000000c8f200000] [id=19692]
  0x000001ba23b6fb70 GCTaskThread "GC Thread#2" [stack: 0x0000000c8f200000,0x0000000c8f300000] [id=3024]
  0x000001ba23b6fe30 GCTaskThread "GC Thread#3" [stack: 0x0000000c8f300000,0x0000000c8f400000] [id=9064]
  0x000001ba23b700f0 GCTaskThread "GC Thread#4" [stack: 0x0000000c8f400000,0x0000000c8f500000] [id=19704]
  0x000001ba23bfde40 GCTaskThread "GC Thread#5" [stack: 0x0000000c8f500000,0x0000000c8f600000] [id=3108]
  0x000001ba2401d400 GCTaskThread "GC Thread#6" [stack: 0x0000000c8fa00000,0x0000000c8fb00000] [id=18740]
  0x000001ba23aff280 GCTaskThread "GC Thread#7" [stack: 0x0000000c8fb00000,0x0000000c8fc00000] [id=15280]
  0x000001ba24009710 GCTaskThread "GC Thread#8" [stack: 0x0000000c8fd00000,0x0000000c8fe00000] [id=14044]
  0x000001ba24611210 GCTaskThread "GC Thread#9" [stack: 0x0000000c8fe00000,0x0000000c8ff00000] [id=6384]

Threads with active compile tasks:
C2 CompilerThread0   371036 14921       4       org.eclipse.jdt.internal.compiler.parser.Parser::consumeRule (7871 bytes)
C1 CompilerThread0   371036 14991       3       org.eclipse.jdt.internal.compiler.ast.MemberValuePair::resolveTypeExpecting (1314 bytes)
C2 CompilerThread1   371036 14990       4       org.eclipse.jdt.internal.compiler.util.SortedCharArrays::compareCharArray (50 bytes)
C2 CompilerThread2   371036 14967   !   4       org.eclipse.jdt.internal.core.builder.ClasspathMultiReleaseJar::findClass (219 bytes)

VM state: not at safepoint (normal execution)

VM Mutex/Monitor currently owned by a thread: None

Heap address: 0x00000000c0000000, size: 1024 MB, Compressed Oops mode: 32-bit

CDS archive(s) not mapped
Compressed class space mapped at: 0x0000000100000000-0x0000000140000000, reserved size: 1073741824
Narrow klass base: 0x0000000000000000, Narrow klass shift: 3, Narrow klass range: 0x140000000

GC Precious Log:
 CPUs: 12 total, 12 available
 Memory: 15753M
 Large Page Support: Disabled
 NUMA Support: Disabled
 Compressed Oops: Enabled (32-bit)
 Alignments: Space 512K, Generation 512K, Heap 2M
 Heap Min Capacity: 100M
 Heap Initial Capacity: 100M
 Heap Max Capacity: 1G
 Pre-touch: Disabled
 Parallel Workers: 10

Heap:
 PSYoungGen      total 24576K, used 10413K [0x00000000eab00000, 0x00000000ec680000, 0x0000000100000000)
  eden space 20992K, 49% used [0x00000000eab00000,0x00000000eb52b530,0x00000000ebf80000)
  from space 3584K, 0% used [0x00000000ebf80000,0x00000000ebf80000,0x00000000ec300000)
  to   space 3584K, 0% used [0x00000000ec300000,0x00000000ec300000,0x00000000ec680000)
 ParOldGen       total 145408K, used 105108K [0x00000000c0000000, 0x00000000c8e00000, 0x00000000eab00000)
  object space 145408K, 72% used [0x00000000c0000000,0x00000000c66a5070,0x00000000c8e00000)
 Metaspace       used 84276K, committed 85696K, reserved 1179648K
  class space    used 8897K, committed 9536K, reserved 1048576K

Card table byte_map: [0x000001ba085e0000,0x000001ba087f0000] _byte_map_base: 0x000001ba07fe0000

Marking Bits: (ParMarkBitMap*) 0x00007fff49986940
 Begin Bits: [0x000001ba1a8e0000, 0x000001ba1b8e0000)
 End Bits:   [0x000001ba1b8e0000, 0x000001ba1c8e0000)

Polling page: 0x000001ba06b50000

Metaspace:

Usage:
  Non-class:     73.61 MB used.
      Class:      8.69 MB used.
       Both:     82.30 MB used.

Virtual space:
  Non-class space:      128.00 MB reserved,      74.38 MB ( 58%) committed,  2 nodes.
      Class space:        1.00 GB reserved,       9.31 MB ( <1%) committed,  1 nodes.
             Both:        1.12 GB reserved,      83.69 MB (  7%) committed. 

Chunk freelists:
   Non-Class:  4.95 MB
       Class:  6.59 MB
        Both:  11.55 MB

MaxMetaspaceSize: unlimited
CompressedClassSpaceSize: 1.00 GB
Initial GC threshold: 21.00 MB
Current GC threshold: 139.31 MB
CDS: off
MetaspaceReclaimPolicy: balanced
 - commit_granule_bytes: 65536.
 - commit_granule_words: 8192.
 - virtual_space_node_default_size: 8388608.
 - enlarge_chunks_in_place: 1.
 - new_chunks_are_fully_committed: 0.
 - uncommit_free_chunks: 1.
 - use_allocation_guard: 0.
 - handle_deallocations: 1.


Internal statistics:

num_allocs_failed_limit: 9.
num_arena_births: 1086.
num_arena_deaths: 42.
num_vsnodes_births: 3.
num_vsnodes_deaths: 0.
num_space_committed: 1339.
num_space_uncommitted: 0.
num_chunks_returned_to_freelist: 65.
num_chunks_taken_from_freelist: 4749.
num_chunk_merges: 21.
num_chunk_splits: 2914.
num_chunks_enlarged: 1655.
num_inconsistent_stats: 0.

CodeHeap 'non-profiled nmethods': size=120000Kb used=10491Kb max_used=10491Kb free=109508Kb
 bounds [0x000001ba133b0000, 0x000001ba13df0000, 0x000001ba1a8e0000]
CodeHeap 'profiled nmethods': size=120000Kb used=25045Kb max_used=25571Kb free=94954Kb
 bounds [0x000001ba0b8e0000, 0x000001ba0d1f0000, 0x000001ba12e10000]
CodeHeap 'non-nmethods': size=5760Kb used=1424Kb max_used=1492Kb free=4335Kb
 bounds [0x000001ba12e10000, 0x000001ba13080000, 0x000001ba133b0000]
 total_blobs=12736 nmethods=11954 adapters=693
 compilation: enabled
              stopped_count=0, restarted_count=0
 full_count=0

Compilation events (20 events):
Event: 370.000 Thread 0x000001ba21eac710 14974   !   3       java.nio.file.Files$2::hasNext (23 bytes)
Event: 370.000 Thread 0x000001ba21eac710 nmethod 14974 0x000001ba0cf0cc90 code [0x000001ba0cf0ce60, 0x000001ba0cf0d148]
Event: 370.001 Thread 0x000001ba21eac710 14975       3       org.eclipse.core.internal.jobs.JobQueue::iterator (9 bytes)
Event: 370.001 Thread 0x000001ba21eac710 nmethod 14975 0x000001ba0cf0c790 code [0x000001ba0cf0c940, 0x000001ba0cf0cb98]
Event: 370.001 Thread 0x000001ba21eac710 14978   !   3       org.eclipse.core.internal.jobs.JobManager::isBlocking (148 bytes)
Event: 370.002 Thread 0x000001ba21eac710 nmethod 14978 0x000001ba0c32db90 code [0x000001ba0c32de60, 0x000001ba0c32f318]
Event: 370.002 Thread 0x000001ba21eac710 14979       3       org.eclipse.jdt.internal.compiler.lookup.MethodBinding::getParameterAnnotations (242 bytes)
Event: 370.003 Thread 0x000001ba21eac710 nmethod 14979 0x000001ba0c1a3310 code [0x000001ba0c1a35e0, 0x000001ba0c1a4bb8]
Event: 370.003 Thread 0x000001ba21eac710 14976       3       org.eclipse.core.internal.jobs.JobQueue$2::<init> (18 bytes)
Event: 370.003 Thread 0x000001ba21eac710 nmethod 14976 0x000001ba0ccea590 code [0x000001ba0ccea720, 0x000001ba0ccea8b8]
Event: 370.003 Thread 0x000001ba21eac710 14977       3       org.eclipse.core.internal.jobs.JobQueue$2::hasNext (47 bytes)
Event: 370.003 Thread 0x000001ba21eac710 nmethod 14977 0x000001ba0cf0c290 code [0x000001ba0cf0c440, 0x000001ba0cf0c678]
Event: 370.004 Thread 0x000001ba21eac710 14980       3       org.eclipse.jdt.internal.compiler.util.SimpleSet::includes (54 bytes)
Event: 370.004 Thread 0x000001ba21eac710 nmethod 14980 0x000001ba0d12e690 code [0x000001ba0d12e860, 0x000001ba0d12ecd8]
Event: 370.007 Thread 0x000001ba21eac710 14981       3       org.eclipse.jdt.internal.compiler.lookup.ElementValuePair::getValue (194 bytes)
Event: 370.008 Thread 0x000001ba21eac710 nmethod 14981 0x000001ba0d06ec10 code [0x000001ba0d06eec0, 0x000001ba0d070458]
Event: 370.008 Thread 0x000001ba21eac710 14983       3       org.eclipse.jdt.internal.core.builder.ClasspathDirectory::doesFileExist (46 bytes)
Event: 370.009 Thread 0x000001ba21eac710 nmethod 14983 0x000001ba0cf0bb10 code [0x000001ba0cf0bce0, 0x000001ba0cf0c0b8]
Event: 370.009 Thread 0x000001ba21eac710 14982   !   3       org.eclipse.jdt.internal.core.builder.ClasspathDirectory::findClass (144 bytes)
Event: 370.010 Thread 0x000001ba21eac710 nmethod 14982 0x000001ba0bb41310 code [0x000001ba0bb415e0, 0x000001ba0bb42618]

GC Heap History (20 events):
Event: 369.033 GC heap before
{Heap before GC invocations=311 (full 7):
 PSYoungGen      total 24064K, used 24040K [0x00000000eab00000, 0x00000000ec580000, 0x0000000100000000)
  eden space 22016K, 100% used [0x00000000eab00000,0x00000000ec080000,0x00000000ec080000)
  from space 2048K, 98% used [0x00000000ec080000,0x00000000ec27a0a8,0x00000000ec280000)
  to   space 2560K, 0% used [0x00000000ec300000,0x00000000ec300000,0x00000000ec580000)
 ParOldGen       total 143872K, used 141128K [0x00000000c0000000, 0x00000000c8c80000, 0x00000000eab00000)
  object space 143872K, 98% used [0x00000000c0000000,0x00000000c89d2300,0x00000000c8c80000)
 Metaspace       used 83390K, committed 84800K, reserved 1179648K
  class space    used 8800K, committed 9408K, reserved 1048576K
}
Event: 369.034 GC heap after
{Heap after GC invocations=311 (full 7):
 PSYoungGen      total 24064K, used 2009K [0x00000000eab00000, 0x00000000ec500000, 0x0000000100000000)
  eden space 22016K, 0% used [0x00000000eab00000,0x00000000eab00000,0x00000000ec080000)
  from space 2048K, 98% used [0x00000000ec300000,0x00000000ec4f67f0,0x00000000ec500000)
  to   space 2048K, 0% used [0x00000000ec080000,0x00000000ec080000,0x00000000ec280000)
 ParOldGen       total 143872K, used 141396K [0x00000000c0000000, 0x00000000c8c80000, 0x00000000eab00000)
  object space 143872K, 98% used [0x00000000c0000000,0x00000000c8a15070,0x00000000c8c80000)
 Metaspace       used 83390K, committed 84800K, reserved 1179648K
  class space    used 8800K, committed 9408K, reserved 1048576K
}
Event: 369.048 GC heap before
{Heap before GC invocations=312 (full 7):
 PSYoungGen      total 24064K, used 24025K [0x00000000eab00000, 0x00000000ec500000, 0x0000000100000000)
  eden space 22016K, 100% used [0x00000000eab00000,0x00000000ec080000,0x00000000ec080000)
  from space 2048K, 98% used [0x00000000ec300000,0x00000000ec4f67f0,0x00000000ec500000)
  to   space 2048K, 0% used [0x00000000ec080000,0x00000000ec080000,0x00000000ec280000)
 ParOldGen       total 143872K, used 141396K [0x00000000c0000000, 0x00000000c8c80000, 0x00000000eab00000)
  object space 143872K, 98% used [0x00000000c0000000,0x00000000c8a15070,0x00000000c8c80000)
 Metaspace       used 83390K, committed 84800K, reserved 1179648K
  class space    used 8800K, committed 9408K, reserved 1048576K
}
Event: 369.049 GC heap after
{Heap after GC invocations=312 (full 7):
 PSYoungGen      total 24064K, used 2041K [0x00000000eab00000, 0x00000000ec580000, 0x0000000100000000)
  eden space 22016K, 0% used [0x00000000eab00000,0x00000000eab00000,0x00000000ec080000)
  from space 2048K, 99% used [0x00000000ec080000,0x00000000ec27e708,0x00000000ec280000)
  to   space 2560K, 0% used [0x00000000ec300000,0x00000000ec300000,0x00000000ec580000)
 ParOldGen       total 143872K, used 141484K [0x00000000c0000000, 0x00000000c8c80000, 0x00000000eab00000)
  object space 143872K, 98% used [0x00000000c0000000,0x00000000c8a2b070,0x00000000c8c80000)
 Metaspace       used 83390K, committed 84800K, reserved 1179648K
  class space    used 8800K, committed 9408K, reserved 1048576K
}
Event: 369.066 GC heap before
{Heap before GC invocations=313 (full 7):
 PSYoungGen      total 24064K, used 24057K [0x00000000eab00000, 0x00000000ec580000, 0x0000000100000000)
  eden space 22016K, 100% used [0x00000000eab00000,0x00000000ec080000,0x00000000ec080000)
  from space 2048K, 99% used [0x00000000ec080000,0x00000000ec27e708,0x00000000ec280000)
  to   space 2560K, 0% used [0x00000000ec300000,0x00000000ec300000,0x00000000ec580000)
 ParOldGen       total 143872K, used 141484K [0x00000000c0000000, 0x00000000c8c80000, 0x00000000eab00000)
  object space 143872K, 98% used [0x00000000c0000000,0x00000000c8a2b070,0x00000000c8c80000)
 Metaspace       used 83390K, committed 84800K, reserved 1179648K
  class space    used 8800K, committed 9408K, reserved 1048576K
}
Event: 369.067 GC heap after
{Heap after GC invocations=313 (full 7):
 PSYoungGen      total 24064K, used 1876K [0x00000000eab00000, 0x00000000ec500000, 0x0000000100000000)
  eden space 22016K, 0% used [0x00000000eab00000,0x00000000eab00000,0x00000000ec080000)
  from space 2048K, 91% used [0x00000000ec300000,0x00000000ec4d5330,0x00000000ec500000)
  to   space 2048K, 0% used [0x00000000ec080000,0x00000000ec080000,0x00000000ec280000)
 ParOldGen       total 143872K, used 142035K [0x00000000c0000000, 0x00000000c8c80000, 0x00000000eab00000)
  object space 143872K, 98% used [0x00000000c0000000,0x00000000c8ab4cf8,0x00000000c8c80000)
 Metaspace       used 83390K, committed 84800K, reserved 1179648K
  class space    used 8800K, committed 9408K, reserved 1048576K
}
Event: 369.087 GC heap before
{Heap before GC invocations=314 (full 7):
 PSYoungGen      total 24064K, used 23892K [0x00000000eab00000, 0x00000000ec500000, 0x0000000100000000)
  eden space 22016K, 100% used [0x00000000eab00000,0x00000000ec080000,0x00000000ec080000)
  from space 2048K, 91% used [0x00000000ec300000,0x00000000ec4d5330,0x00000000ec500000)
  to   space 2048K, 0% used [0x00000000ec080000,0x00000000ec080000,0x00000000ec280000)
 ParOldGen       total 143872K, used 142035K [0x00000000c0000000, 0x00000000c8c80000, 0x00000000eab00000)
  object space 143872K, 98% used [0x00000000c0000000,0x00000000c8ab4cf8,0x00000000c8c80000)
 Metaspace       used 83390K, committed 84800K, reserved 1179648K
  class space    used 8800K, committed 9408K, reserved 1048576K
}
Event: 369.088 GC heap after
{Heap after GC invocations=314 (full 7):
 PSYoungGen      total 24064K, used 2045K [0x00000000eab00000, 0x00000000ec580000, 0x0000000100000000)
  eden space 22016K, 0% used [0x00000000eab00000,0x00000000eab00000,0x00000000ec080000)
  from space 2048K, 99% used [0x00000000ec080000,0x00000000ec27f4e0,0x00000000ec280000)
  to   space 2560K, 0% used [0x00000000ec300000,0x00000000ec300000,0x00000000ec580000)
 ParOldGen       total 143872K, used 142171K [0x00000000c0000000, 0x00000000c8c80000, 0x00000000eab00000)
  object space 143872K, 98% used [0x00000000c0000000,0x00000000c8ad6cf8,0x00000000c8c80000)
 Metaspace       used 83390K, committed 84800K, reserved 1179648K
  class space    used 8800K, committed 9408K, reserved 1048576K
}
Event: 369.108 GC heap before
{Heap before GC invocations=315 (full 7):
 PSYoungGen      total 24064K, used 24061K [0x00000000eab00000, 0x00000000ec580000, 0x0000000100000000)
  eden space 22016K, 100% used [0x00000000eab00000,0x00000000ec080000,0x00000000ec080000)
  from space 2048K, 99% used [0x00000000ec080000,0x00000000ec27f4e0,0x00000000ec280000)
  to   space 2560K, 0% used [0x00000000ec300000,0x00000000ec300000,0x00000000ec580000)
 ParOldGen       total 143872K, used 142171K [0x00000000c0000000, 0x00000000c8c80000, 0x00000000eab00000)
  object space 143872K, 98% used [0x00000000c0000000,0x00000000c8ad6cf8,0x00000000c8c80000)
 Metaspace       used 83390K, committed 84800K, reserved 1179648K
  class space    used 8800K, committed 9408K, reserved 1048576K
}
Event: 369.109 GC heap after
{Heap after GC invocations=315 (full 7):
 PSYoungGen      total 24576K, used 2238K [0x00000000eab00000, 0x00000000ec580000, 0x0000000100000000)
  eden space 22016K, 0% used [0x00000000eab00000,0x00000000eab00000,0x00000000ec080000)
  from space 2560K, 87% used [0x00000000ec300000,0x00000000ec52fa00,0x00000000ec580000)
  to   space 2560K, 0% used [0x00000000ec080000,0x00000000ec080000,0x00000000ec300000)
 ParOldGen       total 143872K, used 142749K [0x00000000c0000000, 0x00000000c8c80000, 0x00000000eab00000)
  object space 143872K, 99% used [0x00000000c0000000,0x00000000c8b67738,0x00000000c8c80000)
 Metaspace       used 83390K, committed 84800K, reserved 1179648K
  class space    used 8800K, committed 9408K, reserved 1048576K
}
Event: 369.134 GC heap before
{Heap before GC invocations=316 (full 7):
 PSYoungGen      total 24576K, used 24254K [0x00000000eab00000, 0x00000000ec580000, 0x0000000100000000)
  eden space 22016K, 100% used [0x00000000eab00000,0x00000000ec080000,0x00000000ec080000)
  from space 2560K, 87% used [0x00000000ec300000,0x00000000ec52fa00,0x00000000ec580000)
  to   space 2560K, 0% used [0x00000000ec080000,0x00000000ec080000,0x00000000ec300000)
 ParOldGen       total 143872K, used 142749K [0x00000000c0000000, 0x00000000c8c80000, 0x00000000eab00000)
  object space 143872K, 99% used [0x00000000c0000000,0x00000000c8b67738,0x00000000c8c80000)
 Metaspace       used 83414K, committed 84800K, reserved 1179648K
  class space    used 8801K, committed 9408K, reserved 1048576K
}
Event: 369.136 GC heap after
{Heap after GC invocations=316 (full 7):
 PSYoungGen      total 24576K, used 2531K [0x00000000eab00000, 0x00000000ec680000, 0x0000000100000000)
  eden space 22016K, 0% used [0x00000000eab00000,0x00000000eab00000,0x00000000ec080000)
  from space 2560K, 98% used [0x00000000ec080000,0x00000000ec2f8dd0,0x00000000ec300000)
  to   space 3072K, 0% used [0x00000000ec380000,0x00000000ec380000,0x00000000ec680000)
 ParOldGen       total 143872K, used 142749K [0x00000000c0000000, 0x00000000c8c80000, 0x00000000eab00000)
  object space 143872K, 99% used [0x00000000c0000000,0x00000000c8b67738,0x00000000c8c80000)
 Metaspace       used 83414K, committed 84800K, reserved 1179648K
  class space    used 8801K, committed 9408K, reserved 1048576K
}
Event: 369.299 GC heap before
{Heap before GC invocations=317 (full 7):
 PSYoungGen      total 24576K, used 24547K [0x00000000eab00000, 0x00000000ec680000, 0x0000000100000000)
  eden space 22016K, 100% used [0x00000000eab00000,0x00000000ec080000,0x00000000ec080000)
  from space 2560K, 98% used [0x00000000ec080000,0x00000000ec2f8dd0,0x00000000ec300000)
  to   space 3072K, 0% used [0x00000000ec380000,0x00000000ec380000,0x00000000ec680000)
 ParOldGen       total 143872K, used 142749K [0x00000000c0000000, 0x00000000c8c80000, 0x00000000eab00000)
  object space 143872K, 99% used [0x00000000c0000000,0x00000000c8b67738,0x00000000c8c80000)
 Metaspace       used 83518K, committed 84992K, reserved 1179648K
  class space    used 8815K, committed 9472K, reserved 1048576K
}
Event: 369.301 GC heap after
{Heap after GC invocations=317 (full 7):
 PSYoungGen      total 24064K, used 2042K [0x00000000eab00000, 0x00000000ec580000, 0x0000000100000000)
  eden space 22016K, 0% used [0x00000000eab00000,0x00000000eab00000,0x00000000ec080000)
  from space 2048K, 99% used [0x00000000ec380000,0x00000000ec57e920,0x00000000ec580000)
  to   space 2560K, 0% used [0x00000000ec080000,0x00000000ec080000,0x00000000ec300000)
 ParOldGen       total 143872K, used 142757K [0x00000000c0000000, 0x00000000c8c80000, 0x00000000eab00000)
  object space 143872K, 99% used [0x00000000c0000000,0x00000000c8b69738,0x00000000c8c80000)
 Metaspace       used 83518K, committed 84992K, reserved 1179648K
  class space    used 8815K, committed 9472K, reserved 1048576K
}
Event: 369.443 GC heap before
{Heap before GC invocations=318 (full 7):
 PSYoungGen      total 24064K, used 23355K [0x00000000eab00000, 0x00000000ec580000, 0x0000000100000000)
  eden space 22016K, 96% used [0x00000000eab00000,0x00000000ebfd0470,0x00000000ec080000)
  from space 2048K, 99% used [0x00000000ec380000,0x00000000ec57e920,0x00000000ec580000)
  to   space 2560K, 0% used [0x00000000ec080000,0x00000000ec080000,0x00000000ec300000)
 ParOldGen       total 143872K, used 142757K [0x00000000c0000000, 0x00000000c8c80000, 0x00000000eab00000)
  object space 143872K, 99% used [0x00000000c0000000,0x00000000c8b69738,0x00000000c8c80000)
 Metaspace       used 83521K, committed 84992K, reserved 1179648K
  class space    used 8815K, committed 9472K, reserved 1048576K
}
Event: 369.444 GC heap after
{Heap after GC invocations=318 (full 7):
 PSYoungGen      total 24576K, used 2068K [0x00000000eab00000, 0x00000000ec580000, 0x0000000100000000)
  eden space 22016K, 0% used [0x00000000eab00000,0x00000000eab00000,0x00000000ec080000)
  from space 2560K, 80% used [0x00000000ec080000,0x00000000ec285220,0x00000000ec300000)
  to   space 2560K, 0% used [0x00000000ec300000,0x00000000ec300000,0x00000000ec580000)
 ParOldGen       total 143872K, used 142757K [0x00000000c0000000, 0x00000000c8c80000, 0x00000000eab00000)
  object space 143872K, 99% used [0x00000000c0000000,0x00000000c8b69738,0x00000000c8c80000)
 Metaspace       used 83521K, committed 84992K, reserved 1179648K
  class space    used 8815K, committed 9472K, reserved 1048576K
}
Event: 369.572 GC heap before
{Heap before GC invocations=319 (full 7):
 PSYoungGen      total 24576K, used 24084K [0x00000000eab00000, 0x00000000ec580000, 0x0000000100000000)
  eden space 22016K, 100% used [0x00000000eab00000,0x00000000ec080000,0x00000000ec080000)
  from space 2560K, 80% used [0x00000000ec080000,0x00000000ec285220,0x00000000ec300000)
  to   space 2560K, 0% used [0x00000000ec300000,0x00000000ec300000,0x00000000ec580000)
 ParOldGen       total 143872K, used 142757K [0x00000000c0000000, 0x00000000c8c80000, 0x00000000eab00000)
  object space 143872K, 99% used [0x00000000c0000000,0x00000000c8b69738,0x00000000c8c80000)
 Metaspace       used 83522K, committed 84992K, reserved 1179648K
  class space    used 8815K, committed 9472K, reserved 1048576K
}
Event: 369.573 GC heap after
{Heap after GC invocations=319 (full 7):
 PSYoungGen      total 23552K, used 2543K [0x00000000eab00000, 0x00000000ec780000, 0x0000000100000000)
  eden space 20992K, 0% used [0x00000000eab00000,0x00000000eab00000,0x00000000ebf80000)
  from space 2560K, 99% used [0x00000000ec300000,0x00000000ec57be28,0x00000000ec580000)
  to   space 3584K, 0% used [0x00000000ebf80000,0x00000000ebf80000,0x00000000ec300000)
 ParOldGen       total 143872K, used 143349K [0x00000000c0000000, 0x00000000c8c80000, 0x00000000eab00000)
  object space 143872K, 99% used [0x00000000c0000000,0x00000000c8bfd768,0x00000000c8c80000)
 Metaspace       used 83522K, committed 84992K, reserved 1179648K
  class space    used 8815K, committed 9472K, reserved 1048576K
}
Event: 369.891 GC heap before
{Heap before GC invocations=320 (full 8):
 PSYoungGen      total 23552K, used 23535K [0x00000000eab00000, 0x00000000ec780000, 0x0000000100000000)
  eden space 20992K, 100% used [0x00000000eab00000,0x00000000ebf80000,0x00000000ebf80000)
  from space 2560K, 99% used [0x00000000ec300000,0x00000000ec57be28,0x00000000ec580000)
  to   space 3584K, 0% used [0x00000000ebf80000,0x00000000ebf80000,0x00000000ec300000)
 ParOldGen       total 143872K, used 143349K [0x00000000c0000000, 0x00000000c8c80000, 0x00000000eab00000)
  object space 143872K, 99% used [0x00000000c0000000,0x00000000c8bfd768,0x00000000c8c80000)
 Metaspace       used 84139K, committed 85568K, reserved 1179648K
  class space    used 8884K, committed 9536K, reserved 1048576K
}
Event: 369.961 GC heap after
{Heap after GC invocations=320 (full 8):
 PSYoungGen      total 24576K, used 0K [0x00000000eab00000, 0x00000000ec680000, 0x0000000100000000)
  eden space 20992K, 0% used [0x00000000eab00000,0x00000000eab00000,0x00000000ebf80000)
  from space 3584K, 0% used [0x00000000ebf80000,0x00000000ebf80000,0x00000000ec300000)
  to   space 3584K, 0% used [0x00000000ec300000,0x00000000ec300000,0x00000000ec680000)
 ParOldGen       total 145408K, used 105108K [0x00000000c0000000, 0x00000000c8e00000, 0x00000000eab00000)
  object space 145408K, 72% used [0x00000000c0000000,0x00000000c66a5070,0x00000000c8e00000)
 Metaspace       used 84139K, committed 85568K, reserved 1179648K
  class space    used 8884K, committed 9536K, reserved 1048576K
}

Dll operation events (12 events):
Event: 0.010 Loaded shared library c:\Users\Thamod Rasmitha\.vscode\extensions\redhat.java-1.37.0-win32-x64\jre\17.0.13-win32-x86_64\bin\java.dll
Event: 0.143 Loaded shared library c:\Users\Thamod Rasmitha\.vscode\extensions\redhat.java-1.37.0-win32-x64\jre\17.0.13-win32-x86_64\bin\zip.dll
Event: 0.145 Loaded shared library C:\Users\Thamod Rasmitha\.vscode\extensions\redhat.java-1.37.0-win32-x64\jre\17.0.13-win32-x86_64\bin\instrument.dll
Event: 0.157 Loaded shared library C:\Users\Thamod Rasmitha\.vscode\extensions\redhat.java-1.37.0-win32-x64\jre\17.0.13-win32-x86_64\bin\net.dll
Event: 0.159 Loaded shared library C:\Users\Thamod Rasmitha\.vscode\extensions\redhat.java-1.37.0-win32-x64\jre\17.0.13-win32-x86_64\bin\nio.dll
Event: 0.164 Loaded shared library C:\Users\Thamod Rasmitha\.vscode\extensions\redhat.java-1.37.0-win32-x64\jre\17.0.13-win32-x86_64\bin\zip.dll
Event: 0.177 Loaded shared library C:\Users\Thamod Rasmitha\.vscode\extensions\redhat.java-1.37.0-win32-x64\jre\17.0.13-win32-x86_64\bin\jimage.dll
Event: 0.223 Loaded shared library c:\Users\Thamod Rasmitha\.vscode\extensions\redhat.java-1.37.0-win32-x64\jre\17.0.13-win32-x86_64\bin\verify.dll
Event: 1.021 Loaded shared library C:\Users\Thamod Rasmitha\AppData\Roaming\Code\User\globalStorage\redhat.java\1.37.0\config_win\org.eclipse.equinox.launcher\org.eclipse.equinox.launcher.win32.win32.x86_64_1.2.1100.v20240722-2106\eclipse_11904.dll
Event: 2.453 Loaded shared library C:\Users\Thamod Rasmitha\AppData\Local\Temp\jna--2070620168\jna11769361512763084666.dll
Event: 10.334 Loaded shared library C:\Users\Thamod Rasmitha\.vscode\extensions\redhat.java-1.37.0-win32-x64\jre\17.0.13-win32-x86_64\bin\sunmscapi.dll
Event: 13.704 Loaded shared library C:\Users\Thamod Rasmitha\.vscode\extensions\redhat.java-1.37.0-win32-x64\jre\17.0.13-win32-x86_64\bin\extnet.dll

Deoptimization events (20 events):
Event: 369.978 Thread 0x000001ba238180d0 Uncommon trap: trap_request=0xffffffde fr.pc=0x000001ba139b14bc relative=0x000000000000031c
Event: 369.978 Thread 0x000001ba238180d0 Uncommon trap: reason=class_check action=maybe_recompile pc=0x000001ba139b14bc method=java.util.Collections$UnmodifiableMap$UnmodifiableEntrySet$1.<init>(Ljava/util/Collections$UnmodifiableMap$UnmodifiableEntrySet;)V @ 17 c2
Event: 369.978 Thread 0x000001ba238180d0 DEOPT PACKING pc=0x000001ba139b14bc sp=0x0000000c91dfe6c0
Event: 369.978 Thread 0x000001ba238180d0 DEOPT UNPACKING pc=0x000001ba12e666a3 sp=0x0000000c91dfe608 mode 2
Event: 369.986 Thread 0x000001ba238180d0 Uncommon trap: trap_request=0xffffffbe fr.pc=0x000001ba13dde8a4 relative=0x0000000000000304
Event: 369.986 Thread 0x000001ba238180d0 Uncommon trap: reason=profile_predicate action=maybe_recompile pc=0x000001ba13dde8a4 method=jdk.internal.jimage.ImageStringsReader.stringFromByteBufferMatches(Ljava/nio/ByteBuffer;ILjava/lang/String;I)I @ 19 c2
Event: 369.986 Thread 0x000001ba238180d0 DEOPT PACKING pc=0x000001ba13dde8a4 sp=0x0000000c91dfb6e0
Event: 369.986 Thread 0x000001ba238180d0 DEOPT UNPACKING pc=0x000001ba12e666a3 sp=0x0000000c91dfb5e0 mode 2
Event: 369.986 Thread 0x000001ba238180d0 Uncommon trap: trap_request=0xffffffbe fr.pc=0x000001ba13dde8a4 relative=0x0000000000000304
Event: 369.986 Thread 0x000001ba238180d0 Uncommon trap: reason=profile_predicate action=maybe_recompile pc=0x000001ba13dde8a4 method=jdk.internal.jimage.ImageStringsReader.stringFromByteBufferMatches(Ljava/nio/ByteBuffer;ILjava/lang/String;I)I @ 19 c2
Event: 369.986 Thread 0x000001ba238180d0 DEOPT PACKING pc=0x000001ba13dde8a4 sp=0x0000000c91dfb6e0
Event: 369.986 Thread 0x000001ba238180d0 DEOPT UNPACKING pc=0x000001ba12e666a3 sp=0x0000000c91dfb5e0 mode 2
Event: 369.986 Thread 0x000001ba238180d0 Uncommon trap: trap_request=0xffffffbe fr.pc=0x000001ba13dde8a4 relative=0x0000000000000304
Event: 369.986 Thread 0x000001ba238180d0 Uncommon trap: reason=profile_predicate action=maybe_recompile pc=0x000001ba13dde8a4 method=jdk.internal.jimage.ImageStringsReader.stringFromByteBufferMatches(Ljava/nio/ByteBuffer;ILjava/lang/String;I)I @ 19 c2
Event: 369.986 Thread 0x000001ba238180d0 DEOPT PACKING pc=0x000001ba13dde8a4 sp=0x0000000c91dfb6e0
Event: 369.986 Thread 0x000001ba238180d0 DEOPT UNPACKING pc=0x000001ba12e666a3 sp=0x0000000c91dfb5e0 mode 2
Event: 369.986 Thread 0x000001ba238180d0 Uncommon trap: trap_request=0xffffffbe fr.pc=0x000001ba13dde8a4 relative=0x0000000000000304
Event: 369.986 Thread 0x000001ba238180d0 Uncommon trap: reason=profile_predicate action=maybe_recompile pc=0x000001ba13dde8a4 method=jdk.internal.jimage.ImageStringsReader.stringFromByteBufferMatches(Ljava/nio/ByteBuffer;ILjava/lang/String;I)I @ 19 c2
Event: 369.986 Thread 0x000001ba238180d0 DEOPT PACKING pc=0x000001ba13dde8a4 sp=0x0000000c91dfb6e0
Event: 369.986 Thread 0x000001ba238180d0 DEOPT UNPACKING pc=0x000001ba12e666a3 sp=0x0000000c91dfb5e0 mode 2

Classes loaded (20 events):
Event: 82.579 Loading class java/util/stream/Nodes$IntFixedNodeBuilder
Event: 82.579 Loading class java/util/stream/Node$Builder$OfInt
Event: 82.579 Loading class java/util/stream/Node$Builder$OfInt done
Event: 82.579 Loading class java/util/stream/Nodes$IntArrayNode
Event: 82.579 Loading class java/util/stream/Nodes$IntArrayNode done
Event: 82.579 Loading class java/util/stream/Nodes$IntFixedNodeBuilder done
Event: 82.579 Loading class java/util/stream/ReferencePipeline$4$1
Event: 82.579 Loading class java/util/stream/ReferencePipeline$4$1 done
Event: 82.682 Loading class java/util/regex/Pattern$1
Event: 82.682 Loading class java/util/regex/Pattern$1 done
Event: 82.776 Loading class java/util/regex/Pattern$LazyLoop
Event: 82.776 Loading class java/util/regex/Pattern$LazyLoop done
Event: 83.066 Loading class jdk/internal/ref/CleanerImpl$InnocuousThreadFactory
Event: 83.066 Loading class jdk/internal/ref/CleanerImpl$InnocuousThreadFactory done
Event: 368.721 Loading class java/util/ArrayDeque$DeqSpliterator
Event: 368.721 Loading class java/util/ArrayDeque$DeqSpliterator done
Event: 369.759 Loading class java/util/ImmutableCollections$SubList
Event: 369.759 Loading class java/util/ImmutableCollections$SubList done
Event: 369.840 Loading class java/util/concurrent/ForkJoinPool$DefaultForkJoinWorkerThreadFactory$1
Event: 369.840 Loading class java/util/concurrent/ForkJoinPool$DefaultForkJoinWorkerThreadFactory$1 done

Classes unloaded (20 events):
Event: 3.387 Thread 0x000001ba08cd4f50 Unloading class 0x0000000100251c00 'java/lang/invoke/LambdaForm$MH+0x0000000100251c00'
Event: 3.387 Thread 0x000001ba08cd4f50 Unloading class 0x0000000100251800 'java/lang/invoke/LambdaForm$MH+0x0000000100251800'
Event: 3.387 Thread 0x000001ba08cd4f50 Unloading class 0x0000000100251400 'java/lang/invoke/LambdaForm$MH+0x0000000100251400'
Event: 3.387 Thread 0x000001ba08cd4f50 Unloading class 0x0000000100251000 'java/lang/invoke/LambdaForm$BMH+0x0000000100251000'
Event: 3.387 Thread 0x000001ba08cd4f50 Unloading class 0x0000000100250c00 'java/lang/invoke/LambdaForm$DMH+0x0000000100250c00'
Event: 3.387 Thread 0x000001ba08cd4f50 Unloading class 0x000000010024c400 'java/lang/invoke/LambdaForm$DMH+0x000000010024c400'
Event: 8.952 Thread 0x000001ba08cd4f50 Unloading class 0x000000010071e800 'java/lang/invoke/LambdaForm$MH+0x000000010071e800'
Event: 8.952 Thread 0x000001ba08cd4f50 Unloading class 0x000000010071e000 'java/lang/invoke/LambdaForm$MH+0x000000010071e000'
Event: 8.952 Thread 0x000001ba08cd4f50 Unloading class 0x000000010071dc00 'java/lang/invoke/LambdaForm$MH+0x000000010071dc00'
Event: 8.952 Thread 0x000001ba08cd4f50 Unloading class 0x000000010071e400 'java/lang/invoke/LambdaForm$MH+0x000000010071e400'
Event: 8.952 Thread 0x000001ba08cd4f50 Unloading class 0x000000010071c800 'java/lang/invoke/LambdaForm$DMH+0x000000010071c800'
Event: 8.952 Thread 0x000001ba08cd4f50 Unloading class 0x000000010071cc00 'java/lang/invoke/LambdaForm$DMH+0x000000010071cc00'
Event: 8.952 Thread 0x000001ba08cd4f50 Unloading class 0x000000010071d000 'java/lang/invoke/LambdaForm$DMH+0x000000010071d000'
Event: 8.952 Thread 0x000001ba08cd4f50 Unloading class 0x000000010071d400 'java/lang/invoke/LambdaForm$DMH+0x000000010071d400'
Event: 10.808 Thread 0x000001ba08cd4f50 Unloading class 0x0000000100750c00 'java/lang/invoke/LambdaForm$DMH+0x0000000100750c00'
Event: 10.808 Thread 0x000001ba08cd4f50 Unloading class 0x0000000100750000 'java/lang/invoke/LambdaForm$DMH+0x0000000100750000'
Event: 10.808 Thread 0x000001ba08cd4f50 Unloading class 0x000000010074cc00 'java/lang/invoke/LambdaForm$DMH+0x000000010074cc00'
Event: 10.808 Thread 0x000001ba08cd4f50 Unloading class 0x000000010074c000 'java/lang/invoke/LambdaForm$DMH+0x000000010074c000'
Event: 10.808 Thread 0x000001ba08cd4f50 Unloading class 0x0000000100738c00 'java/lang/invoke/LambdaForm$DMH+0x0000000100738c00'
Event: 10.808 Thread 0x000001ba08cd4f50 Unloading class 0x0000000100738000 'java/lang/invoke/LambdaForm$DMH+0x0000000100738000'

Classes redefined (0 events):
No events

Internal exceptions (20 events):
Event: 369.526 Thread 0x000001ba2686eca0 Exception <a 'sun/nio/fs/WindowsException'{0x00000000eb500f50}> (0x00000000eb500f50) 
thrown [s\src\hotspot\share\prims\jni.cpp, line 516]
Event: 369.526 Thread 0x000001ba2686eca0 Exception <a 'sun/nio/fs/WindowsException'{0x00000000eb502300}> (0x00000000eb502300) 
thrown [s\src\hotspot\share\prims\jni.cpp, line 516]
Event: 369.526 Thread 0x000001ba2686eca0 Exception <a 'sun/nio/fs/WindowsException'{0x00000000eb502e80}> (0x00000000eb502e80) 
thrown [s\src\hotspot\share\prims\jni.cpp, line 516]
Event: 369.527 Thread 0x000001ba2686eca0 Exception <a 'sun/nio/fs/WindowsException'{0x00000000eb504cd8}> (0x00000000eb504cd8) 
thrown [s\src\hotspot\share\prims\jni.cpp, line 516]
Event: 369.527 Thread 0x000001ba2686eca0 Exception <a 'sun/nio/fs/WindowsException'{0x00000000eb505858}> (0x00000000eb505858) 
thrown [s\src\hotspot\share\prims\jni.cpp, line 516]
Event: 369.529 Thread 0x000001ba2686eca0 Exception <a 'sun/nio/fs/WindowsException'{0x00000000eb523a78}> (0x00000000eb523a78) 
thrown [s\src\hotspot\share\prims\jni.cpp, line 516]
Event: 369.529 Thread 0x000001ba2686eca0 Exception <a 'sun/nio/fs/WindowsException'{0x00000000eb5245f8}> (0x00000000eb5245f8) 
thrown [s\src\hotspot\share\prims\jni.cpp, line 516]
Event: 369.761 Thread 0x000001ba238180d0 Exception <a 'sun/nio/fs/WindowsException'{0x00000000eaf430b8}> (0x00000000eaf430b8) 
thrown [s\src\hotspot\share\prims\jni.cpp, line 516]
Event: 369.761 Thread 0x000001ba238180d0 Exception <a 'sun/nio/fs/WindowsException'{0x00000000eaf439b0}> (0x00000000eaf439b0) 
thrown [s\src\hotspot\share\prims\jni.cpp, line 516]
Event: 369.767 Thread 0x000001ba238180d0 Exception <a 'sun/nio/fs/WindowsException'{0x00000000eaf91d68}> (0x00000000eaf91d68) 
thrown [s\src\hotspot\share\prims\jni.cpp, line 516]
Event: 369.767 Thread 0x000001ba238180d0 Exception <a 'sun/nio/fs/WindowsException'{0x00000000eaf928e8}> (0x00000000eaf928e8) 
thrown [s\src\hotspot\share\prims\jni.cpp, line 516]
Event: 369.768 Thread 0x000001ba238180d0 Implicit null exception at 0x000001ba13b325ba to 0x000001ba13b32956
Event: 369.783 Thread 0x000001ba238180d0 Exception <a 'java/lang/NoSuchMethodError'{0x00000000eb064bd8}: 'java.lang.Object java.lang.invoke.DirectMethodHandle$Holder.invokeVirtual(java.lang.Object, java.lang.Object, java.lang.Object)'> (0x00000000eb064bd8) 
thrown [s\src\hotspot\share\interpreter\linkResolver.cpp, line 759]
Event: 369.839 Thread 0x000001ba238180d0 Exception <a 'sun/nio/fs/WindowsException'{0x00000000eb458b60}> (0x00000000eb458b60) 
thrown [s\src\hotspot\share\prims\jni.cpp, line 516]
Event: 369.841 Thread 0x000001ba23816270 Exception <a 'sun/nio/fs/WindowsException'{0x00000000eb469c30}> (0x00000000eb469c30) 
thrown [s\src\hotspot\share\prims\jni.cpp, line 516]
Event: 369.841 Thread 0x000001ba23816270 Exception <a 'sun/nio/fs/WindowsException'{0x00000000eb46b108}> (0x00000000eb46b108) 
thrown [s\src\hotspot\share\prims\jni.cpp, line 516]
Event: 369.842 Thread 0x000001ba23816780 Exception <a 'sun/nio/fs/WindowsException'{0x00000000eb477680}> (0x00000000eb477680) 
thrown [s\src\hotspot\share\prims\jni.cpp, line 516]
Event: 369.842 Thread 0x000001ba238176b0 Exception <a 'sun/nio/fs/WindowsException'{0x00000000eb492258}> (0x00000000eb492258) 
thrown [s\src\hotspot\share\prims\jni.cpp, line 516]
Event: 369.843 Thread 0x000001ba23815340 Exception <a 'sun/nio/fs/WindowsException'{0x00000000eb49f868}> (0x00000000eb49f868) 
thrown [s\src\hotspot\share\prims\jni.cpp, line 516]
Event: 369.843 Thread 0x000001ba23816c90 Exception <a 'sun/nio/fs/WindowsException'{0x00000000eb485238}> (0x00000000eb485238) 
thrown [s\src\hotspot\share\prims\jni.cpp, line 516]

VM Operations (20 events):
Event: 369.136 Executing VM operation: ParallelGCFailedAllocation done
Event: 369.158 Executing VM operation: HandshakeAllThreads
Event: 369.158 Executing VM operation: HandshakeAllThreads done
Event: 369.186 Executing VM operation: ICBufferFull
Event: 369.186 Executing VM operation: ICBufferFull done
Event: 369.299 Executing VM operation: ParallelGCFailedAllocation
Event: 369.301 Executing VM operation: ParallelGCFailedAllocation done
Event: 369.443 Executing VM operation: ParallelGCFailedAllocation
Event: 369.444 Executing VM operation: ParallelGCFailedAllocation done
Event: 369.572 Executing VM operation: ParallelGCFailedAllocation
Event: 369.574 Executing VM operation: ParallelGCFailedAllocation done
Event: 369.781 Executing VM operation: HandshakeAllThreads
Event: 369.781 Executing VM operation: HandshakeAllThreads done
Event: 369.836 Executing VM operation: HandshakeAllThreads
Event: 369.836 Executing VM operation: HandshakeAllThreads done
Event: 369.891 Executing VM operation: ParallelGCFailedAllocation
Event: 369.961 Executing VM operation: ParallelGCFailedAllocation done
Event: 369.984 Executing VM operation: HandshakeAllThreads
Event: 369.984 Executing VM operation: HandshakeAllThreads done
Event: 370.989 Executing VM operation: Cleanup

Memory protections (0 events):
No events

Nmethod flushes (20 events):
Event: 369.187 Thread 0x000001ba21eaf030 flushing  nmethod 0x000001ba0cc0a090
Event: 369.187 Thread 0x000001ba21eaf030 flushing  nmethod 0x000001ba0cc4dd90
Event: 369.187 Thread 0x000001ba21eaf030 flushing  nmethod 0x000001ba0cc71b10
Event: 369.187 Thread 0x000001ba21eaf030 flushing  nmethod 0x000001ba0ccbc990
Event: 369.187 Thread 0x000001ba21eaf030 flushing  nmethod 0x000001ba0ccc0390
Event: 369.187 Thread 0x000001ba21eaf030 flushing  nmethod 0x000001ba0ccc0910
Event: 369.188 Thread 0x000001ba21eaf030 flushing  nmethod 0x000001ba0cd7d110
Event: 369.188 Thread 0x000001ba21eaf030 flushing  nmethod 0x000001ba0cd8ff90
Event: 369.189 Thread 0x000001ba21eaf030 flushing  nmethod 0x000001ba0ce20910
Event: 369.189 Thread 0x000001ba21eaf030 flushing  nmethod 0x000001ba0ce26590
Event: 369.189 Thread 0x000001ba21eaf030 flushing  nmethod 0x000001ba0ce27490
Event: 369.189 Thread 0x000001ba21eaf030 flushing  nmethod 0x000001ba0ce48c10
Event: 369.189 Thread 0x000001ba21eaf030 flushing  nmethod 0x000001ba0ce79e10
Event: 369.190 Thread 0x000001ba21eaf030 flushing  nmethod 0x000001ba0cf0bb10
Event: 369.190 Thread 0x000001ba21eaf030 flushing  nmethod 0x000001ba0cf2a790
Event: 369.190 Thread 0x000001ba21eaf030 flushing  nmethod 0x000001ba0cf42390
Event: 369.191 Thread 0x000001ba21eaf030 flushing  nmethod 0x000001ba0d00b410
Event: 369.192 Thread 0x000001ba21eaf030 flushing  nmethod 0x000001ba0d0eb390
Event: 369.192 Thread 0x000001ba21eaf030 flushing  nmethod 0x000001ba0d0f6590
Event: 369.192 Thread 0x000001ba21eaf030 flushing  nmethod 0x000001ba0d1a0e10

Events (20 events):
Event: 369.842 Thread 0x000001ba238176b0 Thread added: 0x000001ba23815340
Event: 369.842 Thread 0x000001ba23816c90 Thread added: 0x000001ba2381b370
Event: 369.842 Thread 0x000001ba23815340 Thread added: 0x000001ba2381a440
Event: 369.842 Thread 0x000001ba23816780 Thread added: 0x000001ba23819f30
Event: 369.843 Thread 0x000001ba23816780 Thread added: 0x000001ba2381a950
Event: 369.843 Thread 0x000001ba23816780 Thread added: 0x000001ba23819a20
Event: 369.843 Thread 0x000001ba238176b0 Thread added: 0x000001ba23819510
Event: 369.843 Thread 0x000001ba23816780 Thread added: 0x000001ba2381ae60
Event: 369.857 Thread 0x000001ba238180d0 Thread added: 0x000001ba2381c2a0
Event: 369.857 Thread 0x000001ba238180d0 Thread added: 0x000001ba2381bd90
Event: 369.857 Thread 0x000001ba238180d0 Thread added: 0x000001ba2381c7b0
Event: 369.857 Thread 0x000001ba238180d0 Thread added: 0x000001ba23819000
Event: 369.858 Thread 0x000001ba238180d0 Thread added: 0x000001ba252cd160
Event: 369.858 Thread 0x000001ba238180d0 Thread added: 0x000001ba262ce740
Event: 369.858 Thread 0x000001ba238180d0 Thread added: 0x000001ba262cf160
Event: 369.858 Thread 0x000001ba2381bd90 Thread added: 0x000001ba262d0090
Event: 369.858 Thread 0x000001ba2381c2a0 Thread added: 0x000001ba262cec50
Event: 369.858 Thread 0x000001ba2381c7b0 Thread added: 0x000001ba262cf670
Event: 369.875 Thread 0x000001ba21eac710 Thread added: 0x000001ba281210f0
Event: 369.989 Thread 0x000001ba21eac710 Thread added: 0x000001ba28120ba0


Dynamic libraries:
0x00007ff7864a0000 - 0x00007ff7864ae000 	c:\Users\Thamod Rasmitha\.vscode\extensions\redhat.java-1.37.0-win32-x64\jre\17.0.13-win32-x86_64\bin\java.exe
0x00007ff802180000 - 0x00007ff8023e3000 	C:\WINDOWS\SYSTEM32\ntdll.dll
0x00007ff8007d0000 - 0x00007ff800898000 	C:\WINDOWS\System32\KERNEL32.DLL
0x00007fffff5d0000 - 0x00007fffff982000 	C:\WINDOWS\System32\KERNELBASE.dll
0x00007fffffc80000 - 0x00007fffffdcb000 	C:\WINDOWS\System32\ucrtbase.dll
0x00007fffbb0a0000 - 0x00007fffbb0be000 	c:\Users\Thamod Rasmitha\.vscode\extensions\redhat.java-1.37.0-win32-x64\jre\17.0.13-win32-x86_64\bin\VCRUNTIME140.dll
0x00007fffa7530000 - 0x00007fffa7547000 	c:\Users\Thamod Rasmitha\.vscode\extensions\redhat.java-1.37.0-win32-x64\jre\17.0.13-win32-x86_64\bin\jli.dll
0x00007ff800dd0000 - 0x00007ff800f98000 	C:\WINDOWS\System32\USER32.dll
0x00007fffff990000 - 0x00007fffff9b7000 	C:\WINDOWS\System32\win32u.dll
0x00007fffec300000 - 0x00007fffec590000 	C:\WINDOWS\WinSxS\amd64_microsoft.windows.common-controls_6595b64144ccf1df_6.0.26100.2454_none_3e0b68a2e331ad60\COMCTL32.dll
0x00007ff800ba0000 - 0x00007ff800bca000 	C:\WINDOWS\System32\GDI32.dll
0x00007ff801210000 - 0x00007ff8012b9000 	C:\WINDOWS\System32\msvcrt.dll
0x00007fffffe90000 - 0x00007ffffffbb000 	C:\WINDOWS\System32\gdi32full.dll
0x00007fffff9c0000 - 0x00007fffffa63000 	C:\WINDOWS\System32\msvcp_win.dll
0x00007ff800910000 - 0x00007ff80093f000 	C:\WINDOWS\System32\IMM32.DLL
0x00007fffde680000 - 0x00007fffde68c000 	c:\Users\Thamod Rasmitha\.vscode\extensions\redhat.java-1.37.0-win32-x64\jre\17.0.13-win32-x86_64\bin\vcruntime140_1.dll
0x00007fff4a2a0000 - 0x00007fff4a32d000 	c:\Users\Thamod Rasmitha\.vscode\extensions\redhat.java-1.37.0-win32-x64\jre\17.0.13-win32-x86_64\bin\msvcp140.dll
0x00007fff48de0000 - 0x00007fff49a4b000 	c:\Users\Thamod Rasmitha\.vscode\extensions\redhat.java-1.37.0-win32-x64\jre\17.0.13-win32-x86_64\bin\server\jvm.dll
0x00007ff800200000 - 0x00007ff8002b4000 	C:\WINDOWS\System32\ADVAPI32.dll
0x00007ff801520000 - 0x00007ff8015c6000 	C:\WINDOWS\System32\sechost.dll
0x00007ff801340000 - 0x00007ff801456000 	C:\WINDOWS\System32\RPCRT4.dll
0x00007ff800750000 - 0x00007ff8007c4000 	C:\WINDOWS\System32\WS2_32.dll
0x00007ffff8f60000 - 0x00007ffff8f96000 	C:\WINDOWS\SYSTEM32\WINMM.dll
0x00007ffffe210000 - 0x00007ffffe25e000 	C:\WINDOWS\SYSTEM32\POWRPROF.dll
0x00007ffff8fa0000 - 0x00007ffff8fab000 	C:\WINDOWS\SYSTEM32\VERSION.dll
0x00007ffffe1f0000 - 0x00007ffffe204000 	C:\WINDOWS\SYSTEM32\UMPDC.dll
0x00007ffffe490000 - 0x00007ffffe4aa000 	C:\WINDOWS\SYSTEM32\kernel.appcore.dll
0x00007fffdc9f0000 - 0x00007fffdc9fa000 	c:\Users\Thamod Rasmitha\.vscode\extensions\redhat.java-1.37.0-win32-x64\jre\17.0.13-win32-x86_64\bin\jimage.dll
0x00007ffffccc0000 - 0x00007ffffcf01000 	C:\WINDOWS\SYSTEM32\DBGHELP.DLL
0x00007ff801650000 - 0x00007ff8019ce000 	C:\WINDOWS\System32\combase.dll
0x00007ff800ac0000 - 0x00007ff800b96000 	C:\WINDOWS\System32\OLEAUT32.dll
0x00007fffeb800000 - 0x00007fffeb839000 	C:\WINDOWS\SYSTEM32\dbgcore.DLL
0x00007fffff530000 - 0x00007fffff5c9000 	C:\WINDOWS\System32\bcryptPrimitives.dll
0x00007fffdc3a0000 - 0x00007fffdc3ae000 	c:\Users\Thamod Rasmitha\.vscode\extensions\redhat.java-1.37.0-win32-x64\jre\17.0.13-win32-x86_64\bin\instrument.dll
0x00007fff4a5a0000 - 0x00007fff4a5c5000 	c:\Users\Thamod Rasmitha\.vscode\extensions\redhat.java-1.37.0-win32-x64\jre\17.0.13-win32-x86_64\bin\java.dll
0x00007fffa63f0000 - 0x00007fffa6408000 	c:\Users\Thamod Rasmitha\.vscode\extensions\redhat.java-1.37.0-win32-x64\jre\17.0.13-win32-x86_64\bin\zip.dll
0x00007ff801a30000 - 0x00007ff802130000 	C:\WINDOWS\System32\SHELL32.dll
0x00007ffffd2b0000 - 0x00007ffffdae1000 	C:\WINDOWS\SYSTEM32\windows.storage.dll
0x00007ff800fa0000 - 0x00007ff80107a000 	C:\WINDOWS\System32\SHCORE.dll
0x00007ff8008b0000 - 0x00007ff80090d000 	C:\WINDOWS\System32\shlwapi.dll
0x00007fffff440000 - 0x00007fffff46e000 	C:\WINDOWS\SYSTEM32\profapi.dll
0x00007fffa6350000 - 0x00007fffa6369000 	C:\Users\Thamod Rasmitha\.vscode\extensions\redhat.java-1.37.0-win32-x64\jre\17.0.13-win32-x86_64\bin\net.dll
0x00007ffff5a80000 - 0x00007ffff5ba6000 	C:\WINDOWS\SYSTEM32\WINHTTP.dll
0x00007ffffe990000 - 0x00007ffffe9f8000 	C:\WINDOWS\system32\mswsock.dll
0x00007fff8b440000 - 0x00007fff8b456000 	C:\Users\Thamod Rasmitha\.vscode\extensions\redhat.java-1.37.0-win32-x64\jre\17.0.13-win32-x86_64\bin\nio.dll
0x00007fffd98d0000 - 0x00007fffd98e0000 	c:\Users\Thamod Rasmitha\.vscode\extensions\redhat.java-1.37.0-win32-x64\jre\17.0.13-win32-x86_64\bin\verify.dll
0x00007fffd2ef0000 - 0x00007fffd2f35000 	C:\Users\Thamod Rasmitha\AppData\Roaming\Code\User\globalStorage\redhat.java\1.37.0\config_win\org.eclipse.equinox.launcher\org.eclipse.equinox.launcher.win32.win32.x86_64_1.2.1100.v20240722-2106\eclipse_11904.dll
0x00007ff800bd0000 - 0x00007ff800d69000 	C:\WINDOWS\System32\ole32.dll
0x00007ffffec30000 - 0x00007ffffec4c000 	C:\WINDOWS\SYSTEM32\CRYPTSP.dll
0x00007ffffe3f0000 - 0x00007ffffe428000 	C:\WINDOWS\system32\rsaenh.dll
0x00007ffffea30000 - 0x00007ffffea5b000 	C:\WINDOWS\SYSTEM32\USERENV.dll
0x00007ffffee70000 - 0x00007ffffee96000 	C:\WINDOWS\SYSTEM32\bcrypt.dll
0x00007ffffec50000 - 0x00007ffffec5c000 	C:\WINDOWS\SYSTEM32\CRYPTBASE.dll
0x00007ffffde50000 - 0x00007ffffde82000 	C:\WINDOWS\SYSTEM32\IPHLPAPI.DLL
0x00007ff801460000 - 0x00007ff80146a000 	C:\WINDOWS\System32\NSI.dll
0x00007ffff5c40000 - 0x00007ffff5c5e000 	C:\WINDOWS\SYSTEM32\dhcpcsvc6.DLL
0x00007ffff5c10000 - 0x00007ffff5c35000 	C:\WINDOWS\SYSTEM32\dhcpcsvc.DLL
0x00007ffffdf40000 - 0x00007ffffe065000 	C:\WINDOWS\SYSTEM32\DNSAPI.dll
0x00007fffc21a0000 - 0x00007fffc21e9000 	C:\Users\Thamod Rasmitha\AppData\Local\Temp\jna--2070620168\jna11769361512763084666.dll
0x00007ff8008a0000 - 0x00007ff8008a8000 	C:\WINDOWS\System32\PSAPI.DLL
0x00007fffd7600000 - 0x00007fffd760e000 	C:\Users\Thamod Rasmitha\.vscode\extensions\redhat.java-1.37.0-win32-x64\jre\17.0.13-win32-x86_64\bin\sunmscapi.dll
0x00007fffffa70000 - 0x00007fffffbe6000 	C:\WINDOWS\System32\CRYPT32.dll
0x00007ffffee30000 - 0x00007ffffee60000 	C:\WINDOWS\SYSTEM32\ncrypt.dll
0x00007ffffede0000 - 0x00007ffffee1f000 	C:\WINDOWS\SYSTEM32\NTASN1.dll
0x00007fffd6820000 - 0x00007fffd6829000 	C:\Users\Thamod Rasmitha\.vscode\extensions\redhat.java-1.37.0-win32-x64\jre\17.0.13-win32-x86_64\bin\extnet.dll

dbghelp: loaded successfully - version: 4.0.5 - missing functions: none
symbol engine: initialized successfully - sym options: 0x614 - pdb path: .;c:\Users\Thamod Rasmitha\.vscode\extensions\redhat.java-1.37.0-win32-x64\jre\17.0.13-win32-x86_64\bin;C:\WINDOWS\SYSTEM32;C:\WINDOWS\WinSxS\amd64_microsoft.windows.common-controls_6595b64144ccf1df_6.0.26100.2454_none_3e0b68a2e331ad60;c:\Users\Thamod Rasmitha\.vscode\extensions\redhat.java-1.37.0-win32-x64\jre\17.0.13-win32-x86_64\bin\server;C:\Users\Thamod Rasmitha\AppData\Roaming\Code\User\globalStorage\redhat.java\1.37.0\config_win\org.eclipse.equinox.launcher\org.eclipse.equinox.launcher.win32.win32.x86_64_1.2.1100.v20240722-2106;C:\Users\Thamod Rasmitha\AppData\Local\Temp\jna--2070620168

VM Arguments:
jvm_args: --add-modules=ALL-SYSTEM --add-opens=java.base/java.util=ALL-UNNAMED --add-opens=java.base/java.lang=ALL-UNNAMED --add-opens=java.base/sun.nio.fs=ALL-UNNAMED -Declipse.application=org.eclipse.jdt.ls.core.id1 -Dosgi.bundles.defaultStartLevel=4 -Declipse.product=org.eclipse.jdt.ls.core.product -Djava.import.generatesMetadataFilesAtProjectRoot=false -DDetectVMInstallationsJob.disabled=true -Dfile.encoding=utf8 -XX:+UseParallelGC -XX:GCTimeRatio=4 -XX:AdaptiveSizePolicyWeight=90 -Dsun.zip.disableMemoryMapping=true -Xmx1G -Xms100m -Xlog:disable -javaagent:c:\Users\Thamod Rasmitha\.vscode\extensions\redhat.java-1.37.0-win32-x64\lombok\lombok-1.18.34.jar -XX:+HeapDumpOnOutOfMemoryError -XX:HeapDumpPath=c:\Users\Thamod Rasmitha\AppData\Roaming\Code\User\workspaceStorage\79564c900adf8b5a677e70732245fc39\redhat.java -Daether.dependencyCollector.impl=bf 
java_command: c:\Users\Thamod Rasmitha\.vscode\extensions\redhat.java-1.37.0-win32-x64\server\plugins\org.eclipse.equinox.launcher_1.6.900.v20240613-2009.jar -configuration c:\Users\Thamod Rasmitha\AppData\Roaming\Code\User\globalStorage\redhat.java\1.37.0\config_win -data c:\Users\Thamod Rasmitha\AppData\Roaming\Code\User\workspaceStorage\79564c900adf8b5a677e70732245fc39\redhat.java\jdt_ws --pipe=\\.\pipe\lsp-b75d01e3dbba8424750542907cbfedb8-sock
java_class_path (initial): c:\Users\Thamod Rasmitha\.vscode\extensions\redhat.java-1.37.0-win32-x64\server\plugins\org.eclipse.equinox.launcher_1.6.900.v20240613-2009.jar
Launcher Type: SUN_STANDARD

[Global flags]
    uintx AdaptiveSizePolicyWeight                 = 90                                        {product} {command line}
     intx CICompilerCount                          = 4                                         {product} {ergonomic}
    uintx GCTimeRatio                              = 4                                         {product} {command line}
     bool HeapDumpOnOutOfMemoryError               = true                                   {manageable} {command line}
    ccstr HeapDumpPath                             = c:\Users\Thamod Rasmitha\AppData\Roaming\Code\User\workspaceStorage\79564c900adf8b5a677e70732245fc39\redhat.java         {manageable} {command line}
   size_t InitialHeapSize                          = 104857600                                 {product} {command line}
   size_t MaxHeapSize                              = 1073741824                                {product} {command line}
   size_t MaxNewSize                               = 357564416                                 {product} {ergonomic}
   size_t MinHeapDeltaBytes                        = 524288                                    {product} {ergonomic}
   size_t MinHeapSize                              = 104857600                                 {product} {command line}
   size_t NewSize                                  = 34603008                                  {product} {ergonomic}
    uintx NonNMethodCodeHeapSize                   = 5839372                                {pd product} {ergonomic}
    uintx NonProfiledCodeHeapSize                  = 122909434                              {pd product} {ergonomic}
   size_t OldSize                                  = 70254592                                  {product} {ergonomic}
    uintx ProfiledCodeHeapSize                     = 122909434                              {pd product} {ergonomic}
    uintx ReservedCodeCacheSize                    = 251658240                              {pd product} {ergonomic}
     bool SegmentedCodeCache                       = true                                      {product} {ergonomic}
   size_t SoftMaxHeapSize                          = 1073741824                             {manageable} {ergonomic}
     bool UseCompressedClassPointers               = true                           {product lp64_product} {ergonomic}
     bool UseCompressedOops                        = true                           {product lp64_product} {ergonomic}
     bool UseLargePagesIndividualAllocation        = false                                  {pd product} {ergonomic}
     bool UseParallelGC                            = true                                      {product} {command line}

Logging:
Log output configuration:
 #0: stdout all=off uptime,level,tags
 #1: stderr all=off uptime,level,tags

Environment Variables:
PATH=C:\Program Files (x86)\Common Files\Oracle\Java\javapath;C:\oracles\dbhomeXE\bin;C:\Python311\Scripts\;C:\Python311\;C:\WINDOWS\system32;C:\WINDOWS;C:\WINDOWS\System32\Wbem;C:\WINDOWS\System32\WindowsPowerShell\v1.0\;C:\WINDOWS\System32\OpenSSH\;C:\Program Files\Java\jdk1.8.0_351\bin;C:\Program Files\Java\jre1.8.0_351\bin;C:\ProgramData\chocolatey\bin;C:\Program Files\Git\cmd;C:\Program Files\nodejs\;C:\Program Files\MATLAB\R2023a\runtime\win64;C:\Program Files\MATLAB\R2023a\bin;C:\Program Files (x86)\Microsoft SQL Server\160\DTS\Binn\;C:\Program Files (x86)\Microsoft SQL Server\160\Tools\Binn\;C:\Program Files\Microsoft SQL Server\160\Tools\Binn\;C:\Program Files\Microsoft SQL Server\Client SDK\ODBC\170\Tools\Binn\;C:\Program Files\Microsoft SQL Server\160\DTS\Binn\;C:\Program Files\Microsoft SQL Server\150\Tools\Binn\;C:\Program Files\PowerShell\7\;D:\Software\mongoDb\mongosh-2.3.3-win32-x64\mongosh-2.3.3-win32-x64\bin;C:\Users\Thamod Rasmitha\AppData\Local\Microsoft\WindowsApps;C:\Program Files\JetBrains\IntelliJ IDEA Community Edition 2022.3.1\bin;;C:\Users\Thamod Rasmitha\AppData\Local\Programs\Microsoft VS Code\bin;C:\flutter\bin;C:\Users\Thamod Rasmitha\AppData\Local\Pub\Cache\bin;C:\Users\Thamod Rasmitha\AppData\Roaming\npm;
USERNAME=Thamod Rasmitha
OS=Windows_NT
PROCESSOR_IDENTIFIER=AMD64 Family 23 Model 104 Stepping 1, AuthenticAMD
TMP=C:\Users\THAMOD~1\AppData\Local\Temp
TEMP=C:\Users\THAMOD~1\AppData\Local\Temp



Periodic native trim disabled


---------------  S Y S T E M  ---------------

OS:
 Windows 11 , 64 bit Build 26100 (10.0.26100.2454)
OS uptime: 0 days 3:22 hours

CPU: total 12 (initial active 12) (12 cores per cpu, 2 threads per core) family 23 model 104 stepping 1 microcode 0x8608104, cx8, cmov, fxsr, ht, mmx, 3dnowpref, sse, sse2, sse3, ssse3, sse4a, sse4.1, sse4.2, popcnt, lzcnt, tsc, tscinvbit, avx, avx2, aes, clmul, bmi1, bmi2, adx, sha, fma, vzeroupper, clflush, clflushopt
Processor Information for all 12 processors :
  Max Mhz: 2100, Current Mhz: 2100, Mhz Limit: 2100

Memory: 4k page, system-wide physical 15753M (5896M free)
TotalPageFile size 15753M (AvailPageFile size 1M)
current process WorkingSet (physical memory assigned to process): 435M, peak: 436M
current process commit charge ("private bytes"): 473M, peak: 474M

vm_info: OpenJDK 64-Bit Server VM (17.0.13+11) for windows-amd64 JRE (17.0.13+11), built on Oct 16 2024 00:10:08 by "admin" with MS VC++ 17.7 (VS2022)

END.
