#
# There is insufficient memory for the Java Runtime Environment to continue.
# Native memory allocation (malloc) failed to allocate 1196176 bytes. Error detail: Chunk::new
# Possible reasons:
#   The system is out of physical RAM or swap space
#   This process is running with CompressedOops enabled, and the Java Heap may be blocking the growth of the native heap
# Possible solutions:
#   Reduce memory load on the system
#   Increase physical memory or swap space
#   Check if swap backing store is full
#   Decrease Java heap size (-Xmx/-Xms)
#   Decrease number of Java threads
#   Decrease Java thread stack sizes (-Xss)
#   Set larger code cache with -XX:ReservedCodeCacheSize=
#   JVM is running with Unscaled Compressed Oops mode in which the Java heap is
#     placed in the first 4GB address space. The Java Heap base address is the
#     maximum limit for the native heap growth. Please use -XX:HeapBaseMinAddress
#     to set the Java Heap base and to place the Java Heap above 4GB virtual address.
# This output file may be truncated or incomplete.
#
#  Out of Memory Error (arena.cpp:191), pid=17740, tid=15328
#
# JRE version: OpenJDK Runtime Environment Temurin-17.0.13+11 (17.0.13+11) (build 17.0.13+11)
# Java VM: OpenJDK 64-Bit Server VM Temurin-17.0.13+11 (17.0.13+11, mixed mode, tiered, compressed oops, compressed class ptrs, parallel gc, windows-amd64)
# No core dump will be written. Minidumps are not enabled by default on client versions of Windows
#

---------------  S U M M A R Y ------------

Command Line: --add-modules=ALL-SYSTEM --add-opens=java.base/java.util=ALL-UNNAMED --add-opens=java.base/java.lang=ALL-UNNAMED --add-opens=java.base/sun.nio.fs=ALL-UNNAMED -Declipse.application=org.eclipse.jdt.ls.core.id1 -Dosgi.bundles.defaultStartLevel=4 -Declipse.product=org.eclipse.jdt.ls.core.product -Djava.import.generatesMetadataFilesAtProjectRoot=false -DDetectVMInstallationsJob.disabled=true -Dfile.encoding=utf8 -XX:+UseParallelGC -XX:GCTimeRatio=4 -XX:AdaptiveSizePolicyWeight=90 -Dsun.zip.disableMemoryMapping=true -Xmx1G -Xms100m -Xlog:disable -javaagent:c:\Users\Thamod Rasmitha\.vscode\extensions\redhat.java-1.37.0-win32-x64\lombok\lombok-1.18.34.jar c:\Users\Thamod Rasmitha\.vscode\extensions\redhat.java-1.37.0-win32-x64\server\plugins\org.eclipse.equinox.launcher_1.6.900.v20240613-2009.jar -configuration c:\Users\Thamod Rasmitha\AppData\Roaming\Code\User\globalStorage\redhat.java\1.37.0\config_ss_win -data c:\Users\Thamod Rasmitha\AppData\Roaming\Code\User\workspaceStorage\79564c900adf8b5a677e70732245fc39\redhat.java\ss_ws --pipe=\\.\pipe\lsp-f7a2e346e54c086e2ec3228e55b6999f-sock

Host: AMD Ryzen 5 5500U with Radeon Graphics         , 12 cores, 15G,  Windows 11 , 64 bit Build 26100 (10.0.26100.2454)
Time: Sun Dec 15 20:54:03 2024 Sri Lanka Standard Time elapsed time: 16.506259 seconds (0d 0h 0m 16s)

---------------  T H R E A D  ---------------

Current thread (0x000001f91d61a0e0):  JavaThread "C2 CompilerThread0" daemon [_thread_in_native, id=15328, stack(0x000000722e400000,0x000000722e500000)]


Current CompileTask:
C2:  16506 5662 %     4       org.eclipse.jdt.internal.compiler.lookup.BinaryTypeBinding::createMethod @ 222 (1724 bytes)

Stack: [0x000000722e400000,0x000000722e500000]
Native frames: (J=compiled Java code, j=interpreted, Vv=VM code, C=native code)
V  [jvm.dll+0x682a19]
V  [jvm.dll+0x839538]
V  [jvm.dll+0x83afe3]
V  [jvm.dll+0x83b653]
V  [jvm.dll+0x24704f]
V  [jvm.dll+0xace34]
V  [jvm.dll+0xad4cc]
V  [jvm.dll+0x36592f]
V  [jvm.dll+0x32fbd8]
V  [jvm.dll+0x32f05a]
V  [jvm.dll+0x21804f]
V  [jvm.dll+0x21748f]
V  [jvm.dll+0x1a3070]
V  [jvm.dll+0x22788c]
V  [jvm.dll+0x2259eb]
V  [jvm.dll+0x7eec98]
V  [jvm.dll+0x7e8ffc]
V  [jvm.dll+0x6818f7]
C  [ucrtbase.dll+0x14ea0]
C  [KERNEL32.DLL+0x2e8d7]
C  [ntdll.dll+0xdfbcc]


---------------  P R O C E S S  ---------------

Threads class SMR info:
_java_thread_list=0x000001f923eb1610, length=49, elements={
0x000001f9026a9180, 0x000001f9184c5020, 0x000001f90275af90, 0x000001f9184ce720,
0x000001f91d610c50, 0x000001f91d613840, 0x000001f91d616c90, 0x000001f91d61a0e0,
0x000001f91d623e90, 0x000001f91d6478a0, 0x000001f91d6d8a80, 0x000001f91d95e0b0,
0x000001f91d6ed5b0, 0x000001f91d6ecb90, 0x000001f91d6ebc60, 0x000001f91d6ead30,
0x000001f91d6eb750, 0x000001f91d6ec170, 0x000001f91d6ec680, 0x000001f91d6ed0a0,
0x000001f9214f19b0, 0x000001f9214f23d0, 0x000001f9214f0570, 0x000001f9214f14a0,
0x000001f9214f28e0, 0x000001f9214f1ec0, 0x000001f9214f2df0, 0x000001f9214f0f90,
0x000001f9214f3300, 0x000001f9214f3810, 0x000001f9214f0060, 0x000001f9214f3d20,
0x000001f9214f4c50, 0x000001f9214f5160, 0x000001f9214f6fc0, 0x000001f9214f4230,
0x000001f9214f4740, 0x000001f9214f5670, 0x000001f9214f65a0, 0x000001f9214f6090,
0x000001f9214f79e0, 0x000001f9214f6ab0, 0x000001f92028da00, 0x000001f921004e20,
0x000001f9210058c0, 0x000001f92028df10, 0x000001f92028e930, 0x000001f92028bba0,
0x000001f92028f350
}

Java Threads: ( => current thread )
  0x000001f9026a9180 JavaThread "main" [_thread_blocked, id=3604, stack(0x000000722db00000,0x000000722dc00000)]
  0x000001f9184c5020 JavaThread "Reference Handler" daemon [_thread_blocked, id=12568, stack(0x000000722de00000,0x000000722df00000)]
  0x000001f90275af90 JavaThread "Finalizer" daemon [_thread_blocked, id=21144, stack(0x000000722df00000,0x000000722e000000)]
  0x000001f9184ce720 JavaThread "Signal Dispatcher" daemon [_thread_blocked, id=9384, stack(0x000000722e000000,0x000000722e100000)]
  0x000001f91d610c50 JavaThread "Attach Listener" daemon [_thread_blocked, id=2548, stack(0x000000722e100000,0x000000722e200000)]
  0x000001f91d613840 JavaThread "Service Thread" daemon [_thread_blocked, id=8884, stack(0x000000722e200000,0x000000722e300000)]
  0x000001f91d616c90 JavaThread "Monitor Deflation Thread" daemon [_thread_blocked, id=8444, stack(0x000000722e300000,0x000000722e400000)]
=>0x000001f91d61a0e0 JavaThread "C2 CompilerThread0" daemon [_thread_in_native, id=15328, stack(0x000000722e400000,0x000000722e500000)]
  0x000001f91d623e90 JavaThread "C1 CompilerThread0" daemon [_thread_blocked, id=7280, stack(0x000000722e500000,0x000000722e600000)]
  0x000001f91d6478a0 JavaThread "Sweeper thread" daemon [_thread_blocked, id=12108, stack(0x000000722e600000,0x000000722e700000)]
  0x000001f91d6d8a80 JavaThread "Common-Cleaner" daemon [_thread_blocked, id=14688, stack(0x000000722e700000,0x000000722e800000)]
  0x000001f91d95e0b0 JavaThread "Notification Thread" daemon [_thread_blocked, id=14892, stack(0x000000722e900000,0x000000722ea00000)]
  0x000001f91d6ed5b0 JavaThread "Active Thread: Equinox Container: 01d50c1c-219d-4c5a-96f4-214850b2e3a7" [_thread_blocked, id=19144, stack(0x000000722f100000,0x000000722f200000)]
  0x000001f91d6ecb90 JavaThread "Framework Event Dispatcher: Equinox Container: 01d50c1c-219d-4c5a-96f4-214850b2e3a7" daemon [_thread_blocked, id=9492, stack(0x000000722f200000,0x000000722f300000)]
  0x000001f91d6ebc60 JavaThread "Start Level: Equinox Container: 01d50c1c-219d-4c5a-96f4-214850b2e3a7" daemon [_thread_blocked, id=18112, stack(0x000000722f300000,0x000000722f400000)]
  0x000001f91d6ead30 JavaThread "SCR Component Actor" daemon [_thread_blocked, id=19484, stack(0x000000722f400000,0x000000722f500000)]
  0x000001f91d6eb750 JavaThread "Worker-JM" [_thread_blocked, id=21028, stack(0x000000722e800000,0x000000722e900000)]
  0x000001f91d6ec170 JavaThread "JNA Cleaner" daemon [_thread_blocked, id=20576, stack(0x000000722f900000,0x000000722fa00000)]
  0x000001f91d6ec680 JavaThread "Worker-0" [_thread_blocked, id=20320, stack(0x000000722fa00000,0x000000722fb00000)]
  0x000001f91d6ed0a0 JavaThread "Worker-1" [_thread_blocked, id=1868, stack(0x000000722fb00000,0x000000722fc00000)]
  0x000001f9214f19b0 JavaThread "Thread-2" daemon [_thread_in_native, id=19640, stack(0x0000007230000000,0x0000007230100000)]
  0x000001f9214f23d0 JavaThread "Thread-3" daemon [_thread_in_native, id=20052, stack(0x0000007230100000,0x0000007230200000)]
  0x000001f9214f0570 JavaThread "Thread-4" daemon [_thread_in_native, id=16880, stack(0x0000007230200000,0x0000007230300000)]
  0x000001f9214f14a0 JavaThread "Thread-5" daemon [_thread_in_native, id=8200, stack(0x0000007230300000,0x0000007230400000)]
  0x000001f9214f28e0 JavaThread "Thread-6" daemon [_thread_in_native, id=3536, stack(0x0000007230400000,0x0000007230500000)]
  0x000001f9214f1ec0 JavaThread "Thread-7" daemon [_thread_in_native, id=2192, stack(0x0000007230500000,0x0000007230600000)]
  0x000001f9214f2df0 JavaThread "Thread-8" daemon [_thread_in_native, id=19632, stack(0x0000007230600000,0x0000007230700000)]
  0x000001f9214f0f90 JavaThread "Thread-9" daemon [_thread_in_native, id=10644, stack(0x0000007230700000,0x0000007230800000)]
  0x000001f9214f3300 JavaThread "Thread-10" daemon [_thread_in_native, id=1308, stack(0x0000007230800000,0x0000007230900000)]
  0x000001f9214f3810 JavaThread "Thread-11" daemon [_thread_in_native, id=10808, stack(0x0000007230900000,0x0000007230a00000)]
  0x000001f9214f0060 JavaThread "Thread-12" daemon [_thread_in_native, id=16420, stack(0x0000007230a00000,0x0000007230b00000)]
  0x000001f9214f3d20 JavaThread "Thread-13" daemon [_thread_in_native, id=18464, stack(0x0000007230b00000,0x0000007230c00000)]
  0x000001f9214f4c50 JavaThread "Thread-14" daemon [_thread_in_native, id=12224, stack(0x0000007230c00000,0x0000007230d00000)]
  0x000001f9214f5160 JavaThread "pool-2-thread-1" [_thread_blocked, id=21412, stack(0x0000007230d00000,0x0000007230e00000)]
  0x000001f9214f6fc0 JavaThread "Worker-2" [_thread_blocked, id=2320, stack(0x0000007230e00000,0x0000007230f00000)]
  0x000001f9214f4230 JavaThread "WorkspaceEventsHandler" [_thread_blocked, id=17104, stack(0x0000007230f00000,0x0000007231000000)]
  0x000001f9214f4740 JavaThread "pool-1-thread-1" [_thread_blocked, id=7072, stack(0x0000007231000000,0x0000007231100000)]
  0x000001f9214f5670 JavaThread "ForkJoinPool.commonPool-worker-1" daemon [_thread_blocked, id=14712, stack(0x0000007231100000,0x0000007231200000)]
  0x000001f9214f65a0 JavaThread "ForkJoinPool.commonPool-worker-2" daemon [_thread_blocked, id=9828, stack(0x0000007231200000,0x0000007231300000)]
  0x000001f9214f6090 JavaThread "ForkJoinPool.commonPool-worker-3" daemon [_thread_blocked, id=17732, stack(0x0000007231300000,0x0000007231400000)]
  0x000001f9214f79e0 JavaThread "ForkJoinPool.commonPool-worker-4" daemon [_thread_blocked, id=2536, stack(0x0000007231400000,0x0000007231500000)]
  0x000001f9214f6ab0 JavaThread "Compiler Source File Reader" daemon [_thread_blocked, id=9288, stack(0x0000007231500000,0x0000007231600000)]
  0x000001f92028da00 JavaThread "Compiler Processing Task" daemon [_thread_blocked, id=14340, stack(0x0000007231600000,0x0000007231700000)]
  0x000001f921004e20 JavaThread "C2 CompilerThread1" daemon [_thread_blocked, id=13572, stack(0x000000722f600000,0x000000722f700000)]
  0x000001f9210058c0 JavaThread "C2 CompilerThread2" daemon [_thread_blocked, id=3424, stack(0x000000722fc00000,0x000000722fd00000)]
  0x000001f92028df10 JavaThread "ForkJoinPool.commonPool-worker-5" daemon [_thread_blocked, id=5452, stack(0x000000722fd00000,0x000000722fe00000)]
  0x000001f92028e930 JavaThread "pool-3-thread-1" [_thread_blocked, id=9988, stack(0x0000007231700000,0x0000007231800000)]
  0x000001f92028bba0 JavaThread "Worker-3" [_thread_blocked, id=14036, stack(0x0000007231800000,0x0000007231900000)]
  0x000001f92028f350 JavaThread "Framework stop - Equinox Container: 01d50c1c-219d-4c5a-96f4-214850b2e3a7" [_thread_in_vm, id=1768, stack(0x0000007231900000,0x0000007231a00000)]

Other Threads:
  0x000001f91d5e4870 VMThread "VM Thread" [stack: 0x000000722dd00000,0x000000722de00000] [id=4088]
  0x000001f91d95ce10 WatcherThread [stack: 0x000000722ea00000,0x000000722eb00000] [id=12068]
  0x000001f9026bdbf0 GCTaskThread "GC Thread#0" [stack: 0x000000722dc00000,0x000000722dd00000] [id=20140]
  0x000001f91f0eaaf0 GCTaskThread "GC Thread#1" [stack: 0x000000722eb00000,0x000000722ec00000] [id=21296]
  0x000001f91f4a1f00 GCTaskThread "GC Thread#2" [stack: 0x000000722ec00000,0x000000722ed00000] [id=13880]
  0x000001f91f4a21c0 GCTaskThread "GC Thread#3" [stack: 0x000000722ed00000,0x000000722ee00000] [id=7472]
  0x000001f91f4a2480 GCTaskThread "GC Thread#4" [stack: 0x000000722ee00000,0x000000722ef00000] [id=16992]
  0x000001f91f4a2740 GCTaskThread "GC Thread#5" [stack: 0x000000722ef00000,0x000000722f000000] [id=14288]
  0x000001f91f4a2a00 GCTaskThread "GC Thread#6" [stack: 0x000000722f000000,0x000000722f100000] [id=20760]
  0x000001f91f757a50 GCTaskThread "GC Thread#7" [stack: 0x000000722f500000,0x000000722f600000] [id=20448]
  0x000001f91f9e1f90 GCTaskThread "GC Thread#8" [stack: 0x000000722f700000,0x000000722f800000] [id=17576]
  0x000001f91f9e12a0 GCTaskThread "GC Thread#9" [stack: 0x000000722f800000,0x000000722f900000] [id=18092]

Threads with active compile tasks:
C2 CompilerThread0    16547 5662 %     4       org.eclipse.jdt.internal.compiler.lookup.BinaryTypeBinding::createMethod @ 222 (1724 bytes)
C2 CompilerThread1    16548 5859       4       org.eclipse.core.internal.registry.ReferenceMap::indexFor (55 bytes)

VM state: not at safepoint (normal execution)

VM Mutex/Monitor currently owned by a thread: None

Heap address: 0x00000000c0000000, size: 1024 MB, Compressed Oops mode: 32-bit

CDS archive(s) not mapped
Compressed class space mapped at: 0x0000000100000000-0x0000000140000000, reserved size: 1073741824
Narrow klass base: 0x0000000000000000, Narrow klass shift: 3, Narrow klass range: 0x140000000

GC Precious Log:
 CPUs: 12 total, 12 available
 Memory: 15753M
 Large Page Support: Disabled
 NUMA Support: Disabled
 Compressed Oops: Enabled (32-bit)
 Alignments: Space 512K, Generation 512K, Heap 2M
 Heap Min Capacity: 100M
 Heap Initial Capacity: 100M
 Heap Max Capacity: 1G
 Pre-touch: Disabled
 Parallel Workers: 10

Heap:
 PSYoungGen      total 21504K, used 4922K [0x00000000eab00000, 0x00000000ec180000, 0x0000000100000000)
  eden space 20480K, 20% used [0x00000000eab00000,0x00000000eaf26b08,0x00000000ebf00000)
  from space 1024K, 65% used [0x00000000ebf80000,0x00000000ec028048,0x00000000ec080000)
  to   space 1024K, 0% used [0x00000000ec080000,0x00000000ec080000,0x00000000ec180000)
 ParOldGen       total 68608K, used 35871K [0x00000000c0000000, 0x00000000c4300000, 0x00000000eab00000)
  object space 68608K, 52% used [0x00000000c0000000,0x00000000c2307fe0,0x00000000c4300000)
 Metaspace       used 51324K, committed 52160K, reserved 1114112K
  class space    used 5164K, committed 5504K, reserved 1048576K

Card table byte_map: [0x000001f915d60000,0x000001f915f70000] _byte_map_base: 0x000001f915760000

Marking Bits: (ParMarkBitMap*) 0x00007fff49986940
 Begin Bits: [0x000001f9160d0000, 0x000001f9170d0000)
 End Bits:   [0x000001f9170d0000, 0x000001f9180d0000)

Polling page: 0x000001f903f10000

Metaspace:

Usage:
  Non-class:     45.08 MB used.
      Class:      5.04 MB used.
       Both:     50.12 MB used.

Virtual space:
  Non-class space:       64.00 MB reserved,      45.56 MB ( 71%) committed,  1 nodes.
      Class space:        1.00 GB reserved,       5.38 MB ( <1%) committed,  1 nodes.
             Both:        1.06 GB reserved,      50.94 MB (  5%) committed. 

Chunk freelists:
   Non-Class:  1.98 MB
       Class:  10.56 MB
        Both:  12.55 MB

MaxMetaspaceSize: unlimited
CompressedClassSpaceSize: 1.00 GB
Initial GC threshold: 21.00 MB
Current GC threshold: 58.38 MB
CDS: off
MetaspaceReclaimPolicy: balanced
 - commit_granule_bytes: 65536.
 - commit_granule_words: 8192.
 - virtual_space_node_default_size: 8388608.
 - enlarge_chunks_in_place: 1.
 - new_chunks_are_fully_committed: 0.
 - uncommit_free_chunks: 1.
 - use_allocation_guard: 0.
 - handle_deallocations: 1.


Internal statistics:

num_allocs_failed_limit: 6.
num_arena_births: 474.
num_arena_deaths: 14.
num_vsnodes_births: 2.
num_vsnodes_deaths: 0.
num_space_committed: 815.
num_space_uncommitted: 0.
num_chunks_returned_to_freelist: 20.
num_chunks_taken_from_freelist: 2324.
num_chunk_merges: 11.
num_chunk_splits: 1462.
num_chunks_enlarged: 909.
num_inconsistent_stats: 0.

CodeHeap 'non-profiled nmethods': size=120000Kb used=2834Kb max_used=2834Kb free=117165Kb
 bounds [0x000001f90e740000, 0x000001f90ea20000, 0x000001f915c70000]
CodeHeap 'profiled nmethods': size=120000Kb used=10853Kb max_used=10853Kb free=109146Kb
 bounds [0x000001f906c70000, 0x000001f907710000, 0x000001f90e1a0000]
CodeHeap 'non-nmethods': size=5760Kb used=1357Kb max_used=1427Kb free=4402Kb
 bounds [0x000001f90e1a0000, 0x000001f90e410000, 0x000001f90e740000]
 total_blobs=5784 nmethods=5082 adapters=615
 compilation: enabled
              stopped_count=0, restarted_count=0
 full_count=0

Compilation events (20 events):
Event: 15.469 Thread 0x000001f91d623e90 5823       3       java.lang.invoke.LambdaMetafactory::metafactory (71 bytes)
Event: 15.470 Thread 0x000001f91d623e90 nmethod 5823 0x000001f9076f4310 code [0x000001f9076f45a0, 0x000001f9076f5088]
Event: 15.470 Thread 0x000001f91d623e90 5817       3       java.lang.invoke.LambdaProxyClassArchive::find (63 bytes)
Event: 15.471 Thread 0x000001f91d623e90 nmethod 5817 0x000001f9076f5590 code [0x000001f9076f57a0, 0x000001f9076f5eb8]
Event: 15.471 Thread 0x000001f91d623e90 5833       1       org.eclipse.core.internal.resources.MarkerInfo::getCreationTime (5 bytes)
Event: 15.471 Thread 0x000001f91d623e90 nmethod 5833 0x000001f90e8e9010 code [0x000001f90e8e91a0, 0x000001f90e8e9278]
Event: 15.472 Thread 0x000001f91d623e90 5818       3       java.lang.invoke.LambdaProxyClassArchive::loadedByBuiltinLoader (22 bytes)
Event: 15.473 Thread 0x000001f91d623e90 nmethod 5818 0x000001f9076f6110 code [0x000001f9076f6360, 0x000001f9076f6e78]
Event: 15.478 Thread 0x000001f91d623e90 5835       2       java.security.CodeSource::getCertificates (98 bytes)
Event: 15.478 Thread 0x000001f921004e20 nmethod 5832 0x000001f90e806b10 code [0x000001f90e806cc0, 0x000001f90e807288]
Event: 15.478 Thread 0x000001f921004e20 5826  s    4       java.io.BufferedOutputStream::write (35 bytes)
Event: 15.478 Thread 0x000001f91d623e90 nmethod 5835 0x000001f9076f7210 code [0x000001f9076f7400, 0x000001f9076f7878]
Event: 15.480 Thread 0x000001f921004e20 nmethod 5826 0x000001f90e806510 code [0x000001f90e8066a0, 0x000001f90e8069c8]
Event: 15.480 Thread 0x000001f921004e20 5827   !   4       org.eclipse.core.internal.localstore.SafeFileOutputStream::write (20 bytes)
Event: 15.484 Thread 0x000001f921004e20 nmethod 5827 0x000001f90e8cdc10 code [0x000001f90e8cdda0, 0x000001f90e8ce148]
Event: 15.484 Thread 0x000001f921004e20 5825       4       java.lang.Class::cast (27 bytes)
Event: 15.485 Thread 0x000001f921004e20 nmethod 5825 0x000001f90e805d10 code [0x000001f90e805e80, 0x000001f90e805f78]
Event: 15.485 Thread 0x000001f921004e20 5808       4       org.eclipse.core.runtime.Assert::isNotNull (7 bytes)
Event: 15.485 Thread 0x000001f921004e20 nmethod 5808 0x000001f90e8cd910 code [0x000001f90e8cda80, 0x000001f90e8cdaf8]
Event: 15.610 Thread 0x000001f91d623e90 5837       3       org.eclipse.core.internal.jobs.JobManager::lifeTimeInMs (19 bytes)

GC Heap History (20 events):
Event: 7.019 GC heap before
{Heap before GC invocations=22 (full 2):
 PSYoungGen      total 23040K, used 22720K [0x00000000eab00000, 0x00000000ec500000, 0x0000000100000000)
  eden space 22016K, 100% used [0x00000000eab00000,0x00000000ec080000,0x00000000ec080000)
  from space 1024K, 68% used [0x00000000ec380000,0x00000000ec430000,0x00000000ec480000)
  to   space 512K, 0% used [0x00000000ec480000,0x00000000ec480000,0x00000000ec500000)
 ParOldGen       total 68608K, used 25330K [0x00000000c0000000, 0x00000000c4300000, 0x00000000eab00000)
  object space 68608K, 36% used [0x00000000c0000000,0x00000000c18bc9e0,0x00000000c4300000)
 Metaspace       used 47010K, committed 47680K, reserved 1114112K
  class space    used 4757K, committed 5056K, reserved 1048576K
}
Event: 7.023 GC heap after
{Heap after GC invocations=22 (full 2):
 PSYoungGen      total 22528K, used 511K [0x00000000eab00000, 0x00000000ec880000, 0x0000000100000000)
  eden space 22016K, 0% used [0x00000000eab00000,0x00000000eab00000,0x00000000ec080000)
  from space 512K, 99% used [0x00000000ec480000,0x00000000ec4ffe78,0x00000000ec500000)
  to   space 4096K, 0% used [0x00000000ec080000,0x00000000ec080000,0x00000000ec480000)
 ParOldGen       total 68608K, used 28154K [0x00000000c0000000, 0x00000000c4300000, 0x00000000eab00000)
  object space 68608K, 41% used [0x00000000c0000000,0x00000000c1b7e888,0x00000000c4300000)
 Metaspace       used 47010K, committed 47680K, reserved 1114112K
  class space    used 4757K, committed 5056K, reserved 1048576K
}
Event: 7.055 GC heap before
{Heap before GC invocations=23 (full 2):
 PSYoungGen      total 22528K, used 22527K [0x00000000eab00000, 0x00000000ec880000, 0x0000000100000000)
  eden space 22016K, 100% used [0x00000000eab00000,0x00000000ec080000,0x00000000ec080000)
  from space 512K, 99% used [0x00000000ec480000,0x00000000ec4ffe78,0x00000000ec500000)
  to   space 4096K, 0% used [0x00000000ec080000,0x00000000ec080000,0x00000000ec480000)
 ParOldGen       total 68608K, used 28154K [0x00000000c0000000, 0x00000000c4300000, 0x00000000eab00000)
  object space 68608K, 41% used [0x00000000c0000000,0x00000000c1b7e888,0x00000000c4300000)
 Metaspace       used 47010K, committed 47680K, reserved 1114112K
  class space    used 4757K, committed 5056K, reserved 1048576K
}
Event: 7.057 GC heap after
{Heap after GC invocations=23 (full 2):
 PSYoungGen      total 23040K, used 544K [0x00000000eab00000, 0x00000000ec500000, 0x0000000100000000)
  eden space 22016K, 0% used [0x00000000eab00000,0x00000000eab00000,0x00000000ec080000)
  from space 1024K, 53% used [0x00000000ec080000,0x00000000ec108000,0x00000000ec180000)
  to   space 2048K, 0% used [0x00000000ec300000,0x00000000ec300000,0x00000000ec500000)
 ParOldGen       total 68608K, used 28714K [0x00000000c0000000, 0x00000000c4300000, 0x00000000eab00000)
  object space 68608K, 41% used [0x00000000c0000000,0x00000000c1c0a8f0,0x00000000c4300000)
 Metaspace       used 47010K, committed 47680K, reserved 1114112K
  class space    used 4757K, committed 5056K, reserved 1048576K
}
Event: 12.603 GC heap before
{Heap before GC invocations=24 (full 2):
 PSYoungGen      total 23040K, used 22384K [0x00000000eab00000, 0x00000000ec500000, 0x0000000100000000)
  eden space 22016K, 99% used [0x00000000eab00000,0x00000000ec0541f8,0x00000000ec080000)
  from space 1024K, 53% used [0x00000000ec080000,0x00000000ec108000,0x00000000ec180000)
  to   space 2048K, 0% used [0x00000000ec300000,0x00000000ec300000,0x00000000ec500000)
 ParOldGen       total 68608K, used 28714K [0x00000000c0000000, 0x00000000c4300000, 0x00000000eab00000)
  object space 68608K, 41% used [0x00000000c0000000,0x00000000c1c0a8f0,0x00000000c4300000)
 Metaspace       used 48426K, committed 49152K, reserved 1114112K
  class space    used 4912K, committed 5248K, reserved 1048576K
}
Event: 12.606 GC heap after
{Heap after GC invocations=24 (full 2):
 PSYoungGen      total 24064K, used 1880K [0x00000000eab00000, 0x00000000ec580000, 0x0000000100000000)
  eden space 22016K, 0% used [0x00000000eab00000,0x00000000eab00000,0x00000000ec080000)
  from space 2048K, 91% used [0x00000000ec300000,0x00000000ec4d6050,0x00000000ec500000)
  to   space 2560K, 0% used [0x00000000ec080000,0x00000000ec080000,0x00000000ec300000)
 ParOldGen       total 68608K, used 31045K [0x00000000c0000000, 0x00000000c4300000, 0x00000000eab00000)
  object space 68608K, 45% used [0x00000000c0000000,0x00000000c1e517b0,0x00000000c4300000)
 Metaspace       used 48426K, committed 49152K, reserved 1114112K
  class space    used 4912K, committed 5248K, reserved 1048576K
}
Event: 12.926 GC heap before
{Heap before GC invocations=25 (full 2):
 PSYoungGen      total 24064K, used 22558K [0x00000000eab00000, 0x00000000ec580000, 0x0000000100000000)
  eden space 22016K, 93% used [0x00000000eab00000,0x00000000ebf31860,0x00000000ec080000)
  from space 2048K, 91% used [0x00000000ec300000,0x00000000ec4d6050,0x00000000ec500000)
  to   space 2560K, 0% used [0x00000000ec080000,0x00000000ec080000,0x00000000ec300000)
 ParOldGen       total 68608K, used 31045K [0x00000000c0000000, 0x00000000c4300000, 0x00000000eab00000)
  object space 68608K, 45% used [0x00000000c0000000,0x00000000c1e517b0,0x00000000c4300000)
 Metaspace       used 48940K, committed 49664K, reserved 1114112K
  class space    used 4946K, committed 5248K, reserved 1048576K
}
Event: 12.930 GC heap after
{Heap after GC invocations=25 (full 2):
 PSYoungGen      total 23040K, used 818K [0x00000000eab00000, 0x00000000ec380000, 0x0000000100000000)
  eden space 22016K, 0% used [0x00000000eab00000,0x00000000eab00000,0x00000000ec080000)
  from space 1024K, 79% used [0x00000000ec080000,0x00000000ec14cb38,0x00000000ec180000)
  to   space 1536K, 0% used [0x00000000ec200000,0x00000000ec200000,0x00000000ec380000)
 ParOldGen       total 68608K, used 32764K [0x00000000c0000000, 0x00000000c4300000, 0x00000000eab00000)
  object space 68608K, 47% used [0x00000000c0000000,0x00000000c1fff390,0x00000000c4300000)
 Metaspace       used 48940K, committed 49664K, reserved 1114112K
  class space    used 4946K, committed 5248K, reserved 1048576K
}
Event: 13.038 GC heap before
{Heap before GC invocations=26 (full 2):
 PSYoungGen      total 23040K, used 21411K [0x00000000eab00000, 0x00000000ec380000, 0x0000000100000000)
  eden space 22016K, 93% used [0x00000000eab00000,0x00000000ebf1c270,0x00000000ec080000)
  from space 1024K, 79% used [0x00000000ec080000,0x00000000ec14cb38,0x00000000ec180000)
  to   space 1536K, 0% used [0x00000000ec200000,0x00000000ec200000,0x00000000ec380000)
 ParOldGen       total 68608K, used 32764K [0x00000000c0000000, 0x00000000c4300000, 0x00000000eab00000)
  object space 68608K, 47% used [0x00000000c0000000,0x00000000c1fff390,0x00000000c4300000)
 Metaspace       used 48983K, committed 49664K, reserved 1114112K
  class space    used 4948K, committed 5248K, reserved 1048576K
}
Event: 13.041 GC heap after
{Heap after GC invocations=26 (full 2):
 PSYoungGen      total 22528K, used 416K [0x00000000eab00000, 0x00000000ec280000, 0x0000000100000000)
  eden space 22016K, 0% used [0x00000000eab00000,0x00000000eab00000,0x00000000ec080000)
  from space 512K, 81% used [0x00000000ec200000,0x00000000ec268000,0x00000000ec280000)
  to   space 1024K, 0% used [0x00000000ec080000,0x00000000ec080000,0x00000000ec180000)
 ParOldGen       total 68608K, used 33425K [0x00000000c0000000, 0x00000000c4300000, 0x00000000eab00000)
  object space 68608K, 48% used [0x00000000c0000000,0x00000000c20a47d8,0x00000000c4300000)
 Metaspace       used 48983K, committed 49664K, reserved 1114112K
  class space    used 4948K, committed 5248K, reserved 1048576K
}
Event: 13.348 GC heap before
{Heap before GC invocations=27 (full 2):
 PSYoungGen      total 22528K, used 22432K [0x00000000eab00000, 0x00000000ec280000, 0x0000000100000000)
  eden space 22016K, 100% used [0x00000000eab00000,0x00000000ec080000,0x00000000ec080000)
  from space 512K, 81% used [0x00000000ec200000,0x00000000ec268000,0x00000000ec280000)
  to   space 1024K, 0% used [0x00000000ec080000,0x00000000ec080000,0x00000000ec180000)
 ParOldGen       total 68608K, used 33425K [0x00000000c0000000, 0x00000000c4300000, 0x00000000eab00000)
  object space 68608K, 48% used [0x00000000c0000000,0x00000000c20a47d8,0x00000000c4300000)
 Metaspace       used 49184K, committed 49856K, reserved 1114112K
  class space    used 4951K, committed 5248K, reserved 1048576K
}
Event: 13.350 GC heap after
{Heap after GC invocations=27 (full 2):
 PSYoungGen      total 23040K, used 1002K [0x00000000eab00000, 0x00000000ec380000, 0x0000000100000000)
  eden space 22016K, 0% used [0x00000000eab00000,0x00000000eab00000,0x00000000ec080000)
  from space 1024K, 97% used [0x00000000ec080000,0x00000000ec17ab10,0x00000000ec180000)
  to   space 1536K, 0% used [0x00000000ec200000,0x00000000ec200000,0x00000000ec380000)
 ParOldGen       total 68608K, used 33697K [0x00000000c0000000, 0x00000000c4300000, 0x00000000eab00000)
  object space 68608K, 49% used [0x00000000c0000000,0x00000000c20e8510,0x00000000c4300000)
 Metaspace       used 49184K, committed 49856K, reserved 1114112K
  class space    used 4951K, committed 5248K, reserved 1048576K
}
Event: 13.476 GC heap before
{Heap before GC invocations=28 (full 2):
 PSYoungGen      total 23040K, used 23018K [0x00000000eab00000, 0x00000000ec380000, 0x0000000100000000)
  eden space 22016K, 100% used [0x00000000eab00000,0x00000000ec080000,0x00000000ec080000)
  from space 1024K, 97% used [0x00000000ec080000,0x00000000ec17ab10,0x00000000ec180000)
  to   space 1536K, 0% used [0x00000000ec200000,0x00000000ec200000,0x00000000ec380000)
 ParOldGen       total 68608K, used 33697K [0x00000000c0000000, 0x00000000c4300000, 0x00000000eab00000)
  object space 68608K, 49% used [0x00000000c0000000,0x00000000c20e8510,0x00000000c4300000)
 Metaspace       used 49284K, committed 49984K, reserved 1114112K
  class space    used 4951K, committed 5248K, reserved 1048576K
}
Event: 13.478 GC heap after
{Heap after GC invocations=28 (full 2):
 PSYoungGen      total 22016K, used 1530K [0x00000000eab00000, 0x00000000ec680000, 0x0000000100000000)
  eden space 20480K, 0% used [0x00000000eab00000,0x00000000eab00000,0x00000000ebf00000)
  from space 1536K, 99% used [0x00000000ec200000,0x00000000ec37e9a0,0x00000000ec380000)
  to   space 3072K, 0% used [0x00000000ebf00000,0x00000000ebf00000,0x00000000ec200000)
 ParOldGen       total 68608K, used 34686K [0x00000000c0000000, 0x00000000c4300000, 0x00000000eab00000)
  object space 68608K, 50% used [0x00000000c0000000,0x00000000c21df8c0,0x00000000c4300000)
 Metaspace       used 49284K, committed 49984K, reserved 1114112K
  class space    used 4951K, committed 5248K, reserved 1048576K
}
Event: 14.614 GC heap before
{Heap before GC invocations=29 (full 2):
 PSYoungGen      total 22016K, used 21930K [0x00000000eab00000, 0x00000000ec680000, 0x0000000100000000)
  eden space 20480K, 99% used [0x00000000eab00000,0x00000000ebeebfc0,0x00000000ebf00000)
  from space 1536K, 99% used [0x00000000ec200000,0x00000000ec37e9a0,0x00000000ec380000)
  to   space 3072K, 0% used [0x00000000ebf00000,0x00000000ebf00000,0x00000000ec200000)
 ParOldGen       total 68608K, used 34686K [0x00000000c0000000, 0x00000000c4300000, 0x00000000eab00000)
  object space 68608K, 50% used [0x00000000c0000000,0x00000000c21df8c0,0x00000000c4300000)
 Metaspace       used 50673K, committed 51392K, reserved 1114112K
  class space    used 5107K, committed 5440K, reserved 1048576K
}
Event: 14.616 GC heap after
{Heap after GC invocations=29 (full 2):
 PSYoungGen      total 22016K, used 1027K [0x00000000eab00000, 0x00000000ec300000, 0x0000000100000000)
  eden space 20480K, 0% used [0x00000000eab00000,0x00000000eab00000,0x00000000ebf00000)
  from space 1536K, 66% used [0x00000000ebf00000,0x00000000ec000fb0,0x00000000ec080000)
  to   space 2048K, 0% used [0x00000000ec100000,0x00000000ec100000,0x00000000ec300000)
 ParOldGen       total 68608K, used 34953K [0x00000000c0000000, 0x00000000c4300000, 0x00000000eab00000)
  object space 68608K, 50% used [0x00000000c0000000,0x00000000c2222738,0x00000000c4300000)
 Metaspace       used 50673K, committed 51392K, reserved 1114112K
  class space    used 5107K, committed 5440K, reserved 1048576K
}
Event: 14.860 GC heap before
{Heap before GC invocations=30 (full 2):
 PSYoungGen      total 22016K, used 20926K [0x00000000eab00000, 0x00000000ec300000, 0x0000000100000000)
  eden space 20480K, 97% used [0x00000000eab00000,0x00000000ebe6ec20,0x00000000ebf00000)
  from space 1536K, 66% used [0x00000000ebf00000,0x00000000ec000fb0,0x00000000ec080000)
  to   space 2048K, 0% used [0x00000000ec100000,0x00000000ec100000,0x00000000ec300000)
 ParOldGen       total 68608K, used 34953K [0x00000000c0000000, 0x00000000c4300000, 0x00000000eab00000)
  object space 68608K, 50% used [0x00000000c0000000,0x00000000c2222738,0x00000000c4300000)
 Metaspace       used 50793K, committed 51584K, reserved 1114112K
  class space    used 5112K, committed 5440K, reserved 1048576K
}
Event: 14.865 GC heap after
{Heap after GC invocations=30 (full 2):
 PSYoungGen      total 20992K, used 498K [0x00000000eab00000, 0x00000000ec180000, 0x0000000100000000)
  eden space 20480K, 0% used [0x00000000eab00000,0x00000000eab00000,0x00000000ebf00000)
  from space 512K, 97% used [0x00000000ec100000,0x00000000ec17ca00,0x00000000ec180000)
  to   space 1024K, 0% used [0x00000000ebf80000,0x00000000ebf80000,0x00000000ec080000)
 ParOldGen       total 68608K, used 35799K [0x00000000c0000000, 0x00000000c4300000, 0x00000000eab00000)
  object space 68608K, 52% used [0x00000000c0000000,0x00000000c22f5fe0,0x00000000c4300000)
 Metaspace       used 50793K, committed 51584K, reserved 1114112K
  class space    used 5112K, committed 5440K, reserved 1048576K
}
Event: 15.322 GC heap before
{Heap before GC invocations=31 (full 2):
 PSYoungGen      total 20992K, used 20967K [0x00000000eab00000, 0x00000000ec180000, 0x0000000100000000)
  eden space 20480K, 99% used [0x00000000eab00000,0x00000000ebefd438,0x00000000ebf00000)
  from space 512K, 97% used [0x00000000ec100000,0x00000000ec17ca00,0x00000000ec180000)
  to   space 1024K, 0% used [0x00000000ebf80000,0x00000000ebf80000,0x00000000ec080000)
 ParOldGen       total 68608K, used 35799K [0x00000000c0000000, 0x00000000c4300000, 0x00000000eab00000)
  object space 68608K, 52% used [0x00000000c0000000,0x00000000c22f5fe0,0x00000000c4300000)
 Metaspace       used 50968K, committed 51712K, reserved 1114112K
  class space    used 5115K, committed 5440K, reserved 1048576K
}
Event: 15.325 GC heap after
{Heap after GC invocations=31 (full 2):
 PSYoungGen      total 21504K, used 672K [0x00000000eab00000, 0x00000000ec180000, 0x0000000100000000)
  eden space 20480K, 0% used [0x00000000eab00000,0x00000000eab00000,0x00000000ebf00000)
  from space 1024K, 65% used [0x00000000ebf80000,0x00000000ec028048,0x00000000ec080000)
  to   space 1024K, 0% used [0x00000000ec080000,0x00000000ec080000,0x00000000ec180000)
 ParOldGen       total 68608K, used 35871K [0x00000000c0000000, 0x00000000c4300000, 0x00000000eab00000)
  object space 68608K, 52% used [0x00000000c0000000,0x00000000c2307fe0,0x00000000c4300000)
 Metaspace       used 50968K, committed 51712K, reserved 1114112K
  class space    used 5115K, committed 5440K, reserved 1048576K
}

Dll operation events (10 events):
Event: 0.012 Loaded shared library c:\Users\Thamod Rasmitha\.vscode\extensions\redhat.java-1.37.0-win32-x64\jre\17.0.13-win32-x86_64\bin\java.dll
Event: 0.206 Loaded shared library c:\Users\Thamod Rasmitha\.vscode\extensions\redhat.java-1.37.0-win32-x64\jre\17.0.13-win32-x86_64\bin\zip.dll
Event: 0.210 Loaded shared library C:\Users\Thamod Rasmitha\.vscode\extensions\redhat.java-1.37.0-win32-x64\jre\17.0.13-win32-x86_64\bin\instrument.dll
Event: 0.231 Loaded shared library C:\Users\Thamod Rasmitha\.vscode\extensions\redhat.java-1.37.0-win32-x64\jre\17.0.13-win32-x86_64\bin\net.dll
Event: 0.234 Loaded shared library C:\Users\Thamod Rasmitha\.vscode\extensions\redhat.java-1.37.0-win32-x64\jre\17.0.13-win32-x86_64\bin\nio.dll
Event: 0.245 Loaded shared library C:\Users\Thamod Rasmitha\.vscode\extensions\redhat.java-1.37.0-win32-x64\jre\17.0.13-win32-x86_64\bin\zip.dll
Event: 0.267 Loaded shared library C:\Users\Thamod Rasmitha\.vscode\extensions\redhat.java-1.37.0-win32-x64\jre\17.0.13-win32-x86_64\bin\jimage.dll
Event: 0.350 Loaded shared library c:\Users\Thamod Rasmitha\.vscode\extensions\redhat.java-1.37.0-win32-x64\jre\17.0.13-win32-x86_64\bin\verify.dll
Event: 1.882 Loaded shared library C:\Users\Thamod Rasmitha\AppData\Roaming\Code\User\globalStorage\redhat.java\1.37.0\config_ss_win\org.eclipse.equinox.launcher\org.eclipse.equinox.launcher.win32.win32.x86_64_1.2.1100.v20240722-2106\eclipse_11904.dll
Event: 2.828 Loaded shared library C:\Users\Thamod Rasmitha\AppData\Local\Temp\jna--2070620168\jna12463321077773781596.dll

Deoptimization events (20 events):
Event: 15.412 Thread 0x000001f92028c0b0 Uncommon trap: trap_request=0xffffff45 fr.pc=0x000001f90e9a5f04 relative=0x00000000000005a4
Event: 15.412 Thread 0x000001f92028c0b0 Uncommon trap: reason=unstable_if action=reinterpret pc=0x000001f90e9a5f04 method=java.util.HashMap.putVal(ILjava/lang/Object;Ljava/lang/Object;ZZ)Ljava/lang/Object; @ 236 c2
Event: 15.412 Thread 0x000001f92028c0b0 DEOPT PACKING pc=0x000001f90e9a5f04 sp=0x00000072319fe2c0
Event: 15.412 Thread 0x000001f92028c0b0 DEOPT UNPACKING pc=0x000001f90e1f66a3 sp=0x00000072319fe238 mode 2
Event: 15.432 Thread 0x000001f9214f6fc0 Uncommon trap: trap_request=0xffffffde fr.pc=0x000001f90e7c1fb4 relative=0x0000000000000634
Event: 15.432 Thread 0x000001f9214f6fc0 Uncommon trap: reason=class_check action=maybe_recompile pc=0x000001f90e7c1fb4 method=java.util.HashMap.computeIfAbsent(Ljava/lang/Object;Ljava/util/function/Function;)Ljava/lang/Object; @ 188 c2
Event: 15.432 Thread 0x000001f9214f6fc0 DEOPT PACKING pc=0x000001f90e7c1fb4 sp=0x0000007230eff1f0
Event: 15.432 Thread 0x000001f9214f6fc0 DEOPT UNPACKING pc=0x000001f90e1f66a3 sp=0x0000007230eff198 mode 2
Event: 15.432 Thread 0x000001f9214f6fc0 Uncommon trap: trap_request=0xffffffde fr.pc=0x000001f90e7c1fb4 relative=0x0000000000000634
Event: 15.432 Thread 0x000001f9214f6fc0 Uncommon trap: reason=class_check action=maybe_recompile pc=0x000001f90e7c1fb4 method=java.util.HashMap.computeIfAbsent(Ljava/lang/Object;Ljava/util/function/Function;)Ljava/lang/Object; @ 188 c2
Event: 15.432 Thread 0x000001f9214f6fc0 DEOPT PACKING pc=0x000001f90e7c1fb4 sp=0x0000007230eff1f0
Event: 15.432 Thread 0x000001f9214f6fc0 DEOPT UNPACKING pc=0x000001f90e1f66a3 sp=0x0000007230eff198 mode 2
Event: 15.447 Thread 0x000001f9214f6fc0 Uncommon trap: trap_request=0xffffff45 fr.pc=0x000001f90e8b0278 relative=0x0000000000003a18
Event: 15.447 Thread 0x000001f9214f6fc0 Uncommon trap: reason=unstable_if action=reinterpret pc=0x000001f90e8b0278 method=jdk.internal.org.objectweb.asm.Frame.push(I)V @ 26 c2
Event: 15.447 Thread 0x000001f9214f6fc0 DEOPT PACKING pc=0x000001f90e8b0278 sp=0x0000007230efd8c0
Event: 15.447 Thread 0x000001f9214f6fc0 DEOPT UNPACKING pc=0x000001f90e1f66a3 sp=0x0000007230efd7e8 mode 2
Event: 15.449 Thread 0x000001f9214f6fc0 Uncommon trap: trap_request=0xffffff45 fr.pc=0x000001f90e892d24 relative=0x0000000000000184
Event: 15.449 Thread 0x000001f9214f6fc0 Uncommon trap: reason=unstable_if action=reinterpret pc=0x000001f90e892d24 method=jdk.internal.org.objectweb.asm.Frame.push(I)V @ 26 c2
Event: 15.449 Thread 0x000001f9214f6fc0 DEOPT PACKING pc=0x000001f90e892d24 sp=0x0000007230efda40
Event: 15.449 Thread 0x000001f9214f6fc0 DEOPT UNPACKING pc=0x000001f90e1f66a3 sp=0x0000007230efd9d8 mode 2

Classes loaded (20 events):
Event: 15.399 Loading class java/util/function/LongFunction
Event: 15.399 Loading class java/util/function/LongFunction done
Event: 15.401 Loading class java/util/stream/Nodes$ConcNode
Event: 15.401 Loading class java/util/stream/Nodes$AbstractConcNode
Event: 15.402 Loading class java/util/stream/Nodes$AbstractConcNode done
Event: 15.402 Loading class java/util/stream/Nodes$ConcNode done
Event: 15.407 Loading class java/util/zip/Deflater
Event: 15.407 Loading class java/util/zip/Deflater done
Event: 15.409 Loading class java/util/zip/Deflater$DeflaterZStreamRef
Event: 15.410 Loading class java/util/zip/Deflater$DeflaterZStreamRef done
Event: 15.419 Loading class java/util/stream/Nodes$ToArrayTask$OfRef
Event: 15.419 Loading class java/util/stream/Nodes$ToArrayTask
Event: 15.420 Loading class java/util/stream/Nodes$ToArrayTask done
Event: 15.420 Loading class java/util/stream/Nodes$ToArrayTask$OfRef done
Event: 15.432 Loading class java/nio/channels/ClosedChannelException
Event: 15.432 Loading class java/nio/channels/ClosedChannelException done
Event: 15.435 Loading class java/lang/Throwable$WrappedPrintWriter
Event: 15.436 Loading class java/lang/Throwable$PrintStreamOrWriter
Event: 15.436 Loading class java/lang/Throwable$PrintStreamOrWriter done
Event: 15.436 Loading class java/lang/Throwable$WrappedPrintWriter done

Classes unloaded (7 events):
Event: 2.644 Thread 0x000001f91d5e4870 Unloading class 0x0000000100219400 'java/lang/invoke/LambdaForm$MH+0x0000000100219400'
Event: 2.644 Thread 0x000001f91d5e4870 Unloading class 0x0000000100219000 'java/lang/invoke/LambdaForm$MH+0x0000000100219000'
Event: 2.644 Thread 0x000001f91d5e4870 Unloading class 0x0000000100218c00 'java/lang/invoke/LambdaForm$MH+0x0000000100218c00'
Event: 2.644 Thread 0x000001f91d5e4870 Unloading class 0x0000000100218800 'java/lang/invoke/LambdaForm$MH+0x0000000100218800'
Event: 2.644 Thread 0x000001f91d5e4870 Unloading class 0x0000000100218400 'java/lang/invoke/LambdaForm$BMH+0x0000000100218400'
Event: 2.644 Thread 0x000001f91d5e4870 Unloading class 0x0000000100218000 'java/lang/invoke/LambdaForm$DMH+0x0000000100218000'
Event: 2.644 Thread 0x000001f91d5e4870 Unloading class 0x0000000100214400 'java/lang/invoke/LambdaForm$DMH+0x0000000100214400'

Classes redefined (0 events):
No events

Internal exceptions (20 events):
Event: 7.124 Thread 0x000001f9214f6090 Exception <a 'java/lang/NoSuchMethodError'{0x00000000eb521800}: 'int java.lang.invoke.DirectMethodHandle$Holder.invokeInterface(java.lang.Object, java.lang.Object)'> (0x00000000eb521800) 
thrown [s\src\hotspot\share\interpreter\linkResolver.cpp, line 759]
Event: 7.125 Thread 0x000001f9214f6090 Exception <a 'java/lang/IncompatibleClassChangeError'{0x00000000eb524d90}: Found class java.lang.Object, but interface was expected> (0x00000000eb524d90) 
thrown [s\src\hotspot\share\interpreter\linkResolver.cpp, line 826]
Event: 7.137 Thread 0x000001f9214f6090 Exception <a 'java/lang/NoSuchMethodError'{0x00000000eb59f2f8}: 'int java.lang.invoke.DirectMethodHandle$Holder.invokeStatic(java.lang.Object, java.lang.Object, java.lang.Object, int)'> (0x00000000eb59f2f8) 
thrown [s\src\hotspot\share\interpreter\linkResolver.cpp, line 759]
Event: 13.844 Thread 0x000001f9214f6090 Exception <a 'java/lang/ClassNotFoundException'{0x00000000ebcfe0f0}: sun/net/www/protocol/jdt/Handler> (0x00000000ebcfe0f0) 
thrown [s\src\hotspot\share\classfile\systemDictionary.cpp, line 256]
Event: 13.845 Thread 0x000001f9214f6090 Exception <a 'java/lang/ClassNotFoundException'{0x00000000ebd01608}: sun/net/www/protocol/jdt/Handler> (0x00000000ebd01608) 
thrown [s\src\hotspot\share\classfile\systemDictionary.cpp, line 256]
Event: 13.847 Thread 0x000001f9214f6090 Exception <a 'java/lang/ClassNotFoundException'{0x00000000ebd085b8}: sun/net/www/protocol/jdt/Handler> (0x00000000ebd085b8) 
thrown [s\src\hotspot\share\classfile\systemDictionary.cpp, line 256]
Event: 13.847 Thread 0x000001f9214f6090 Exception <a 'java/lang/ClassNotFoundException'{0x00000000ebd0acc8}: sun/net/www/protocol/jdt/Handler> (0x00000000ebd0acc8) 
thrown [s\src\hotspot\share\classfile\systemDictionary.cpp, line 256]
Event: 13.847 Thread 0x000001f9214f6090 Exception <a 'java/lang/ClassNotFoundException'{0x00000000ebd0d3f8}: sun/net/www/protocol/jdt/Handler> (0x00000000ebd0d3f8) 
thrown [s\src\hotspot\share\classfile\systemDictionary.cpp, line 256]
Event: 13.848 Thread 0x000001f9214f6090 Exception <a 'java/lang/ClassNotFoundException'{0x00000000ebd0fb50}: sun/net/www/protocol/jdt/Handler> (0x00000000ebd0fb50) 
thrown [s\src\hotspot\share\classfile\systemDictionary.cpp, line 256]
Event: 15.163 Thread 0x000001f9214f6090 Exception <a 'java/lang/ClassNotFoundException'{0x00000000ebdfab18}: sun/net/www/protocol/jdt/Handler> (0x00000000ebdfab18) 
thrown [s\src\hotspot\share\classfile\systemDictionary.cpp, line 256]
Event: 15.163 Thread 0x000001f9214f6090 Exception <a 'java/lang/ClassNotFoundException'{0x00000000ebdfe010}: sun/net/www/protocol/jdt/Handler> (0x00000000ebdfe010) 
thrown [s\src\hotspot\share\classfile\systemDictionary.cpp, line 256]
Event: 15.165 Thread 0x000001f9214f6090 Exception <a 'java/lang/ClassNotFoundException'{0x00000000ebe04fc0}: sun/net/www/protocol/jdt/Handler> (0x00000000ebe04fc0) 
thrown [s\src\hotspot\share\classfile\systemDictionary.cpp, line 256]
Event: 15.165 Thread 0x000001f9214f6090 Exception <a 'java/lang/ClassNotFoundException'{0x00000000ebe076d0}: sun/net/www/protocol/jdt/Handler> (0x00000000ebe076d0) 
thrown [s\src\hotspot\share\classfile\systemDictionary.cpp, line 256]
Event: 15.166 Thread 0x000001f9214f6090 Exception <a 'java/lang/ClassNotFoundException'{0x00000000ebe09e00}: sun/net/www/protocol/jdt/Handler> (0x00000000ebe09e00) 
thrown [s\src\hotspot\share\classfile\systemDictionary.cpp, line 256]
Event: 15.166 Thread 0x000001f9214f6090 Exception <a 'java/lang/ClassNotFoundException'{0x00000000ebe0c558}: sun/net/www/protocol/jdt/Handler> (0x00000000ebe0c558) 
thrown [s\src\hotspot\share\classfile\systemDictionary.cpp, line 256]
Event: 15.432 Thread 0x000001f91d6ed0a0 Exception <a 'java/io/IOException'{0x00000000ead30800}> (0x00000000ead30800) 
thrown [s\src\hotspot\share\prims\jni.cpp, line 516]
Event: 15.449 Thread 0x000001f9214f6fc0 Exception <a 'java/lang/NoSuchMethodError'{0x00000000ead81cd8}: 'java.lang.Object java.lang.invoke.DirectMethodHandle$Holder.newInvokeSpecial(java.lang.Object, java.lang.Object, java.lang.Object, java.lang.Object, java.lang.Object, java.lang.Object, java.lang.Object, java.lang.Object, java.lang.Object, java.lang.Object)'> (0x00000000ead81cd8) 
thrown [s\src\hotspot\share\interpreter\linkResolver.cpp, line 759]
Event: 15.449 Thread 0x000001f9214f6fc0 Exception <a 'java/lang/NoSuchMethodError'{0x00000000ead87810}: 'java.lang.Object java.lang.invoke.DirectMethodHandle$Holder.invokeSpecial(java.lang.Object, java.lang.Object, java.lang.Object, java.lang.Object, java.lang.Object, java.lang.Object, java.lang.Object, java.lang.Object, java.lang.Object, java.lang.Object, java.lang.Object)'> (0x00000000ead87810) 
thrown [s\src\hotspot\share\interpreter\linkResolver.cpp, line 759]
Event: 15.450 Thread 0x000001f9214f6fc0 Exception <a 'java/lang/NoSuchMethodError'{0x00000000ead8caf8}: 'java.lang.Object java.lang.invoke.Invokers$Holder.linkToTargetMethod(java.lang.Object, java.lang.Object, java.lang.Object, java.lang.Object, java.lang.Object, java.lang.Object, java.lang.Object, java.lang.Object, java.lang.Object, java.lang.Object)'> (0x00000000ead8caf8) 
thrown [s\src\hotspot\share\interpreter\linkResolver.cpp, line 759]
Event: 15.479 Thread 0x000001f9214f6fc0 Exception <a 'sun/nio/fs/WindowsException'{0x00000000eae2bfe8}> (0x00000000eae2bfe8) 
thrown [s\src\hotspot\share\prims\jni.cpp, line 516]

VM Operations (20 events):
Event: 13.042 Executing VM operation: ParallelGCFailedAllocation done
Event: 13.050 Executing VM operation: HandshakeAllThreads
Event: 13.050 Executing VM operation: HandshakeAllThreads done
Event: 13.348 Executing VM operation: ParallelGCFailedAllocation
Event: 13.350 Executing VM operation: ParallelGCFailedAllocation done
Event: 13.475 Executing VM operation: ParallelGCFailedAllocation
Event: 13.478 Executing VM operation: ParallelGCFailedAllocation done
Event: 13.741 Executing VM operation: HandshakeAllThreads
Event: 13.741 Executing VM operation: HandshakeAllThreads done
Event: 13.770 Executing VM operation: HandshakeAllThreads
Event: 13.770 Executing VM operation: HandshakeAllThreads done
Event: 13.832 Executing VM operation: HandshakeAllThreads
Event: 13.833 Executing VM operation: HandshakeAllThreads done
Event: 14.614 Executing VM operation: ParallelGCFailedAllocation
Event: 14.616 Executing VM operation: ParallelGCFailedAllocation done
Event: 14.860 Executing VM operation: ParallelGCFailedAllocation
Event: 14.865 Executing VM operation: ParallelGCFailedAllocation done
Event: 15.322 Executing VM operation: ParallelGCFailedAllocation
Event: 15.325 Executing VM operation: ParallelGCFailedAllocation done
Event: 16.332 Executing VM operation: Cleanup

Memory protections (0 events):
No events

Nmethod flushes (20 events):
Event: 12.967 Thread 0x000001f91d6478a0 flushing  nmethod 0x000001f907553f10
Event: 12.967 Thread 0x000001f91d6478a0 flushing  nmethod 0x000001f907567610
Event: 12.967 Thread 0x000001f91d6478a0 flushing  nmethod 0x000001f907573490
Event: 12.967 Thread 0x000001f91d6478a0 flushing  nmethod 0x000001f907574410
Event: 12.967 Thread 0x000001f91d6478a0 flushing  nmethod 0x000001f907581510
Event: 12.967 Thread 0x000001f91d6478a0 flushing  nmethod 0x000001f907582110
Event: 12.967 Thread 0x000001f91d6478a0 flushing  nmethod 0x000001f907583b10
Event: 12.967 Thread 0x000001f91d6478a0 flushing  nmethod 0x000001f907584190
Event: 12.967 Thread 0x000001f91d6478a0 flushing  nmethod 0x000001f907584910
Event: 12.967 Thread 0x000001f91d6478a0 flushing  nmethod 0x000001f907585190
Event: 12.967 Thread 0x000001f91d6478a0 flushing  nmethod 0x000001f9075cfb10
Event: 12.967 Thread 0x000001f91d6478a0 flushing  nmethod 0x000001f9075d0c90
Event: 12.967 Thread 0x000001f91d6478a0 flushing  nmethod 0x000001f9075dac10
Event: 12.967 Thread 0x000001f91d6478a0 flushing  nmethod 0x000001f9075fe210
Event: 12.967 Thread 0x000001f91d6478a0 flushing  nmethod 0x000001f907615e10
Event: 12.967 Thread 0x000001f91d6478a0 flushing  nmethod 0x000001f907616210
Event: 12.967 Thread 0x000001f91d6478a0 flushing  nmethod 0x000001f907618c90
Event: 12.967 Thread 0x000001f91d6478a0 flushing  nmethod 0x000001f907619190
Event: 12.967 Thread 0x000001f91d6478a0 flushing  nmethod 0x000001f907619690
Event: 12.967 Thread 0x000001f91d6478a0 flushing osr nmethod 0x000001f90761c290

Events (20 events):
Event: 7.974 Thread 0x000001f91d6edac0 Thread exited: 0x000001f91d6edac0
Event: 8.972 Thread 0x000001f9204c9490 Thread exited: 0x000001f9204c9490
Event: 8.972 Thread 0x000001f91fd1b090 Thread exited: 0x000001f91fd1b090
Event: 12.618 Thread 0x000001f91d623e90 Thread added: 0x000001f921004e20
Event: 12.685 Thread 0x000001f921004e20 Thread added: 0x000001f921007350
Event: 14.505 Thread 0x000001f921007350 Thread exited: 0x000001f921007350
Event: 14.640 Thread 0x000001f921004e20 Thread added: 0x000001f9210058c0
Event: 14.893 Thread 0x000001f9214f4740 Thread added: 0x000001f92028df10
Event: 15.328 Thread 0x000001f9214f4740 Thread added: 0x000001f92028e930
Event: 15.350 Thread 0x000001f91d6ec680 Thread added: 0x000001f92028bba0
Event: 15.367 Thread 0x000001f9214f6fc0 Thread added: 0x000001f92028c0b0
Event: 15.403 Thread 0x000001f92028c0b0 Thread added: 0x000001f92028ee40
Event: 15.420 Thread 0x000001f92028ee40 Thread exited: 0x000001f92028ee40
Event: 15.420 Thread 0x000001f92028c0b0 Thread exited: 0x000001f92028c0b0
Event: 15.454 Thread 0x000001f9214f6fc0 Thread added: 0x000001f92028cad0
Event: 15.457 Thread 0x000001f92028cad0 Thread added: 0x000001f92028cfe0
Event: 15.467 Thread 0x000001f92028cad0 Thread added: 0x000001f92028d4f0
Event: 15.469 Thread 0x000001f92028d4f0 Thread exited: 0x000001f92028d4f0
Event: 15.469 Thread 0x000001f92028cad0 Thread exited: 0x000001f92028cad0
Event: 15.469 Thread 0x000001f92028cfe0 Thread exited: 0x000001f92028cfe0


Dynamic libraries:
0x00007ff7864a0000 - 0x00007ff7864ae000 	c:\Users\Thamod Rasmitha\.vscode\extensions\redhat.java-1.37.0-win32-x64\jre\17.0.13-win32-x86_64\bin\java.exe
0x00007ff802180000 - 0x00007ff8023e3000 	C:\WINDOWS\SYSTEM32\ntdll.dll
0x00007ff8007d0000 - 0x00007ff800898000 	C:\WINDOWS\System32\KERNEL32.DLL
0x00007fffff5d0000 - 0x00007fffff982000 	C:\WINDOWS\System32\KERNELBASE.dll
0x00007fffffc80000 - 0x00007fffffdcb000 	C:\WINDOWS\System32\ucrtbase.dll
0x00007fffa7530000 - 0x00007fffa7547000 	c:\Users\Thamod Rasmitha\.vscode\extensions\redhat.java-1.37.0-win32-x64\jre\17.0.13-win32-x86_64\bin\jli.dll
0x00007fffbb0a0000 - 0x00007fffbb0be000 	c:\Users\Thamod Rasmitha\.vscode\extensions\redhat.java-1.37.0-win32-x64\jre\17.0.13-win32-x86_64\bin\VCRUNTIME140.dll
0x00007ff800dd0000 - 0x00007ff800f98000 	C:\WINDOWS\System32\USER32.dll
0x00007fffec300000 - 0x00007fffec590000 	C:\WINDOWS\WinSxS\amd64_microsoft.windows.common-controls_6595b64144ccf1df_6.0.26100.2454_none_3e0b68a2e331ad60\COMCTL32.dll
0x00007fffff990000 - 0x00007fffff9b7000 	C:\WINDOWS\System32\win32u.dll
0x00007ff801210000 - 0x00007ff8012b9000 	C:\WINDOWS\System32\msvcrt.dll
0x00007ff800ba0000 - 0x00007ff800bca000 	C:\WINDOWS\System32\GDI32.dll
0x00007fffffe90000 - 0x00007ffffffbb000 	C:\WINDOWS\System32\gdi32full.dll
0x00007fffff9c0000 - 0x00007fffffa63000 	C:\WINDOWS\System32\msvcp_win.dll
0x00007ff800910000 - 0x00007ff80093f000 	C:\WINDOWS\System32\IMM32.DLL
0x00007fffde680000 - 0x00007fffde68c000 	c:\Users\Thamod Rasmitha\.vscode\extensions\redhat.java-1.37.0-win32-x64\jre\17.0.13-win32-x86_64\bin\vcruntime140_1.dll
0x00007fff4a2a0000 - 0x00007fff4a32d000 	c:\Users\Thamod Rasmitha\.vscode\extensions\redhat.java-1.37.0-win32-x64\jre\17.0.13-win32-x86_64\bin\msvcp140.dll
0x00007fff48de0000 - 0x00007fff49a4b000 	c:\Users\Thamod Rasmitha\.vscode\extensions\redhat.java-1.37.0-win32-x64\jre\17.0.13-win32-x86_64\bin\server\jvm.dll
0x00007ff800200000 - 0x00007ff8002b4000 	C:\WINDOWS\System32\ADVAPI32.dll
0x00007ff801520000 - 0x00007ff8015c6000 	C:\WINDOWS\System32\sechost.dll
0x00007ff801340000 - 0x00007ff801456000 	C:\WINDOWS\System32\RPCRT4.dll
0x00007ff800750000 - 0x00007ff8007c4000 	C:\WINDOWS\System32\WS2_32.dll
0x00007ffffe210000 - 0x00007ffffe25e000 	C:\WINDOWS\SYSTEM32\POWRPROF.dll
0x00007ffff8f60000 - 0x00007ffff8f96000 	C:\WINDOWS\SYSTEM32\WINMM.dll
0x00007ffff8fa0000 - 0x00007ffff8fab000 	C:\WINDOWS\SYSTEM32\VERSION.dll
0x00007ffffe1f0000 - 0x00007ffffe204000 	C:\WINDOWS\SYSTEM32\UMPDC.dll
0x00007ffffe490000 - 0x00007ffffe4aa000 	C:\WINDOWS\SYSTEM32\kernel.appcore.dll
0x00007fffdc9f0000 - 0x00007fffdc9fa000 	c:\Users\Thamod Rasmitha\.vscode\extensions\redhat.java-1.37.0-win32-x64\jre\17.0.13-win32-x86_64\bin\jimage.dll
0x00007ffffccc0000 - 0x00007ffffcf01000 	C:\WINDOWS\SYSTEM32\DBGHELP.DLL
0x00007ff801650000 - 0x00007ff8019ce000 	C:\WINDOWS\System32\combase.dll
0x00007ff800ac0000 - 0x00007ff800b96000 	C:\WINDOWS\System32\OLEAUT32.dll
0x00007fffeb800000 - 0x00007fffeb839000 	C:\WINDOWS\SYSTEM32\dbgcore.DLL
0x00007fffff530000 - 0x00007fffff5c9000 	C:\WINDOWS\System32\bcryptPrimitives.dll
0x00007ffff1d60000 - 0x00007ffff1d6e000 	c:\Users\Thamod Rasmitha\.vscode\extensions\redhat.java-1.37.0-win32-x64\jre\17.0.13-win32-x86_64\bin\instrument.dll
0x00007fff4a5a0000 - 0x00007fff4a5c5000 	c:\Users\Thamod Rasmitha\.vscode\extensions\redhat.java-1.37.0-win32-x64\jre\17.0.13-win32-x86_64\bin\java.dll
0x00007fffa63f0000 - 0x00007fffa6408000 	c:\Users\Thamod Rasmitha\.vscode\extensions\redhat.java-1.37.0-win32-x64\jre\17.0.13-win32-x86_64\bin\zip.dll
0x00007ff801a30000 - 0x00007ff802130000 	C:\WINDOWS\System32\SHELL32.dll
0x00007ffffd2b0000 - 0x00007ffffdae1000 	C:\WINDOWS\SYSTEM32\windows.storage.dll
0x00007ff800fa0000 - 0x00007ff80107a000 	C:\WINDOWS\System32\SHCORE.dll
0x00007ff8008b0000 - 0x00007ff80090d000 	C:\WINDOWS\System32\shlwapi.dll
0x00007fffff440000 - 0x00007fffff46e000 	C:\WINDOWS\SYSTEM32\profapi.dll
0x00007fffa6350000 - 0x00007fffa6369000 	C:\Users\Thamod Rasmitha\.vscode\extensions\redhat.java-1.37.0-win32-x64\jre\17.0.13-win32-x86_64\bin\net.dll
0x00007ffff5a80000 - 0x00007ffff5ba6000 	C:\WINDOWS\SYSTEM32\WINHTTP.dll
0x00007ffffe990000 - 0x00007ffffe9f8000 	C:\WINDOWS\system32\mswsock.dll
0x00007fff8b440000 - 0x00007fff8b456000 	C:\Users\Thamod Rasmitha\.vscode\extensions\redhat.java-1.37.0-win32-x64\jre\17.0.13-win32-x86_64\bin\nio.dll
0x00007fffd98d0000 - 0x00007fffd98e0000 	c:\Users\Thamod Rasmitha\.vscode\extensions\redhat.java-1.37.0-win32-x64\jre\17.0.13-win32-x86_64\bin\verify.dll
0x00007fffdb020000 - 0x00007fffdb065000 	C:\Users\Thamod Rasmitha\AppData\Roaming\Code\User\globalStorage\redhat.java\1.37.0\config_ss_win\org.eclipse.equinox.launcher\org.eclipse.equinox.launcher.win32.win32.x86_64_1.2.1100.v20240722-2106\eclipse_11904.dll
0x00007ff800bd0000 - 0x00007ff800d69000 	C:\WINDOWS\System32\ole32.dll
0x00007ffffec30000 - 0x00007ffffec4c000 	C:\WINDOWS\SYSTEM32\CRYPTSP.dll
0x00007ffffe3f0000 - 0x00007ffffe428000 	C:\WINDOWS\system32\rsaenh.dll
0x00007ffffea30000 - 0x00007ffffea5b000 	C:\WINDOWS\SYSTEM32\USERENV.dll
0x00007ffffee70000 - 0x00007ffffee96000 	C:\WINDOWS\SYSTEM32\bcrypt.dll
0x00007ffffec50000 - 0x00007ffffec5c000 	C:\WINDOWS\SYSTEM32\CRYPTBASE.dll
0x00007ffffde50000 - 0x00007ffffde82000 	C:\WINDOWS\SYSTEM32\IPHLPAPI.DLL
0x00007ff801460000 - 0x00007ff80146a000 	C:\WINDOWS\System32\NSI.dll
0x00007ffff5c40000 - 0x00007ffff5c5e000 	C:\WINDOWS\SYSTEM32\dhcpcsvc6.DLL
0x00007ffff5c10000 - 0x00007ffff5c35000 	C:\WINDOWS\SYSTEM32\dhcpcsvc.DLL
0x00007ffffdf40000 - 0x00007ffffe065000 	C:\WINDOWS\SYSTEM32\DNSAPI.dll
0x00007fffd2ef0000 - 0x00007fffd2f39000 	C:\Users\Thamod Rasmitha\AppData\Local\Temp\jna--2070620168\jna12463321077773781596.dll
0x00007ff8008a0000 - 0x00007ff8008a8000 	C:\WINDOWS\System32\PSAPI.DLL
0x00007ffffe5b0000 - 0x00007ffffe5e5000 	C:\WINDOWS\SYSTEM32\ntmarta.dll

dbghelp: loaded successfully - version: 4.0.5 - missing functions: none
symbol engine: initialized successfully - sym options: 0x614 - pdb path: .;c:\Users\Thamod Rasmitha\.vscode\extensions\redhat.java-1.37.0-win32-x64\jre\17.0.13-win32-x86_64\bin;C:\WINDOWS\SYSTEM32;C:\WINDOWS\WinSxS\amd64_microsoft.windows.common-controls_6595b64144ccf1df_6.0.26100.2454_none_3e0b68a2e331ad60;c:\Users\Thamod Rasmitha\.vscode\extensions\redhat.java-1.37.0-win32-x64\jre\17.0.13-win32-x86_64\bin\server;C:\Users\Thamod Rasmitha\AppData\Roaming\Code\User\globalStorage\redhat.java\1.37.0\config_ss_win\org.eclipse.equinox.launcher\org.eclipse.equinox.launcher.win32.win32.x86_64_1.2.1100.v20240722-2106;C:\Users\Thamod Rasmitha\AppData\Local\Temp\jna--2070620168

VM Arguments:
jvm_args: --add-modules=ALL-SYSTEM --add-opens=java.base/java.util=ALL-UNNAMED --add-opens=java.base/java.lang=ALL-UNNAMED --add-opens=java.base/sun.nio.fs=ALL-UNNAMED -Declipse.application=org.eclipse.jdt.ls.core.id1 -Dosgi.bundles.defaultStartLevel=4 -Declipse.product=org.eclipse.jdt.ls.core.product -Djava.import.generatesMetadataFilesAtProjectRoot=false -DDetectVMInstallationsJob.disabled=true -Dfile.encoding=utf8 -XX:+UseParallelGC -XX:GCTimeRatio=4 -XX:AdaptiveSizePolicyWeight=90 -Dsun.zip.disableMemoryMapping=true -Xmx1G -Xms100m -Xlog:disable -javaagent:c:\Users\Thamod Rasmitha\.vscode\extensions\redhat.java-1.37.0-win32-x64\lombok\lombok-1.18.34.jar 
java_command: c:\Users\Thamod Rasmitha\.vscode\extensions\redhat.java-1.37.0-win32-x64\server\plugins\org.eclipse.equinox.launcher_1.6.900.v20240613-2009.jar -configuration c:\Users\Thamod Rasmitha\AppData\Roaming\Code\User\globalStorage\redhat.java\1.37.0\config_ss_win -data c:\Users\Thamod Rasmitha\AppData\Roaming\Code\User\workspaceStorage\79564c900adf8b5a677e70732245fc39\redhat.java\ss_ws --pipe=\\.\pipe\lsp-f7a2e346e54c086e2ec3228e55b6999f-sock
java_class_path (initial): c:\Users\Thamod Rasmitha\.vscode\extensions\redhat.java-1.37.0-win32-x64\server\plugins\org.eclipse.equinox.launcher_1.6.900.v20240613-2009.jar
Launcher Type: SUN_STANDARD

[Global flags]
    uintx AdaptiveSizePolicyWeight                 = 90                                        {product} {command line}
     intx CICompilerCount                          = 4                                         {product} {ergonomic}
    uintx GCTimeRatio                              = 4                                         {product} {command line}
   size_t InitialHeapSize                          = 104857600                                 {product} {command line}
   size_t MaxHeapSize                              = 1073741824                                {product} {command line}
   size_t MaxNewSize                               = 357564416                                 {product} {ergonomic}
   size_t MinHeapDeltaBytes                        = 524288                                    {product} {ergonomic}
   size_t MinHeapSize                              = 104857600                                 {product} {command line}
   size_t NewSize                                  = 34603008                                  {product} {ergonomic}
    uintx NonNMethodCodeHeapSize                   = 5839372                                {pd product} {ergonomic}
    uintx NonProfiledCodeHeapSize                  = 122909434                              {pd product} {ergonomic}
   size_t OldSize                                  = 70254592                                  {product} {ergonomic}
    uintx ProfiledCodeHeapSize                     = 122909434                              {pd product} {ergonomic}
    uintx ReservedCodeCacheSize                    = 251658240                              {pd product} {ergonomic}
     bool SegmentedCodeCache                       = true                                      {product} {ergonomic}
   size_t SoftMaxHeapSize                          = 1073741824                             {manageable} {ergonomic}
     bool UseCompressedClassPointers               = true                           {product lp64_product} {ergonomic}
     bool UseCompressedOops                        = true                           {product lp64_product} {ergonomic}
     bool UseLargePagesIndividualAllocation        = false                                  {pd product} {ergonomic}
     bool UseParallelGC                            = true                                      {product} {command line}

Logging:
Log output configuration:
 #0: stdout all=off uptime,level,tags
 #1: stderr all=off uptime,level,tags

Environment Variables:
PATH=C:\Program Files (x86)\Common Files\Oracle\Java\javapath;C:\oracles\dbhomeXE\bin;C:\Python311\Scripts\;C:\Python311\;C:\WINDOWS\system32;C:\WINDOWS;C:\WINDOWS\System32\Wbem;C:\WINDOWS\System32\WindowsPowerShell\v1.0\;C:\WINDOWS\System32\OpenSSH\;C:\Program Files\Java\jdk1.8.0_351\bin;C:\Program Files\Java\jre1.8.0_351\bin;C:\ProgramData\chocolatey\bin;C:\Program Files\Git\cmd;C:\Program Files\nodejs\;C:\Program Files\MATLAB\R2023a\runtime\win64;C:\Program Files\MATLAB\R2023a\bin;C:\Program Files (x86)\Microsoft SQL Server\160\DTS\Binn\;C:\Program Files (x86)\Microsoft SQL Server\160\Tools\Binn\;C:\Program Files\Microsoft SQL Server\160\Tools\Binn\;C:\Program Files\Microsoft SQL Server\Client SDK\ODBC\170\Tools\Binn\;C:\Program Files\Microsoft SQL Server\160\DTS\Binn\;C:\Program Files\Microsoft SQL Server\150\Tools\Binn\;C:\Program Files\PowerShell\7\;D:\Software\mongoDb\mongosh-2.3.3-win32-x64\mongosh-2.3.3-win32-x64\bin;C:\Users\Thamod Rasmitha\AppData\Local\Microsoft\WindowsApps;C:\Program Files\JetBrains\IntelliJ IDEA Community Edition 2022.3.1\bin;;C:\Users\Thamod Rasmitha\AppData\Local\Programs\Microsoft VS Code\bin;C:\flutter\bin;C:\Users\Thamod Rasmitha\AppData\Local\Pub\Cache\bin;C:\Users\Thamod Rasmitha\AppData\Roaming\npm;
USERNAME=Thamod Rasmitha
OS=Windows_NT
PROCESSOR_IDENTIFIER=AMD64 Family 23 Model 104 Stepping 1, AuthenticAMD
TMP=C:\Users\THAMOD~1\AppData\Local\Temp
TEMP=C:\Users\THAMOD~1\AppData\Local\Temp



Periodic native trim disabled


---------------  S Y S T E M  ---------------

OS:
 Windows 11 , 64 bit Build 26100 (10.0.26100.2454)
OS uptime: 0 days 3:23 hours

CPU: total 12 (initial active 12) (12 cores per cpu, 2 threads per core) family 23 model 104 stepping 1 microcode 0x8608104, cx8, cmov, fxsr, ht, mmx, 3dnowpref, sse, sse2, sse3, ssse3, sse4a, sse4.1, sse4.2, popcnt, lzcnt, tsc, tscinvbit, avx, avx2, aes, clmul, bmi1, bmi2, adx, sha, fma, vzeroupper, clflush, clflushopt
Processor Information for all 12 processors :
  Max Mhz: 2100, Current Mhz: 2100, Mhz Limit: 2100

Memory: 4k page, system-wide physical 15753M (6278M free)
TotalPageFile size 15753M (AvailPageFile size 148M)
current process WorkingSet (physical memory assigned to process): 196M, peak: 251M
current process commit charge ("private bytes"): 275M, peak: 336M

vm_info: OpenJDK 64-Bit Server VM (17.0.13+11) for windows-amd64 JRE (17.0.13+11), built on Oct 16 2024 00:10:08 by "admin" with MS VC++ 17.7 (VS2022)

END.
