#
# There is insufficient memory for the Java Runtime Environment to continue.
# Native memory allocation (malloc) failed to allocate 353600 bytes. Error detail: Chunk::new
# Possible reasons:
#   The system is out of physical RAM or swap space
#   This process is running with CompressedOops enabled, and the Java Heap may be blocking the growth of the native heap
# Possible solutions:
#   Reduce memory load on the system
#   Increase physical memory or swap space
#   Check if swap backing store is full
#   Decrease Java heap size (-Xmx/-Xms)
#   Decrease number of Java threads
#   Decrease Java thread stack sizes (-Xss)
#   Set larger code cache with -XX:ReservedCodeCacheSize=
#   JVM is running with Unscaled Compressed Oops mode in which the Java heap is
#     placed in the first 4GB address space. The Java Heap base address is the
#     maximum limit for the native heap growth. Please use -XX:HeapBaseMinAddress
#     to set the Java Heap base and to place the Java Heap above 4GB virtual address.
# This output file may be truncated or incomplete.
#
#  Out of Memory Error (arena.cpp:191), pid=9924, tid=20584
#
# JRE version: OpenJDK Runtime Environment Temurin-17.0.13+11 (17.0.13+11) (build 17.0.13+11)
# Java VM: OpenJDK 64-Bit Server VM Temurin-17.0.13+11 (17.0.13+11, mixed mode, tiered, compressed oops, compressed class ptrs, parallel gc, windows-amd64)
# No core dump will be written. Minidumps are not enabled by default on client versions of Windows
#

---------------  S U M M A R Y ------------

Command Line: --add-modules=ALL-SYSTEM --add-opens=java.base/java.util=ALL-UNNAMED --add-opens=java.base/java.lang=ALL-UNNAMED --add-opens=java.base/sun.nio.fs=ALL-UNNAMED -Declipse.application=org.eclipse.jdt.ls.core.id1 -Dosgi.bundles.defaultStartLevel=4 -Declipse.product=org.eclipse.jdt.ls.core.product -Djava.import.generatesMetadataFilesAtProjectRoot=false -DDetectVMInstallationsJob.disabled=true -Dfile.encoding=utf8 -XX:+UseParallelGC -XX:GCTimeRatio=4 -XX:AdaptiveSizePolicyWeight=90 -Dsun.zip.disableMemoryMapping=true -Xmx1G -Xms100m -Xlog:disable -javaagent:c:\Users\Thamod Rasmitha\.vscode\extensions\redhat.java-1.38.0-win32-x64\lombok\lombok-1.18.34.jar c:\Users\Thamod Rasmitha\.vscode\extensions\redhat.java-1.38.0-win32-x64\server\plugins\org.eclipse.equinox.launcher_1.6.900.v20240613-2009.jar -configuration c:\Users\Thamod Rasmitha\AppData\Roaming\Code\User\globalStorage\redhat.java\1.38.0\config_ss_win -data c:\Users\Thamod Rasmitha\AppData\Roaming\Code\User\workspaceStorage\7f555c1f595b27d0cbdb33352e7db12f\redhat.java\ss_ws --pipe=\\.\pipe\lsp-b94e29ab3d2c53b021b26286b388276c-sock

Host: AMD Ryzen 5 5500U with Radeon Graphics         , 12 cores, 15G,  Windows 11 , 64 bit Build 26100 (10.0.26100.2454)
Time: Thu Jan  2 19:46:15 2025 Sri Lanka Standard Time elapsed time: 2.588135 seconds (0d 0h 0m 2s)

---------------  T H R E A D  ---------------

Current thread (0x0000023eabc2d5f0):  JavaThread "C2 CompilerThread1" daemon [_thread_in_native, id=20584, stack(0x000000cd53900000,0x000000cd53a00000)]


Current CompileTask:
C2:   2588  627       4       lombok.patcher.scripts.MethodLevelPatchScript::patch (21 bytes)

Stack: [0x000000cd53900000,0x000000cd53a00000]
Native frames: (J=compiled Java code, j=interpreted, Vv=VM code, C=native code)
V  [jvm.dll+0x682a19]
V  [jvm.dll+0x839538]
V  [jvm.dll+0x83afe3]
V  [jvm.dll+0x83b653]
V  [jvm.dll+0x24704f]
V  [jvm.dll+0xace34]
V  [jvm.dll+0xad4cc]
V  [jvm.dll+0x36597e]
V  [jvm.dll+0x32fbd8]
V  [jvm.dll+0x32f05a]
V  [jvm.dll+0x21804f]
V  [jvm.dll+0x21748f]
V  [jvm.dll+0x1a3070]
V  [jvm.dll+0x22788c]
V  [jvm.dll+0x2259eb]
V  [jvm.dll+0x7eec98]
V  [jvm.dll+0x7e8ffc]
V  [jvm.dll+0x6818f7]
C  [ucrtbase.dll+0x14ea0]
C  [KERNEL32.DLL+0x2e8d7]
C  [ntdll.dll+0xdfbcc]


---------------  P R O C E S S  ---------------

Threads class SMR info:
_java_thread_list=0x0000023eabc90920, length=13, elements={
0x0000023e90b29a00, 0x0000023ea6914010, 0x0000023e90bdb720, 0x0000023ea691bb80,
0x0000023ea691c450, 0x0000023ea691e030, 0x0000023ea691e900, 0x0000023eaba64680,
0x0000023eaba64ba0, 0x0000023eaba78780, 0x0000023eabbfd730, 0x0000023eabc2d5f0,
0x0000023eabd84100
}

Java Threads: ( => current thread )
  0x0000023e90b29a00 JavaThread "main" [_thread_in_native, id=19768, stack(0x000000cd52c00000,0x000000cd52d00000)]
  0x0000023ea6914010 JavaThread "Reference Handler" daemon [_thread_blocked, id=17576, stack(0x000000cd52f00000,0x000000cd53000000)]
  0x0000023e90bdb720 JavaThread "Finalizer" daemon [_thread_blocked, id=22284, stack(0x000000cd53000000,0x000000cd53100000)]
  0x0000023ea691bb80 JavaThread "Signal Dispatcher" daemon [_thread_blocked, id=6988, stack(0x000000cd53100000,0x000000cd53200000)]
  0x0000023ea691c450 JavaThread "Attach Listener" daemon [_thread_blocked, id=22128, stack(0x000000cd53200000,0x000000cd53300000)]
  0x0000023ea691e030 JavaThread "Service Thread" daemon [_thread_blocked, id=20136, stack(0x000000cd53300000,0x000000cd53400000)]
  0x0000023ea691e900 JavaThread "Monitor Deflation Thread" daemon [_thread_blocked, id=3640, stack(0x000000cd53400000,0x000000cd53500000)]
  0x0000023eaba64680 JavaThread "C2 CompilerThread0" daemon [_thread_in_native, id=20512, stack(0x000000cd53500000,0x000000cd53600000)]
  0x0000023eaba64ba0 JavaThread "C1 CompilerThread0" daemon [_thread_blocked, id=15704, stack(0x000000cd53600000,0x000000cd53700000)]
  0x0000023eaba78780 JavaThread "Sweeper thread" daemon [_thread_blocked, id=18252, stack(0x000000cd53700000,0x000000cd53800000)]
  0x0000023eabbfd730 JavaThread "Common-Cleaner" daemon [_thread_blocked, id=16688, stack(0x000000cd53800000,0x000000cd53900000)]
=>0x0000023eabc2d5f0 JavaThread "C2 CompilerThread1" daemon [_thread_in_native, id=20584, stack(0x000000cd53900000,0x000000cd53a00000)]
  0x0000023eabd84100 JavaThread "Notification Thread" daemon [_thread_blocked, id=6368, stack(0x000000cd53a00000,0x000000cd53b00000)]

Other Threads:
  0x0000023e90bd7ca0 VMThread "VM Thread" [stack: 0x000000cd52e00000,0x000000cd52f00000] [id=11532]
  0x0000023ead2448f0 WatcherThread [stack: 0x000000cd53b00000,0x000000cd53c00000] [id=676]
  0x0000023e90b40880 GCTaskThread "GC Thread#0" [stack: 0x000000cd52d00000,0x000000cd52e00000] [id=6524]

Threads with active compile tasks:
C2 CompilerThread0     2603  671       4       sun.security.provider.SHA2::implCompress0 (490 bytes)
C2 CompilerThread1     2603  627       4       lombok.patcher.scripts.MethodLevelPatchScript::patch (21 bytes)

VM state: not at safepoint (normal execution)

VM Mutex/Monitor currently owned by a thread: None

Heap address: 0x00000000c0000000, size: 1024 MB, Compressed Oops mode: 32-bit

CDS archive(s) not mapped
Compressed class space mapped at: 0x0000000100000000-0x0000000140000000, reserved size: 1073741824
Narrow klass base: 0x0000000000000000, Narrow klass shift: 3, Narrow klass range: 0x140000000

GC Precious Log:
 CPUs: 12 total, 12 available
 Memory: 15753M
 Large Page Support: Disabled
 NUMA Support: Disabled
 Compressed Oops: Enabled (32-bit)
 Alignments: Space 512K, Generation 512K, Heap 2M
 Heap Min Capacity: 100M
 Heap Initial Capacity: 100M
 Heap Max Capacity: 1G
 Pre-touch: Disabled
 Parallel Workers: 10

Heap:
 PSYoungGen      total 29696K, used 14729K [0x00000000eab00000, 0x00000000ecc00000, 0x0000000100000000)
  eden space 25600K, 57% used [0x00000000eab00000,0x00000000eb962470,0x00000000ec400000)
  from space 4096K, 0% used [0x00000000ec800000,0x00000000ec800000,0x00000000ecc00000)
  to   space 4096K, 0% used [0x00000000ec400000,0x00000000ec400000,0x00000000ec800000)
 ParOldGen       total 68608K, used 0K [0x00000000c0000000, 0x00000000c4300000, 0x00000000eab00000)
  object space 68608K, 0% used [0x00000000c0000000,0x00000000c0000000,0x00000000c4300000)
 Metaspace       used 9236K, committed 9344K, reserved 1114112K
  class space    used 915K, committed 960K, reserved 1048576K

Card table byte_map: [0x0000023ea41b0000,0x0000023ea43c0000] _byte_map_base: 0x0000023ea3bb0000

Marking Bits: (ParMarkBitMap*) 0x00007ff9a1e26940
 Begin Bits: [0x0000023ea4520000, 0x0000023ea5520000)
 End Bits:   [0x0000023ea5520000, 0x0000023ea6520000)

Polling page: 0x0000023e90be0000

Metaspace:

Usage:
  Non-class:      8.13 MB used.
      Class:    915.43 KB used.
       Both:      9.02 MB used.

Virtual space:
  Non-class space:       64.00 MB reserved,       8.19 MB ( 13%) committed,  1 nodes.
      Class space:        1.00 GB reserved,     960.00 KB ( <1%) committed,  1 nodes.
             Both:        1.06 GB reserved,       9.12 MB ( <1%) committed. 

Chunk freelists:
   Non-Class:  6.92 MB
       Class:  15.08 MB
        Both:  22.00 MB

MaxMetaspaceSize: unlimited
CompressedClassSpaceSize: 1.00 GB
Initial GC threshold: 21.00 MB
Current GC threshold: 21.00 MB
CDS: off
MetaspaceReclaimPolicy: balanced
 - commit_granule_bytes: 65536.
 - commit_granule_words: 8192.
 - virtual_space_node_default_size: 8388608.
 - enlarge_chunks_in_place: 1.
 - new_chunks_are_fully_committed: 0.
 - uncommit_free_chunks: 1.
 - use_allocation_guard: 0.
 - handle_deallocations: 1.


Internal statistics:

num_allocs_failed_limit: 0.
num_arena_births: 10.
num_arena_deaths: 0.
num_vsnodes_births: 2.
num_vsnodes_deaths: 0.
num_space_committed: 147.
num_space_uncommitted: 0.
num_chunks_returned_to_freelist: 0.
num_chunks_taken_from_freelist: 46.
num_chunk_merges: 0.
num_chunk_splits: 27.
num_chunks_enlarged: 25.
num_inconsistent_stats: 0.

CodeHeap 'non-profiled nmethods': size=120000Kb used=275Kb max_used=275Kb free=119724Kb
 bounds [0x0000023e9caa0000, 0x0000023e9cd10000, 0x0000023ea3fd0000]
CodeHeap 'profiled nmethods': size=120000Kb used=995Kb max_used=995Kb free=119004Kb
 bounds [0x0000023e94fd0000, 0x0000023e95240000, 0x0000023e9c500000]
CodeHeap 'non-nmethods': size=5760Kb used=1135Kb max_used=1161Kb free=4624Kb
 bounds [0x0000023e9c500000, 0x0000023e9c770000, 0x0000023e9caa0000]
 total_blobs=1097 nmethods=674 adapters=338
 compilation: enabled
              stopped_count=0, restarted_count=0
 full_count=0

Compilation events (20 events):
Event: 0.551 Thread 0x0000023ead3c5910  635       4       java.lang.invoke.VarHandleGuards::guard_LI_I (78 bytes)
Event: 0.551 Thread 0x0000023eaba64ba0 nmethod 642% 0x0000023e950acf10 code [0x0000023e950ad2e0, 0x0000023e950afcd8]
Event: 0.551 Thread 0x0000023eaba64ba0  643       3       java.util.Properties::loadConvert (540 bytes)
Event: 0.552 Thread 0x0000023eaba64ba0 nmethod 643 0x0000023e950b0990 code [0x0000023e950b0c80, 0x0000023e950b1f98]
Event: 0.552 Thread 0x0000023eaba64ba0  644       3       java.io.WinNTFileSystem::normalize (224 bytes)
Event: 0.553 Thread 0x0000023ead3c5910 nmethod 635 0x0000023e9cae0710 code [0x0000023e9cae08c0, 0x0000023e9cae0b68]
Event: 0.553 Thread 0x0000023ead3c5910  637       4       java.lang.invoke.VarHandleByteArrayAsInts$ArrayHandle::get (36 bytes)
Event: 0.553 Thread 0x0000023eaba64ba0 nmethod 644 0x0000023e950b2610 code [0x0000023e950b2a00, 0x0000023e950b44b8]
Event: 0.554 Thread 0x0000023ead3c5910 nmethod 637 0x0000023e9cae0f10 code [0x0000023e9cae10a0, 0x0000023e9cae11d8]
Event: 0.555 Thread 0x0000023eaba64ba0  645 %     3       java.util.Properties$LineReader::readLine @ 224 (584 bytes)
Event: 0.556 Thread 0x0000023ead3c5910  647       4       java.lang.String::checkBoundsOffCount (64 bytes)
Event: 0.556 Thread 0x0000023ead3c5910 nmethod 647 0x0000023e9cae1390 code [0x0000023e9cae1500, 0x0000023e9cae15b8]
Event: 0.557 Thread 0x0000023eaba64ba0 nmethod 645% 0x0000023e950b4f10 code [0x0000023e950b52e0, 0x0000023e950b7e18]
Event: 0.557 Thread 0x0000023eaba64ba0  646       3       java.lang.StringUTF16::compress (50 bytes)
Event: 0.557 Thread 0x0000023eaba64ba0 nmethod 646 0x0000023e950b8b10 code [0x0000023e950b8cc0, 0x0000023e950b8ef8]
Event: 0.557 Thread 0x0000023eaba64ba0  648       1       java.util.concurrent.ConcurrentHashMap$MapEntry::getKey (5 bytes)
Event: 0.557 Thread 0x0000023eaba64ba0 nmethod 648 0x0000023e9cae1690 code [0x0000023e9cae1820, 0x0000023e9cae18f8]
Event: 0.557 Thread 0x0000023eaba64ba0  649       1       java.util.concurrent.ConcurrentHashMap$MapEntry::getValue (5 bytes)
Event: 0.557 Thread 0x0000023eaba64ba0 nmethod 649 0x0000023e9cae1990 code [0x0000023e9cae1b20, 0x0000023e9cae1bf8]
Event: 0.557 Thread 0x0000023eaba64ba0  650       3       java.util.StringTokenizer::scanToken (179 bytes)

GC Heap History (0 events):
No events

Dll operation events (8 events):
Event: 0.015 Loaded shared library c:\Users\Thamod Rasmitha\.vscode\extensions\redhat.java-1.38.0-win32-x64\jre\17.0.13-win32-x86_64\bin\java.dll
Event: 0.139 Loaded shared library c:\Users\Thamod Rasmitha\.vscode\extensions\redhat.java-1.38.0-win32-x64\jre\17.0.13-win32-x86_64\bin\zip.dll
Event: 0.143 Loaded shared library C:\Users\Thamod Rasmitha\.vscode\extensions\redhat.java-1.38.0-win32-x64\jre\17.0.13-win32-x86_64\bin\instrument.dll
Event: 0.159 Loaded shared library C:\Users\Thamod Rasmitha\.vscode\extensions\redhat.java-1.38.0-win32-x64\jre\17.0.13-win32-x86_64\bin\net.dll
Event: 0.161 Loaded shared library C:\Users\Thamod Rasmitha\.vscode\extensions\redhat.java-1.38.0-win32-x64\jre\17.0.13-win32-x86_64\bin\nio.dll
Event: 0.167 Loaded shared library C:\Users\Thamod Rasmitha\.vscode\extensions\redhat.java-1.38.0-win32-x64\jre\17.0.13-win32-x86_64\bin\zip.dll
Event: 0.187 Loaded shared library C:\Users\Thamod Rasmitha\.vscode\extensions\redhat.java-1.38.0-win32-x64\jre\17.0.13-win32-x86_64\bin\jimage.dll
Event: 0.264 Loaded shared library c:\Users\Thamod Rasmitha\.vscode\extensions\redhat.java-1.38.0-win32-x64\jre\17.0.13-win32-x86_64\bin\verify.dll

Deoptimization events (20 events):
Event: 0.521 Thread 0x0000023e90b29a00 DEOPT PACKING pc=0x0000023e9508d07a sp=0x000000cd52cfd720
Event: 0.521 Thread 0x0000023e90b29a00 DEOPT UNPACKING pc=0x0000023e9c556e43 sp=0x000000cd52cfcb78 mode 0
Event: 0.521 Thread 0x0000023e90b29a00 DEOPT PACKING pc=0x0000023e9508d07a sp=0x000000cd52cfd720
Event: 0.521 Thread 0x0000023e90b29a00 DEOPT UNPACKING pc=0x0000023e9c556e43 sp=0x000000cd52cfcb78 mode 0
Event: 0.523 Thread 0x0000023e90b29a00 Uncommon trap: trap_request=0xffffffde fr.pc=0x0000023e9caafb64 relative=0x00000000000006e4
Event: 0.523 Thread 0x0000023e90b29a00 Uncommon trap: reason=class_check action=maybe_recompile pc=0x0000023e9caafb64 method=java.util.HashMap.putVal(ILjava/lang/Object;Ljava/lang/Object;ZZ)Ljava/lang/Object; @ 91 c2
Event: 0.523 Thread 0x0000023e90b29a00 DEOPT PACKING pc=0x0000023e9caafb64 sp=0x000000cd52cfdd40
Event: 0.523 Thread 0x0000023e90b29a00 DEOPT UNPACKING pc=0x0000023e9c5566a3 sp=0x000000cd52cfdce0 mode 2
Event: 0.526 Thread 0x0000023e90b29a00 Uncommon trap: trap_request=0xffffff6e fr.pc=0x0000023e9cad886c relative=0x00000000000001ec
Event: 0.526 Thread 0x0000023e90b29a00 Uncommon trap: reason=loop_limit_check action=maybe_recompile pc=0x0000023e9cad886c method=java.math.BigInteger.implMulAdd([I[IIII)I @ 26 c2
Event: 0.526 Thread 0x0000023e90b29a00 DEOPT PACKING pc=0x0000023e9cad886c sp=0x000000cd52cfd7f0
Event: 0.526 Thread 0x0000023e90b29a00 DEOPT UNPACKING pc=0x0000023e9c5566a3 sp=0x000000cd52cfd740 mode 2
Event: 0.555 Thread 0x0000023e90b29a00 Uncommon trap: trap_request=0xffffff45 fr.pc=0x0000023e9cae05f4 relative=0x0000000000000074
Event: 0.555 Thread 0x0000023e90b29a00 Uncommon trap: reason=unstable_if action=reinterpret pc=0x0000023e9cae05f4 method=jdk.internal.misc.Unsafe.convEndian(ZI)I @ 4 c2
Event: 0.555 Thread 0x0000023e90b29a00 DEOPT PACKING pc=0x0000023e9cae05f4 sp=0x000000cd52cfd9f0
Event: 0.555 Thread 0x0000023e90b29a00 DEOPT UNPACKING pc=0x0000023e9c5566a3 sp=0x000000cd52cfd920 mode 2
Event: 0.557 Thread 0x0000023e90b29a00 Uncommon trap: trap_request=0xffffff45 fr.pc=0x0000023e9cac8ba8 relative=0x0000000000000568
Event: 0.557 Thread 0x0000023e90b29a00 Uncommon trap: reason=unstable_if action=reinterpret pc=0x0000023e9cac8ba8 method=java.lang.AbstractStringBuilder.append(Ljava/lang/String;)Ljava/lang/AbstractStringBuilder; @ 1 c2
Event: 0.557 Thread 0x0000023e90b29a00 DEOPT PACKING pc=0x0000023e9cac8ba8 sp=0x000000cd52cfdd70
Event: 0.557 Thread 0x0000023e90b29a00 DEOPT UNPACKING pc=0x0000023e9c5566a3 sp=0x000000cd52cfdcf0 mode 2

Classes loaded (20 events):
Event: 0.554 Loading class java/net/FileNameMap done
Event: 0.554 Loading class java/net/URLConnection$1 done
Event: 0.554 Loading class sun/net/www/MimeTable
Event: 0.555 Loading class sun/net/www/MimeTable done
Event: 0.555 Loading class sun/net/www/MimeTable$1
Event: 0.555 Loading class sun/net/www/MimeTable$1 done
Event: 0.555 Loading class sun/net/www/MimeTable$DefaultInstanceHolder
Event: 0.555 Loading class sun/net/www/MimeTable$DefaultInstanceHolder done
Event: 0.555 Loading class sun/net/www/MimeTable$DefaultInstanceHolder$1
Event: 0.555 Loading class sun/net/www/MimeTable$DefaultInstanceHolder$1 done
Event: 0.556 Loading class java/util/Properties$EntrySet
Event: 0.556 Loading class java/util/Properties$EntrySet done
Event: 0.556 Loading class java/util/Collections$SynchronizedSet
Event: 0.556 Loading class java/util/Collections$SynchronizedCollection
Event: 0.556 Loading class java/util/Collections$SynchronizedCollection done
Event: 0.556 Loading class java/util/Collections$SynchronizedSet done
Event: 0.557 Loading class java/util/Hashtable$Enumerator
Event: 0.557 Loading class java/util/Hashtable$Enumerator done
Event: 0.557 Loading class sun/net/www/MimeEntry
Event: 0.557 Loading class sun/net/www/MimeEntry done

Classes unloaded (0 events):
No events

Classes redefined (0 events):
No events

Internal exceptions (9 events):
Event: 0.115 Thread 0x0000023e90b29a00 Exception <a 'java/lang/NoSuchMethodError'{0x00000000eacb5300}: 'void java.lang.invoke.DirectMethodHandle$Holder.invokeStatic(java.lang.Object, java.lang.Object, java.lang.Object)'> (0x00000000eacb5300) 
thrown [s\src\hotspot\share\interpreter\linkResolver.cpp, line 759]
Event: 0.300 Thread 0x0000023e90b29a00 Exception <a 'java/lang/reflect/InvocationTargetException'{0x00000000eaff9b98}> (0x00000000eaff9b98) 
thrown [s\src\hotspot\share\runtime\reflection.cpp, line 1128]
Event: 0.549 Thread 0x0000023e90b29a00 Exception <a 'java/lang/ClassNotFoundException'{0x00000000eb89c9c8}: sun/net/www/protocol/c/Handler> (0x00000000eb89c9c8) 
thrown [s\src\hotspot\share\classfile\systemDictionary.cpp, line 256]
Event: 0.554 Thread 0x0000023e90b29a00 Exception <a 'java/io/FileNotFoundException'{0x00000000eb8b4930}> (0x00000000eb8b4930) 
thrown [s\src\hotspot\share\prims\jni.cpp, line 516]
Event: 0.554 Thread 0x0000023e90b29a00 Exception <a 'java/io/FileNotFoundException'{0x00000000eb8b56b8}> (0x00000000eb8b56b8) 
thrown [s\src\hotspot\share\prims\jni.cpp, line 516]
Event: 0.554 Thread 0x0000023e90b29a00 Exception <a 'java/io/FileNotFoundException'{0x00000000eb8b6420}> (0x00000000eb8b6420) 
thrown [s\src\hotspot\share\prims\jni.cpp, line 516]
Event: 0.554 Thread 0x0000023e90b29a00 Exception <a 'java/io/FileNotFoundException'{0x00000000eb8b7168}> (0x00000000eb8b7168) 
thrown [s\src\hotspot\share\prims\jni.cpp, line 516]
Event: 0.557 Thread 0x0000023e90b29a00 Implicit null exception at 0x0000023e9cac8672 to 0x0000023e9cac8b90
Event: 0.559 Thread 0x0000023e90b29a00 Exception <a 'java/io/FileNotFoundException'{0x00000000eb8f1d70}> (0x00000000eb8f1d70) 
thrown [s\src\hotspot\share\prims\jni.cpp, line 516]

VM Operations (9 events):
Event: 0.120 Executing VM operation: HandshakeAllThreads
Event: 0.120 Executing VM operation: HandshakeAllThreads done
Event: 0.206 Executing VM operation: HandshakeAllThreads
Event: 0.206 Executing VM operation: HandshakeAllThreads done
Event: 0.535 Executing VM operation: HandshakeAllThreads
Event: 0.535 Executing VM operation: HandshakeAllThreads done
Event: 0.545 Executing VM operation: HandshakeAllThreads
Event: 0.545 Executing VM operation: HandshakeAllThreads done
Event: 1.550 Executing VM operation: Cleanup

Memory protections (0 events):
No events

Nmethod flushes (0 events):
No events

Events (14 events):
Event: 0.041 Thread 0x0000023e90b29a00 Thread added: 0x0000023e90b29a00
Event: 0.051 Thread 0x0000023e90b29a00 Thread added: 0x0000023ea6914010
Event: 0.051 Thread 0x0000023e90b29a00 Thread added: 0x0000023e90bdb720
Event: 0.067 Thread 0x0000023e90b29a00 Thread added: 0x0000023ea691bb80
Event: 0.067 Thread 0x0000023e90b29a00 Thread added: 0x0000023ea691c450
Event: 0.067 Thread 0x0000023e90b29a00 Thread added: 0x0000023ea691e030
Event: 0.067 Thread 0x0000023e90b29a00 Thread added: 0x0000023ea691e900
Event: 0.067 Thread 0x0000023e90b29a00 Thread added: 0x0000023eaba64680
Event: 0.067 Thread 0x0000023e90b29a00 Thread added: 0x0000023eaba64ba0
Event: 0.067 Thread 0x0000023e90b29a00 Thread added: 0x0000023eaba78780
Event: 0.105 Thread 0x0000023e90b29a00 Thread added: 0x0000023eabbfd730
Event: 0.127 Thread 0x0000023eaba64ba0 Thread added: 0x0000023eabc2d5f0
Event: 0.387 Thread 0x0000023e90b29a00 Thread added: 0x0000023eabd84100
Event: 0.474 Thread 0x0000023eaba64ba0 Thread added: 0x0000023ead3c5910


Dynamic libraries:
0x00007ff7dc010000 - 0x00007ff7dc01e000 	c:\Users\Thamod Rasmitha\.vscode\extensions\redhat.java-1.38.0-win32-x64\jre\17.0.13-win32-x86_64\bin\java.exe
0x00007ffa81580000 - 0x00007ffa817e3000 	C:\WINDOWS\SYSTEM32\ntdll.dll
0x00007ffa7fed0000 - 0x00007ffa7ff98000 	C:\WINDOWS\System32\KERNEL32.DLL
0x00007ffa7ed70000 - 0x00007ffa7f122000 	C:\WINDOWS\System32\KERNELBASE.dll
0x00007ffa7f160000 - 0x00007ffa7f2ab000 	C:\WINDOWS\System32\ucrtbase.dll
0x00007ffa5eaf0000 - 0x00007ffa5eb07000 	c:\Users\Thamod Rasmitha\.vscode\extensions\redhat.java-1.38.0-win32-x64\jre\17.0.13-win32-x86_64\bin\jli.dll
0x00007ffa5e7f0000 - 0x00007ffa5e80e000 	c:\Users\Thamod Rasmitha\.vscode\extensions\redhat.java-1.38.0-win32-x64\jre\17.0.13-win32-x86_64\bin\VCRUNTIME140.dll
0x00007ffa80800000 - 0x00007ffa809c8000 	C:\WINDOWS\System32\USER32.dll
0x00007ffa69400000 - 0x00007ffa69690000 	C:\WINDOWS\WinSxS\amd64_microsoft.windows.common-controls_6595b64144ccf1df_6.0.26100.2454_none_3e0b68a2e331ad60\COMCTL32.dll
0x00007ffa7f130000 - 0x00007ffa7f157000 	C:\WINDOWS\System32\win32u.dll
0x00007ffa7f8a0000 - 0x00007ffa7f949000 	C:\WINDOWS\System32\msvcrt.dll
0x00007ffa81340000 - 0x00007ffa8136a000 	C:\WINDOWS\System32\GDI32.dll
0x00007ffa7e950000 - 0x00007ffa7ea7b000 	C:\WINDOWS\System32\gdi32full.dll
0x00007ffa7ecc0000 - 0x00007ffa7ed63000 	C:\WINDOWS\System32\msvcp_win.dll
0x00007ffa811b0000 - 0x00007ffa811df000 	C:\WINDOWS\System32\IMM32.DLL
0x00007ffa6e000000 - 0x00007ffa6e00c000 	c:\Users\Thamod Rasmitha\.vscode\extensions\redhat.java-1.38.0-win32-x64\jre\17.0.13-win32-x86_64\bin\vcruntime140_1.dll
0x00007ffa5c870000 - 0x00007ffa5c8fd000 	c:\Users\Thamod Rasmitha\.vscode\extensions\redhat.java-1.38.0-win32-x64\jre\17.0.13-win32-x86_64\bin\msvcp140.dll
0x00007ff9a1280000 - 0x00007ff9a1eeb000 	c:\Users\Thamod Rasmitha\.vscode\extensions\redhat.java-1.38.0-win32-x64\jre\17.0.13-win32-x86_64\bin\server\jvm.dll
0x00007ffa81370000 - 0x00007ffa81424000 	C:\WINDOWS\System32\ADVAPI32.dll
0x00007ffa811f0000 - 0x00007ffa81296000 	C:\WINDOWS\System32\sechost.dll
0x00007ffa7ffa0000 - 0x00007ffa800b6000 	C:\WINDOWS\System32\RPCRT4.dll
0x00007ffa800d0000 - 0x00007ffa80144000 	C:\WINDOWS\System32\WS2_32.dll
0x00007ffa7d620000 - 0x00007ffa7d66e000 	C:\WINDOWS\SYSTEM32\POWRPROF.dll
0x00007ffa74990000 - 0x00007ffa7499b000 	C:\WINDOWS\SYSTEM32\VERSION.dll
0x00007ffa74a90000 - 0x00007ffa74ac6000 	C:\WINDOWS\SYSTEM32\WINMM.dll
0x00007ffa7d600000 - 0x00007ffa7d614000 	C:\WINDOWS\SYSTEM32\UMPDC.dll
0x00007ffa7d8a0000 - 0x00007ffa7d8ba000 	C:\WINDOWS\SYSTEM32\kernel.appcore.dll
0x00007ffa69d70000 - 0x00007ffa69d7a000 	c:\Users\Thamod Rasmitha\.vscode\extensions\redhat.java-1.38.0-win32-x64\jre\17.0.13-win32-x86_64\bin\jimage.dll
0x00007ffa7c230000 - 0x00007ffa7c471000 	C:\WINDOWS\SYSTEM32\DBGHELP.DLL
0x00007ffa802b0000 - 0x00007ffa8062e000 	C:\WINDOWS\System32\combase.dll
0x00007ffa80640000 - 0x00007ffa80716000 	C:\WINDOWS\System32\OLEAUT32.dll
0x00007ffa69b80000 - 0x00007ffa69bb9000 	C:\WINDOWS\SYSTEM32\dbgcore.DLL
0x00007ffa7f2b0000 - 0x00007ffa7f349000 	C:\WINDOWS\System32\bcryptPrimitives.dll
0x00007ffa68070000 - 0x00007ffa6807e000 	c:\Users\Thamod Rasmitha\.vscode\extensions\redhat.java-1.38.0-win32-x64\jre\17.0.13-win32-x86_64\bin\instrument.dll
0x00007ffa5e7c0000 - 0x00007ffa5e7e5000 	c:\Users\Thamod Rasmitha\.vscode\extensions\redhat.java-1.38.0-win32-x64\jre\17.0.13-win32-x86_64\bin\java.dll
0x00007ffa5e7a0000 - 0x00007ffa5e7b8000 	c:\Users\Thamod Rasmitha\.vscode\extensions\redhat.java-1.38.0-win32-x64\jre\17.0.13-win32-x86_64\bin\zip.dll
0x00007ffa80aa0000 - 0x00007ffa811a0000 	C:\WINDOWS\System32\SHELL32.dll
0x00007ffa7c6c0000 - 0x00007ffa7cef1000 	C:\WINDOWS\SYSTEM32\windows.storage.dll
0x00007ffa80720000 - 0x00007ffa807fa000 	C:\WINDOWS\System32\SHCORE.dll
0x00007ffa7f670000 - 0x00007ffa7f6cd000 	C:\WINDOWS\System32\shlwapi.dll
0x00007ffa7e860000 - 0x00007ffa7e88e000 	C:\WINDOWS\SYSTEM32\profapi.dll
0x00007ffa59620000 - 0x00007ffa59639000 	C:\Users\Thamod Rasmitha\.vscode\extensions\redhat.java-1.38.0-win32-x64\jre\17.0.13-win32-x86_64\bin\net.dll
0x00007ffa799b0000 - 0x00007ffa79ad6000 	C:\WINDOWS\SYSTEM32\WINHTTP.dll
0x00007ffa7dda0000 - 0x00007ffa7de08000 	C:\WINDOWS\system32\mswsock.dll
0x00007ffa59600000 - 0x00007ffa59616000 	C:\Users\Thamod Rasmitha\.vscode\extensions\redhat.java-1.38.0-win32-x64\jre\17.0.13-win32-x86_64\bin\nio.dll
0x00007ffa5eb40000 - 0x00007ffa5eb50000 	c:\Users\Thamod Rasmitha\.vscode\extensions\redhat.java-1.38.0-win32-x64\jre\17.0.13-win32-x86_64\bin\verify.dll

dbghelp: loaded successfully - version: 4.0.5 - missing functions: none
symbol engine: initialized successfully - sym options: 0x614 - pdb path: .;c:\Users\Thamod Rasmitha\.vscode\extensions\redhat.java-1.38.0-win32-x64\jre\17.0.13-win32-x86_64\bin;C:\WINDOWS\SYSTEM32;C:\WINDOWS\WinSxS\amd64_microsoft.windows.common-controls_6595b64144ccf1df_6.0.26100.2454_none_3e0b68a2e331ad60;c:\Users\Thamod Rasmitha\.vscode\extensions\redhat.java-1.38.0-win32-x64\jre\17.0.13-win32-x86_64\bin\server

VM Arguments:
jvm_args: --add-modules=ALL-SYSTEM --add-opens=java.base/java.util=ALL-UNNAMED --add-opens=java.base/java.lang=ALL-UNNAMED --add-opens=java.base/sun.nio.fs=ALL-UNNAMED -Declipse.application=org.eclipse.jdt.ls.core.id1 -Dosgi.bundles.defaultStartLevel=4 -Declipse.product=org.eclipse.jdt.ls.core.product -Djava.import.generatesMetadataFilesAtProjectRoot=false -DDetectVMInstallationsJob.disabled=true -Dfile.encoding=utf8 -XX:+UseParallelGC -XX:GCTimeRatio=4 -XX:AdaptiveSizePolicyWeight=90 -Dsun.zip.disableMemoryMapping=true -Xmx1G -Xms100m -Xlog:disable -javaagent:c:\Users\Thamod Rasmitha\.vscode\extensions\redhat.java-1.38.0-win32-x64\lombok\lombok-1.18.34.jar 
java_command: c:\Users\Thamod Rasmitha\.vscode\extensions\redhat.java-1.38.0-win32-x64\server\plugins\org.eclipse.equinox.launcher_1.6.900.v20240613-2009.jar -configuration c:\Users\Thamod Rasmitha\AppData\Roaming\Code\User\globalStorage\redhat.java\1.38.0\config_ss_win -data c:\Users\Thamod Rasmitha\AppData\Roaming\Code\User\workspaceStorage\7f555c1f595b27d0cbdb33352e7db12f\redhat.java\ss_ws --pipe=\\.\pipe\lsp-b94e29ab3d2c53b021b26286b388276c-sock
java_class_path (initial): c:\Users\Thamod Rasmitha\.vscode\extensions\redhat.java-1.38.0-win32-x64\server\plugins\org.eclipse.equinox.launcher_1.6.900.v20240613-2009.jar
Launcher Type: SUN_STANDARD

[Global flags]
    uintx AdaptiveSizePolicyWeight                 = 90                                        {product} {command line}
     intx CICompilerCount                          = 4                                         {product} {ergonomic}
    uintx GCTimeRatio                              = 4                                         {product} {command line}
   size_t InitialHeapSize                          = 104857600                                 {product} {command line}
   size_t MaxHeapSize                              = 1073741824                                {product} {command line}
   size_t MaxNewSize                               = 357564416                                 {product} {ergonomic}
   size_t MinHeapDeltaBytes                        = 524288                                    {product} {ergonomic}
   size_t MinHeapSize                              = 104857600                                 {product} {command line}
   size_t NewSize                                  = 34603008                                  {product} {ergonomic}
    uintx NonNMethodCodeHeapSize                   = 5839372                                {pd product} {ergonomic}
    uintx NonProfiledCodeHeapSize                  = 122909434                              {pd product} {ergonomic}
   size_t OldSize                                  = 70254592                                  {product} {ergonomic}
    uintx ProfiledCodeHeapSize                     = 122909434                              {pd product} {ergonomic}
    uintx ReservedCodeCacheSize                    = 251658240                              {pd product} {ergonomic}
     bool SegmentedCodeCache                       = true                                      {product} {ergonomic}
   size_t SoftMaxHeapSize                          = 1073741824                             {manageable} {ergonomic}
     bool UseCompressedClassPointers               = true                           {product lp64_product} {ergonomic}
     bool UseCompressedOops                        = true                           {product lp64_product} {ergonomic}
     bool UseLargePagesIndividualAllocation        = false                                  {pd product} {ergonomic}
     bool UseParallelGC                            = true                                      {product} {command line}

Logging:
Log output configuration:
 #0: stdout all=off uptime,level,tags
 #1: stderr all=off uptime,level,tags

Environment Variables:
PATH=C:\Program Files (x86)\Common Files\Oracle\Java\javapath;C:\oracles\dbhomeXE\bin;C:\Python311\Scripts\;C:\Python311\;C:\WINDOWS\system32;C:\WINDOWS;C:\WINDOWS\System32\Wbem;C:\WINDOWS\System32\WindowsPowerShell\v1.0\;C:\WINDOWS\System32\OpenSSH\;C:\Program Files\Java\jdk1.8.0_351\bin;C:\Program Files\Java\jre1.8.0_351\bin;C:\ProgramData\chocolatey\bin;C:\Program Files\Git\cmd;C:\Program Files\nodejs\;C:\Program Files\MATLAB\R2023a\runtime\win64;C:\Program Files\MATLAB\R2023a\bin;C:\Program Files (x86)\Microsoft SQL Server\160\DTS\Binn\;C:\Program Files (x86)\Microsoft SQL Server\160\Tools\Binn\;C:\Program Files\Microsoft SQL Server\160\Tools\Binn\;C:\Program Files\Microsoft SQL Server\Client SDK\ODBC\170\Tools\Binn\;C:\Program Files\Microsoft SQL Server\160\DTS\Binn\;C:\Program Files\Microsoft SQL Server\150\Tools\Binn\;C:\Program Files\PowerShell\7\;D:\Software\mongoDb\mongosh-2.3.3-win32-x64\mongosh-2.3.3-win32-x64\bin;C:\Users\Thamod Rasmitha\AppData\Local\Microsoft\WindowsApps;C:\Program Files\JetBrains\IntelliJ IDEA Community Edition 2022.3.1\bin;;C:\Users\Thamod Rasmitha\AppData\Local\Programs\Microsoft VS Code\bin;C:\flutter\bin;C:\Users\Thamod Rasmitha\AppData\Local\Pub\Cache\bin;C:\Users\Thamod Rasmitha\AppData\Roaming\npm;
USERNAME=Thamod Rasmitha
OS=Windows_NT
PROCESSOR_IDENTIFIER=AMD64 Family 23 Model 104 Stepping 1, AuthenticAMD
TMP=C:\Users\THAMOD~1\AppData\Local\Temp
TEMP=C:\Users\THAMOD~1\AppData\Local\Temp



Periodic native trim disabled


---------------  S Y S T E M  ---------------

OS:
 Windows 11 , 64 bit Build 26100 (10.0.26100.2454)
OS uptime: 0 days 1:57 hours

CPU: total 12 (initial active 12) (12 cores per cpu, 2 threads per core) family 23 model 104 stepping 1 microcode 0x8608104, cx8, cmov, fxsr, ht, mmx, 3dnowpref, sse, sse2, sse3, ssse3, sse4a, sse4.1, sse4.2, popcnt, lzcnt, tsc, tscinvbit, avx, avx2, aes, clmul, bmi1, bmi2, adx, sha, fma, vzeroupper, clflush, clflushopt
Processor Information for all 12 processors :
  Max Mhz: 2100, Current Mhz: 2100, Mhz Limit: 2100

Memory: 4k page, system-wide physical 15753M (6012M free)
TotalPageFile size 15753M (AvailPageFile size 3M)
current process WorkingSet (physical memory assigned to process): 62M, peak: 62M
current process commit charge ("private bytes"): 205M, peak: 205M

vm_info: OpenJDK 64-Bit Server VM (17.0.13+11) for windows-amd64 JRE (17.0.13+11), built on Oct 16 2024 00:10:08 by "admin" with MS VC++ 17.7 (VS2022)

END.
