#
# There is insufficient memory for the Java Runtime Environment to continue.
# Native memory allocation (malloc) failed to allocate 2285728 bytes. Error detail: Chunk::new
# Possible reasons:
#   The system is out of physical RAM or swap space
#   This process is running with CompressedOops enabled, and the Java Heap may be blocking the growth of the native heap
# Possible solutions:
#   Reduce memory load on the system
#   Increase physical memory or swap space
#   Check if swap backing store is full
#   Decrease Java heap size (-Xmx/-Xms)
#   Decrease number of Java threads
#   Decrease Java thread stack sizes (-Xss)
#   Set larger code cache with -XX:ReservedCodeCacheSize=
#   JVM is running with Unscaled Compressed Oops mode in which the Java heap is
#     placed in the first 4GB address space. The Java Heap base address is the
#     maximum limit for the native heap growth. Please use -XX:HeapBaseMinAddress
#     to set the Java Heap base and to place the Java Heap above 4GB virtual address.
# This output file may be truncated or incomplete.
#
#  Out of Memory Error (arena.cpp:168), pid=13924, tid=20712
#
# JRE version: OpenJDK Runtime Environment Temurin-21.0.5+11 (21.0.5+11) (build 21.0.5+11-LTS)
# Java VM: OpenJDK 64-Bit Server VM Temurin-21.0.5+11 (21.0.5+11-LTS, mixed mode, sharing, tiered, compressed oops, compressed class ptrs, parallel gc, windows-amd64)
# No core dump will be written. Minidumps are not enabled by default on client versions of Windows
#

---------------  S U M M A R Y ------------

Command Line: --add-modules=ALL-SYSTEM --add-opens=java.base/java.util=ALL-UNNAMED --add-opens=java.base/java.lang=ALL-UNNAMED --add-opens=java.base/sun.nio.fs=ALL-UNNAMED -Declipse.application=org.eclipse.jdt.ls.core.id1 -Dosgi.bundles.defaultStartLevel=4 -Declipse.product=org.eclipse.jdt.ls.core.product -Djava.import.generatesMetadataFilesAtProjectRoot=false -DDetectVMInstallationsJob.disabled=true -Dfile.encoding=utf8 -XX:+UseParallelGC -XX:GCTimeRatio=4 -XX:AdaptiveSizePolicyWeight=90 -Dsun.zip.disableMemoryMapping=true -Xmx1G -Xms100m -Xlog:disable -javaagent:c:\Users\Thamod Rasmitha\.vscode\extensions\redhat.java-1.39.0-win32-x64\lombok\lombok-1.18.34.jar -XX:+HeapDumpOnOutOfMemoryError -XX:HeapDumpPath=c:\Users\Thamod Rasmitha\AppData\Roaming\Code\User\workspaceStorage\0fc330c9d57e3cde6f27104cd894d95e\redhat.java -Daether.dependencyCollector.impl=bf c:\Users\Thamod Rasmitha\.vscode\extensions\redhat.java-1.39.0-win32-x64\server\plugins\org.eclipse.equinox.launcher_1.6.900.v20240613-2009.jar -configuration c:\Users\Thamod Rasmitha\AppData\Roaming\Code\User\globalStorage\redhat.java\1.39.0\config_win -data c:\Users\Thamod Rasmitha\AppData\Roaming\Code\User\workspaceStorage\0fc330c9d57e3cde6f27104cd894d95e\redhat.java\jdt_ws --pipe=\\.\pipe\lsp-52f47fca81028ea035b81996d766506a-sock

Host: AMD Ryzen 5 5500U with Radeon Graphics         , 12 cores, 15G,  Windows 11 , 64 bit Build 26100 (10.0.26100.3037)
Time: Fri Feb 28 09:07:19 2025 Sri Lanka Standard Time elapsed time: 82.463004 seconds (0d 0h 1m 22s)

---------------  T H R E A D  ---------------

Current thread (0x00000205037abdc0):  JavaThread "C2 CompilerThread0" daemon [_thread_in_native, id=20712, stack(0x000000fe21700000,0x000000fe21800000) (1024K)]


Current CompileTask:
C2:82463 14996   !   4       org.eclipse.jdt.internal.compiler.classfmt.ClassFileReader::<init> (2135 bytes)

Stack: [0x000000fe21700000,0x000000fe21800000]
Native frames: (J=compiled Java code, j=interpreted, Vv=VM code, C=native code)
V  [jvm.dll+0x6cd4e9]
V  [jvm.dll+0x8a7941]
V  [jvm.dll+0x8a9e6e]
V  [jvm.dll+0x8aa543]
V  [jvm.dll+0x27f6d6]
V  [jvm.dll+0xc500d]
V  [jvm.dll+0xc5543]
V  [jvm.dll+0x3b660c]
V  [jvm.dll+0x1dffe9]
V  [jvm.dll+0x247b22]
V  [jvm.dll+0x246faf]
V  [jvm.dll+0x1c75ce]
V  [jvm.dll+0x25682a]
V  [jvm.dll+0x254dca]
V  [jvm.dll+0x3f00d6]
V  [jvm.dll+0x8514fb]
V  [jvm.dll+0x6cbbed]
C  [ucrtbase.dll+0x37b0]
C  [KERNEL32.DLL+0x2e8d7]
C  [ntdll.dll+0xbbf2c]


---------------  P R O C E S S  ---------------

Threads class SMR info:
_java_thread_list=0x0000020560aaa730, length=75, elements={
0x00000205036faf00, 0x00000205037a43c0, 0x0000020517c4d410, 0x00000205037a55b0,
0x00000205037a7ad0, 0x00000205037a8650, 0x00000205037ad590, 0x00000205037abdc0,
0x000002055a1884f0, 0x000002055a240120, 0x000002055a497a10, 0x000002055a4e9690,
0x00000205601b04e0, 0x00000205601b0f10, 0x000002055b9d4690, 0x00000205604ba490,
0x000002056030a090, 0x000002055b788e00, 0x000002055b7873c0, 0x000002055b789490,
0x000002055b788770, 0x000002055b786010, 0x000002055b7866a0, 0x000002055b786d30,
0x000002055b787a50, 0x000002055b7880e0, 0x0000020560d0fe50, 0x0000020560d0eaa0,
0x0000020560d0f130, 0x0000020560d104e0, 0x0000020560d10b70, 0x0000020560d0f7c0,
0x0000020560d11200, 0x0000020560d0dd80, 0x0000020560d11890, 0x0000020560d0e410,
0x0000020560d11f20, 0x0000020560d153a0, 0x0000020560d125b0, 0x0000020560d14d10,
0x0000020560d132d0, 0x0000020560d13960, 0x0000020563ea0b90, 0x0000020563ea0500,
0x0000020563ea25d0, 0x0000020563ea18b0, 0x0000020563e9fe70, 0x0000020563e9f150,
0x0000020563ea2c60, 0x0000020563e9f7e0, 0x0000020563ea4d30, 0x0000020563ea32f0,
0x0000020563ea3980, 0x0000020563ea4010, 0x0000020563ea46a0, 0x0000020560d14680,
0x000002056338a1a0, 0x000002056338bbe0, 0x000002056338dcb0, 0x000002056338b550,
0x000002056338c270, 0x000002056338c900, 0x000002056338aec0, 0x000002056338cf90,
0x000002056338d620, 0x000002056338a830, 0x000002056338fd80, 0x0000020563390410,
0x0000020563391130, 0x000002056338e340, 0x00000205633917c0, 0x000002056338e9d0,
0x000002056338f6f0, 0x0000020562d539d0, 0x0000020562556cb0
}

Java Threads: ( => current thread )
  0x00000205036faf00 JavaThread "main"                              [_thread_blocked, id=20348, stack(0x000000fe20d00000,0x000000fe20e00000) (1024K)]
  0x00000205037a43c0 JavaThread "Reference Handler"          daemon [_thread_blocked, id=22796, stack(0x000000fe21100000,0x000000fe21200000) (1024K)]
  0x0000020517c4d410 JavaThread "Finalizer"                  daemon [_thread_blocked, id=18660, stack(0x000000fe21200000,0x000000fe21300000) (1024K)]
  0x00000205037a55b0 JavaThread "Signal Dispatcher"          daemon [_thread_blocked, id=19912, stack(0x000000fe21300000,0x000000fe21400000) (1024K)]
  0x00000205037a7ad0 JavaThread "Attach Listener"            daemon [_thread_blocked, id=21928, stack(0x000000fe21400000,0x000000fe21500000) (1024K)]
  0x00000205037a8650 JavaThread "Service Thread"             daemon [_thread_blocked, id=2464, stack(0x000000fe21500000,0x000000fe21600000) (1024K)]
  0x00000205037ad590 JavaThread "Monitor Deflation Thread"   daemon [_thread_blocked, id=19328, stack(0x000000fe21600000,0x000000fe21700000) (1024K)]
=>0x00000205037abdc0 JavaThread "C2 CompilerThread0"         daemon [_thread_in_native, id=20712, stack(0x000000fe21700000,0x000000fe21800000) (1024K)]
  0x000002055a1884f0 JavaThread "C1 CompilerThread0"         daemon [_thread_blocked, id=13756, stack(0x000000fe21800000,0x000000fe21900000) (1024K)]
  0x000002055a240120 JavaThread "Common-Cleaner"             daemon [_thread_blocked, id=20048, stack(0x000000fe21900000,0x000000fe21a00000) (1024K)]
  0x000002055a497a10 JavaThread "Notification Thread"        daemon [_thread_blocked, id=16416, stack(0x000000fe21a00000,0x000000fe21b00000) (1024K)]
  0x000002055a4e9690 JavaThread "Active Thread: Equinox Container: 793ce3a3-5c9b-4e8e-86dc-93d53d47d3bf"        [_thread_blocked, id=16304, stack(0x000000fe22300000,0x000000fe22400000) (1024K)]
  0x00000205601b04e0 JavaThread "Refresh Thread: Equinox Container: 793ce3a3-5c9b-4e8e-86dc-93d53d47d3bf" daemon [_thread_blocked, id=19256, stack(0x000000fe21b00000,0x000000fe21c00000) (1024K)]
  0x00000205601b0f10 JavaThread "Framework Event Dispatcher: Equinox Container: 793ce3a3-5c9b-4e8e-86dc-93d53d47d3bf" daemon [_thread_blocked, id=20876, stack(0x000000fe22400000,0x000000fe22500000) (1024K)]
  0x000002055b9d4690 JavaThread "Start Level: Equinox Container: 793ce3a3-5c9b-4e8e-86dc-93d53d47d3bf" daemon [_thread_blocked, id=19852, stack(0x000000fe22500000,0x000000fe22600000) (1024K)]
  0x00000205604ba490 JavaThread "Bundle File Closer"         daemon [_thread_blocked, id=22752, stack(0x000000fe22700000,0x000000fe22800000) (1024K)]
  0x000002056030a090 JavaThread "SCR Component Actor"        daemon [_thread_blocked, id=7620, stack(0x000000fe22900000,0x000000fe22a00000) (1024K)]
  0x000002055b788e00 JavaThread "Worker-JM"                         [_thread_blocked, id=3172, stack(0x000000fe22c00000,0x000000fe22d00000) (1024K)]
  0x000002055b7873c0 JavaThread "Worker-0"                          [_thread_blocked, id=12384, stack(0x000000fe22d00000,0x000000fe22e00000) (1024K)]
  0x000002055b789490 JavaThread "Worker-1: Java indexing... "        [_thread_blocked, id=13912, stack(0x000000fe22e00000,0x000000fe22f00000) (1024K)]
  0x000002055b788770 JavaThread "Java indexing"              daemon [_thread_in_native, id=19340, stack(0x000000fe23000000,0x000000fe23100000) (1024K)]
  0x000002055b786010 JavaThread "Worker-2: Initialize Workspace"        [_thread_blocked, id=17988, stack(0x000000fe23100000,0x000000fe23200000) (1024K)]
  0x000002055b7866a0 JavaThread "Worker-3"                          [_thread_blocked, id=18416, stack(0x000000fe23200000,0x000000fe23300000) (1024K)]
  0x000002055b786d30 JavaThread "JNA Cleaner"                daemon [_thread_blocked, id=23464, stack(0x000000fe23300000,0x000000fe23400000) (1024K)]
  0x000002055b787a50 JavaThread "Worker-4: Check JDK Index"         [_thread_blocked, id=20844, stack(0x000000fe23600000,0x000000fe23700000) (1024K)]
  0x000002055b7880e0 JavaThread "Worker-5"                          [_thread_blocked, id=8224, stack(0x000000fe23700000,0x000000fe23800000) (1024K)]
  0x0000020560d0fe50 JavaThread "Thread-2"                   daemon [_thread_in_native, id=20540, stack(0x000000fe23800000,0x000000fe23900000) (1024K)]
  0x0000020560d0eaa0 JavaThread "Thread-3"                   daemon [_thread_in_native, id=15648, stack(0x000000fe23900000,0x000000fe23a00000) (1024K)]
  0x0000020560d0f130 JavaThread "Thread-4"                   daemon [_thread_in_native, id=2220, stack(0x000000fe23a00000,0x000000fe23b00000) (1024K)]
  0x0000020560d104e0 JavaThread "Thread-5"                   daemon [_thread_in_native, id=19808, stack(0x000000fe23b00000,0x000000fe23c00000) (1024K)]
  0x0000020560d10b70 JavaThread "Thread-6"                   daemon [_thread_in_native, id=1616, stack(0x000000fe23c00000,0x000000fe23d00000) (1024K)]
  0x0000020560d0f7c0 JavaThread "Thread-7"                   daemon [_thread_in_native, id=17312, stack(0x000000fe23d00000,0x000000fe23e00000) (1024K)]
  0x0000020560d11200 JavaThread "Thread-8"                   daemon [_thread_in_native, id=22652, stack(0x000000fe23e00000,0x000000fe23f00000) (1024K)]
  0x0000020560d0dd80 JavaThread "Thread-9"                   daemon [_thread_in_native, id=11636, stack(0x000000fe23f00000,0x000000fe24000000) (1024K)]
  0x0000020560d11890 JavaThread "Thread-10"                  daemon [_thread_in_native, id=8980, stack(0x000000fe24000000,0x000000fe24100000) (1024K)]
  0x0000020560d0e410 JavaThread "Thread-11"                  daemon [_thread_in_native, id=1452, stack(0x000000fe24100000,0x000000fe24200000) (1024K)]
  0x0000020560d11f20 JavaThread "Thread-12"                  daemon [_thread_in_native, id=20512, stack(0x000000fe24200000,0x000000fe24300000) (1024K)]
  0x0000020560d153a0 JavaThread "Thread-13"                  daemon [_thread_in_native, id=23332, stack(0x000000fe24300000,0x000000fe24400000) (1024K)]
  0x0000020560d125b0 JavaThread "Thread-14"                  daemon [_thread_in_native, id=20580, stack(0x000000fe24400000,0x000000fe24500000) (1024K)]
  0x0000020560d14d10 JavaThread "pool-2-thread-1"                   [_thread_blocked, id=7052, stack(0x000000fe20a00000,0x000000fe20b00000) (1024K)]
  0x0000020560d132d0 JavaThread "WorkspaceEventsHandler"            [_thread_blocked, id=2620, stack(0x000000fe24500000,0x000000fe24600000) (1024K)]
  0x0000020560d13960 JavaThread "pool-1-thread-1"                   [_thread_blocked, id=20528, stack(0x000000fe24600000,0x000000fe24700000) (1024K)]
  0x0000020563ea0b90 JavaThread "ForkJoinPool.commonPool-worker-1" daemon [_thread_blocked, id=13396, stack(0x000000fe22a00000,0x000000fe22b00000) (1024K)]
  0x0000020563ea0500 JavaThread "ForkJoinPool.commonPool-worker-2" daemon [_thread_blocked, id=16280, stack(0x000000fe24800000,0x000000fe24900000) (1024K)]
  0x0000020563ea25d0 JavaThread "ForkJoinPool.commonPool-worker-3" daemon [_thread_blocked, id=13820, stack(0x000000fe24900000,0x000000fe24a00000) (1024K)]
  0x0000020563ea18b0 JavaThread "Worker-6"                          [_thread_blocked, id=21348, stack(0x000000fe24a00000,0x000000fe24b00000) (1024K)]
  0x0000020563e9fe70 JavaThread "ForkJoinPool.commonPool-worker-4" daemon [_thread_blocked, id=16796, stack(0x000000fe24b00000,0x000000fe24c00000) (1024K)]
  0x0000020563e9f150 JavaThread "Compiler Source File Reader" daemon [_thread_blocked, id=17008, stack(0x000000fe24c00000,0x000000fe24d00000) (1024K)]
  0x0000020563ea2c60 JavaThread "Compiler Source File Reader" daemon [_thread_blocked, id=2212, stack(0x000000fe24d00000,0x000000fe24e00000) (1024K)]
  0x0000020563e9f7e0 JavaThread "Compiler Source File Reader" daemon [_thread_blocked, id=16208, stack(0x000000fe24e00000,0x000000fe24f00000) (1024K)]
  0x0000020563ea4d30 JavaThread "Compiler Source File Reader" daemon [_thread_blocked, id=11208, stack(0x000000fe24f00000,0x000000fe25000000) (1024K)]
  0x0000020563ea32f0 JavaThread "Compiler Source File Reader" daemon [_thread_blocked, id=708, stack(0x000000fe25000000,0x000000fe25100000) (1024K)]
  0x0000020563ea3980 JavaThread "Compiler Source File Reader" daemon [_thread_blocked, id=21552, stack(0x000000fe25100000,0x000000fe25200000) (1024K)]
  0x0000020563ea4010 JavaThread "Compiler Source File Reader" daemon [_thread_blocked, id=11688, stack(0x000000fe25200000,0x000000fe25300000) (1024K)]
  0x0000020563ea46a0 JavaThread "Compiler Source File Reader" daemon [_thread_blocked, id=10696, stack(0x000000fe25300000,0x000000fe25400000) (1024K)]
  0x0000020560d14680 JavaThread "Compiler Source File Reader" daemon [_thread_blocked, id=21412, stack(0x000000fe25400000,0x000000fe25500000) (1024K)]
  0x000002056338a1a0 JavaThread "Compiler Source File Reader" daemon [_thread_blocked, id=19688, stack(0x000000fe25500000,0x000000fe25600000) (1024K)]
  0x000002056338bbe0 JavaThread "Compiler Processing Task"   daemon [_thread_blocked, id=352, stack(0x000000fe25600000,0x000000fe25700000) (1024K)]
  0x000002056338dcb0 JavaThread "Compiler Class File Writer" daemon [_thread_blocked, id=11896, stack(0x000000fe25700000,0x000000fe25800000) (1024K)]
  0x000002056338b550 JavaThread "Compiler Class File Writer" daemon [_thread_blocked, id=12324, stack(0x000000fe25800000,0x000000fe25900000) (1024K)]
  0x000002056338c270 JavaThread "Compiler Class File Writer" daemon [_thread_blocked, id=23360, stack(0x000000fe25900000,0x000000fe25a00000) (1024K)]
  0x000002056338c900 JavaThread "Compiler Class File Writer" daemon [_thread_blocked, id=16052, stack(0x000000fe25a00000,0x000000fe25b00000) (1024K)]
  0x000002056338aec0 JavaThread "Compiler Class File Writer" daemon [_thread_blocked, id=22692, stack(0x000000fe25b00000,0x000000fe25c00000) (1024K)]
  0x000002056338cf90 JavaThread "Compiler Class File Writer" daemon [_thread_blocked, id=16700, stack(0x000000fe25c00000,0x000000fe25d00000) (1024K)]
  0x000002056338d620 JavaThread "Compiler Class File Writer" daemon [_thread_blocked, id=17828, stack(0x000000fe25d00000,0x000000fe25e00000) (1024K)]
  0x000002056338a830 JavaThread "Compiler Class File Writer" daemon [_thread_blocked, id=16640, stack(0x000000fe25e00000,0x000000fe25f00000) (1024K)]
  0x000002056338fd80 JavaThread "Compiler Class File Writer" daemon [_thread_blocked, id=18684, stack(0x000000fe25f00000,0x000000fe26000000) (1024K)]
  0x0000020563390410 JavaThread "Compiler Class File Writer" daemon [_thread_blocked, id=8016, stack(0x000000fe26000000,0x000000fe26100000) (1024K)]
  0x0000020563391130 JavaThread "ForkJoinPool.commonPool-worker-5" daemon [_thread_blocked, id=17116, stack(0x000000fe26100000,0x000000fe26200000) (1024K)]
  0x000002056338e340 JavaThread "ForkJoinPool.commonPool-worker-6" daemon [_thread_blocked, id=23504, stack(0x000000fe26200000,0x000000fe26300000) (1024K)]
  0x00000205633917c0 JavaThread "ForkJoinPool.commonPool-worker-7" daemon [_thread_blocked, id=6456, stack(0x000000fe26300000,0x000000fe26400000) (1024K)]
  0x000002056338e9d0 JavaThread "ForkJoinPool.commonPool-worker-8" daemon [_thread_blocked, id=4044, stack(0x000000fe26400000,0x000000fe26500000) (1024K)]
  0x000002056338f6f0 JavaThread "ForkJoinPool.commonPool-worker-9" daemon [_thread_blocked, id=11540, stack(0x000000fe26500000,0x000000fe26600000) (1024K)]
  0x0000020562d539d0 JavaThread "Cleaner-0"                  daemon [_thread_blocked, id=23380, stack(0x000000fe26600000,0x000000fe26700000) (1024K)]
  0x0000020562556cb0 JavaThread "C2 CompilerThread1"         daemon [_thread_in_native, id=22520, stack(0x000000fe22b00000,0x000000fe22c00000) (1024K)]
Total: 75

Other Threads:
  0x000002050379f8e0 VMThread "VM Thread"                           [id=17600, stack(0x000000fe21000000,0x000000fe21100000) (1024K)]
  0x000002050376b780 WatcherThread "VM Periodic Task Thread"        [id=10492, stack(0x000000fe20f00000,0x000000fe21000000) (1024K)]
  0x000002050371a4b0 WorkerThread "GC Thread#0"                     [id=4508, stack(0x000000fe20e00000,0x000000fe20f00000) (1024K)]
  0x000002055b7fa840 WorkerThread "GC Thread#1"                     [id=8056, stack(0x000000fe21d00000,0x000000fe21e00000) (1024K)]
  0x000002055b7fabe0 WorkerThread "GC Thread#2"                     [id=14300, stack(0x000000fe21e00000,0x000000fe21f00000) (1024K)]
  0x000002055b7faf80 WorkerThread "GC Thread#3"                     [id=12612, stack(0x000000fe21f00000,0x000000fe22000000) (1024K)]
  0x000002055b8913a0 WorkerThread "GC Thread#4"                     [id=15788, stack(0x000000fe22000000,0x000000fe22100000) (1024K)]
  0x000002055b891740 WorkerThread "GC Thread#5"                     [id=23528, stack(0x000000fe22100000,0x000000fe22200000) (1024K)]
  0x000002055b891ae0 WorkerThread "GC Thread#6"                     [id=21444, stack(0x000000fe22200000,0x000000fe22300000) (1024K)]
  0x000002055a499860 WorkerThread "GC Thread#7"                     [id=10188, stack(0x000000fe21c00000,0x000000fe21d00000) (1024K)]
  0x0000020560357c70 WorkerThread "GC Thread#8"                     [id=17580, stack(0x000000fe22600000,0x000000fe22700000) (1024K)]
  0x00000205605a5dd0 WorkerThread "GC Thread#9"                     [id=23524, stack(0x000000fe22800000,0x000000fe22900000) (1024K)]
Total: 12

Threads with active compile tasks:
C2 CompilerThread0  82534 14996   !   4       org.eclipse.jdt.internal.compiler.classfmt.ClassFileReader::<init> (2135 bytes)
C2 CompilerThread1  82534 14997       4       org.eclipse.jdt.internal.compiler.classfmt.AnnotationInfo::decodeDefaultValue (871 bytes)
Total: 2

VM state: not at safepoint (normal execution)

VM Mutex/Monitor currently owned by a thread: None

Heap address: 0x00000000c0000000, size: 1024 MB, Compressed Oops mode: 32-bit

CDS archive(s) mapped at: [0x0000020518000000-0x0000020518ba0000-0x0000020518ba0000), size 12189696, SharedBaseAddress: 0x0000020518000000, ArchiveRelocationMode: 1.
Compressed class space mapped at: 0x0000020519000000-0x0000020559000000, reserved size: 1073741824
Narrow klass base: 0x0000020518000000, Narrow klass shift: 0, Narrow klass range: 0x100000000

GC Precious Log:
 CardTable entry size: 512
 CPUs: 12 total, 12 available
 Memory: 15753M
 Large Page Support: Disabled
 NUMA Support: Disabled
 Compressed Oops: Enabled (32-bit)
 Alignments: Space 512K, Generation 512K, Heap 2M
 Heap Min Capacity: 100M
 Heap Initial Capacity: 100M
 Heap Max Capacity: 1G
 Pre-touch: Disabled
 Parallel Workers: 10

Heap:
 PSYoungGen      total 3072K, used 877K [0x00000000eab00000, 0x00000000eb080000, 0x0000000100000000)
  eden space 2560K, 14% used [0x00000000eab00000,0x00000000eab5b610,0x00000000ead80000)
  from space 512K, 100% used [0x00000000eae00000,0x00000000eae80000,0x00000000eae80000)
  to   space 1536K, 0% used [0x00000000eaf00000,0x00000000eaf00000,0x00000000eb080000)
 ParOldGen       total 646656K, used 646561K [0x00000000c0000000, 0x00000000e7780000, 0x00000000eab00000)
  object space 646656K, 99% used [0x00000000c0000000,0x00000000e77684f8,0x00000000e7780000)
 Metaspace       used 77019K, committed 78592K, reserved 1179648K
  class space    used 7907K, committed 8576K, reserved 1048576K

Card table byte_map: [0x00000205030a0000,0x00000205032b0000] _byte_map_base: 0x0000020502aa0000

Marking Bits: (ParMarkBitMap*) 0x00007ff8adfd2250
 Begin Bits: [0x0000020515a50000, 0x0000020516a50000)
 End Bits:   [0x0000020516a50000, 0x0000020517a50000)

Polling page: 0x0000020501690000

Metaspace:

Usage:
  Non-class:     67.49 MB used.
      Class:      7.72 MB used.
       Both:     75.21 MB used.

Virtual space:
  Non-class space:      128.00 MB reserved,      68.38 MB ( 53%) committed,  2 nodes.
      Class space:        1.00 GB reserved,       8.38 MB ( <1%) committed,  1 nodes.
             Both:        1.12 GB reserved,      76.75 MB (  7%) committed. 

Chunk freelists:
   Non-Class:  10.83 MB
       Class:  7.55 MB
        Both:  18.38 MB

MaxMetaspaceSize: unlimited
CompressedClassSpaceSize: 1.00 GB
Initial GC threshold: 21.00 MB
Current GC threshold: 97.31 MB
CDS: on
 - commit_granule_bytes: 65536.
 - commit_granule_words: 8192.
 - virtual_space_node_default_size: 8388608.
 - enlarge_chunks_in_place: 1.
 - use_allocation_guard: 0.


Internal statistics:

num_allocs_failed_limit: 9.
num_arena_births: 1334.
num_arena_deaths: 46.
num_vsnodes_births: 3.
num_vsnodes_deaths: 0.
num_space_committed: 1228.
num_space_uncommitted: 0.
num_chunks_returned_to_freelist: 66.
num_chunks_taken_from_freelist: 4991.
num_chunk_merges: 21.
num_chunk_splits: 2967.
num_chunks_enlarged: 1555.
num_inconsistent_stats: 0.

CodeHeap 'non-profiled nmethods': size=120000Kb used=11152Kb max_used=11152Kb free=108848Kb
 bounds [0x000002050e520000, 0x000002050f010000, 0x0000020515a50000]
CodeHeap 'profiled nmethods': size=120000Kb used=31627Kb max_used=31627Kb free=88372Kb
 bounds [0x0000020506a50000, 0x0000020508940000, 0x000002050df80000]
CodeHeap 'non-nmethods': size=5760Kb used=1504Kb max_used=1628Kb free=4255Kb
 bounds [0x000002050df80000, 0x000002050e1f0000, 0x000002050e520000]
 total_blobs=15064 nmethods=14238 adapters=729
 compilation: enabled
              stopped_count=0, restarted_count=0
 full_count=0

Compilation events (20 events):
Event: 79.499 Thread 0x000002055a1884f0 14990   !   3       org.eclipse.jdt.internal.compiler.classfmt.ClassFileReader::<init> (2135 bytes)
Event: 79.516 Thread 0x000002055a1884f0 nmethod 14990 0x0000020508919990 code [0x000002050891a480, 0x0000020508923570]
Event: 79.517 Thread 0x000002055a1884f0 14991       3       org.eclipse.jdt.internal.compiler.classfmt.MethodInfo::createMethod (710 bytes)
Event: 79.520 Thread 0x000002055a1884f0 nmethod 14991 0x0000020508929b10 code [0x0000020508929fe0, 0x000002050892cc38]
Event: 79.520 Thread 0x000002055a1884f0 14992       3       org.eclipse.jdt.internal.compiler.classfmt.FieldInfoWithAnnotation::<init> (106 bytes)
Event: 79.521 Thread 0x000002055a1884f0 nmethod 14992 0x000002050892dd10 code [0x000002050892dec0, 0x000002050892e208]
Event: 79.537 Thread 0x00000205037abdc0 14993       4       org.eclipse.jdt.internal.compiler.classfmt.FieldInfo::createField (450 bytes)
Event: 79.583 Thread 0x00000205037abdc0 nmethod 14993 0x000002050effb410 code [0x000002050effb680, 0x000002050effcd10]
Event: 79.584 Thread 0x00000205037abdc0 14994       4       java.util.concurrent.atomic.AtomicLong::addAndGet (14 bytes)
Event: 79.584 Thread 0x00000205037abdc0 nmethod 14994 0x000002050effd790 code [0x000002050effd920, 0x000002050effd9b8]
Event: 79.597 Thread 0x00000205037abdc0 14995   !   4       org.eclipse.jdt.internal.core.search.indexing.BinaryContainer::isValidPackageNameForClassOrisModule (158 bytes)
Event: 79.632 Thread 0x00000205037abdc0 nmethod 14995 0x000002050effda90 code [0x000002050effdd20, 0x000002050effee10]
Event: 79.632 Thread 0x00000205037abdc0 14996   !   4       org.eclipse.jdt.internal.compiler.classfmt.ClassFileReader::<init> (2135 bytes)
Event: 79.775 Thread 0x000002055a1884f0 14998       3       org.eclipse.jdt.internal.core.search.indexing.BinaryIndexer::addBinaryAnnotation (87 bytes)
Event: 79.780 Thread 0x000002055a1884f0 nmethod 14998 0x000002050892e390 code [0x000002050892e680, 0x000002050892f6d8]
Event: 79.956 Thread 0x000002055a1884f0 15001       3       org.eclipse.jdt.ls.core.internal.handlers.ProgressReporterManager$ProgressReporter::worked (15 bytes)
Event: 79.957 Thread 0x000002055a1884f0 nmethod 15001 0x000002050892fe10 code [0x000002050892ffc0, 0x0000020508930108]
Event: 81.296 Thread 0x000002055a1884f0 15004       2       org.eclipse.jdt.internal.compiler.classfmt.FieldInfo::createField (450 bytes)
Event: 81.298 Thread 0x000002055a1884f0 nmethod 15004 0x0000020508930190 code [0x00000205089304a0, 0x0000020508931720]
Event: 81.299 Thread 0x0000020562556cb0 14999       4       org.eclipse.jdt.internal.compiler.classfmt.MethodInfo::createMethod (710 bytes)

GC Heap History (20 events):
Event: 80.125 GC heap before
{Heap before GC invocations=1195 (full 3):
 PSYoungGen      total 2560K, used 2486K [0x00000000eab00000, 0x00000000eaf00000, 0x0000000100000000)
  eden space 2048K, 100% used [0x00000000eab00000,0x00000000ead00000,0x00000000ead00000)
  from space 512K, 85% used [0x00000000eae00000,0x00000000eae6d808,0x00000000eae80000)
  to   space 512K, 0% used [0x00000000eae80000,0x00000000eae80000,0x00000000eaf00000)
 ParOldGen       total 643584K, used 643258K [0x00000000c0000000, 0x00000000e7480000, 0x00000000eab00000)
  object space 643584K, 99% used [0x00000000c0000000,0x00000000e742e9e0,0x00000000e7480000)
 Metaspace       used 77010K, committed 78592K, reserved 1179648K
  class space    used 7906K, committed 8576K, reserved 1048576K
}
Event: 80.128 GC heap after
{Heap after GC invocations=1195 (full 3):
 PSYoungGen      total 3072K, used 352K [0x00000000eab00000, 0x00000000eaf00000, 0x0000000100000000)
  eden space 2560K, 0% used [0x00000000eab00000,0x00000000eab00000,0x00000000ead80000)
  from space 512K, 68% used [0x00000000eae80000,0x00000000eaed8000,0x00000000eaf00000)
  to   space 512K, 0% used [0x00000000eae00000,0x00000000eae00000,0x00000000eae80000)
 ParOldGen       total 643584K, used 643560K [0x00000000c0000000, 0x00000000e7480000, 0x00000000eab00000)
  object space 643584K, 99% used [0x00000000c0000000,0x00000000e747a1e8,0x00000000e7480000)
 Metaspace       used 77010K, committed 78592K, reserved 1179648K
  class space    used 7906K, committed 8576K, reserved 1048576K
}
Event: 81.132 GC heap before
{Heap before GC invocations=1196 (full 3):
 PSYoungGen      total 3072K, used 2912K [0x00000000eab00000, 0x00000000eaf00000, 0x0000000100000000)
  eden space 2560K, 100% used [0x00000000eab00000,0x00000000ead80000,0x00000000ead80000)
  from space 512K, 68% used [0x00000000eae80000,0x00000000eaed8000,0x00000000eaf00000)
  to   space 512K, 0% used [0x00000000eae00000,0x00000000eae00000,0x00000000eae80000)
 ParOldGen       total 643584K, used 643560K [0x00000000c0000000, 0x00000000e7480000, 0x00000000eab00000)
  object space 643584K, 99% used [0x00000000c0000000,0x00000000e747a1e8,0x00000000e7480000)
 Metaspace       used 77010K, committed 78592K, reserved 1179648K
  class space    used 7906K, committed 8576K, reserved 1048576K
}
Event: 81.134 GC heap after
{Heap after GC invocations=1196 (full 3):
 PSYoungGen      total 3072K, used 448K [0x00000000eab00000, 0x00000000eaf00000, 0x0000000100000000)
  eden space 2560K, 0% used [0x00000000eab00000,0x00000000eab00000,0x00000000ead80000)
  from space 512K, 87% used [0x00000000eae00000,0x00000000eae70000,0x00000000eae80000)
  to   space 512K, 0% used [0x00000000eae80000,0x00000000eae80000,0x00000000eaf00000)
 ParOldGen       total 644096K, used 643800K [0x00000000c0000000, 0x00000000e7500000, 0x00000000eab00000)
  object space 644096K, 99% used [0x00000000c0000000,0x00000000e74b61e8,0x00000000e7500000)
 Metaspace       used 77010K, committed 78592K, reserved 1179648K
  class space    used 7906K, committed 8576K, reserved 1048576K
}
Event: 81.148 GC heap before
{Heap before GC invocations=1197 (full 3):
 PSYoungGen      total 3072K, used 3004K [0x00000000eab00000, 0x00000000eaf00000, 0x0000000100000000)
  eden space 2560K, 99% used [0x00000000eab00000,0x00000000ead7f1d8,0x00000000ead80000)
  from space 512K, 87% used [0x00000000eae00000,0x00000000eae70000,0x00000000eae80000)
  to   space 512K, 0% used [0x00000000eae80000,0x00000000eae80000,0x00000000eaf00000)
 ParOldGen       total 644096K, used 643800K [0x00000000c0000000, 0x00000000e7500000, 0x00000000eab00000)
  object space 644096K, 99% used [0x00000000c0000000,0x00000000e74b61e8,0x00000000e7500000)
 Metaspace       used 77010K, committed 78592K, reserved 1179648K
  class space    used 7906K, committed 8576K, reserved 1048576K
}
Event: 81.150 GC heap after
{Heap after GC invocations=1197 (full 3):
 PSYoungGen      total 3072K, used 416K [0x00000000eab00000, 0x00000000eaf00000, 0x0000000100000000)
  eden space 2560K, 0% used [0x00000000eab00000,0x00000000eab00000,0x00000000ead80000)
  from space 512K, 81% used [0x00000000eae80000,0x00000000eaee8000,0x00000000eaf00000)
  to   space 512K, 0% used [0x00000000eae00000,0x00000000eae00000,0x00000000eae80000)
 ParOldGen       total 644608K, used 644120K [0x00000000c0000000, 0x00000000e7580000, 0x00000000eab00000)
  object space 644608K, 99% used [0x00000000c0000000,0x00000000e75061e8,0x00000000e7580000)
 Metaspace       used 77010K, committed 78592K, reserved 1179648K
  class space    used 7906K, committed 8576K, reserved 1048576K
}
Event: 81.162 GC heap before
{Heap before GC invocations=1198 (full 3):
 PSYoungGen      total 3072K, used 2976K [0x00000000eab00000, 0x00000000eaf00000, 0x0000000100000000)
  eden space 2560K, 100% used [0x00000000eab00000,0x00000000ead80000,0x00000000ead80000)
  from space 512K, 81% used [0x00000000eae80000,0x00000000eaee8000,0x00000000eaf00000)
  to   space 512K, 0% used [0x00000000eae00000,0x00000000eae00000,0x00000000eae80000)
 ParOldGen       total 644608K, used 644120K [0x00000000c0000000, 0x00000000e7580000, 0x00000000eab00000)
  object space 644608K, 99% used [0x00000000c0000000,0x00000000e75061e8,0x00000000e7580000)
 Metaspace       used 77010K, committed 78592K, reserved 1179648K
  class space    used 7906K, committed 8576K, reserved 1048576K
}
Event: 81.165 GC heap after
{Heap after GC invocations=1198 (full 3):
 PSYoungGen      total 3072K, used 416K [0x00000000eab00000, 0x00000000eaf00000, 0x0000000100000000)
  eden space 2560K, 0% used [0x00000000eab00000,0x00000000eab00000,0x00000000ead80000)
  from space 512K, 81% used [0x00000000eae00000,0x00000000eae68000,0x00000000eae80000)
  to   space 512K, 0% used [0x00000000eae80000,0x00000000eae80000,0x00000000eaf00000)
 ParOldGen       total 644608K, used 644400K [0x00000000c0000000, 0x00000000e7580000, 0x00000000eab00000)
  object space 644608K, 99% used [0x00000000c0000000,0x00000000e754c1e8,0x00000000e7580000)
 Metaspace       used 77010K, committed 78592K, reserved 1179648K
  class space    used 7906K, committed 8576K, reserved 1048576K
}
Event: 81.274 GC heap before
{Heap before GC invocations=1199 (full 3):
 PSYoungGen      total 3072K, used 2967K [0x00000000eab00000, 0x00000000eaf00000, 0x0000000100000000)
  eden space 2560K, 99% used [0x00000000eab00000,0x00000000ead7dcc0,0x00000000ead80000)
  from space 512K, 81% used [0x00000000eae00000,0x00000000eae68000,0x00000000eae80000)
  to   space 512K, 0% used [0x00000000eae80000,0x00000000eae80000,0x00000000eaf00000)
 ParOldGen       total 644608K, used 644400K [0x00000000c0000000, 0x00000000e7580000, 0x00000000eab00000)
  object space 644608K, 99% used [0x00000000c0000000,0x00000000e754c1e8,0x00000000e7580000)
 Metaspace       used 77010K, committed 78592K, reserved 1179648K
  class space    used 7906K, committed 8576K, reserved 1048576K
}
Event: 81.276 GC heap after
{Heap after GC invocations=1199 (full 3):
 PSYoungGen      total 3072K, used 352K [0x00000000eab00000, 0x00000000eaf00000, 0x0000000100000000)
  eden space 2560K, 0% used [0x00000000eab00000,0x00000000eab00000,0x00000000ead80000)
  from space 512K, 68% used [0x00000000eae80000,0x00000000eaed8000,0x00000000eaf00000)
  to   space 512K, 0% used [0x00000000eae00000,0x00000000eae00000,0x00000000eae80000)
 ParOldGen       total 645120K, used 644696K [0x00000000c0000000, 0x00000000e7600000, 0x00000000eab00000)
  object space 645120K, 99% used [0x00000000c0000000,0x00000000e75961e8,0x00000000e7600000)
 Metaspace       used 77010K, committed 78592K, reserved 1179648K
  class space    used 7906K, committed 8576K, reserved 1048576K
}
Event: 81.288 GC heap before
{Heap before GC invocations=1200 (full 3):
 PSYoungGen      total 3072K, used 2912K [0x00000000eab00000, 0x00000000eaf00000, 0x0000000100000000)
  eden space 2560K, 100% used [0x00000000eab00000,0x00000000ead80000,0x00000000ead80000)
  from space 512K, 68% used [0x00000000eae80000,0x00000000eaed8000,0x00000000eaf00000)
  to   space 512K, 0% used [0x00000000eae00000,0x00000000eae00000,0x00000000eae80000)
 ParOldGen       total 645120K, used 644696K [0x00000000c0000000, 0x00000000e7600000, 0x00000000eab00000)
  object space 645120K, 99% used [0x00000000c0000000,0x00000000e75961e8,0x00000000e7600000)
 Metaspace       used 77010K, committed 78592K, reserved 1179648K
  class space    used 7906K, committed 8576K, reserved 1048576K
}
Event: 81.290 GC heap after
{Heap after GC invocations=1200 (full 3):
 PSYoungGen      total 3072K, used 512K [0x00000000eab00000, 0x00000000eaf80000, 0x0000000100000000)
  eden space 2560K, 0% used [0x00000000eab00000,0x00000000eab00000,0x00000000ead80000)
  from space 512K, 100% used [0x00000000eae00000,0x00000000eae80000,0x00000000eae80000)
  to   space 1024K, 0% used [0x00000000eae80000,0x00000000eae80000,0x00000000eaf80000)
 ParOldGen       total 645120K, used 644872K [0x00000000c0000000, 0x00000000e7600000, 0x00000000eab00000)
  object space 645120K, 99% used [0x00000000c0000000,0x00000000e75c21d8,0x00000000e7600000)
 Metaspace       used 77010K, committed 78592K, reserved 1179648K
  class space    used 7906K, committed 8576K, reserved 1048576K
}
Event: 81.304 GC heap before
{Heap before GC invocations=1201 (full 3):
 PSYoungGen      total 3072K, used 3070K [0x00000000eab00000, 0x00000000eaf80000, 0x0000000100000000)
  eden space 2560K, 99% used [0x00000000eab00000,0x00000000ead7f948,0x00000000ead80000)
  from space 512K, 100% used [0x00000000eae00000,0x00000000eae80000,0x00000000eae80000)
  to   space 1024K, 0% used [0x00000000eae80000,0x00000000eae80000,0x00000000eaf80000)
 ParOldGen       total 645120K, used 644872K [0x00000000c0000000, 0x00000000e7600000, 0x00000000eab00000)
  object space 645120K, 99% used [0x00000000c0000000,0x00000000e75c21d8,0x00000000e7600000)
 Metaspace       used 77018K, committed 78592K, reserved 1179648K
  class space    used 7907K, committed 8576K, reserved 1048576K
}
Event: 81.306 GC heap after
{Heap after GC invocations=1201 (full 3):
 PSYoungGen      total 3584K, used 544K [0x00000000eab00000, 0x00000000eaf80000, 0x0000000100000000)
  eden space 2560K, 0% used [0x00000000eab00000,0x00000000eab00000,0x00000000ead80000)
  from space 1024K, 53% used [0x00000000eae80000,0x00000000eaf08000,0x00000000eaf80000)
  to   space 1024K, 0% used [0x00000000ead80000,0x00000000ead80000,0x00000000eae80000)
 ParOldGen       total 645632K, used 645300K [0x00000000c0000000, 0x00000000e7680000, 0x00000000eab00000)
  object space 645632K, 99% used [0x00000000c0000000,0x00000000e762d3e0,0x00000000e7680000)
 Metaspace       used 77018K, committed 78592K, reserved 1179648K
  class space    used 7907K, committed 8576K, reserved 1048576K
}
Event: 81.327 GC heap before
{Heap before GC invocations=1202 (full 3):
 PSYoungGen      total 3584K, used 3104K [0x00000000eab00000, 0x00000000eaf80000, 0x0000000100000000)
  eden space 2560K, 100% used [0x00000000eab00000,0x00000000ead80000,0x00000000ead80000)
  from space 1024K, 53% used [0x00000000eae80000,0x00000000eaf08000,0x00000000eaf80000)
  to   space 1024K, 0% used [0x00000000ead80000,0x00000000ead80000,0x00000000eae80000)
 ParOldGen       total 645632K, used 645300K [0x00000000c0000000, 0x00000000e7680000, 0x00000000eab00000)
  object space 645632K, 99% used [0x00000000c0000000,0x00000000e762d3e0,0x00000000e7680000)
 Metaspace       used 77018K, committed 78592K, reserved 1179648K
  class space    used 7907K, committed 8576K, reserved 1048576K
}
Event: 81.330 GC heap after
{Heap after GC invocations=1202 (full 3):
 PSYoungGen      total 3584K, used 512K [0x00000000eab00000, 0x00000000eaf80000, 0x0000000100000000)
  eden space 2560K, 0% used [0x00000000eab00000,0x00000000eab00000,0x00000000ead80000)
  from space 1024K, 50% used [0x00000000ead80000,0x00000000eae00000,0x00000000eae80000)
  to   space 1024K, 0% used [0x00000000eae80000,0x00000000eae80000,0x00000000eaf80000)
 ParOldGen       total 646144K, used 645711K [0x00000000c0000000, 0x00000000e7700000, 0x00000000eab00000)
  object space 646144K, 99% used [0x00000000c0000000,0x00000000e7693fe8,0x00000000e7700000)
 Metaspace       used 77018K, committed 78592K, reserved 1179648K
  class space    used 7907K, committed 8576K, reserved 1048576K
}
Event: 81.342 GC heap before
{Heap before GC invocations=1203 (full 3):
 PSYoungGen      total 3584K, used 3061K [0x00000000eab00000, 0x00000000eaf80000, 0x0000000100000000)
  eden space 2560K, 99% used [0x00000000eab00000,0x00000000ead7d478,0x00000000ead80000)
  from space 1024K, 50% used [0x00000000ead80000,0x00000000eae00000,0x00000000eae80000)
  to   space 1024K, 0% used [0x00000000eae80000,0x00000000eae80000,0x00000000eaf80000)
 ParOldGen       total 646144K, used 645711K [0x00000000c0000000, 0x00000000e7700000, 0x00000000eab00000)
  object space 646144K, 99% used [0x00000000c0000000,0x00000000e7693fe8,0x00000000e7700000)
 Metaspace       used 77018K, committed 78592K, reserved 1179648K
  class space    used 7907K, committed 8576K, reserved 1048576K
}
Event: 81.345 GC heap after
{Heap after GC invocations=1203 (full 3):
 PSYoungGen      total 3072K, used 438K [0x00000000eab00000, 0x00000000eaf00000, 0x0000000100000000)
  eden space 2560K, 0% used [0x00000000eab00000,0x00000000eab00000,0x00000000ead80000)
  from space 512K, 85% used [0x00000000eae80000,0x00000000eaeed808,0x00000000eaf00000)
  to   space 512K, 0% used [0x00000000eae00000,0x00000000eae00000,0x00000000eae80000)
 ParOldGen       total 646144K, used 646116K [0x00000000c0000000, 0x00000000e7700000, 0x00000000eab00000)
  object space 646144K, 99% used [0x00000000c0000000,0x00000000e76f91f0,0x00000000e7700000)
 Metaspace       used 77018K, committed 78592K, reserved 1179648K
  class space    used 7907K, committed 8576K, reserved 1048576K
}
Event: 81.362 GC heap before
{Heap before GC invocations=1204 (full 3):
 PSYoungGen      total 3072K, used 2998K [0x00000000eab00000, 0x00000000eaf00000, 0x0000000100000000)
  eden space 2560K, 100% used [0x00000000eab00000,0x00000000ead80000,0x00000000ead80000)
  from space 512K, 85% used [0x00000000eae80000,0x00000000eaeed808,0x00000000eaf00000)
  to   space 512K, 0% used [0x00000000eae00000,0x00000000eae00000,0x00000000eae80000)
 ParOldGen       total 646144K, used 646116K [0x00000000c0000000, 0x00000000e7700000, 0x00000000eab00000)
  object space 646144K, 99% used [0x00000000c0000000,0x00000000e76f91f0,0x00000000e7700000)
 Metaspace       used 77018K, committed 78592K, reserved 1179648K
  class space    used 7907K, committed 8576K, reserved 1048576K
}
Event: 82.455 GC heap after
{Heap after GC invocations=1204 (full 3):
 PSYoungGen      total 3072K, used 512K [0x00000000eab00000, 0x00000000eb080000, 0x0000000100000000)
  eden space 2560K, 0% used [0x00000000eab00000,0x00000000eab00000,0x00000000ead80000)
  from space 512K, 100% used [0x00000000eae00000,0x00000000eae80000,0x00000000eae80000)
  to   space 1536K, 0% used [0x00000000eaf00000,0x00000000eaf00000,0x00000000eb080000)
 ParOldGen       total 646656K, used 646561K [0x00000000c0000000, 0x00000000e7780000, 0x00000000eab00000)
  object space 646656K, 99% used [0x00000000c0000000,0x00000000e77684f8,0x00000000e7780000)
 Metaspace       used 77018K, committed 78592K, reserved 1179648K
  class space    used 7907K, committed 8576K, reserved 1048576K
}

Dll operation events (14 events):
Event: 0.021 Loaded shared library c:\Users\Thamod Rasmitha\.vscode\extensions\redhat.java-1.39.0-win32-x64\jre\21.0.5-win32-x86_64\bin\java.dll
Event: 0.250 Loaded shared library c:\Users\Thamod Rasmitha\.vscode\extensions\redhat.java-1.39.0-win32-x64\jre\21.0.5-win32-x86_64\bin\zip.dll
Event: 0.307 Loaded shared library C:\Users\Thamod Rasmitha\.vscode\extensions\redhat.java-1.39.0-win32-x64\jre\21.0.5-win32-x86_64\bin\instrument.dll
Event: 0.324 Loaded shared library C:\Users\Thamod Rasmitha\.vscode\extensions\redhat.java-1.39.0-win32-x64\jre\21.0.5-win32-x86_64\bin\net.dll
Event: 0.329 Loaded shared library C:\Users\Thamod Rasmitha\.vscode\extensions\redhat.java-1.39.0-win32-x64\jre\21.0.5-win32-x86_64\bin\nio.dll
Event: 0.338 Loaded shared library C:\Users\Thamod Rasmitha\.vscode\extensions\redhat.java-1.39.0-win32-x64\jre\21.0.5-win32-x86_64\bin\zip.dll
Event: 0.391 Loaded shared library C:\Users\Thamod Rasmitha\.vscode\extensions\redhat.java-1.39.0-win32-x64\jre\21.0.5-win32-x86_64\bin\jimage.dll
Event: 0.584 Loaded shared library c:\Users\Thamod Rasmitha\.vscode\extensions\redhat.java-1.39.0-win32-x64\jre\21.0.5-win32-x86_64\bin\verify.dll
Event: 11.060 Loaded shared library C:\Users\Thamod Rasmitha\AppData\Roaming\Code\User\globalStorage\redhat.java\1.39.0\config_win\org.eclipse.equinox.launcher\org.eclipse.equinox.launcher.win32.win32.x86_64_1.2.1100.v20240722-2106\eclipse_11904.dll
Event: 27.297 Loaded shared library C:\Users\Thamod Rasmitha\.vscode\extensions\redhat.java-1.39.0-win32-x64\jre\21.0.5-win32-x86_64\bin\management.dll
Event: 27.302 Loaded shared library C:\Users\Thamod Rasmitha\.vscode\extensions\redhat.java-1.39.0-win32-x64\jre\21.0.5-win32-x86_64\bin\management_ext.dll
Event: 29.696 Loaded shared library C:\Users\Thamod Rasmitha\AppData\Local\Temp\jna--2070620168\jna4808031880830221886.dll
Event: 30.415 Loaded shared library C:\Users\Thamod Rasmitha\.vscode\extensions\redhat.java-1.39.0-win32-x64\jre\21.0.5-win32-x86_64\bin\sunmscapi.dll
Event: 30.877 Loaded shared library C:\Users\Thamod Rasmitha\.vscode\extensions\redhat.java-1.39.0-win32-x64\jre\21.0.5-win32-x86_64\bin\extnet.dll

Deoptimization events (20 events):
Event: 81.293 Thread 0x000002055b788770 DEOPT PACKING pc=0x000002050effcb54 sp=0x000000fe230fec80
Event: 81.293 Thread 0x000002055b788770 DEOPT UNPACKING pc=0x000002050dfd3aa2 sp=0x000000fe230febf8 mode 2
Event: 81.293 Thread 0x000002055b788770 Uncommon trap: trap_request=0xffffffc6 fr.pc=0x000002050ef92e60 relative=0x0000000000006fe0
Event: 81.293 Thread 0x000002055b788770 Uncommon trap: reason=bimorphic_or_optimized_type_check action=maybe_recompile pc=0x000002050ef92e60 method=org.eclipse.jdt.internal.core.search.indexing.BinaryIndexer.indexDocument()V @ 1031 c2
Event: 81.293 Thread 0x000002055b788770 DEOPT PACKING pc=0x000002050ef92e60 sp=0x000000fe230feed0
Event: 81.293 Thread 0x000002055b788770 DEOPT UNPACKING pc=0x000002050dfd3aa2 sp=0x000000fe230fee70 mode 2
Event: 81.300 Thread 0x000002055b788770 DEOPT PACKING pc=0x00000205089215aa sp=0x000000fe230fed10
Event: 81.300 Thread 0x000002055b788770 DEOPT UNPACKING pc=0x000002050dfd4242 sp=0x000000fe230fe298 mode 0
Event: 81.316 Thread 0x000002055b788770 Uncommon trap: trap_request=0xffffffc6 fr.pc=0x000002050ef92e60 relative=0x0000000000006fe0
Event: 81.316 Thread 0x000002055b788770 Uncommon trap: reason=bimorphic_or_optimized_type_check action=maybe_recompile pc=0x000002050ef92e60 method=org.eclipse.jdt.internal.core.search.indexing.BinaryIndexer.indexDocument()V @ 1031 c2
Event: 81.316 Thread 0x000002055b788770 DEOPT PACKING pc=0x000002050ef92e60 sp=0x000000fe230feed0
Event: 81.316 Thread 0x000002055b788770 DEOPT UNPACKING pc=0x000002050dfd3aa2 sp=0x000000fe230fee70 mode 2
Event: 81.332 Thread 0x000002055b788770 Uncommon trap: trap_request=0xffffffc6 fr.pc=0x000002050ef92e60 relative=0x0000000000006fe0
Event: 81.333 Thread 0x000002055b788770 Uncommon trap: reason=bimorphic_or_optimized_type_check action=maybe_recompile pc=0x000002050ef92e60 method=org.eclipse.jdt.internal.core.search.indexing.BinaryIndexer.indexDocument()V @ 1031 c2
Event: 81.333 Thread 0x000002055b788770 DEOPT PACKING pc=0x000002050ef92e60 sp=0x000000fe230feed0
Event: 81.333 Thread 0x000002055b788770 DEOPT UNPACKING pc=0x000002050dfd3aa2 sp=0x000000fe230fee70 mode 2
Event: 81.335 Thread 0x000002055b788770 DEOPT PACKING pc=0x00000205089215aa sp=0x000000fe230fed10
Event: 81.335 Thread 0x000002055b788770 DEOPT UNPACKING pc=0x000002050dfd4242 sp=0x000000fe230fe298 mode 0
Event: 81.352 Thread 0x000002055b788770 DEOPT PACKING pc=0x00000205089215aa sp=0x000000fe230fed10
Event: 81.352 Thread 0x000002055b788770 DEOPT UNPACKING pc=0x000002050dfd4242 sp=0x000000fe230fe298 mode 0

Classes loaded (20 events):
Event: 62.608 Loading class jdk/internal/event/SecurityPropertyModificationEvent
Event: 62.609 Loading class jdk/internal/event/SecurityPropertyModificationEvent done
Event: 62.806 Loading class java/util/zip/CheckedInputStream
Event: 62.806 Loading class java/util/zip/CheckedInputStream done
Event: 63.002 Loading class java/util/zip/GZIPInputStream$1
Event: 63.002 Loading class java/util/zip/GZIPInputStream$1 done
Event: 63.289 Loading class java/io/CharArrayWriter
Event: 63.306 Loading class java/io/CharArrayWriter done
Event: 63.703 Loading class jdk/internal/ref/CleanerImpl$InnocuousThreadFactory
Event: 63.703 Loading class jdk/internal/ref/CleanerImpl$InnocuousThreadFactory done
Event: 66.269 Loading class java/util/stream/ReduceOps$5
Event: 66.270 Loading class java/util/stream/ReduceOps$5 done
Event: 66.270 Loading class java/util/stream/ReduceOps$CountingSink$OfRef
Event: 66.271 Loading class java/util/stream/ReduceOps$CountingSink
Event: 66.271 Loading class java/util/stream/ReduceOps$CountingSink done
Event: 66.271 Loading class java/util/stream/ReduceOps$CountingSink$OfRef done
Event: 66.523 Loading class java/util/stream/ReduceOps$1
Event: 66.523 Loading class java/util/stream/ReduceOps$1 done
Event: 66.523 Loading class java/util/stream/ReduceOps$1ReducingSink
Event: 66.524 Loading class java/util/stream/ReduceOps$1ReducingSink done

Classes unloaded (20 events):
Event: 28.382 Thread 0x000002050379f8e0 Unloading class 0x000002051919e000 'java/lang/invoke/LambdaForm$MH+0x000002051919e000'
Event: 28.382 Thread 0x000002050379f8e0 Unloading class 0x000002051919dc00 'java/lang/invoke/LambdaForm$BMH+0x000002051919dc00'
Event: 28.382 Thread 0x000002050379f8e0 Unloading class 0x000002051919d800 'java/lang/invoke/LambdaForm$DMH+0x000002051919d800'
Event: 28.382 Thread 0x000002050379f8e0 Unloading class 0x000002051919c400 'java/lang/invoke/LambdaForm$DMH+0x000002051919c400'
Event: 30.118 Thread 0x000002050379f8e0 Unloading class 0x00000205192db400 'java/lang/invoke/LambdaForm$MH+0x00000205192db400'
Event: 30.118 Thread 0x000002050379f8e0 Unloading class 0x00000205192dac00 'java/lang/invoke/LambdaForm$MH+0x00000205192dac00'
Event: 30.118 Thread 0x000002050379f8e0 Unloading class 0x00000205192da800 'java/lang/invoke/LambdaForm$MH+0x00000205192da800'
Event: 30.118 Thread 0x000002050379f8e0 Unloading class 0x00000205192d9c00 'java/lang/invoke/LambdaForm$MH+0x00000205192d9c00'
Event: 30.118 Thread 0x000002050379f8e0 Unloading class 0x00000205192d9800 'java/lang/invoke/LambdaForm$DMH+0x00000205192d9800'
Event: 30.118 Thread 0x000002050379f8e0 Unloading class 0x00000205192d9000 'java/lang/invoke/LambdaForm$MH+0x00000205192d9000'
Event: 30.118 Thread 0x000002050379f8e0 Unloading class 0x00000205192d5400 'java/lang/invoke/LambdaForm$MH+0x00000205192d5400'
Event: 30.118 Thread 0x000002050379f8e0 Unloading class 0x00000205192d4c00 'java/lang/invoke/LambdaForm$MH+0x00000205192d4c00'
Event: 30.118 Thread 0x000002050379f8e0 Unloading class 0x00000205192d4400 'java/lang/invoke/LambdaForm$MH+0x00000205192d4400'
Event: 30.118 Thread 0x000002050379f8e0 Unloading class 0x00000205192d3c00 'java/lang/invoke/LambdaForm$MH+0x00000205192d3c00'
Event: 30.118 Thread 0x000002050379f8e0 Unloading class 0x00000205192d3400 'java/lang/invoke/LambdaForm$MH+0x00000205192d3400'
Event: 30.118 Thread 0x000002050379f8e0 Unloading class 0x00000205192d2c00 'java/lang/invoke/LambdaForm$MH+0x00000205192d2c00'
Event: 47.114 Thread 0x000002050379f8e0 Unloading class 0x0000020519635800 'java/lang/invoke/LambdaForm$DMH+0x0000020519635800'
Event: 47.114 Thread 0x000002050379f8e0 Unloading class 0x0000020519635400 'java/lang/invoke/LambdaForm$DMH+0x0000020519635400'
Event: 47.114 Thread 0x000002050379f8e0 Unloading class 0x0000020519635000 'java/lang/invoke/LambdaForm$DMH+0x0000020519635000'
Event: 47.114 Thread 0x000002050379f8e0 Unloading class 0x0000020519634c00 'java/lang/invoke/LambdaForm$DMH+0x0000020519634c00'

Classes redefined (0 events):
No events

Internal exceptions (20 events):
Event: 66.327 Thread 0x000002055b788770 Exception <a 'sun/nio/fs/WindowsException'{0x00000000eab0e120}> (0x00000000eab0e120) 
thrown [s\src\hotspot\share\prims\jni.cpp, line 520]
Event: 66.358 Thread 0x000002055b788770 Exception <a 'sun/nio/fs/WindowsException'{0x00000000eab1a500}> (0x00000000eab1a500) 
thrown [s\src\hotspot\share\prims\jni.cpp, line 520]
Event: 66.805 Thread 0x000002055b788770 Implicit null exception at 0x000002050ee4735a to 0x000002050ee47458
Event: 68.500 Thread 0x0000020560d13960 Exception <a 'java/lang/IncompatibleClassChangeError'{0x00000000eac84e38}: Found class java.lang.Object, but interface was expected> (0x00000000eac84e38) 
thrown [s\src\hotspot\share\interpreter\linkResolver.cpp, line 840]
Event: 68.922 Thread 0x000002055b788770 Implicit null exception at 0x000002050eebfbc3 to 0x000002050eec4ef0
Event: 78.449 Thread 0x000002055b788770 Exception <a 'sun/nio/fs/WindowsException'{0x00000000eab5a938}> (0x00000000eab5a938) 
thrown [s\src\hotspot\share\prims\jni.cpp, line 520]
Event: 78.456 Thread 0x000002055b788770 Implicit null exception at 0x000002050ef75ec4 to 0x000002050ef766a0
Event: 78.497 Thread 0x000002055b788770 Exception <a 'sun/nio/fs/WindowsException'{0x00000000eab642c0}> (0x00000000eab642c0) 
thrown [s\src\hotspot\share\prims\jni.cpp, line 520]
Event: 78.552 Thread 0x000002055b788770 Exception <a 'sun/nio/fs/WindowsException'{0x00000000eab50d40}> (0x00000000eab50d40) 
thrown [s\src\hotspot\share\prims\jni.cpp, line 520]
Event: 78.940 Thread 0x000002055b788770 Exception <a 'sun/nio/fs/WindowsException'{0x00000000eac236b8}> (0x00000000eac236b8) 
thrown [s\src\hotspot\share\prims\jni.cpp, line 520]
Event: 78.979 Thread 0x000002055b788770 Exception <a 'sun/nio/fs/WindowsException'{0x00000000eacd9040}> (0x00000000eacd9040) 
thrown [s\src\hotspot\share\prims\jni.cpp, line 520]
Event: 79.087 Thread 0x000002055b788770 Exception <a 'sun/nio/fs/WindowsException'{0x00000000eacbd7f0}> (0x00000000eacbd7f0) 
thrown [s\src\hotspot\share\prims\jni.cpp, line 520]
Event: 79.108 Thread 0x000002055b788770 Exception <a 'sun/nio/fs/WindowsException'{0x00000000eacc81c8}> (0x00000000eacc81c8) 
thrown [s\src\hotspot\share\prims\jni.cpp, line 520]
Event: 79.130 Thread 0x000002055b788770 Exception <a 'sun/nio/fs/WindowsException'{0x00000000eacda028}> (0x00000000eacda028) 
thrown [s\src\hotspot\share\prims\jni.cpp, line 520]
Event: 79.487 Thread 0x000002055b788770 Exception <a 'sun/nio/fs/WindowsException'{0x00000000eac57930}> (0x00000000eac57930) 
thrown [s\src\hotspot\share\prims\jni.cpp, line 520]
Event: 79.953 Thread 0x000002055b788770 Exception <a 'sun/nio/fs/WindowsException'{0x00000000eab4b4d0}> (0x00000000eab4b4d0) 
thrown [s\src\hotspot\share\prims\jni.cpp, line 520]
Event: 79.973 Thread 0x000002055b788770 Exception <a 'sun/nio/fs/WindowsException'{0x00000000eab5cde0}> (0x00000000eab5cde0) 
thrown [s\src\hotspot\share\prims\jni.cpp, line 520]
Event: 80.054 Thread 0x000002055b788770 Exception <a 'sun/nio/fs/WindowsException'{0x00000000eacc5b70}> (0x00000000eacc5b70) 
thrown [s\src\hotspot\share\prims\jni.cpp, line 520]
Event: 81.223 Thread 0x000002055b788770 Exception <a 'sun/nio/fs/WindowsException'{0x00000000eac67558}> (0x00000000eac67558) 
thrown [s\src\hotspot\share\prims\jni.cpp, line 520]
Event: 81.261 Thread 0x000002055b788770 Exception <a 'sun/nio/fs/WindowsException'{0x00000000ead08e38}> (0x00000000ead08e38) 
thrown [s\src\hotspot\share\prims\jni.cpp, line 520]

ZGC Phase Switch (0 events):
No events

VM Operations (20 events):
Event: 80.128 Executing VM operation: ParallelGCFailedAllocation (Allocation Failure) done
Event: 81.132 Executing VM operation: ParallelGCFailedAllocation (Allocation Failure)
Event: 81.134 Executing VM operation: ParallelGCFailedAllocation (Allocation Failure) done
Event: 81.148 Executing VM operation: ParallelGCFailedAllocation (Allocation Failure)
Event: 81.150 Executing VM operation: ParallelGCFailedAllocation (Allocation Failure) done
Event: 81.162 Executing VM operation: ParallelGCFailedAllocation (Allocation Failure)
Event: 81.165 Executing VM operation: ParallelGCFailedAllocation (Allocation Failure) done
Event: 81.274 Executing VM operation: ParallelGCFailedAllocation (Allocation Failure)
Event: 81.277 Executing VM operation: ParallelGCFailedAllocation (Allocation Failure) done
Event: 81.288 Executing VM operation: ParallelGCFailedAllocation (Allocation Failure)
Event: 81.290 Executing VM operation: ParallelGCFailedAllocation (Allocation Failure) done
Event: 81.304 Executing VM operation: ParallelGCFailedAllocation (Allocation Failure)
Event: 81.306 Executing VM operation: ParallelGCFailedAllocation (Allocation Failure) done
Event: 81.314 Executing VM operation: HandshakeAllThreads (Deoptimize)
Event: 81.315 Executing VM operation: HandshakeAllThreads (Deoptimize) done
Event: 81.327 Executing VM operation: ParallelGCFailedAllocation (Allocation Failure)
Event: 81.330 Executing VM operation: ParallelGCFailedAllocation (Allocation Failure) done
Event: 81.342 Executing VM operation: ParallelGCFailedAllocation (Allocation Failure)
Event: 81.345 Executing VM operation: ParallelGCFailedAllocation (Allocation Failure) done
Event: 81.362 Executing VM operation: ParallelGCFailedAllocation (Allocation Failure)

Memory protections (0 events):
No events

Nmethod flushes (20 events):
Event: 47.148 Thread 0x000002050379f8e0 flushing  nmethod 0x0000020507318910
Event: 47.148 Thread 0x000002050379f8e0 flushing  nmethod 0x0000020507319490
Event: 47.148 Thread 0x000002050379f8e0 flushing  nmethod 0x0000020507319f10
Event: 47.148 Thread 0x000002050379f8e0 flushing  nmethod 0x000002050731aa10
Event: 47.148 Thread 0x000002050379f8e0 flushing  nmethod 0x000002050731c990
Event: 47.148 Thread 0x000002050379f8e0 flushing  nmethod 0x000002050731d990
Event: 47.148 Thread 0x000002050379f8e0 flushing  nmethod 0x000002050731ee10
Event: 47.148 Thread 0x000002050379f8e0 flushing  nmethod 0x000002050731f210
Event: 47.148 Thread 0x000002050379f8e0 flushing  nmethod 0x000002050731f590
Event: 47.148 Thread 0x000002050379f8e0 flushing  nmethod 0x0000020507321b10
Event: 47.148 Thread 0x000002050379f8e0 flushing  nmethod 0x0000020507322410
Event: 47.148 Thread 0x000002050379f8e0 flushing  nmethod 0x0000020507322990
Event: 47.148 Thread 0x000002050379f8e0 flushing  nmethod 0x0000020507322d90
Event: 47.148 Thread 0x000002050379f8e0 flushing  nmethod 0x0000020507324e10
Event: 47.148 Thread 0x000002050379f8e0 flushing  nmethod 0x0000020507325390
Event: 47.148 Thread 0x000002050379f8e0 flushing  nmethod 0x0000020507328a90
Event: 47.148 Thread 0x000002050379f8e0 flushing  nmethod 0x0000020507335310
Event: 47.148 Thread 0x000002050379f8e0 flushing  nmethod 0x0000020507335910
Event: 47.148 Thread 0x000002050379f8e0 flushing  nmethod 0x0000020507346e90
Event: 47.148 Thread 0x000002050379f8e0 flushing  nmethod 0x0000020507385890

Events (20 events):
Event: 62.590 Thread 0x00000205633917c0 Thread added: 0x000002056338e9d0
Event: 62.594 Thread 0x000002056338e9d0 Thread added: 0x000002056338f6f0
Event: 62.632 Thread 0x000002056338e9d0 Thread added: 0x000002056338f060
Event: 63.638 Thread 0x000002056338f060 Thread exited: 0x000002056338f060
Event: 63.704 Thread 0x000002056338e340 Thread added: 0x0000020562d539d0
Event: 63.885 Thread 0x000002055b7880e0 Thread added: 0x0000020562d52cb0
Event: 68.887 Thread 0x0000020562d52cb0 Thread exited: 0x0000020562d52cb0
Event: 71.169 Thread 0x0000020562390400 Thread exited: 0x0000020562390400
Event: 71.303 Thread 0x000002056238fd30 Thread exited: 0x000002056238fd30
Event: 73.027 Thread 0x00000205037abdc0 Thread added: 0x000002056498e070
Event: 73.251 Thread 0x000002056498e070 Thread exited: 0x000002056498e070
Event: 76.231 Thread 0x00000205037abdc0 Thread added: 0x0000020564c2cd90
Event: 77.560 Thread 0x0000020564c2cd90 Thread exited: 0x0000020564c2cd90
Event: 77.605 Thread 0x00000205037abdc0 Thread added: 0x00000205694eab80
Event: 77.849 Thread 0x00000205694eab80 Thread exited: 0x00000205694eab80
Event: 78.513 Thread 0x000002055a1884f0 Thread added: 0x000002055b7b6df0
Event: 78.524 Thread 0x000002055a1884f0 Thread added: 0x000002055b7b74c0
Event: 79.038 Thread 0x000002055b7b74c0 Thread exited: 0x000002055b7b74c0
Event: 79.299 Thread 0x000002055b7b6df0 Thread exited: 0x000002055b7b6df0
Event: 81.299 Thread 0x000002055a1884f0 Thread added: 0x0000020562556cb0


Dynamic libraries:
0x00007ff61d2f0000 - 0x00007ff61d2fe000 	c:\Users\Thamod Rasmitha\.vscode\extensions\redhat.java-1.39.0-win32-x64\jre\21.0.5-win32-x86_64\bin\java.exe
0x00007ff8ff300000 - 0x00007ff8ff563000 	C:\WINDOWS\SYSTEM32\ntdll.dll
0x00007ff8fe130000 - 0x00007ff8fe1f7000 	C:\WINDOWS\System32\KERNEL32.DLL
0x00007ff8fc810000 - 0x00007ff8fcbd7000 	C:\WINDOWS\System32\KERNELBASE.dll
0x00007ff8fcca0000 - 0x00007ff8fcdec000 	C:\WINDOWS\System32\ucrtbase.dll
0x00007ff8ce8f0000 - 0x00007ff8ce908000 	c:\Users\Thamod Rasmitha\.vscode\extensions\redhat.java-1.39.0-win32-x64\jre\21.0.5-win32-x86_64\bin\jli.dll
0x00007ff8fd4b0000 - 0x00007ff8fd679000 	C:\WINDOWS\System32\USER32.dll
0x00007ff8fcbe0000 - 0x00007ff8fcc07000 	C:\WINDOWS\System32\win32u.dll
0x00007ff8fd1d0000 - 0x00007ff8fd1fa000 	C:\WINDOWS\System32\GDI32.dll
0x00007ff8fcdf0000 - 0x00007ff8fcf1b000 	C:\WINDOWS\System32\gdi32full.dll
0x00007ff8fc6a0000 - 0x00007ff8fc743000 	C:\WINDOWS\System32\msvcp_win.dll
0x00007ff8d4b20000 - 0x00007ff8d4b3e000 	c:\Users\Thamod Rasmitha\.vscode\extensions\redhat.java-1.39.0-win32-x64\jre\21.0.5-win32-x86_64\bin\VCRUNTIME140.dll
0x00007ff8e66b0000 - 0x00007ff8e6940000 	C:\WINDOWS\WinSxS\amd64_microsoft.windows.common-controls_6595b64144ccf1df_6.0.26100.3037_none_3e09262ce333c378\COMCTL32.dll
0x00007ff8fd2d0000 - 0x00007ff8fd379000 	C:\WINDOWS\System32\msvcrt.dll
0x00007ff8fd380000 - 0x00007ff8fd3af000 	C:\WINDOWS\System32\IMM32.DLL
0x00007ff8e9d60000 - 0x00007ff8e9d6c000 	c:\Users\Thamod Rasmitha\.vscode\extensions\redhat.java-1.39.0-win32-x64\jre\21.0.5-win32-x86_64\bin\vcruntime140_1.dll
0x00007ff8ae8d0000 - 0x00007ff8ae95d000 	c:\Users\Thamod Rasmitha\.vscode\extensions\redhat.java-1.39.0-win32-x64\jre\21.0.5-win32-x86_64\bin\msvcp140.dll
0x00007ff8ad320000 - 0x00007ff8ae0af000 	c:\Users\Thamod Rasmitha\.vscode\extensions\redhat.java-1.39.0-win32-x64\jre\21.0.5-win32-x86_64\bin\server\jvm.dll
0x00007ff8fd210000 - 0x00007ff8fd2c4000 	C:\WINDOWS\System32\ADVAPI32.dll
0x00007ff8febb0000 - 0x00007ff8fec56000 	C:\WINDOWS\System32\sechost.dll
0x00007ff8fe340000 - 0x00007ff8fe456000 	C:\WINDOWS\System32\RPCRT4.dll
0x00007ff8fece0000 - 0x00007ff8fed54000 	C:\WINDOWS\System32\WS2_32.dll
0x00007ff8f3030000 - 0x00007ff8f3066000 	C:\WINDOWS\SYSTEM32\WINMM.dll
0x00007ff8fb360000 - 0x00007ff8fb3ae000 	C:\WINDOWS\SYSTEM32\POWRPROF.dll
0x00007ff8f3070000 - 0x00007ff8f307b000 	C:\WINDOWS\SYSTEM32\VERSION.dll
0x00007ff8fb340000 - 0x00007ff8fb354000 	C:\WINDOWS\SYSTEM32\UMPDC.dll
0x00007ff8fb5e0000 - 0x00007ff8fb5fa000 	C:\WINDOWS\SYSTEM32\kernel.appcore.dll
0x00007ff8e9be0000 - 0x00007ff8e9bea000 	c:\Users\Thamod Rasmitha\.vscode\extensions\redhat.java-1.39.0-win32-x64\jre\21.0.5-win32-x86_64\bin\jimage.dll
0x00007ff8f9480000 - 0x00007ff8f96c1000 	C:\WINDOWS\SYSTEM32\DBGHELP.DLL
0x00007ff8fed60000 - 0x00007ff8ff0de000 	C:\WINDOWS\System32\combase.dll
0x00007ff8fd3d0000 - 0x00007ff8fd4a6000 	C:\WINDOWS\System32\OLEAUT32.dll
0x00007ff8e4750000 - 0x00007ff8e4789000 	C:\WINDOWS\SYSTEM32\dbgcore.DLL
0x00007ff8fd0a0000 - 0x00007ff8fd139000 	C:\WINDOWS\System32\bcryptPrimitives.dll
0x00007ff8e2ac0000 - 0x00007ff8e2acf000 	c:\Users\Thamod Rasmitha\.vscode\extensions\redhat.java-1.39.0-win32-x64\jre\21.0.5-win32-x86_64\bin\instrument.dll
0x00007ff8d4c30000 - 0x00007ff8d4c4f000 	c:\Users\Thamod Rasmitha\.vscode\extensions\redhat.java-1.39.0-win32-x64\jre\21.0.5-win32-x86_64\bin\java.dll
0x00007ff8fd680000 - 0x00007ff8fdd84000 	C:\WINDOWS\System32\SHELL32.dll
0x00007ff8fa400000 - 0x00007ff8fac37000 	C:\WINDOWS\SYSTEM32\windows.storage.dll
0x00007ff8feac0000 - 0x00007ff8feba9000 	C:\WINDOWS\System32\SHCORE.dll
0x00007ff8fd170000 - 0x00007ff8fd1cd000 	C:\WINDOWS\System32\shlwapi.dll
0x00007ff8fc5b0000 - 0x00007ff8fc5de000 	C:\WINDOWS\SYSTEM32\profapi.dll
0x00007ff8ce4e0000 - 0x00007ff8ce4f8000 	c:\Users\Thamod Rasmitha\.vscode\extensions\redhat.java-1.39.0-win32-x64\jre\21.0.5-win32-x86_64\bin\zip.dll
0x00007ff8d6830000 - 0x00007ff8d6840000 	C:\Users\Thamod Rasmitha\.vscode\extensions\redhat.java-1.39.0-win32-x64\jre\21.0.5-win32-x86_64\bin\net.dll
0x00007ff8f5020000 - 0x00007ff8f513e000 	C:\WINDOWS\SYSTEM32\WINHTTP.dll
0x00007ff8fbaf0000 - 0x00007ff8fbb5a000 	C:\WINDOWS\system32\mswsock.dll
0x00007ff8c61a0000 - 0x00007ff8c61b6000 	C:\Users\Thamod Rasmitha\.vscode\extensions\redhat.java-1.39.0-win32-x64\jre\21.0.5-win32-x86_64\bin\nio.dll
0x00007ff8d6560000 - 0x00007ff8d6570000 	c:\Users\Thamod Rasmitha\.vscode\extensions\redhat.java-1.39.0-win32-x64\jre\21.0.5-win32-x86_64\bin\verify.dll
0x00007ff8ae680000 - 0x00007ff8ae6c5000 	C:\Users\Thamod Rasmitha\AppData\Roaming\Code\User\globalStorage\redhat.java\1.39.0\config_win\org.eclipse.equinox.launcher\org.eclipse.equinox.launcher.win32.win32.x86_64_1.2.1100.v20240722-2106\eclipse_11904.dll
0x00007ff8fdd90000 - 0x00007ff8fdf25000 	C:\WINDOWS\System32\ole32.dll
0x00007ff8ce840000 - 0x00007ff8ce84a000 	C:\Users\Thamod Rasmitha\.vscode\extensions\redhat.java-1.39.0-win32-x64\jre\21.0.5-win32-x86_64\bin\management.dll
0x00007ff8cb000000 - 0x00007ff8cb00b000 	C:\Users\Thamod Rasmitha\.vscode\extensions\redhat.java-1.39.0-win32-x64\jre\21.0.5-win32-x86_64\bin\management_ext.dll
0x00007ff8fd200000 - 0x00007ff8fd208000 	C:\WINDOWS\System32\PSAPI.DLL
0x00007ff8fbd90000 - 0x00007ff8fbdac000 	C:\WINDOWS\SYSTEM32\CRYPTSP.dll
0x00007ff8fb540000 - 0x00007ff8fb578000 	C:\WINDOWS\system32\rsaenh.dll
0x00007ff8fbb90000 - 0x00007ff8fbbbb000 	C:\WINDOWS\SYSTEM32\USERENV.dll
0x00007ff8fbfd0000 - 0x00007ff8fbff6000 	C:\WINDOWS\SYSTEM32\bcrypt.dll
0x00007ff8fbdb0000 - 0x00007ff8fbdbc000 	C:\WINDOWS\SYSTEM32\CRYPTBASE.dll
0x00007ff8fafa0000 - 0x00007ff8fafd2000 	C:\WINDOWS\SYSTEM32\IPHLPAPI.DLL
0x00007ff8fd3c0000 - 0x00007ff8fd3ca000 	C:\WINDOWS\System32\NSI.dll
0x00007ff8b24d0000 - 0x00007ff8b2519000 	C:\Users\Thamod Rasmitha\AppData\Local\Temp\jna--2070620168\jna4808031880830221886.dll
0x00007ff8f4c70000 - 0x00007ff8f4c8f000 	C:\WINDOWS\SYSTEM32\dhcpcsvc6.DLL
0x00007ff8f4bc0000 - 0x00007ff8f4be5000 	C:\WINDOWS\SYSTEM32\dhcpcsvc.DLL
0x00007ff8d69b0000 - 0x00007ff8d69be000 	C:\Users\Thamod Rasmitha\.vscode\extensions\redhat.java-1.39.0-win32-x64\jre\21.0.5-win32-x86_64\bin\sunmscapi.dll
0x00007ff8fcf20000 - 0x00007ff8fd096000 	C:\WINDOWS\System32\CRYPT32.dll
0x00007ff8fbf90000 - 0x00007ff8fbfc0000 	C:\WINDOWS\SYSTEM32\ncrypt.dll
0x00007ff8fbf40000 - 0x00007ff8fbf7f000 	C:\WINDOWS\SYSTEM32\NTASN1.dll
0x00007ff8fb030000 - 0x00007ff8fb155000 	C:\WINDOWS\SYSTEM32\DNSAPI.dll
0x00007ff8f5900000 - 0x00007ff8f590b000 	C:\Windows\System32\rasadhlp.dll
0x00007ff8f2090000 - 0x00007ff8f2115000 	C:\WINDOWS\System32\fwpuclnt.dll
0x00007ff8d69a0000 - 0x00007ff8d69a9000 	C:\Users\Thamod Rasmitha\.vscode\extensions\redhat.java-1.39.0-win32-x64\jre\21.0.5-win32-x86_64\bin\extnet.dll

dbghelp: loaded successfully - version: 4.0.5 - missing functions: none
symbol engine: initialized successfully - sym options: 0x614 - pdb path: .;c:\Users\Thamod Rasmitha\.vscode\extensions\redhat.java-1.39.0-win32-x64\jre\21.0.5-win32-x86_64\bin;C:\WINDOWS\SYSTEM32;C:\WINDOWS\WinSxS\amd64_microsoft.windows.common-controls_6595b64144ccf1df_6.0.26100.3037_none_3e09262ce333c378;c:\Users\Thamod Rasmitha\.vscode\extensions\redhat.java-1.39.0-win32-x64\jre\21.0.5-win32-x86_64\bin\server;C:\Users\Thamod Rasmitha\AppData\Roaming\Code\User\globalStorage\redhat.java\1.39.0\config_win\org.eclipse.equinox.launcher\org.eclipse.equinox.launcher.win32.win32.x86_64_1.2.1100.v20240722-2106;C:\Users\Thamod Rasmitha\AppData\Local\Temp\jna--2070620168

VM Arguments:
jvm_args: --add-modules=ALL-SYSTEM --add-opens=java.base/java.util=ALL-UNNAMED --add-opens=java.base/java.lang=ALL-UNNAMED --add-opens=java.base/sun.nio.fs=ALL-UNNAMED -Declipse.application=org.eclipse.jdt.ls.core.id1 -Dosgi.bundles.defaultStartLevel=4 -Declipse.product=org.eclipse.jdt.ls.core.product -Djava.import.generatesMetadataFilesAtProjectRoot=false -DDetectVMInstallationsJob.disabled=true -Dfile.encoding=utf8 -XX:+UseParallelGC -XX:GCTimeRatio=4 -XX:AdaptiveSizePolicyWeight=90 -Dsun.zip.disableMemoryMapping=true -Xmx1G -Xms100m -Xlog:disable -javaagent:c:\Users\Thamod Rasmitha\.vscode\extensions\redhat.java-1.39.0-win32-x64\lombok\lombok-1.18.34.jar -XX:+HeapDumpOnOutOfMemoryError -XX:HeapDumpPath=c:\Users\Thamod Rasmitha\AppData\Roaming\Code\User\workspaceStorage\0fc330c9d57e3cde6f27104cd894d95e\redhat.java -Daether.dependencyCollector.impl=bf 
java_command: c:\Users\Thamod Rasmitha\.vscode\extensions\redhat.java-1.39.0-win32-x64\server\plugins\org.eclipse.equinox.launcher_1.6.900.v20240613-2009.jar -configuration c:\Users\Thamod Rasmitha\AppData\Roaming\Code\User\globalStorage\redhat.java\1.39.0\config_win -data c:\Users\Thamod Rasmitha\AppData\Roaming\Code\User\workspaceStorage\0fc330c9d57e3cde6f27104cd894d95e\redhat.java\jdt_ws --pipe=\\.\pipe\lsp-52f47fca81028ea035b81996d766506a-sock
java_class_path (initial): c:\Users\Thamod Rasmitha\.vscode\extensions\redhat.java-1.39.0-win32-x64\server\plugins\org.eclipse.equinox.launcher_1.6.900.v20240613-2009.jar
Launcher Type: SUN_STANDARD

[Global flags]
    uintx AdaptiveSizePolicyWeight                 = 90                                        {product} {command line}
     intx CICompilerCount                          = 4                                         {product} {ergonomic}
    uintx GCTimeRatio                              = 4                                         {product} {command line}
     bool HeapDumpOnOutOfMemoryError               = true                                   {manageable} {command line}
    ccstr HeapDumpPath                             = c:\Users\Thamod Rasmitha\AppData\Roaming\Code\User\workspaceStorage\0fc330c9d57e3cde6f27104cd894d95e\redhat.java         {manageable} {command line}
   size_t InitialHeapSize                          = 104857600                                 {product} {command line}
   size_t MaxHeapSize                              = 1073741824                                {product} {command line}
   size_t MaxNewSize                               = 357564416                                 {product} {ergonomic}
   size_t MinHeapDeltaBytes                        = 524288                                    {product} {ergonomic}
   size_t MinHeapSize                              = 104857600                                 {product} {command line}
   size_t NewSize                                  = 34603008                                  {product} {ergonomic}
    uintx NonNMethodCodeHeapSize                   = 5839372                                {pd product} {ergonomic}
    uintx NonProfiledCodeHeapSize                  = 122909434                              {pd product} {ergonomic}
   size_t OldSize                                  = 70254592                                  {product} {ergonomic}
    uintx ProfiledCodeHeapSize                     = 122909434                              {pd product} {ergonomic}
    uintx ReservedCodeCacheSize                    = 251658240                              {pd product} {ergonomic}
     bool SegmentedCodeCache                       = true                                      {product} {ergonomic}
   size_t SoftMaxHeapSize                          = 1073741824                             {manageable} {ergonomic}
     bool UseCompressedOops                        = true                           {product lp64_product} {ergonomic}
     bool UseLargePagesIndividualAllocation        = false                                  {pd product} {ergonomic}
     bool UseParallelGC                            = true                                      {product} {command line}

Logging:
Log output configuration:
 #0: stdout all=off uptime,level,tags foldmultilines=false
 #1: stderr all=off uptime,level,tags foldmultilines=false

Environment Variables:
PATH=C:\Program Files (x86)\Common Files\Oracle\Java\javapath;C:\oracles\dbhomeXE\bin;C:\Python311\Scripts\;C:\Python311\;C:\WINDOWS\system32;C:\WINDOWS;C:\WINDOWS\System32\Wbem;C:\WINDOWS\System32\WindowsPowerShell\v1.0\;C:\WINDOWS\System32\OpenSSH\;C:\Program Files\Java\jdk1.8.0_351\bin;C:\Program Files\Java\jre1.8.0_351\bin;C:\ProgramData\chocolatey\bin;C:\Program Files\Git\cmd;C:\Program Files\MATLAB\R2023a\runtime\win64;C:\Program Files\MATLAB\R2023a\bin;C:\Program Files (x86)\Microsoft SQL Server\160\DTS\Binn\;C:\Program Files (x86)\Microsoft SQL Server\160\Tools\Binn\;C:\Program Files\Microsoft SQL Server\160\Tools\Binn\;C:\Program Files\Microsoft SQL Server\Client SDK\ODBC\170\Tools\Binn\;C:\Program Files\Microsoft SQL Server\160\DTS\Binn\;C:\Program Files\Microsoft SQL Server\150\Tools\Binn\;C:\Program Files\PowerShell\7\;D:\Software\mongoDb\mongosh-2.3.3-win32-x64\mongosh-2.3.3-win32-x64\bin;C:\Program Files\nodejs\;C:\Users\Thamod Rasmitha\AppData\Local\Microsoft\WindowsApps;C:\Program Files\JetBrains\IntelliJ IDEA Community Edition 2022.3.1\bin;;C:\Users\Thamod Rasmitha\AppData\Local\Programs\Microsoft VS Code\bin;C:\flutter\bin;C:\Users\Thamod Rasmitha\AppData\Local\Pub\Cache\bin;C:\Users\Thamod Rasmitha\AppData\Roaming\npm
USERNAME=Thamod Rasmitha
OS=Windows_NT
PROCESSOR_IDENTIFIER=AMD64 Family 23 Model 104 Stepping 1, AuthenticAMD
TMP=C:\Users\THAMOD~1\AppData\Local\Temp
TEMP=C:\Users\THAMOD~1\AppData\Local\Temp




Periodic native trim disabled

---------------  S Y S T E M  ---------------

OS:
 Windows 11 , 64 bit Build 26100 (10.0.26100.3037)
OS uptime: 2 days 0:28 hours

CPU: total 12 (initial active 12) (12 cores per cpu, 2 threads per core) family 23 model 104 stepping 1 microcode 0x8608104, cx8, cmov, fxsr, ht, mmx, 3dnowpref, sse, sse2, sse3, ssse3, sse4a, sse4.1, sse4.2, popcnt, lzcnt, tsc, tscinvbit, avx, avx2, aes, clmul, bmi1, bmi2, adx, sha, fma, vzeroupper, clflush, clflushopt, rdtscp, rdpid, f16c
Processor Information for processor 0
  Max Mhz: 2100, Current Mhz: 1893, Mhz Limit: 2100
Processor Information for processor 1
  Max Mhz: 2100, Current Mhz: 1893, Mhz Limit: 2100
Processor Information for processor 2
  Max Mhz: 2100, Current Mhz: 1893, Mhz Limit: 2100
Processor Information for processor 3
  Max Mhz: 2100, Current Mhz: 1813, Mhz Limit: 2100
Processor Information for processor 4
  Max Mhz: 2100, Current Mhz: 1893, Mhz Limit: 2100
Processor Information for processor 5
  Max Mhz: 2100, Current Mhz: 1893, Mhz Limit: 2100
Processor Information for processor 6
  Max Mhz: 2100, Current Mhz: 1893, Mhz Limit: 2100
Processor Information for processor 7
  Max Mhz: 2100, Current Mhz: 1813, Mhz Limit: 2100
Processor Information for processor 8
  Max Mhz: 2100, Current Mhz: 1813, Mhz Limit: 2100
Processor Information for processor 9
  Max Mhz: 2100, Current Mhz: 1813, Mhz Limit: 2100
Processor Information for processor 10
  Max Mhz: 2100, Current Mhz: 1813, Mhz Limit: 2100
Processor Information for processor 11
  Max Mhz: 2100, Current Mhz: 1813, Mhz Limit: 2100

Memory: 4k page, system-wide physical 15753M (5801M free)
TotalPageFile size 15753M (AvailPageFile size 5M)
current process WorkingSet (physical memory assigned to process): 947M, peak: 950M
current process commit charge ("private bytes"): 952M, peak: 954M

vm_info: OpenJDK 64-Bit Server VM (21.0.5+11-LTS) for windows-amd64 JRE (21.0.5+11-LTS), built on 2024-10-15T00:00:00Z by "admin" with MS VC++ 17.7 (VS2022)

END.
