#
# There is insufficient memory for the Java Runtime Environment to continue.
# Native memory allocation (malloc) failed to allocate 1948976 bytes. Error detail: Chunk::new
# Possible reasons:
#   The system is out of physical RAM or swap space
#   This process is running with CompressedOops enabled, and the Java Heap may be blocking the growth of the native heap
# Possible solutions:
#   Reduce memory load on the system
#   Increase physical memory or swap space
#   Check if swap backing store is full
#   Decrease Java heap size (-Xmx/-Xms)
#   Decrease number of Java threads
#   Decrease Java thread stack sizes (-Xss)
#   Set larger code cache with -XX:ReservedCodeCacheSize=
#   JVM is running with Unscaled Compressed Oops mode in which the Java heap is
#     placed in the first 4GB address space. The Java Heap base address is the
#     maximum limit for the native heap growth. Please use -XX:HeapBaseMinAddress
#     to set the Java Heap base and to place the Java Heap above 4GB virtual address.
# This output file may be truncated or incomplete.
#
#  Out of Memory Error (arena.cpp:191), pid=16448, tid=13708
#
# JRE version: OpenJDK Runtime Environment Temurin-17.0.13+11 (17.0.13+11) (build 17.0.13+11)
# Java VM: OpenJDK 64-Bit Server VM Temurin-17.0.13+11 (17.0.13+11, mixed mode, tiered, compressed oops, compressed class ptrs, parallel gc, windows-amd64)
# No core dump will be written. Minidumps are not enabled by default on client versions of Windows
#

---------------  S U M M A R Y ------------

Command Line: --add-modules=ALL-SYSTEM --add-opens=java.base/java.util=ALL-UNNAMED --add-opens=java.base/java.lang=ALL-UNNAMED --add-opens=java.base/sun.nio.fs=ALL-UNNAMED -Declipse.application=org.eclipse.jdt.ls.core.id1 -Dosgi.bundles.defaultStartLevel=4 -Declipse.product=org.eclipse.jdt.ls.core.product -Djava.import.generatesMetadataFilesAtProjectRoot=false -DDetectVMInstallationsJob.disabled=true -Dfile.encoding=utf8 -XX:+UseParallelGC -XX:GCTimeRatio=4 -XX:AdaptiveSizePolicyWeight=90 -Dsun.zip.disableMemoryMapping=true -Xmx1G -Xms100m -Xlog:disable -javaagent:c:\Users\Thamod Rasmitha\.vscode\extensions\redhat.java-1.38.0-win32-x64\lombok\lombok-1.18.34.jar -XX:+HeapDumpOnOutOfMemoryError -XX:HeapDumpPath=c:\Users\Thamod Rasmitha\AppData\Roaming\Code\User\workspaceStorage\7f555c1f595b27d0cbdb33352e7db12f\redhat.java -Daether.dependencyCollector.impl=bf c:\Users\Thamod Rasmitha\.vscode\extensions\redhat.java-1.38.0-win32-x64\server\plugins\org.eclipse.equinox.launcher_1.6.900.v20240613-2009.jar -configuration c:\Users\Thamod Rasmitha\AppData\Roaming\Code\User\globalStorage\redhat.java\1.38.0\config_win -data c:\Users\Thamod Rasmitha\AppData\Roaming\Code\User\workspaceStorage\7f555c1f595b27d0cbdb33352e7db12f\redhat.java\jdt_ws --pipe=\\.\pipe\lsp-527aaa2d11c9205556cd6700a455f2ec-sock

Host: AMD Ryzen 5 5500U with Radeon Graphics         , 12 cores, 15G,  Windows 11 , 64 bit Build 26100 (10.0.26100.2454)
Time: Thu Jan  2 19:55:54 2025 Sri Lanka Standard Time elapsed time: 23.450444 seconds (0d 0h 0m 23s)

---------------  T H R E A D  ---------------

Current thread (0x000001a35b5f7510):  JavaThread "C2 CompilerThread1" daemon [_thread_in_native, id=13708, stack(0x0000008700f00000,0x0000008701000000)]


Current CompileTask:
C2:  23450 12624 % !   4       org.eclipse.jdt.internal.compiler.classfmt.ClassFileReader::<init> @ 786 (2119 bytes)

Stack: [0x0000008700f00000,0x0000008701000000]
Native frames: (J=compiled Java code, j=interpreted, Vv=VM code, C=native code)
V  [jvm.dll+0x682a19]
V  [jvm.dll+0x839538]
V  [jvm.dll+0x83afe3]
V  [jvm.dll+0x83b653]
V  [jvm.dll+0x24704f]
V  [jvm.dll+0xace34]
V  [jvm.dll+0xad4cc]
V  [jvm.dll+0x36592f]
V  [jvm.dll+0x32fbd8]
V  [jvm.dll+0x32f05a]
V  [jvm.dll+0x21804f]
V  [jvm.dll+0x21748f]
V  [jvm.dll+0x1a3070]
V  [jvm.dll+0x22788c]
V  [jvm.dll+0x2259eb]
V  [jvm.dll+0x7eec98]
V  [jvm.dll+0x7e8ffc]
V  [jvm.dll+0x6818f7]
C  [ucrtbase.dll+0x14ea0]
C  [KERNEL32.DLL+0x2e8d7]
C  [ntdll.dll+0xdfbcc]


---------------  P R O C E S S  ---------------

Threads class SMR info:
_java_thread_list=0x000001a36398ac60, length=89, elements={
0x000001a33fa1a3c0, 0x000001a3538a7030, 0x000001a33facd270, 0x000001a358a78a20,
0x000001a358a792f0, 0x000001a358a79bc0, 0x000001a358a7c4a0, 0x000001a358a7d0a0,
0x000001a358adbde0, 0x000001a358af2920, 0x000001a358b8bb50, 0x000001a358d932e0,
0x000001a35ad23520, 0x000001a35ada2b10, 0x000001a35ad9ec80, 0x000001a35ada0530,
0x000001a35b471a30, 0x000001a35b3cb040, 0x000001a35b3c9c00, 0x000001a35b3ca110,
0x000001a35b3ccea0, 0x000001a35b3cd3b0, 0x000001a35b5f7510, 0x000001a35b6ac330,
0x000001a35b3cba60, 0x000001a35b3cbf70, 0x000001a35b3ca620, 0x000001a35b3cc480,
0x000001a35b3cab30, 0x000001a35ca2e710, 0x000001a35ca2c8b0, 0x000001a35ca2d7e0,
0x000001a35ca2dcf0, 0x000001a35ca2f130, 0x000001a35ca2e200, 0x000001a35ca2ec20,
0x000001a35ca2b980, 0x000001a35ca2f640, 0x000001a35ca2be90, 0x000001a35ca2fb50,
0x000001a35ca2c3a0, 0x000001a35ca2cdc0, 0x000001a35ca30a80, 0x000001a35ca2d2d0,
0x000001a35ca328e0, 0x000001a35ca314a0, 0x000001a35ca33300, 0x000001a35ca30f90,
0x000001a35ca31ec0, 0x000001a35ca323d0, 0x000001a35b3cb550, 0x000001a35f175bc0,
0x000001a35f1756b0, 0x000001a35f172920, 0x000001a35f173850, 0x000001a35f1765e0,
0x000001a35f174780, 0x000001a35f173d60, 0x000001a35f174270, 0x000001a35f172e30,
0x000001a35f176af0, 0x000001a35f173340, 0x000001a35f177000, 0x000001a35f177f30,
0x000001a35f177a20, 0x000001a35f177510, 0x000001a35f178440, 0x000001a35f174c90,
0x000001a35f178e60, 0x000001a35f17a2a0, 0x000001a35f179370, 0x000001a35f179880,
0x000001a35dab0f40, 0x000001a35dab0a30, 0x000001a35dab1960, 0x000001a35dab1e70,
0x000001a35dab37c0, 0x000001a35dab2890, 0x000001a35dab2da0, 0x000001a35dab6040,
0x000001a35dab41e0, 0x000001a35dab7990, 0x000001a35dab46f0, 0x000001a35dab4c00,
0x000001a35dab6550, 0x000001a35dab6f70, 0x000001a35dab5620, 0x000001a35dab6a60,
0x000001a35dab7480
}

Java Threads: ( => current thread )
  0x000001a33fa1a3c0 JavaThread "main" [_thread_blocked, id=19516, stack(0x000000877ec00000,0x000000877ed00000)]
  0x000001a3538a7030 JavaThread "Reference Handler" daemon [_thread_blocked, id=7276, stack(0x000000877ef00000,0x000000877f000000)]
  0x000001a33facd270 JavaThread "Finalizer" daemon [_thread_blocked, id=6020, stack(0x000000877f000000,0x000000877f100000)]
  0x000001a358a78a20 JavaThread "Signal Dispatcher" daemon [_thread_blocked, id=16160, stack(0x000000877f100000,0x000000877f200000)]
  0x000001a358a792f0 JavaThread "Attach Listener" daemon [_thread_blocked, id=19000, stack(0x000000877f200000,0x000000877f300000)]
  0x000001a358a79bc0 JavaThread "Service Thread" daemon [_thread_blocked, id=14608, stack(0x000000877f300000,0x000000877f400000)]
  0x000001a358a7c4a0 JavaThread "Monitor Deflation Thread" daemon [_thread_blocked, id=3076, stack(0x000000877f400000,0x000000877f500000)]
  0x000001a358a7d0a0 JavaThread "C2 CompilerThread0" daemon [_thread_in_native, id=7768, stack(0x000000877f500000,0x000000877f600000)]
  0x000001a358adbde0 JavaThread "C1 CompilerThread0" daemon [_thread_blocked, id=9352, stack(0x000000877f600000,0x000000877f700000)]
  0x000001a358af2920 JavaThread "Sweeper thread" daemon [_thread_blocked, id=18680, stack(0x000000877f700000,0x000000877f800000)]
  0x000001a358b8bb50 JavaThread "Common-Cleaner" daemon [_thread_blocked, id=21916, stack(0x000000877f800000,0x000000877f900000)]
  0x000001a358d932e0 JavaThread "Notification Thread" daemon [_thread_blocked, id=13612, stack(0x000000877f900000,0x000000877fa00000)]
  0x000001a35ad23520 JavaThread "Active Thread: Equinox Container: e0f26a08-beaf-4605-ba8d-f0398bbb8841" [_thread_blocked, id=19188, stack(0x0000008700200000,0x0000008700300000)]
  0x000001a35ada2b10 JavaThread "Refresh Thread: Equinox Container: e0f26a08-beaf-4605-ba8d-f0398bbb8841" daemon [_thread_blocked, id=18428, stack(0x0000008700300000,0x0000008700400000)]
  0x000001a35ad9ec80 JavaThread "Framework Event Dispatcher: Equinox Container: e0f26a08-beaf-4605-ba8d-f0398bbb8841" daemon [_thread_blocked, id=6140, stack(0x0000008700400000,0x0000008700500000)]
  0x000001a35ada0530 JavaThread "Start Level: Equinox Container: e0f26a08-beaf-4605-ba8d-f0398bbb8841" daemon [_thread_blocked, id=16672, stack(0x0000008700500000,0x0000008700600000)]
  0x000001a35b471a30 JavaThread "Bundle File Closer" daemon [_thread_blocked, id=18140, stack(0x0000008700800000,0x0000008700900000)]
  0x000001a35b3cb040 JavaThread "SCR Component Actor" daemon [_thread_blocked, id=20400, stack(0x0000008700a00000,0x0000008700b00000)]
  0x000001a35b3c9c00 JavaThread "Worker-JM" [_thread_blocked, id=5636, stack(0x0000008700c00000,0x0000008700d00000)]
  0x000001a35b3ca110 JavaThread "JNA Cleaner" daemon [_thread_blocked, id=14236, stack(0x0000008700000000,0x0000008700100000)]
  0x000001a35b3ccea0 JavaThread "Worker-0" [_thread_blocked, id=18868, stack(0x0000008700d00000,0x0000008700e00000)]
  0x000001a35b3cd3b0 JavaThread "Worker-1: Initialize Workspace" [_thread_blocked, id=11876, stack(0x0000008700e00000,0x0000008700f00000)]
=>0x000001a35b5f7510 JavaThread "C2 CompilerThread1" daemon [_thread_in_native, id=13708, stack(0x0000008700f00000,0x0000008701000000)]
  0x000001a35b6ac330 JavaThread "C2 CompilerThread2" daemon [_thread_in_native, id=19880, stack(0x0000008701000000,0x0000008701100000)]
  0x000001a35b3cba60 JavaThread "Java indexing" daemon [_thread_in_Java, id=18712, stack(0x0000008701100000,0x0000008701200000)]
  0x000001a35b3cbf70 JavaThread "Worker-2: Java indexing... " [_thread_blocked, id=10412, stack(0x0000008701400000,0x0000008701500000)]
  0x000001a35b3ca620 JavaThread "Thread-2" daemon [_thread_in_native, id=18544, stack(0x0000008701500000,0x0000008701600000)]
  0x000001a35b3cc480 JavaThread "Thread-3" daemon [_thread_in_native, id=360, stack(0x0000008701600000,0x0000008701700000)]
  0x000001a35b3cab30 JavaThread "Thread-4" daemon [_thread_in_native, id=16100, stack(0x0000008701700000,0x0000008701800000)]
  0x000001a35ca2e710 JavaThread "Thread-5" daemon [_thread_in_native, id=18864, stack(0x0000008701800000,0x0000008701900000)]
  0x000001a35ca2c8b0 JavaThread "Thread-6" daemon [_thread_in_native, id=17024, stack(0x0000008701900000,0x0000008701a00000)]
  0x000001a35ca2d7e0 JavaThread "Thread-7" daemon [_thread_in_native, id=12680, stack(0x0000008701a00000,0x0000008701b00000)]
  0x000001a35ca2dcf0 JavaThread "Thread-8" daemon [_thread_in_native, id=22408, stack(0x0000008701b00000,0x0000008701c00000)]
  0x000001a35ca2f130 JavaThread "Thread-9" daemon [_thread_in_native, id=19472, stack(0x0000008701c00000,0x0000008701d00000)]
  0x000001a35ca2e200 JavaThread "Thread-10" daemon [_thread_in_native, id=12844, stack(0x0000008701d00000,0x0000008701e00000)]
  0x000001a35ca2ec20 JavaThread "Thread-11" daemon [_thread_in_native, id=21108, stack(0x0000008701e00000,0x0000008701f00000)]
  0x000001a35ca2b980 JavaThread "Thread-12" daemon [_thread_in_native, id=20040, stack(0x0000008701f00000,0x0000008702000000)]
  0x000001a35ca2f640 JavaThread "Thread-13" daemon [_thread_in_native, id=3836, stack(0x0000008702000000,0x0000008702100000)]
  0x000001a35ca2be90 JavaThread "Thread-14" daemon [_thread_in_native, id=9996, stack(0x0000008702100000,0x0000008702200000)]
  0x000001a35ca2fb50 JavaThread "Worker-3: Check JDK Index" [_thread_blocked, id=13200, stack(0x0000008702200000,0x0000008702300000)]
  0x000001a35ca2c3a0 JavaThread "pool-2-thread-1" [_thread_blocked, id=3208, stack(0x0000008702300000,0x0000008702400000)]
  0x000001a35ca2cdc0 JavaThread "Worker-4" [_thread_blocked, id=13132, stack(0x0000008702400000,0x0000008702500000)]
  0x000001a35ca30a80 JavaThread "Worker-5" [_thread_blocked, id=3392, stack(0x0000008702500000,0x0000008702600000)]
  0x000001a35ca2d2d0 JavaThread "Worker-6" [_thread_blocked, id=4252, stack(0x0000008702600000,0x0000008702700000)]
  0x000001a35ca328e0 JavaThread "WorkspaceEventsHandler" [_thread_blocked, id=6484, stack(0x0000008702700000,0x0000008702800000)]
  0x000001a35ca314a0 JavaThread "pool-1-thread-1" [_thread_blocked, id=16504, stack(0x0000008702800000,0x0000008702900000)]
  0x000001a35ca33300 JavaThread "LocalFile Deleter" daemon [_thread_blocked, id=3584, stack(0x0000008702900000,0x0000008702a00000)]
  0x000001a35ca30f90 JavaThread "LocalFile Deleter" daemon [_thread_blocked, id=204, stack(0x0000008702a00000,0x0000008702b00000)]
  0x000001a35ca31ec0 JavaThread "LocalFile Deleter" daemon [_thread_blocked, id=13680, stack(0x0000008702b00000,0x0000008702c00000)]
  0x000001a35ca323d0 JavaThread "LocalFile Deleter" daemon [_thread_blocked, id=22000, stack(0x0000008702c00000,0x0000008702d00000)]
  0x000001a35b3cb550 JavaThread "LocalFile Deleter" daemon [_thread_blocked, id=19312, stack(0x0000008702d00000,0x0000008702e00000)]
  0x000001a35f175bc0 JavaThread "LocalFile Deleter" daemon [_thread_blocked, id=6012, stack(0x0000008702e00000,0x0000008702f00000)]
  0x000001a35f1756b0 JavaThread "LocalFile Deleter" daemon [_thread_blocked, id=11376, stack(0x0000008702f00000,0x0000008703000000)]
  0x000001a35f172920 JavaThread "LocalFile Deleter" daemon [_thread_blocked, id=7580, stack(0x0000008703000000,0x0000008703100000)]
  0x000001a35f173850 JavaThread "LocalFile Deleter" daemon [_thread_blocked, id=13748, stack(0x0000008703100000,0x0000008703200000)]
  0x000001a35f1765e0 JavaThread "LocalFile Deleter" daemon [_thread_blocked, id=9728, stack(0x0000008703200000,0x0000008703300000)]
  0x000001a35f174780 JavaThread "LocalFile Deleter" daemon [_thread_blocked, id=9424, stack(0x0000008703300000,0x0000008703400000)]
  0x000001a35f173d60 JavaThread "LocalFile Deleter" daemon [_thread_blocked, id=11552, stack(0x0000008703400000,0x0000008703500000)]
  0x000001a35f174270 JavaThread "Compiler Source File Reader" daemon [_thread_blocked, id=21260, stack(0x0000008703500000,0x0000008703600000)]
  0x000001a35f172e30 JavaThread "Compiler Source File Reader" daemon [_thread_blocked, id=18256, stack(0x0000008703600000,0x0000008703700000)]
  0x000001a35f176af0 JavaThread "Compiler Source File Reader" daemon [_thread_blocked, id=1884, stack(0x0000008703700000,0x0000008703800000)]
  0x000001a35f173340 JavaThread "Compiler Source File Reader" daemon [_thread_blocked, id=7280, stack(0x0000008703800000,0x0000008703900000)]
  0x000001a35f177000 JavaThread "Compiler Source File Reader" daemon [_thread_blocked, id=16016, stack(0x0000008703900000,0x0000008703a00000)]
  0x000001a35f177f30 JavaThread "Compiler Source File Reader" daemon [_thread_blocked, id=20536, stack(0x0000008703a00000,0x0000008703b00000)]
  0x000001a35f177a20 JavaThread "Compiler Source File Reader" daemon [_thread_blocked, id=18960, stack(0x0000008703b00000,0x0000008703c00000)]
  0x000001a35f177510 JavaThread "Compiler Source File Reader" daemon [_thread_blocked, id=13772, stack(0x0000008703c00000,0x0000008703d00000)]
  0x000001a35f178440 JavaThread "Compiler Source File Reader" daemon [_thread_blocked, id=13248, stack(0x0000008703d00000,0x0000008703e00000)]
  0x000001a35f174c90 JavaThread "Compiler Source File Reader" daemon [_thread_blocked, id=13440, stack(0x0000008703e00000,0x0000008703f00000)]
  0x000001a35f178e60 JavaThread "Compiler Processing Task" daemon [_thread_blocked, id=4996, stack(0x0000008700b00000,0x0000008700c00000)]
  0x000001a35f17a2a0 JavaThread "Compiler Class File Writer" daemon [_thread_blocked, id=19412, stack(0x0000008703f00000,0x0000008704000000)]
  0x000001a35f179370 JavaThread "Compiler Class File Writer" daemon [_thread_blocked, id=22412, stack(0x0000008704000000,0x0000008704100000)]
  0x000001a35f179880 JavaThread "Compiler Class File Writer" daemon [_thread_blocked, id=7964, stack(0x0000008704100000,0x0000008704200000)]
  0x000001a35dab0f40 JavaThread "Compiler Class File Writer" daemon [_thread_blocked, id=6888, stack(0x0000008704200000,0x0000008704300000)]
  0x000001a35dab0a30 JavaThread "Compiler Class File Writer" daemon [_thread_blocked, id=15768, stack(0x0000008704300000,0x0000008704400000)]
  0x000001a35dab1960 JavaThread "Compiler Class File Writer" daemon [_thread_blocked, id=16856, stack(0x0000008704400000,0x0000008704500000)]
  0x000001a35dab1e70 JavaThread "Compiler Class File Writer" daemon [_thread_blocked, id=11012, stack(0x0000008704500000,0x0000008704600000)]
  0x000001a35dab37c0 JavaThread "Compiler Class File Writer" daemon [_thread_blocked, id=18848, stack(0x0000008704600000,0x0000008704700000)]
  0x000001a35dab2890 JavaThread "Compiler Class File Writer" daemon [_thread_blocked, id=3056, stack(0x0000008704700000,0x0000008704800000)]
  0x000001a35dab2da0 JavaThread "Compiler Class File Writer" daemon [_thread_blocked, id=20016, stack(0x0000008704800000,0x0000008704900000)]
  0x000001a35dab6040 JavaThread "ForkJoinPool.commonPool-worker-1" daemon [_thread_blocked, id=22148, stack(0x0000008704900000,0x0000008704a00000)]
  0x000001a35dab41e0 JavaThread "Worker-7" [_thread_blocked, id=18728, stack(0x0000008704a00000,0x0000008704b00000)]
  0x000001a35dab7990 JavaThread "ForkJoinPool.commonPool-worker-2" daemon [_thread_blocked, id=6820, stack(0x0000008704b00000,0x0000008704c00000)]
  0x000001a35dab46f0 JavaThread "ForkJoinPool.commonPool-worker-3" daemon [_thread_blocked, id=7064, stack(0x0000008704c00000,0x0000008704d00000)]
  0x000001a35dab4c00 JavaThread "ForkJoinPool.commonPool-worker-4" daemon [_thread_blocked, id=21104, stack(0x0000008704d00000,0x0000008704e00000)]
  0x000001a35dab6550 JavaThread "ForkJoinPool.commonPool-worker-5" daemon [_thread_blocked, id=20684, stack(0x0000008704e00000,0x0000008704f00000)]
  0x000001a35dab6f70 JavaThread "ForkJoinPool.commonPool-worker-6" daemon [_thread_blocked, id=19364, stack(0x0000008704f00000,0x0000008705000000)]
  0x000001a35dab5620 JavaThread "ForkJoinPool.commonPool-worker-7" daemon [_thread_blocked, id=19368, stack(0x0000008705000000,0x0000008705100000)]
  0x000001a35dab6a60 JavaThread "ForkJoinPool.commonPool-worker-8" daemon [_thread_blocked, id=18144, stack(0x0000008705100000,0x0000008705200000)]
  0x000001a35dab7480 JavaThread "ForkJoinPool.commonPool-worker-9" daemon [_thread_blocked, id=6668, stack(0x0000008705200000,0x0000008705300000)]

Other Threads:
  0x000001a33fac9c90 VMThread "VM Thread" [stack: 0x000000877ee00000,0x000000877ef00000] [id=3932]
  0x000001a358d9ba70 WatcherThread [stack: 0x000000877fa00000,0x000000877fb00000] [id=5020]
  0x000001a33fa2fa30 GCTaskThread "GC Thread#0" [stack: 0x000000877ed00000,0x000000877ee00000] [id=4012]
  0x000001a35a4fa7d0 GCTaskThread "GC Thread#1" [stack: 0x000000877fb00000,0x000000877fc00000] [id=20792]
  0x000001a35a9d1840 GCTaskThread "GC Thread#2" [stack: 0x000000877fc00000,0x000000877fd00000] [id=20300]
  0x000001a35a9d1b00 GCTaskThread "GC Thread#3" [stack: 0x000000877fd00000,0x000000877fe00000] [id=14792]
  0x000001a35a9fe810 GCTaskThread "GC Thread#4" [stack: 0x000000877fe00000,0x000000877ff00000] [id=10556]
  0x000001a35a9fead0 GCTaskThread "GC Thread#5" [stack: 0x000000877ff00000,0x0000008780000000] [id=3756]
  0x000001a35aebc770 GCTaskThread "GC Thread#6" [stack: 0x0000008700600000,0x0000008700700000] [id=16452]
  0x000001a35aebe030 GCTaskThread "GC Thread#7" [stack: 0x0000008700700000,0x0000008700800000] [id=16904]
  0x000001a35aebcfb0 GCTaskThread "GC Thread#8" [stack: 0x0000008700100000,0x0000008700200000] [id=5888]
  0x000001a35aebe2f0 GCTaskThread "GC Thread#9" [stack: 0x0000008700900000,0x0000008700a00000] [id=22176]

Threads with active compile tasks:
C2 CompilerThread0    24488 12637       4       org.eclipse.jdt.internal.core.search.indexing.BinaryIndexer::extractReferenceFromConstantPool (358 bytes)
C2 CompilerThread1    24488 12624 % !   4       org.eclipse.jdt.internal.compiler.classfmt.ClassFileReader::<init> @ 786 (2119 bytes)
C2 CompilerThread2    24488 12599 % !   4       org.eclipse.jdt.internal.core.search.indexing.BinaryIndexer::indexDocument @ 595 (1157 bytes)

VM state: not at safepoint (normal execution)

VM Mutex/Monitor currently owned by a thread: None

Heap address: 0x00000000c0000000, size: 1024 MB, Compressed Oops mode: 32-bit

CDS archive(s) not mapped
Compressed class space mapped at: 0x0000000100000000-0x0000000140000000, reserved size: 1073741824
Narrow klass base: 0x0000000000000000, Narrow klass shift: 3, Narrow klass range: 0x140000000

GC Precious Log:
 CPUs: 12 total, 12 available
 Memory: 15753M
 Large Page Support: Disabled
 NUMA Support: Disabled
 Compressed Oops: Enabled (32-bit)
 Alignments: Space 512K, Generation 512K, Heap 2M
 Heap Min Capacity: 100M
 Heap Initial Capacity: 100M
 Heap Max Capacity: 1G
 Pre-touch: Disabled
 Parallel Workers: 10

Heap:
 PSYoungGen      total 93184K, used 85358K [0x00000000eab00000, 0x00000000f1200000, 0x0000000100000000)
  eden space 82432K, 90% used [0x00000000eab00000,0x00000000ef42f268,0x00000000efb80000)
  from space 10752K, 96% used [0x00000000f0680000,0x00000000f10ac6f8,0x00000000f1100000)
  to   space 11264K, 0% used [0x00000000efb80000,0x00000000efb80000,0x00000000f0680000)
 ParOldGen       total 383488K, used 346264K [0x00000000c0000000, 0x00000000d7680000, 0x00000000eab00000)
  object space 383488K, 90% used [0x00000000c0000000,0x00000000d52263b0,0x00000000d7680000)
 Metaspace       used 73936K, committed 75264K, reserved 1179648K
  class space    used 7734K, committed 8320K, reserved 1048576K

Card table byte_map: [0x000001a33f3b0000,0x000001a33f5c0000] _byte_map_base: 0x000001a33edb0000

Marking Bits: (ParMarkBitMap*) 0x00007ff9a1e26940
 Begin Bits: [0x000001a3516b0000, 0x000001a3526b0000)
 End Bits:   [0x000001a3526b0000, 0x000001a3536b0000)

Polling page: 0x000001a33d660000

Metaspace:

Usage:
  Non-class:     64.65 MB used.
      Class:      7.55 MB used.
       Both:     72.20 MB used.

Virtual space:
  Non-class space:      128.00 MB reserved,      65.38 MB ( 51%) committed,  2 nodes.
      Class space:        1.00 GB reserved,       8.12 MB ( <1%) committed,  1 nodes.
             Both:        1.12 GB reserved,      73.50 MB (  6%) committed. 

Chunk freelists:
   Non-Class:  14.45 MB
       Class:  7.70 MB
        Both:  22.16 MB

MaxMetaspaceSize: unlimited
CompressedClassSpaceSize: 1.00 GB
Initial GC threshold: 21.00 MB
Current GC threshold: 119.62 MB
CDS: off
MetaspaceReclaimPolicy: balanced
 - commit_granule_bytes: 65536.
 - commit_granule_words: 8192.
 - virtual_space_node_default_size: 8388608.
 - enlarge_chunks_in_place: 1.
 - new_chunks_are_fully_committed: 0.
 - uncommit_free_chunks: 1.
 - use_allocation_guard: 0.
 - handle_deallocations: 1.


Internal statistics:

num_allocs_failed_limit: 10.
num_arena_births: 1010.
num_arena_deaths: 30.
num_vsnodes_births: 3.
num_vsnodes_deaths: 0.
num_space_committed: 1176.
num_space_uncommitted: 0.
num_chunks_returned_to_freelist: 48.
num_chunks_taken_from_freelist: 4340.
num_chunk_merges: 24.
num_chunk_splits: 2576.
num_chunks_enlarged: 1309.
num_inconsistent_stats: 0.

CodeHeap 'non-profiled nmethods': size=120000Kb used=7184Kb max_used=7184Kb free=112816Kb
 bounds [0x000001a34a180000, 0x000001a34a890000, 0x000001a3516b0000]
CodeHeap 'profiled nmethods': size=120000Kb used=20234Kb max_used=20234Kb free=99765Kb
 bounds [0x000001a3426b0000, 0x000001a343a80000, 0x000001a349be0000]
CodeHeap 'non-nmethods': size=5760Kb used=1383Kb max_used=1453Kb free=4376Kb
 bounds [0x000001a349be0000, 0x000001a349e50000, 0x000001a34a180000]
 total_blobs=11031 nmethods=10295 adapters=648
 compilation: enabled
              stopped_count=0, restarted_count=0
 full_count=0

Compilation events (20 events):
Event: 22.007 Thread 0x000001a358adbde0 12630       2       org.eclipse.jdt.internal.core.search.indexing.IndexManager$$Lambda$751/0x000000010083fb60::test (12 bytes)
Event: 22.007 Thread 0x000001a358adbde0 nmethod 12630 0x000001a343a68d10 code [0x000001a343a68ec0, 0x000001a343a69108]
Event: 22.007 Thread 0x000001a358adbde0 12631       2       org.eclipse.jdt.internal.core.search.indexing.IndexManager::lambda$1 (29 bytes)
Event: 22.007 Thread 0x000001a358adbde0 nmethod 12631 0x000001a343a69290 code [0x000001a343a69440, 0x000001a343a69628]
Event: 22.018 Thread 0x000001a358adbde0 12633       2       org.eclipse.jdt.internal.compiler.ast.Annotation::getTargetElementType (278 bytes)
Event: 22.019 Thread 0x000001a358adbde0 nmethod 12633 0x000001a343a69790 code [0x000001a343a69a40, 0x000001a343a6a0f8]
Event: 22.355 Thread 0x000001a358a7d0a0 nmethod 12587% 0x000001a34a873590 code [0x000001a34a873b60, 0x000001a34a87d040]
Event: 22.355 Thread 0x000001a358a7d0a0 12629       4       org.eclipse.jdt.internal.core.index.DiskIndex::writeDocumentNumbers (384 bytes)
Event: 22.372 Thread 0x000001a358adbde0 12634       2       org.eclipse.core.internal.jobs.JobManager::schedule (15 bytes)
Event: 22.372 Thread 0x000001a358adbde0 nmethod 12634 0x000001a343a6a310 code [0x000001a343a6a4c0, 0x000001a343a6a678]
Event: 22.372 Thread 0x000001a358adbde0 12635   !   2       org.eclipse.jdt.internal.core.search.indexing.IndexNamesRegistry::save (255 bytes)
Event: 22.373 Thread 0x000001a358adbde0 nmethod 12635 0x000001a343a6a810 code [0x000001a343a6ab00, 0x000001a343a6b5c8]
Event: 22.373 Thread 0x000001a358adbde0 12636       2       org.eclipse.jdt.ls.core.internal.handlers.ProgressReporterManager$ProgressReporter::sendProgress (78 bytes)
Event: 22.373 Thread 0x000001a358adbde0 nmethod 12636 0x000001a343a6c010 code [0x000001a343a6c1c0, 0x000001a343a6c418]
Event: 22.420 Thread 0x000001a358a7d0a0 nmethod 12629 0x000001a34a881a10 code [0x000001a34a881c20, 0x000001a34a883480]
Event: 22.420 Thread 0x000001a358a7d0a0 12637       4       org.eclipse.jdt.internal.core.search.indexing.BinaryIndexer::extractReferenceFromConstantPool (358 bytes)
Event: 22.442 Thread 0x000001a358adbde0 12639       3       java.io.InputStream::readNBytes (292 bytes)
Event: 22.443 Thread 0x000001a358adbde0 nmethod 12639 0x000001a343a6c590 code [0x000001a343a6c8c0, 0x000001a343a6e168]
Event: 22.511 Thread 0x000001a358adbde0 12642  s    2       org.eclipse.jdt.internal.core.search.processing.JobManager::awaitingJobsCount (21 bytes)
Event: 22.511 Thread 0x000001a358adbde0 nmethod 12642 0x000001a343a6e990 code [0x000001a343a6eb40, 0x000001a343a6ed28]

GC Heap History (20 events):
Event: 19.922 GC heap before
{Heap before GC invocations=197 (full 11):
 PSYoungGen      total 61440K, used 61331K [0x00000000eab00000, 0x00000000eea00000, 0x0000000100000000)
  eden space 59392K, 100% used [0x00000000eab00000,0x00000000ee500000,0x00000000ee500000)
  from space 2048K, 94% used [0x00000000ee700000,0x00000000ee8e4db0,0x00000000ee900000)
  to   space 2048K, 0% used [0x00000000ee500000,0x00000000ee500000,0x00000000ee700000)
 ParOldGen       total 360960K, used 355917K [0x00000000c0000000, 0x00000000d6080000, 0x00000000eab00000)
  object space 360960K, 98% used [0x00000000c0000000,0x00000000d5b93538,0x00000000d6080000)
 Metaspace       used 72132K, committed 73408K, reserved 1114112K
  class space    used 7558K, committed 8128K, reserved 1048576K
}
Event: 19.925 GC heap after
{Heap after GC invocations=197 (full 11):
 PSYoungGen      total 61440K, used 1856K [0x00000000eab00000, 0x00000000eef00000, 0x0000000100000000)
  eden space 59392K, 0% used [0x00000000eab00000,0x00000000eab00000,0x00000000ee500000)
  from space 2048K, 90% used [0x00000000ee500000,0x00000000ee6d0000,0x00000000ee700000)
  to   space 2048K, 0% used [0x00000000eed00000,0x00000000eed00000,0x00000000eef00000)
 ParOldGen       total 360960K, used 357739K [0x00000000c0000000, 0x00000000d6080000, 0x00000000eab00000)
  object space 360960K, 99% used [0x00000000c0000000,0x00000000d5d5ad88,0x00000000d6080000)
 Metaspace       used 72132K, committed 73408K, reserved 1114112K
  class space    used 7558K, committed 8128K, reserved 1048576K
}
Event: 19.967 GC heap before
{Heap before GC invocations=198 (full 11):
 PSYoungGen      total 61440K, used 61248K [0x00000000eab00000, 0x00000000eef00000, 0x0000000100000000)
  eden space 59392K, 100% used [0x00000000eab00000,0x00000000ee500000,0x00000000ee500000)
  from space 2048K, 90% used [0x00000000ee500000,0x00000000ee6d0000,0x00000000ee700000)
  to   space 2048K, 0% used [0x00000000eed00000,0x00000000eed00000,0x00000000eef00000)
 ParOldGen       total 360960K, used 357739K [0x00000000c0000000, 0x00000000d6080000, 0x00000000eab00000)
  object space 360960K, 99% used [0x00000000c0000000,0x00000000d5d5ad88,0x00000000d6080000)
 Metaspace       used 72143K, committed 73472K, reserved 1179648K
  class space    used 7558K, committed 8128K, reserved 1048576K
}
Event: 19.973 GC heap after
{Heap after GC invocations=198 (full 11):
 PSYoungGen      total 63488K, used 2023K [0x00000000eab00000, 0x00000000ef700000, 0x0000000100000000)
  eden space 61440K, 0% used [0x00000000eab00000,0x00000000eab00000,0x00000000ee700000)
  from space 2048K, 98% used [0x00000000eed00000,0x00000000eeef9fc0,0x00000000eef00000)
  to   space 6144K, 0% used [0x00000000ee700000,0x00000000ee700000,0x00000000eed00000)
 ParOldGen       total 361472K, used 361161K [0x00000000c0000000, 0x00000000d6100000, 0x00000000eab00000)
  object space 361472K, 99% used [0x00000000c0000000,0x00000000d60b2790,0x00000000d6100000)
 Metaspace       used 72143K, committed 73472K, reserved 1179648K
  class space    used 7558K, committed 8128K, reserved 1048576K
}
Event: 20.010 GC heap before
{Heap before GC invocations=199 (full 12):
 PSYoungGen      total 63488K, used 63463K [0x00000000eab00000, 0x00000000ef700000, 0x0000000100000000)
  eden space 61440K, 100% used [0x00000000eab00000,0x00000000ee700000,0x00000000ee700000)
  from space 2048K, 98% used [0x00000000eed00000,0x00000000eeef9fc0,0x00000000eef00000)
  to   space 6144K, 0% used [0x00000000ee700000,0x00000000ee700000,0x00000000eed00000)
 ParOldGen       total 361472K, used 361161K [0x00000000c0000000, 0x00000000d6100000, 0x00000000eab00000)
  object space 361472K, 99% used [0x00000000c0000000,0x00000000d60b2790,0x00000000d6100000)
 Metaspace       used 72164K, committed 73472K, reserved 1179648K
  class space    used 7558K, committed 8128K, reserved 1048576K
}
Event: 20.216 GC heap after
{Heap after GC invocations=199 (full 12):
 PSYoungGen      total 67584K, used 0K [0x00000000eab00000, 0x00000000ef880000, 0x0000000100000000)
  eden space 61440K, 0% used [0x00000000eab00000,0x00000000eab00000,0x00000000ee700000)
  from space 6144K, 0% used [0x00000000ee700000,0x00000000ee700000,0x00000000eed00000)
  to   space 6144K, 0% used [0x00000000ef280000,0x00000000ef280000,0x00000000ef880000)
 ParOldGen       total 383488K, used 328822K [0x00000000c0000000, 0x00000000d7680000, 0x00000000eab00000)
  object space 383488K, 85% used [0x00000000c0000000,0x00000000d411da80,0x00000000d7680000)
 Metaspace       used 72164K, committed 73472K, reserved 1179648K
  class space    used 7558K, committed 8128K, reserved 1048576K
}
Event: 20.269 GC heap before
{Heap before GC invocations=200 (full 12):
 PSYoungGen      total 67584K, used 61440K [0x00000000eab00000, 0x00000000ef880000, 0x0000000100000000)
  eden space 61440K, 100% used [0x00000000eab00000,0x00000000ee700000,0x00000000ee700000)
  from space 6144K, 0% used [0x00000000ee700000,0x00000000ee700000,0x00000000eed00000)
  to   space 6144K, 0% used [0x00000000ef280000,0x00000000ef280000,0x00000000ef880000)
 ParOldGen       total 383488K, used 328822K [0x00000000c0000000, 0x00000000d7680000, 0x00000000eab00000)
  object space 383488K, 85% used [0x00000000c0000000,0x00000000d411da80,0x00000000d7680000)
 Metaspace       used 72173K, committed 73472K, reserved 1179648K
  class space    used 7558K, committed 8128K, reserved 1048576K
}
Event: 20.271 GC heap after
{Heap after GC invocations=200 (full 12):
 PSYoungGen      total 68096K, used 1699K [0x00000000eab00000, 0x00000000ef480000, 0x0000000100000000)
  eden space 66048K, 0% used [0x00000000eab00000,0x00000000eab00000,0x00000000eeb80000)
  from space 2048K, 82% used [0x00000000ef280000,0x00000000ef428ee8,0x00000000ef480000)
  to   space 3072K, 0% used [0x00000000eee80000,0x00000000eee80000,0x00000000ef180000)
 ParOldGen       total 383488K, used 328822K [0x00000000c0000000, 0x00000000d7680000, 0x00000000eab00000)
  object space 383488K, 85% used [0x00000000c0000000,0x00000000d411da80,0x00000000d7680000)
 Metaspace       used 72173K, committed 73472K, reserved 1179648K
  class space    used 7558K, committed 8128K, reserved 1048576K
}
Event: 20.318 GC heap before
{Heap before GC invocations=201 (full 12):
 PSYoungGen      total 68096K, used 67747K [0x00000000eab00000, 0x00000000ef480000, 0x0000000100000000)
  eden space 66048K, 100% used [0x00000000eab00000,0x00000000eeb80000,0x00000000eeb80000)
  from space 2048K, 82% used [0x00000000ef280000,0x00000000ef428ee8,0x00000000ef480000)
  to   space 3072K, 0% used [0x00000000eee80000,0x00000000eee80000,0x00000000ef180000)
 ParOldGen       total 383488K, used 328822K [0x00000000c0000000, 0x00000000d7680000, 0x00000000eab00000)
  object space 383488K, 85% used [0x00000000c0000000,0x00000000d411da80,0x00000000d7680000)
 Metaspace       used 72174K, committed 73472K, reserved 1179648K
  class space    used 7558K, committed 8128K, reserved 1048576K
}
Event: 20.322 GC heap after
{Heap after GC invocations=201 (full 12):
 PSYoungGen      total 72192K, used 3055K [0x00000000eab00000, 0x00000000ef880000, 0x0000000100000000)
  eden space 69120K, 0% used [0x00000000eab00000,0x00000000eab00000,0x00000000eee80000)
  from space 3072K, 99% used [0x00000000eee80000,0x00000000ef17bf40,0x00000000ef180000)
  to   space 4096K, 0% used [0x00000000ef480000,0x00000000ef480000,0x00000000ef880000)
 ParOldGen       total 383488K, used 329194K [0x00000000c0000000, 0x00000000d7680000, 0x00000000eab00000)
  object space 383488K, 85% used [0x00000000c0000000,0x00000000d417a968,0x00000000d7680000)
 Metaspace       used 72174K, committed 73472K, reserved 1179648K
  class space    used 7558K, committed 8128K, reserved 1048576K
}
Event: 20.364 GC heap before
{Heap before GC invocations=202 (full 12):
 PSYoungGen      total 72192K, used 72175K [0x00000000eab00000, 0x00000000ef880000, 0x0000000100000000)
  eden space 69120K, 100% used [0x00000000eab00000,0x00000000eee80000,0x00000000eee80000)
  from space 3072K, 99% used [0x00000000eee80000,0x00000000ef17bf40,0x00000000ef180000)
  to   space 4096K, 0% used [0x00000000ef480000,0x00000000ef480000,0x00000000ef880000)
 ParOldGen       total 383488K, used 329194K [0x00000000c0000000, 0x00000000d7680000, 0x00000000eab00000)
  object space 383488K, 85% used [0x00000000c0000000,0x00000000d417a968,0x00000000d7680000)
 Metaspace       used 72182K, committed 73472K, reserved 1179648K
  class space    used 7558K, committed 8128K, reserved 1048576K
}
Event: 20.368 GC heap after
{Heap after GC invocations=202 (full 12):
 PSYoungGen      total 76288K, used 2563K [0x00000000eab00000, 0x00000000ef980000, 0x0000000100000000)
  eden space 72192K, 0% used [0x00000000eab00000,0x00000000eab00000,0x00000000ef180000)
  from space 4096K, 62% used [0x00000000ef480000,0x00000000ef700ee8,0x00000000ef880000)
  to   space 3072K, 0% used [0x00000000ef180000,0x00000000ef180000,0x00000000ef480000)
 ParOldGen       total 383488K, used 332127K [0x00000000c0000000, 0x00000000d7680000, 0x00000000eab00000)
  object space 383488K, 86% used [0x00000000c0000000,0x00000000d4457d40,0x00000000d7680000)
 Metaspace       used 72182K, committed 73472K, reserved 1179648K
  class space    used 7558K, committed 8128K, reserved 1048576K
}
Event: 20.434 GC heap before
{Heap before GC invocations=203 (full 12):
 PSYoungGen      total 76288K, used 74755K [0x00000000eab00000, 0x00000000ef980000, 0x0000000100000000)
  eden space 72192K, 100% used [0x00000000eab00000,0x00000000ef180000,0x00000000ef180000)
  from space 4096K, 62% used [0x00000000ef480000,0x00000000ef700ee8,0x00000000ef880000)
  to   space 3072K, 0% used [0x00000000ef180000,0x00000000ef180000,0x00000000ef480000)
 ParOldGen       total 383488K, used 332127K [0x00000000c0000000, 0x00000000d7680000, 0x00000000eab00000)
  object space 383488K, 86% used [0x00000000c0000000,0x00000000d4457d40,0x00000000d7680000)
 Metaspace       used 72191K, committed 73472K, reserved 1179648K
  class space    used 7558K, committed 8128K, reserved 1048576K
}
Event: 20.438 GC heap after
{Heap after GC invocations=203 (full 12):
 PSYoungGen      total 75264K, used 3063K [0x00000000eab00000, 0x00000000f0180000, 0x0000000100000000)
  eden space 72192K, 0% used [0x00000000eab00000,0x00000000eab00000,0x00000000ef180000)
  from space 3072K, 99% used [0x00000000ef180000,0x00000000ef47dee0,0x00000000ef480000)
  to   space 5632K, 0% used [0x00000000efc00000,0x00000000efc00000,0x00000000f0180000)
 ParOldGen       total 383488K, used 333966K [0x00000000c0000000, 0x00000000d7680000, 0x00000000eab00000)
  object space 383488K, 87% used [0x00000000c0000000,0x00000000d4623bf0,0x00000000d7680000)
 Metaspace       used 72191K, committed 73472K, reserved 1179648K
  class space    used 7558K, committed 8128K, reserved 1048576K
}
Event: 20.513 GC heap before
{Heap before GC invocations=204 (full 12):
 PSYoungGen      total 75264K, used 75255K [0x00000000eab00000, 0x00000000f0180000, 0x0000000100000000)
  eden space 72192K, 100% used [0x00000000eab00000,0x00000000ef180000,0x00000000ef180000)
  from space 3072K, 99% used [0x00000000ef180000,0x00000000ef47dee0,0x00000000ef480000)
  to   space 5632K, 0% used [0x00000000efc00000,0x00000000efc00000,0x00000000f0180000)
 ParOldGen       total 383488K, used 333966K [0x00000000c0000000, 0x00000000d7680000, 0x00000000eab00000)
  object space 383488K, 87% used [0x00000000c0000000,0x00000000d4623bf0,0x00000000d7680000)
 Metaspace       used 72320K, committed 73600K, reserved 1179648K
  class space    used 7574K, committed 8128K, reserved 1048576K
}
Event: 20.520 GC heap after
{Heap after GC invocations=204 (full 12):
 PSYoungGen      total 81408K, used 3399K [0x00000000eab00000, 0x00000000eff80000, 0x0000000100000000)
  eden space 77824K, 0% used [0x00000000eab00000,0x00000000eab00000,0x00000000ef700000)
  from space 3584K, 94% used [0x00000000efc00000,0x00000000eff51fe0,0x00000000eff80000)
  to   space 4096K, 0% used [0x00000000ef780000,0x00000000ef780000,0x00000000efb80000)
 ParOldGen       total 383488K, used 337007K [0x00000000c0000000, 0x00000000d7680000, 0x00000000eab00000)
  object space 383488K, 87% used [0x00000000c0000000,0x00000000d491bfd8,0x00000000d7680000)
 Metaspace       used 72320K, committed 73600K, reserved 1179648K
  class space    used 7574K, committed 8128K, reserved 1048576K
}
Event: 20.765 GC heap before
{Heap before GC invocations=205 (full 12):
 PSYoungGen      total 81408K, used 81223K [0x00000000eab00000, 0x00000000eff80000, 0x0000000100000000)
  eden space 77824K, 100% used [0x00000000eab00000,0x00000000ef700000,0x00000000ef700000)
  from space 3584K, 94% used [0x00000000efc00000,0x00000000eff51fe0,0x00000000eff80000)
  to   space 4096K, 0% used [0x00000000ef780000,0x00000000ef780000,0x00000000efb80000)
 ParOldGen       total 383488K, used 337007K [0x00000000c0000000, 0x00000000d7680000, 0x00000000eab00000)
  object space 383488K, 87% used [0x00000000c0000000,0x00000000d491bfd8,0x00000000d7680000)
 Metaspace       used 72807K, committed 74048K, reserved 1179648K
  class space    used 7626K, committed 8192K, reserved 1048576K
}
Event: 20.774 GC heap after
{Heap after GC invocations=205 (full 12):
 PSYoungGen      total 82432K, used 4096K [0x00000000eab00000, 0x00000000f1100000, 0x0000000100000000)
  eden space 78336K, 0% used [0x00000000eab00000,0x00000000eab00000,0x00000000ef780000)
  from space 4096K, 100% used [0x00000000ef780000,0x00000000efb80000,0x00000000efb80000)
  to   space 10752K, 0% used [0x00000000f0680000,0x00000000f0680000,0x00000000f1100000)
 ParOldGen       total 383488K, used 342570K [0x00000000c0000000, 0x00000000d7680000, 0x00000000eab00000)
  object space 383488K, 89% used [0x00000000c0000000,0x00000000d4e8abe8,0x00000000d7680000)
 Metaspace       used 72807K, committed 74048K, reserved 1179648K
  class space    used 7626K, committed 8192K, reserved 1048576K
}
Event: 21.806 GC heap before
{Heap before GC invocations=206 (full 12):
 PSYoungGen      total 82432K, used 82432K [0x00000000eab00000, 0x00000000f1100000, 0x0000000100000000)
  eden space 78336K, 100% used [0x00000000eab00000,0x00000000ef780000,0x00000000ef780000)
  from space 4096K, 100% used [0x00000000ef780000,0x00000000efb80000,0x00000000efb80000)
  to   space 10752K, 0% used [0x00000000f0680000,0x00000000f0680000,0x00000000f1100000)
 ParOldGen       total 383488K, used 342570K [0x00000000c0000000, 0x00000000d7680000, 0x00000000eab00000)
  object space 383488K, 89% used [0x00000000c0000000,0x00000000d4e8abe8,0x00000000d7680000)
 Metaspace       used 73928K, committed 75264K, reserved 1179648K
  class space    used 7734K, committed 8320K, reserved 1048576K
}
Event: 21.816 GC heap after
{Heap after GC invocations=206 (full 12):
 PSYoungGen      total 93184K, used 10417K [0x00000000eab00000, 0x00000000f1200000, 0x0000000100000000)
  eden space 82432K, 0% used [0x00000000eab00000,0x00000000eab00000,0x00000000efb80000)
  from space 10752K, 96% used [0x00000000f0680000,0x00000000f10ac6f8,0x00000000f1100000)
  to   space 11264K, 0% used [0x00000000efb80000,0x00000000efb80000,0x00000000f0680000)
 ParOldGen       total 383488K, used 346264K [0x00000000c0000000, 0x00000000d7680000, 0x00000000eab00000)
  object space 383488K, 90% used [0x00000000c0000000,0x00000000d52263b0,0x00000000d7680000)
 Metaspace       used 73928K, committed 75264K, reserved 1179648K
  class space    used 7734K, committed 8320K, reserved 1048576K
}

Dll operation events (11 events):
Event: 0.015 Loaded shared library c:\Users\Thamod Rasmitha\.vscode\extensions\redhat.java-1.38.0-win32-x64\jre\17.0.13-win32-x86_64\bin\java.dll
Event: 0.302 Loaded shared library c:\Users\Thamod Rasmitha\.vscode\extensions\redhat.java-1.38.0-win32-x64\jre\17.0.13-win32-x86_64\bin\zip.dll
Event: 0.307 Loaded shared library C:\Users\Thamod Rasmitha\.vscode\extensions\redhat.java-1.38.0-win32-x64\jre\17.0.13-win32-x86_64\bin\instrument.dll
Event: 0.328 Loaded shared library C:\Users\Thamod Rasmitha\.vscode\extensions\redhat.java-1.38.0-win32-x64\jre\17.0.13-win32-x86_64\bin\net.dll
Event: 0.331 Loaded shared library C:\Users\Thamod Rasmitha\.vscode\extensions\redhat.java-1.38.0-win32-x64\jre\17.0.13-win32-x86_64\bin\nio.dll
Event: 0.344 Loaded shared library C:\Users\Thamod Rasmitha\.vscode\extensions\redhat.java-1.38.0-win32-x64\jre\17.0.13-win32-x86_64\bin\zip.dll
Event: 0.369 Loaded shared library C:\Users\Thamod Rasmitha\.vscode\extensions\redhat.java-1.38.0-win32-x64\jre\17.0.13-win32-x86_64\bin\jimage.dll
Event: 0.615 Loaded shared library c:\Users\Thamod Rasmitha\.vscode\extensions\redhat.java-1.38.0-win32-x64\jre\17.0.13-win32-x86_64\bin\verify.dll
Event: 2.336 Loaded shared library C:\Users\Thamod Rasmitha\AppData\Roaming\Code\User\globalStorage\redhat.java\1.38.0\config_win\org.eclipse.equinox.launcher\org.eclipse.equinox.launcher.win32.win32.x86_64_1.2.1100.v20240722-2106\eclipse_11904.dll
Event: 4.520 Loaded shared library C:\Users\Thamod Rasmitha\AppData\Local\Temp\jna--2070620168\jna5537851688285154779.dll
Event: 18.936 Loaded shared library C:\Users\Thamod Rasmitha\.vscode\extensions\redhat.java-1.38.0-win32-x64\jre\17.0.13-win32-x86_64\bin\sunmscapi.dll

Deoptimization events (20 events):
Event: 22.446 Thread 0x000001a35b3cba60 DEOPT PACKING pc=0x000001a3430104ad sp=0x00000087011feb20
Event: 22.446 Thread 0x000001a35b3cba60 DEOPT UNPACKING pc=0x000001a349c36e43 sp=0x00000087011fdf38 mode 0
Event: 22.450 Thread 0x000001a35b3cba60 DEOPT PACKING pc=0x000001a3430104ad sp=0x00000087011feb20
Event: 22.450 Thread 0x000001a35b3cba60 DEOPT UNPACKING pc=0x000001a349c36e43 sp=0x00000087011fdf38 mode 0
Event: 22.454 Thread 0x000001a35b3cba60 DEOPT PACKING pc=0x000001a3430104ad sp=0x00000087011feb20
Event: 22.454 Thread 0x000001a35b3cba60 DEOPT UNPACKING pc=0x000001a349c36e43 sp=0x00000087011fdf38 mode 0
Event: 22.458 Thread 0x000001a35b3cba60 DEOPT PACKING pc=0x000001a3430104ad sp=0x00000087011feb20
Event: 22.458 Thread 0x000001a35b3cba60 DEOPT UNPACKING pc=0x000001a349c36e43 sp=0x00000087011fdf38 mode 0
Event: 22.463 Thread 0x000001a35b3cba60 DEOPT PACKING pc=0x000001a3430104ad sp=0x00000087011feb20
Event: 22.463 Thread 0x000001a35b3cba60 DEOPT UNPACKING pc=0x000001a349c36e43 sp=0x00000087011fdf38 mode 0
Event: 22.466 Thread 0x000001a35b3cba60 DEOPT PACKING pc=0x000001a3430104ad sp=0x00000087011feb20
Event: 22.466 Thread 0x000001a35b3cba60 DEOPT UNPACKING pc=0x000001a349c36e43 sp=0x00000087011fdf38 mode 0
Event: 22.469 Thread 0x000001a35b3cba60 DEOPT PACKING pc=0x000001a3430104ad sp=0x00000087011feb20
Event: 22.469 Thread 0x000001a35b3cba60 DEOPT UNPACKING pc=0x000001a349c36e43 sp=0x00000087011fdf38 mode 0
Event: 22.473 Thread 0x000001a35b3cba60 DEOPT PACKING pc=0x000001a3430104ad sp=0x00000087011feb80
Event: 22.473 Thread 0x000001a35b3cba60 DEOPT UNPACKING pc=0x000001a349c36e43 sp=0x00000087011fdf98 mode 0
Event: 22.478 Thread 0x000001a35b3cba60 DEOPT PACKING pc=0x000001a3430104ad sp=0x00000087011feb20
Event: 22.478 Thread 0x000001a35b3cba60 DEOPT UNPACKING pc=0x000001a349c36e43 sp=0x00000087011fdf38 mode 0
Event: 22.484 Thread 0x000001a35b3cba60 DEOPT PACKING pc=0x000001a3430104ad sp=0x00000087011feaa0
Event: 22.484 Thread 0x000001a35b3cba60 DEOPT UNPACKING pc=0x000001a349c36e43 sp=0x00000087011fdeb8 mode 0

Classes loaded (20 events):
Event: 19.108 Loading class java/util/zip/CheckedInputStream
Event: 19.109 Loading class java/util/zip/CheckedInputStream done
Event: 19.195 Loading class java/util/zip/GZIPInputStream$1
Event: 19.196 Loading class java/util/zip/GZIPInputStream$1 done
Event: 19.410 Loading class java/lang/invoke/MethodHandleImpl$CountingWrapper$1
Event: 19.411 Loading class java/lang/invoke/MethodHandleImpl$CountingWrapper$1 done
Event: 20.521 Loading class java/lang/Class$EnclosingMethodInfo
Event: 20.521 Loading class java/lang/Class$EnclosingMethodInfo done
Event: 21.259 Loading class java/util/stream/ReduceOps$5
Event: 21.260 Loading class java/util/stream/ReduceOps$5 done
Event: 21.260 Loading class java/util/stream/ReduceOps$CountingSink$OfRef
Event: 21.260 Loading class java/util/stream/ReduceOps$CountingSink
Event: 21.260 Loading class java/util/stream/ReduceOps$CountingSink done
Event: 21.260 Loading class java/util/stream/ReduceOps$CountingSink$OfRef done
Event: 21.377 Loading class java/util/stream/ReduceOps$1
Event: 21.377 Loading class java/util/stream/ReduceOps$1 done
Event: 21.377 Loading class java/util/stream/ReduceOps$1ReducingSink
Event: 21.377 Loading class java/util/stream/ReduceOps$1ReducingSink done
Event: 21.515 Loading class sun/nio/fs/WindowsFileCopy
Event: 21.515 Loading class sun/nio/fs/WindowsFileCopy done

Classes unloaded (15 events):
Event: 6.287 Thread 0x000001a33fac9c90 Unloading class 0x0000000100258000 'java/lang/invoke/LambdaForm$MH+0x0000000100258000'
Event: 6.287 Thread 0x000001a33fac9c90 Unloading class 0x0000000100257c00 'java/lang/invoke/LambdaForm$MH+0x0000000100257c00'
Event: 6.287 Thread 0x000001a33fac9c90 Unloading class 0x0000000100257800 'java/lang/invoke/LambdaForm$MH+0x0000000100257800'
Event: 6.287 Thread 0x000001a33fac9c90 Unloading class 0x0000000100257400 'java/lang/invoke/LambdaForm$MH+0x0000000100257400'
Event: 6.287 Thread 0x000001a33fac9c90 Unloading class 0x0000000100257000 'java/lang/invoke/LambdaForm$BMH+0x0000000100257000'
Event: 6.287 Thread 0x000001a33fac9c90 Unloading class 0x0000000100256c00 'java/lang/invoke/LambdaForm$DMH+0x0000000100256c00'
Event: 6.287 Thread 0x000001a33fac9c90 Unloading class 0x0000000100254400 'java/lang/invoke/LambdaForm$DMH+0x0000000100254400'
Event: 14.705 Thread 0x000001a33fac9c90 Unloading class 0x0000000100748800 'java/lang/invoke/LambdaForm$MH+0x0000000100748800'
Event: 14.705 Thread 0x000001a33fac9c90 Unloading class 0x0000000100748400 'java/lang/invoke/LambdaForm$MH+0x0000000100748400'
Event: 14.705 Thread 0x000001a33fac9c90 Unloading class 0x0000000100748000 'java/lang/invoke/LambdaForm$MH+0x0000000100748000'
Event: 14.705 Thread 0x000001a33fac9c90 Unloading class 0x0000000100745c00 'java/lang/invoke/LambdaForm$MH+0x0000000100745c00'
Event: 14.705 Thread 0x000001a33fac9c90 Unloading class 0x0000000100745400 'java/lang/invoke/LambdaForm$DMH+0x0000000100745400'
Event: 14.705 Thread 0x000001a33fac9c90 Unloading class 0x0000000100745000 'java/lang/invoke/LambdaForm$DMH+0x0000000100745000'
Event: 14.705 Thread 0x000001a33fac9c90 Unloading class 0x0000000100744c00 'java/lang/invoke/LambdaForm$DMH+0x0000000100744c00'
Event: 14.705 Thread 0x000001a33fac9c90 Unloading class 0x0000000100744800 'java/lang/invoke/LambdaForm$DMH+0x0000000100744800'

Classes redefined (0 events):
No events

Internal exceptions (20 events):
Event: 20.908 Thread 0x000001a35ca30a80 Exception <a 'sun/nio/fs/WindowsException'{0x00000000ebc6eeb8}> (0x00000000ebc6eeb8) 
thrown [s\src\hotspot\share\prims\jni.cpp, line 516]
Event: 20.908 Thread 0x000001a35ca30a80 Exception <a 'sun/nio/fs/WindowsException'{0x00000000ebc6ffc0}> (0x00000000ebc6ffc0) 
thrown [s\src\hotspot\share\prims\jni.cpp, line 516]
Event: 20.908 Thread 0x000001a35ca30a80 Exception <a 'sun/nio/fs/WindowsException'{0x00000000ebc70898}> (0x00000000ebc70898) 
thrown [s\src\hotspot\share\prims\jni.cpp, line 516]
Event: 20.910 Thread 0x000001a35ca30a80 Exception <a 'sun/nio/fs/WindowsException'{0x00000000ebc72428}> (0x00000000ebc72428) 
thrown [s\src\hotspot\share\prims\jni.cpp, line 516]
Event: 20.910 Thread 0x000001a35ca30a80 Exception <a 'sun/nio/fs/WindowsException'{0x00000000ebc72d00}> (0x00000000ebc72d00) 
thrown [s\src\hotspot\share\prims\jni.cpp, line 516]
Event: 20.916 Thread 0x000001a35ca30a80 Exception <a 'sun/nio/fs/WindowsException'{0x00000000ebc914d8}> (0x00000000ebc914d8) 
thrown [s\src\hotspot\share\prims\jni.cpp, line 516]
Event: 20.916 Thread 0x000001a35ca30a80 Exception <a 'sun/nio/fs/WindowsException'{0x00000000ebc92058}> (0x00000000ebc92058) 
thrown [s\src\hotspot\share\prims\jni.cpp, line 516]
Event: 20.920 Thread 0x000001a35dab7990 Implicit null exception at 0x000001a34a6364ac to 0x000001a34a636505
Event: 21.262 Thread 0x000001a35ca30a80 Exception <a 'sun/nio/fs/WindowsException'{0x00000000ece74a70}> (0x00000000ece74a70) 
thrown [s\src\hotspot\share\prims\jni.cpp, line 516]
Event: 21.262 Thread 0x000001a35ca30a80 Exception <a 'sun/nio/fs/WindowsException'{0x00000000ece75348}> (0x00000000ece75348) 
thrown [s\src\hotspot\share\prims\jni.cpp, line 516]
Event: 21.392 Thread 0x000001a35ca30a80 Exception <a 'java/lang/NoSuchMethodError'{0x00000000ed01ac18}: 'java.lang.Object java.lang.invoke.DirectMethodHandle$Holder.invokeStatic(java.lang.Object, java.lang.Object, int, java.lang.Object)'> (0x00000000ed01ac18) 
thrown [s\src\hotspot\share\interpreter\linkResolver.cpp, line 759]
Event: 21.516 Thread 0x000001a35b3cba60 Exception <a 'sun/nio/fs/WindowsException'{0x00000000ed38d9a0}> (0x00000000ed38d9a0) 
thrown [s\src\hotspot\share\prims\jni.cpp, line 516]
Event: 21.555 Thread 0x000001a35b3cba60 Exception <a 'sun/nio/fs/WindowsException'{0x00000000ed636898}> (0x00000000ed636898) 
thrown [s\src\hotspot\share\prims\jni.cpp, line 516]
Event: 21.602 Thread 0x000001a35b3cba60 Exception <a 'sun/nio/fs/WindowsException'{0x00000000ed89b2d0}> (0x00000000ed89b2d0) 
thrown [s\src\hotspot\share\prims\jni.cpp, line 516]
Event: 21.628 Thread 0x000001a35b3cba60 Exception <a 'sun/nio/fs/WindowsException'{0x00000000ed8cd2d8}> (0x00000000ed8cd2d8) 
thrown [s\src\hotspot\share\prims\jni.cpp, line 516]
Event: 22.004 Thread 0x000001a35b3cba60 Exception <a 'sun/nio/fs/WindowsException'{0x00000000ec30da78}> (0x00000000ec30da78) 
thrown [s\src\hotspot\share\prims\jni.cpp, line 516]
Event: 22.040 Thread 0x000001a35b3cba60 Exception <a 'sun/nio/fs/WindowsException'{0x00000000ec687498}> (0x00000000ec687498) 
thrown [s\src\hotspot\share\prims\jni.cpp, line 516]
Event: 22.369 Thread 0x000001a35b3cba60 Exception <a 'sun/nio/fs/WindowsException'{0x00000000ed3f2e30}> (0x00000000ed3f2e30) 
thrown [s\src\hotspot\share\prims\jni.cpp, line 516]
Event: 22.378 Thread 0x000001a35b3cba60 Exception <a 'sun/nio/fs/WindowsException'{0x00000000ed3fda40}> (0x00000000ed3fda40) 
thrown [s\src\hotspot\share\prims\jni.cpp, line 516]
Event: 22.385 Thread 0x000001a35b3cba60 Exception <a 'sun/nio/fs/WindowsException'{0x00000000ed408510}> (0x00000000ed408510) 
thrown [s\src\hotspot\share\prims\jni.cpp, line 516]

VM Operations (20 events):
Event: 20.438 Executing VM operation: ParallelGCFailedAllocation done
Event: 20.513 Executing VM operation: ParallelGCFailedAllocation
Event: 20.520 Executing VM operation: ParallelGCFailedAllocation done
Event: 20.577 Executing VM operation: HandshakeAllThreads
Event: 20.577 Executing VM operation: HandshakeAllThreads done
Event: 20.637 Executing VM operation: HandshakeAllThreads
Event: 20.637 Executing VM operation: HandshakeAllThreads done
Event: 20.701 Executing VM operation: ICBufferFull
Event: 20.701 Executing VM operation: ICBufferFull done
Event: 20.765 Executing VM operation: ParallelGCFailedAllocation
Event: 20.774 Executing VM operation: ParallelGCFailedAllocation done
Event: 21.389 Executing VM operation: ICBufferFull
Event: 21.389 Executing VM operation: ICBufferFull done
Event: 21.539 Executing VM operation: HandshakeAllThreads
Event: 21.539 Executing VM operation: HandshakeAllThreads done
Event: 21.540 Executing VM operation: HandshakeAllThreads
Event: 21.540 Executing VM operation: HandshakeAllThreads done
Event: 21.806 Executing VM operation: ParallelGCFailedAllocation
Event: 21.816 Executing VM operation: ParallelGCFailedAllocation done
Event: 22.820 Executing VM operation: Cleanup

Memory protections (0 events):
No events

Nmethod flushes (20 events):
Event: 17.755 Thread 0x000001a358af2920 flushing  nmethod 0x000001a34383f990
Event: 17.755 Thread 0x000001a358af2920 flushing  nmethod 0x000001a343840390
Event: 17.755 Thread 0x000001a358af2920 flushing  nmethod 0x000001a343841410
Event: 17.755 Thread 0x000001a358af2920 flushing  nmethod 0x000001a343841890
Event: 17.755 Thread 0x000001a358af2920 flushing  nmethod 0x000001a343844d10
Event: 17.755 Thread 0x000001a358af2920 flushing  nmethod 0x000001a343849b10
Event: 17.755 Thread 0x000001a358af2920 flushing  nmethod 0x000001a3438b5c90
Event: 17.755 Thread 0x000001a358af2920 flushing  nmethod 0x000001a3438c5990
Event: 17.756 Thread 0x000001a358af2920 flushing  nmethod 0x000001a343900b10
Event: 17.756 Thread 0x000001a358af2920 flushing  nmethod 0x000001a343951d90
Event: 17.756 Thread 0x000001a358af2920 flushing  nmethod 0x000001a343988310
Event: 17.757 Thread 0x000001a358af2920 flushing  nmethod 0x000001a3439d8c10
Event: 17.757 Thread 0x000001a358af2920 flushing  nmethod 0x000001a3439d9990
Event: 17.757 Thread 0x000001a358af2920 flushing  nmethod 0x000001a3439da210
Event: 17.757 Thread 0x000001a358af2920 flushing osr nmethod 0x000001a3439dac90
Event: 17.757 Thread 0x000001a358af2920 flushing  nmethod 0x000001a3439e3f90
Event: 17.757 Thread 0x000001a358af2920 flushing  nmethod 0x000001a3439e4a10
Event: 20.642 Thread 0x000001a358af2920 flushing  nmethod 0x000001a34a79af10
Event: 20.657 Thread 0x000001a358af2920 flushing  nmethod 0x000001a342fe5990
Event: 20.661 Thread 0x000001a358af2920 flushing  nmethod 0x000001a343289d90

Events (20 events):
Event: 15.522 Thread 0x000001a35ca2d2d0 Thread added: 0x000001a35dab7990
Event: 15.522 Thread 0x000001a35ca2d2d0 Thread added: 0x000001a35dab5620
Event: 15.655 Thread 0x000001a35dab6f70 Thread exited: 0x000001a35dab6f70
Event: 15.655 Thread 0x000001a35dab6a60 Thread exited: 0x000001a35dab6a60
Event: 15.655 Thread 0x000001a35dab5620 Thread exited: 0x000001a35dab5620
Event: 15.656 Thread 0x000001a35dab7480 Thread exited: 0x000001a35dab7480
Event: 15.656 Thread 0x000001a35dab7990 Thread exited: 0x000001a35dab7990
Event: 16.738 Thread 0x000001a35ca314a0 Thread added: 0x000001a35dab6040
Event: 17.337 Thread 0x000001a35b3ccea0 Thread added: 0x000001a35dab41e0
Event: 17.626 Thread 0x000001a35ca314a0 Thread added: 0x000001a35dab7990
Event: 17.692 Thread 0x000001a35ca314a0 Thread added: 0x000001a35dab46f0
Event: 17.695 Thread 0x000001a35ca314a0 Thread added: 0x000001a35dab4c00
Event: 17.700 Thread 0x000001a35dab4c00 Thread added: 0x000001a35dab6550
Event: 17.703 Thread 0x000001a35dab6550 Thread added: 0x000001a35dab6f70
Event: 17.703 Thread 0x000001a35dab6f70 Thread added: 0x000001a35dab5620
Event: 17.706 Thread 0x000001a35dab5620 Thread added: 0x000001a35dab6a60
Event: 17.725 Thread 0x000001a35dab46f0 Thread added: 0x000001a35dab5b30
Event: 17.740 Thread 0x000001a35ca30a80 Thread added: 0x000001a35dab2380
Event: 19.611 Thread 0x000001a35dab5b30 Thread exited: 0x000001a35dab5b30
Event: 20.606 Thread 0x000001a35dab6040 Thread added: 0x000001a35dab7480


Dynamic libraries:
0x00007ff7dc010000 - 0x00007ff7dc01e000 	c:\Users\Thamod Rasmitha\.vscode\extensions\redhat.java-1.38.0-win32-x64\jre\17.0.13-win32-x86_64\bin\java.exe
0x00007ffa81580000 - 0x00007ffa817e3000 	C:\WINDOWS\SYSTEM32\ntdll.dll
0x00007ffa7fed0000 - 0x00007ffa7ff98000 	C:\WINDOWS\System32\KERNEL32.DLL
0x00007ffa7ed70000 - 0x00007ffa7f122000 	C:\WINDOWS\System32\KERNELBASE.dll
0x00007ffa7f160000 - 0x00007ffa7f2ab000 	C:\WINDOWS\System32\ucrtbase.dll
0x00007ffa78c30000 - 0x00007ffa78c47000 	c:\Users\Thamod Rasmitha\.vscode\extensions\redhat.java-1.38.0-win32-x64\jre\17.0.13-win32-x86_64\bin\jli.dll
0x00007ffa80800000 - 0x00007ffa809c8000 	C:\WINDOWS\System32\USER32.dll
0x00007ffa7f130000 - 0x00007ffa7f157000 	C:\WINDOWS\System32\win32u.dll
0x00007ffa81340000 - 0x00007ffa8136a000 	C:\WINDOWS\System32\GDI32.dll
0x00007ffa7e950000 - 0x00007ffa7ea7b000 	C:\WINDOWS\System32\gdi32full.dll
0x00007ffa7ecc0000 - 0x00007ffa7ed63000 	C:\WINDOWS\System32\msvcp_win.dll
0x00007ffa5eb30000 - 0x00007ffa5eb4e000 	c:\Users\Thamod Rasmitha\.vscode\extensions\redhat.java-1.38.0-win32-x64\jre\17.0.13-win32-x86_64\bin\VCRUNTIME140.dll
0x00007ffa69400000 - 0x00007ffa69690000 	C:\WINDOWS\WinSxS\amd64_microsoft.windows.common-controls_6595b64144ccf1df_6.0.26100.2454_none_3e0b68a2e331ad60\COMCTL32.dll
0x00007ffa7f8a0000 - 0x00007ffa7f949000 	C:\WINDOWS\System32\msvcrt.dll
0x00007ffa811b0000 - 0x00007ffa811df000 	C:\WINDOWS\System32\IMM32.DLL
0x00007ffa78be0000 - 0x00007ffa78bec000 	c:\Users\Thamod Rasmitha\.vscode\extensions\redhat.java-1.38.0-win32-x64\jre\17.0.13-win32-x86_64\bin\vcruntime140_1.dll
0x00007ffa5e7b0000 - 0x00007ffa5e83d000 	c:\Users\Thamod Rasmitha\.vscode\extensions\redhat.java-1.38.0-win32-x64\jre\17.0.13-win32-x86_64\bin\msvcp140.dll
0x00007ff9a1280000 - 0x00007ff9a1eeb000 	c:\Users\Thamod Rasmitha\.vscode\extensions\redhat.java-1.38.0-win32-x64\jre\17.0.13-win32-x86_64\bin\server\jvm.dll
0x00007ffa81370000 - 0x00007ffa81424000 	C:\WINDOWS\System32\ADVAPI32.dll
0x00007ffa811f0000 - 0x00007ffa81296000 	C:\WINDOWS\System32\sechost.dll
0x00007ffa7ffa0000 - 0x00007ffa800b6000 	C:\WINDOWS\System32\RPCRT4.dll
0x00007ffa800d0000 - 0x00007ffa80144000 	C:\WINDOWS\System32\WS2_32.dll
0x00007ffa7d620000 - 0x00007ffa7d66e000 	C:\WINDOWS\SYSTEM32\POWRPROF.dll
0x00007ffa74a90000 - 0x00007ffa74ac6000 	C:\WINDOWS\SYSTEM32\WINMM.dll
0x00007ffa74990000 - 0x00007ffa7499b000 	C:\WINDOWS\SYSTEM32\VERSION.dll
0x00007ffa7d600000 - 0x00007ffa7d614000 	C:\WINDOWS\SYSTEM32\UMPDC.dll
0x00007ffa7d8a0000 - 0x00007ffa7d8ba000 	C:\WINDOWS\SYSTEM32\kernel.appcore.dll
0x00007ffa69d70000 - 0x00007ffa69d7a000 	c:\Users\Thamod Rasmitha\.vscode\extensions\redhat.java-1.38.0-win32-x64\jre\17.0.13-win32-x86_64\bin\jimage.dll
0x00007ffa7c230000 - 0x00007ffa7c471000 	C:\WINDOWS\SYSTEM32\DBGHELP.DLL
0x00007ffa802b0000 - 0x00007ffa8062e000 	C:\WINDOWS\System32\combase.dll
0x00007ffa80640000 - 0x00007ffa80716000 	C:\WINDOWS\System32\OLEAUT32.dll
0x00007ffa69b80000 - 0x00007ffa69bb9000 	C:\WINDOWS\SYSTEM32\dbgcore.DLL
0x00007ffa7f2b0000 - 0x00007ffa7f349000 	C:\WINDOWS\System32\bcryptPrimitives.dll
0x00007ffa68070000 - 0x00007ffa6807e000 	c:\Users\Thamod Rasmitha\.vscode\extensions\redhat.java-1.38.0-win32-x64\jre\17.0.13-win32-x86_64\bin\instrument.dll
0x00007ffa5cfb0000 - 0x00007ffa5cfd5000 	c:\Users\Thamod Rasmitha\.vscode\extensions\redhat.java-1.38.0-win32-x64\jre\17.0.13-win32-x86_64\bin\java.dll
0x00007ffa5eaf0000 - 0x00007ffa5eb08000 	c:\Users\Thamod Rasmitha\.vscode\extensions\redhat.java-1.38.0-win32-x64\jre\17.0.13-win32-x86_64\bin\zip.dll
0x00007ffa80aa0000 - 0x00007ffa811a0000 	C:\WINDOWS\System32\SHELL32.dll
0x00007ffa7c6c0000 - 0x00007ffa7cef1000 	C:\WINDOWS\SYSTEM32\windows.storage.dll
0x00007ffa80720000 - 0x00007ffa807fa000 	C:\WINDOWS\System32\SHCORE.dll
0x00007ffa7f670000 - 0x00007ffa7f6cd000 	C:\WINDOWS\System32\shlwapi.dll
0x00007ffa7e860000 - 0x00007ffa7e88e000 	C:\WINDOWS\SYSTEM32\profapi.dll
0x00007ffa5cf60000 - 0x00007ffa5cf79000 	C:\Users\Thamod Rasmitha\.vscode\extensions\redhat.java-1.38.0-win32-x64\jre\17.0.13-win32-x86_64\bin\net.dll
0x00007ffa799b0000 - 0x00007ffa79ad6000 	C:\WINDOWS\SYSTEM32\WINHTTP.dll
0x00007ffa7dda0000 - 0x00007ffa7de08000 	C:\WINDOWS\system32\mswsock.dll
0x00007ffa5e790000 - 0x00007ffa5e7a6000 	C:\Users\Thamod Rasmitha\.vscode\extensions\redhat.java-1.38.0-win32-x64\jre\17.0.13-win32-x86_64\bin\nio.dll
0x00007ffa5e940000 - 0x00007ffa5e950000 	c:\Users\Thamod Rasmitha\.vscode\extensions\redhat.java-1.38.0-win32-x64\jre\17.0.13-win32-x86_64\bin\verify.dll
0x00007ffa597d0000 - 0x00007ffa59815000 	C:\Users\Thamod Rasmitha\AppData\Roaming\Code\User\globalStorage\redhat.java\1.38.0\config_win\org.eclipse.equinox.launcher\org.eclipse.equinox.launcher.win32.win32.x86_64_1.2.1100.v20240722-2106\eclipse_11904.dll
0x00007ffa7f440000 - 0x00007ffa7f5d9000 	C:\WINDOWS\System32\ole32.dll
0x00007ffa7e040000 - 0x00007ffa7e05c000 	C:\WINDOWS\SYSTEM32\CRYPTSP.dll
0x00007ffa7d800000 - 0x00007ffa7d838000 	C:\WINDOWS\system32\rsaenh.dll
0x00007ffa7de40000 - 0x00007ffa7de6b000 	C:\WINDOWS\SYSTEM32\USERENV.dll
0x00007ffa7e280000 - 0x00007ffa7e2a6000 	C:\WINDOWS\SYSTEM32\bcrypt.dll
0x00007ffa7e060000 - 0x00007ffa7e06c000 	C:\WINDOWS\SYSTEM32\CRYPTBASE.dll
0x00007ffa7d260000 - 0x00007ffa7d292000 	C:\WINDOWS\SYSTEM32\IPHLPAPI.DLL
0x00007ffa81330000 - 0x00007ffa8133a000 	C:\WINDOWS\System32\NSI.dll
0x00007ffa7a090000 - 0x00007ffa7a0ae000 	C:\WINDOWS\SYSTEM32\dhcpcsvc6.DLL
0x00007ffa79be0000 - 0x00007ffa79c05000 	C:\WINDOWS\SYSTEM32\dhcpcsvc.DLL
0x00007ffa7d2f0000 - 0x00007ffa7d415000 	C:\WINDOWS\SYSTEM32\DNSAPI.dll
0x00007ffa59730000 - 0x00007ffa59779000 	C:\Users\Thamod Rasmitha\AppData\Local\Temp\jna--2070620168\jna5537851688285154779.dll
0x00007ffa7f660000 - 0x00007ffa7f668000 	C:\WINDOWS\System32\PSAPI.DLL
0x00007ffa5cfa0000 - 0x00007ffa5cfae000 	C:\Users\Thamod Rasmitha\.vscode\extensions\redhat.java-1.38.0-win32-x64\jre\17.0.13-win32-x86_64\bin\sunmscapi.dll
0x00007ffa7ea80000 - 0x00007ffa7ebf6000 	C:\WINDOWS\System32\CRYPT32.dll
0x00007ffa7e240000 - 0x00007ffa7e270000 	C:\WINDOWS\SYSTEM32\ncrypt.dll
0x00007ffa7e1f0000 - 0x00007ffa7e22f000 	C:\WINDOWS\SYSTEM32\NTASN1.dll

dbghelp: loaded successfully - version: 4.0.5 - missing functions: none
symbol engine: initialized successfully - sym options: 0x614 - pdb path: .;c:\Users\Thamod Rasmitha\.vscode\extensions\redhat.java-1.38.0-win32-x64\jre\17.0.13-win32-x86_64\bin;C:\WINDOWS\SYSTEM32;C:\WINDOWS\WinSxS\amd64_microsoft.windows.common-controls_6595b64144ccf1df_6.0.26100.2454_none_3e0b68a2e331ad60;c:\Users\Thamod Rasmitha\.vscode\extensions\redhat.java-1.38.0-win32-x64\jre\17.0.13-win32-x86_64\bin\server;C:\Users\Thamod Rasmitha\AppData\Roaming\Code\User\globalStorage\redhat.java\1.38.0\config_win\org.eclipse.equinox.launcher\org.eclipse.equinox.launcher.win32.win32.x86_64_1.2.1100.v20240722-2106;C:\Users\Thamod Rasmitha\AppData\Local\Temp\jna--2070620168

VM Arguments:
jvm_args: --add-modules=ALL-SYSTEM --add-opens=java.base/java.util=ALL-UNNAMED --add-opens=java.base/java.lang=ALL-UNNAMED --add-opens=java.base/sun.nio.fs=ALL-UNNAMED -Declipse.application=org.eclipse.jdt.ls.core.id1 -Dosgi.bundles.defaultStartLevel=4 -Declipse.product=org.eclipse.jdt.ls.core.product -Djava.import.generatesMetadataFilesAtProjectRoot=false -DDetectVMInstallationsJob.disabled=true -Dfile.encoding=utf8 -XX:+UseParallelGC -XX:GCTimeRatio=4 -XX:AdaptiveSizePolicyWeight=90 -Dsun.zip.disableMemoryMapping=true -Xmx1G -Xms100m -Xlog:disable -javaagent:c:\Users\Thamod Rasmitha\.vscode\extensions\redhat.java-1.38.0-win32-x64\lombok\lombok-1.18.34.jar -XX:+HeapDumpOnOutOfMemoryError -XX:HeapDumpPath=c:\Users\Thamod Rasmitha\AppData\Roaming\Code\User\workspaceStorage\7f555c1f595b27d0cbdb33352e7db12f\redhat.java -Daether.dependencyCollector.impl=bf 
java_command: c:\Users\Thamod Rasmitha\.vscode\extensions\redhat.java-1.38.0-win32-x64\server\plugins\org.eclipse.equinox.launcher_1.6.900.v20240613-2009.jar -configuration c:\Users\Thamod Rasmitha\AppData\Roaming\Code\User\globalStorage\redhat.java\1.38.0\config_win -data c:\Users\Thamod Rasmitha\AppData\Roaming\Code\User\workspaceStorage\7f555c1f595b27d0cbdb33352e7db12f\redhat.java\jdt_ws --pipe=\\.\pipe\lsp-527aaa2d11c9205556cd6700a455f2ec-sock
java_class_path (initial): c:\Users\Thamod Rasmitha\.vscode\extensions\redhat.java-1.38.0-win32-x64\server\plugins\org.eclipse.equinox.launcher_1.6.900.v20240613-2009.jar
Launcher Type: SUN_STANDARD

[Global flags]
    uintx AdaptiveSizePolicyWeight                 = 90                                        {product} {command line}
     intx CICompilerCount                          = 4                                         {product} {ergonomic}
    uintx GCTimeRatio                              = 4                                         {product} {command line}
     bool HeapDumpOnOutOfMemoryError               = true                                   {manageable} {command line}
    ccstr HeapDumpPath                             = c:\Users\Thamod Rasmitha\AppData\Roaming\Code\User\workspaceStorage\7f555c1f595b27d0cbdb33352e7db12f\redhat.java         {manageable} {command line}
   size_t InitialHeapSize                          = 104857600                                 {product} {command line}
   size_t MaxHeapSize                              = 1073741824                                {product} {command line}
   size_t MaxNewSize                               = 357564416                                 {product} {ergonomic}
   size_t MinHeapDeltaBytes                        = 524288                                    {product} {ergonomic}
   size_t MinHeapSize                              = 104857600                                 {product} {command line}
   size_t NewSize                                  = 34603008                                  {product} {ergonomic}
    uintx NonNMethodCodeHeapSize                   = 5839372                                {pd product} {ergonomic}
    uintx NonProfiledCodeHeapSize                  = 122909434                              {pd product} {ergonomic}
   size_t OldSize                                  = 70254592                                  {product} {ergonomic}
    uintx ProfiledCodeHeapSize                     = 122909434                              {pd product} {ergonomic}
    uintx ReservedCodeCacheSize                    = 251658240                              {pd product} {ergonomic}
     bool SegmentedCodeCache                       = true                                      {product} {ergonomic}
   size_t SoftMaxHeapSize                          = 1073741824                             {manageable} {ergonomic}
     bool UseCompressedClassPointers               = true                           {product lp64_product} {ergonomic}
     bool UseCompressedOops                        = true                           {product lp64_product} {ergonomic}
     bool UseLargePagesIndividualAllocation        = false                                  {pd product} {ergonomic}
     bool UseParallelGC                            = true                                      {product} {command line}

Logging:
Log output configuration:
 #0: stdout all=off uptime,level,tags
 #1: stderr all=off uptime,level,tags

Environment Variables:
PATH=C:\Program Files (x86)\Common Files\Oracle\Java\javapath;C:\oracles\dbhomeXE\bin;C:\Python311\Scripts\;C:\Python311\;C:\WINDOWS\system32;C:\WINDOWS;C:\WINDOWS\System32\Wbem;C:\WINDOWS\System32\WindowsPowerShell\v1.0\;C:\WINDOWS\System32\OpenSSH\;C:\Program Files\Java\jdk1.8.0_351\bin;C:\Program Files\Java\jre1.8.0_351\bin;C:\ProgramData\chocolatey\bin;C:\Program Files\Git\cmd;C:\Program Files\nodejs\;C:\Program Files\MATLAB\R2023a\runtime\win64;C:\Program Files\MATLAB\R2023a\bin;C:\Program Files (x86)\Microsoft SQL Server\160\DTS\Binn\;C:\Program Files (x86)\Microsoft SQL Server\160\Tools\Binn\;C:\Program Files\Microsoft SQL Server\160\Tools\Binn\;C:\Program Files\Microsoft SQL Server\Client SDK\ODBC\170\Tools\Binn\;C:\Program Files\Microsoft SQL Server\160\DTS\Binn\;C:\Program Files\Microsoft SQL Server\150\Tools\Binn\;C:\Program Files\PowerShell\7\;D:\Software\mongoDb\mongosh-2.3.3-win32-x64\mongosh-2.3.3-win32-x64\bin;C:\Users\Thamod Rasmitha\AppData\Local\Microsoft\WindowsApps;C:\Program Files\JetBrains\IntelliJ IDEA Community Edition 2022.3.1\bin;;C:\Users\Thamod Rasmitha\AppData\Local\Programs\Microsoft VS Code\bin;C:\flutter\bin;C:\Users\Thamod Rasmitha\AppData\Local\Pub\Cache\bin;C:\Users\Thamod Rasmitha\AppData\Roaming\npm;
USERNAME=Thamod Rasmitha
OS=Windows_NT
PROCESSOR_IDENTIFIER=AMD64 Family 23 Model 104 Stepping 1, AuthenticAMD
TMP=C:\Users\THAMOD~1\AppData\Local\Temp
TEMP=C:\Users\THAMOD~1\AppData\Local\Temp



Periodic native trim disabled


---------------  S Y S T E M  ---------------

OS:
 Windows 11 , 64 bit Build 26100 (10.0.26100.2454)
OS uptime: 0 days 2:06 hours

CPU: total 12 (initial active 12) (12 cores per cpu, 2 threads per core) family 23 model 104 stepping 1 microcode 0x8608104, cx8, cmov, fxsr, ht, mmx, 3dnowpref, sse, sse2, sse3, ssse3, sse4a, sse4.1, sse4.2, popcnt, lzcnt, tsc, tscinvbit, avx, avx2, aes, clmul, bmi1, bmi2, adx, sha, fma, vzeroupper, clflush, clflushopt
Processor Information for all 12 processors :
  Max Mhz: 2100, Current Mhz: 2100, Mhz Limit: 2100

Memory: 4k page, system-wide physical 15753M (5767M free)
TotalPageFile size 15753M (AvailPageFile size 4M)
current process WorkingSet (physical memory assigned to process): 750M, peak: 757M
current process commit charge ("private bytes"): 770M, peak: 777M

vm_info: OpenJDK 64-Bit Server VM (17.0.13+11) for windows-amd64 JRE (17.0.13+11), built on Oct 16 2024 00:10:08 by "admin" with MS VC++ 17.7 (VS2022)

END.
