#
# There is insufficient memory for the Java Runtime Environment to continue.
# Native memory allocation (malloc) failed to allocate 1870368 bytes. Error detail: Chunk::new
# Possible reasons:
#   The system is out of physical RAM or swap space
#   This process is running with CompressedOops enabled, and the Java Heap may be blocking the growth of the native heap
# Possible solutions:
#   Reduce memory load on the system
#   Increase physical memory or swap space
#   Check if swap backing store is full
#   Decrease Java heap size (-Xmx/-Xms)
#   Decrease number of Java threads
#   Decrease Java thread stack sizes (-Xss)
#   Set larger code cache with -XX:ReservedCodeCacheSize=
#   JVM is running with Unscaled Compressed Oops mode in which the Java heap is
#     placed in the first 4GB address space. The Java Heap base address is the
#     maximum limit for the native heap growth. Please use -XX:HeapBaseMinAddress
#     to set the Java Heap base and to place the Java Heap above 4GB virtual address.
# This output file may be truncated or incomplete.
#
#  Out of Memory Error (arena.cpp:191), pid=20472, tid=20776
#
# JRE version: OpenJDK Runtime Environment Temurin-17.0.13+11 (17.0.13+11) (build 17.0.13+11)
# Java VM: OpenJDK 64-Bit Server VM Temurin-17.0.13+11 (17.0.13+11, mixed mode, tiered, compressed oops, compressed class ptrs, parallel gc, windows-amd64)
# No core dump will be written. Minidumps are not enabled by default on client versions of Windows
#

---------------  S U M M A R Y ------------

Command Line: --add-modules=ALL-SYSTEM --add-opens=java.base/java.util=ALL-UNNAMED --add-opens=java.base/java.lang=ALL-UNNAMED --add-opens=java.base/sun.nio.fs=ALL-UNNAMED -Declipse.application=org.eclipse.jdt.ls.core.id1 -Dosgi.bundles.defaultStartLevel=4 -Declipse.product=org.eclipse.jdt.ls.core.product -Djava.import.generatesMetadataFilesAtProjectRoot=false -DDetectVMInstallationsJob.disabled=true -Dfile.encoding=utf8 -XX:+UseParallelGC -XX:GCTimeRatio=4 -XX:AdaptiveSizePolicyWeight=90 -Dsun.zip.disableMemoryMapping=true -Xmx1G -Xms100m -Xlog:disable -javaagent:c:\Users\Thamod Rasmitha\.vscode\extensions\redhat.java-1.37.0-win32-x64\lombok\lombok-1.18.34.jar -XX:+HeapDumpOnOutOfMemoryError -XX:HeapDumpPath=c:\Users\Thamod Rasmitha\AppData\Roaming\Code\User\workspaceStorage\79564c900adf8b5a677e70732245fc39\redhat.java -Daether.dependencyCollector.impl=bf c:\Users\Thamod Rasmitha\.vscode\extensions\redhat.java-1.37.0-win32-x64\server\plugins\org.eclipse.equinox.launcher_1.6.900.v20240613-2009.jar -configuration c:\Users\Thamod Rasmitha\AppData\Roaming\Code\User\globalStorage\redhat.java\1.37.0\config_win -data c:\Users\Thamod Rasmitha\AppData\Roaming\Code\User\workspaceStorage\79564c900adf8b5a677e70732245fc39\redhat.java\jdt_ws --pipe=\\.\pipe\lsp-165f7f9b9e78a93451ea604e624eb057-sock

Host: AMD Ryzen 5 5500U with Radeon Graphics         , 12 cores, 15G,  Windows 11 , 64 bit Build 26100 (10.0.26100.2454)
Time: Sun Dec 15 20:53:30 2024 Sri Lanka Standard Time elapsed time: 4.929323 seconds (0d 0h 0m 4s)

---------------  T H R E A D  ---------------

Current thread (0x000001dc46a41c30):  JavaThread "C2 CompilerThread0" daemon [_thread_in_native, id=20776, stack(0x000000919eb00000,0x000000919ec00000)]


Current CompileTask:
C2:   4929 4255       4       org.eclipse.osgi.internal.loader.BundleLoader::addExportedProvidersFor (167 bytes)

Stack: [0x000000919eb00000,0x000000919ec00000]
Native frames: (J=compiled Java code, j=interpreted, Vv=VM code, C=native code)
V  [jvm.dll+0x682a19]
V  [jvm.dll+0x839538]
V  [jvm.dll+0x83afe3]
V  [jvm.dll+0x83b653]
V  [jvm.dll+0x24704f]
V  [jvm.dll+0xace34]
V  [jvm.dll+0xad4cc]
V  [jvm.dll+0x36597e]
V  [jvm.dll+0x1ba793]
V  [jvm.dll+0x2181a7]
V  [jvm.dll+0x21748f]
V  [jvm.dll+0x1a3070]
V  [jvm.dll+0x22788c]
V  [jvm.dll+0x2259eb]
V  [jvm.dll+0x7eec98]
V  [jvm.dll+0x7e8ffc]
V  [jvm.dll+0x6818f7]
C  [ucrtbase.dll+0x14ea0]
C  [KERNEL32.DLL+0x2e8d7]
C  [ntdll.dll+0xdfbcc]


---------------  P R O C E S S  ---------------

Threads class SMR info:
_java_thread_list=0x000001dc48881fd0, length=42, elements={
0x000001dc2dbee530, 0x000001dc41a70030, 0x000001dc41a717b0, 0x000001dc41a7c290,
0x000001dc41a7cb60, 0x000001dc41a7e740, 0x000001dc46a3af70, 0x000001dc46a41c30,
0x000001dc46a4f5b0, 0x000001dc46a52670, 0x000001dc46b30850, 0x000001dc2dc55af0,
0x000001dc48225b60, 0x000001dc48529f60, 0x000001dc48e1b270, 0x000001dc489be470,
0x000001dc48894a90, 0x000001dc49090af0, 0x000001dc484b59a0, 0x000001dc484b4050,
0x000001dc484b2700, 0x000001dc484b4560, 0x000001dc484b4a70, 0x000001dc484b5eb0,
0x000001dc49950bf0, 0x000001dc484b2c10, 0x000001dc484b3120, 0x000001dc4974b9b0,
0x000001dc4974af90, 0x000001dc4974c3d0, 0x000001dc4974b4a0, 0x000001dc4974a570,
0x000001dc4974c8e0, 0x000001dc4974d810, 0x000001dc4974bec0, 0x000001dc4974cdf0,
0x000001dc4974aa80, 0x000001dc4974d300, 0x000001dc4974a060, 0x000001dc4974f160,
0x000001dc4974dd20, 0x000001dc497505a0
}

Java Threads: ( => current thread )
  0x000001dc2dbee530 JavaThread "main" [_thread_in_vm, id=20880, stack(0x000000919e200000,0x000000919e300000)]
  0x000001dc41a70030 JavaThread "Reference Handler" daemon [_thread_blocked, id=7708, stack(0x000000919e500000,0x000000919e600000)]
  0x000001dc41a717b0 JavaThread "Finalizer" daemon [_thread_blocked, id=19552, stack(0x000000919e600000,0x000000919e700000)]
  0x000001dc41a7c290 JavaThread "Signal Dispatcher" daemon [_thread_blocked, id=1932, stack(0x000000919e700000,0x000000919e800000)]
  0x000001dc41a7cb60 JavaThread "Attach Listener" daemon [_thread_blocked, id=8900, stack(0x000000919e800000,0x000000919e900000)]
  0x000001dc41a7e740 JavaThread "Service Thread" daemon [_thread_blocked, id=1544, stack(0x000000919e900000,0x000000919ea00000)]
  0x000001dc46a3af70 JavaThread "Monitor Deflation Thread" daemon [_thread_blocked, id=19652, stack(0x000000919ea00000,0x000000919eb00000)]
=>0x000001dc46a41c30 JavaThread "C2 CompilerThread0" daemon [_thread_in_native, id=20776, stack(0x000000919eb00000,0x000000919ec00000)]
  0x000001dc46a4f5b0 JavaThread "C1 CompilerThread0" daemon [_thread_blocked, id=6328, stack(0x000000919ec00000,0x000000919ed00000)]
  0x000001dc46a52670 JavaThread "Sweeper thread" daemon [_thread_blocked, id=12260, stack(0x000000919ed00000,0x000000919ee00000)]
  0x000001dc46b30850 JavaThread "Common-Cleaner" daemon [_thread_blocked, id=9388, stack(0x000000919ee00000,0x000000919ef00000)]
  0x000001dc2dc55af0 JavaThread "C2 CompilerThread1" daemon [_thread_in_native, id=14180, stack(0x000000919ef00000,0x000000919f000000)]
  0x000001dc48225b60 JavaThread "Notification Thread" daemon [_thread_blocked, id=7416, stack(0x000000919f000000,0x000000919f100000)]
  0x000001dc48529f60 JavaThread "Active Thread: Equinox Container: ad4800c2-6935-432c-aee2-5b6c882ed2ba" [_thread_blocked, id=16540, stack(0x000000919f800000,0x000000919f900000)]
  0x000001dc48e1b270 JavaThread "Refresh Thread: Equinox Container: ad4800c2-6935-432c-aee2-5b6c882ed2ba" daemon [_thread_blocked, id=12624, stack(0x000000919f900000,0x000000919fa00000)]
  0x000001dc489be470 JavaThread "Framework Event Dispatcher: Equinox Container: ad4800c2-6935-432c-aee2-5b6c882ed2ba" daemon [_thread_blocked, id=14840, stack(0x000000919fa00000,0x000000919fb00000)]
  0x000001dc48894a90 JavaThread "Start Level: Equinox Container: ad4800c2-6935-432c-aee2-5b6c882ed2ba" daemon [_thread_blocked, id=12876, stack(0x000000919fb00000,0x000000919fc00000)]
  0x000001dc49090af0 JavaThread "Bundle File Closer" daemon [_thread_blocked, id=7372, stack(0x000000919fe00000,0x000000919ff00000)]
  0x000001dc484b59a0 JavaThread "SCR Component Actor" daemon [_thread_blocked, id=11772, stack(0x00000091a0100000,0x00000091a0200000)]
  0x000001dc484b4050 JavaThread "SCR Component Registry" daemon [_thread_blocked, id=3024, stack(0x00000091a0200000,0x00000091a0300000)]
  0x000001dc484b2700 JavaThread "Worker-JM" [_thread_blocked, id=15244, stack(0x000000919f200000,0x000000919f300000)]
  0x000001dc484b4560 JavaThread "JNA Cleaner" daemon [_thread_blocked, id=13696, stack(0x00000091a0300000,0x00000091a0400000)]
  0x000001dc484b4a70 JavaThread "Worker-0: Initialize After Load" [_thread_in_native, id=9000, stack(0x00000091a0400000,0x00000091a0500000)]
  0x000001dc484b5eb0 JavaThread "Worker-1" [_thread_blocked, id=16840, stack(0x00000091a0500000,0x00000091a0600000)]
  0x000001dc49950bf0 JavaThread "C2 CompilerThread2" daemon [_thread_in_native, id=11844, stack(0x00000091a0600000,0x00000091a0700000)]
  0x000001dc484b2c10 JavaThread "Java indexing" daemon [_thread_blocked, id=13172, stack(0x00000091a0700000,0x00000091a0800000)]
  0x000001dc484b3120 JavaThread "Thread-2" daemon [_thread_in_native, id=19600, stack(0x00000091a0a00000,0x00000091a0b00000)]
  0x000001dc4974b9b0 JavaThread "Thread-3" daemon [_thread_in_native, id=19568, stack(0x00000091a0b00000,0x00000091a0c00000)]
  0x000001dc4974af90 JavaThread "Thread-4" daemon [_thread_in_native, id=13612, stack(0x00000091a0c00000,0x00000091a0d00000)]
  0x000001dc4974c3d0 JavaThread "Thread-5" daemon [_thread_in_native, id=21364, stack(0x00000091a0d00000,0x00000091a0e00000)]
  0x000001dc4974b4a0 JavaThread "Thread-6" daemon [_thread_in_native, id=12132, stack(0x00000091a0e00000,0x00000091a0f00000)]
  0x000001dc4974a570 JavaThread "Thread-7" daemon [_thread_in_native, id=16728, stack(0x00000091a0f00000,0x00000091a1000000)]
  0x000001dc4974c8e0 JavaThread "Thread-8" daemon [_thread_in_native, id=16892, stack(0x00000091a1000000,0x00000091a1100000)]
  0x000001dc4974d810 JavaThread "Thread-9" daemon [_thread_in_native, id=3512, stack(0x00000091a1100000,0x00000091a1200000)]
  0x000001dc4974bec0 JavaThread "Thread-10" daemon [_thread_in_native, id=3724, stack(0x00000091a1200000,0x00000091a1300000)]
  0x000001dc4974cdf0 JavaThread "Thread-11" daemon [_thread_in_native, id=15188, stack(0x00000091a1300000,0x00000091a1400000)]
  0x000001dc4974aa80 JavaThread "Thread-12" daemon [_thread_in_native, id=20164, stack(0x00000091a1400000,0x00000091a1500000)]
  0x000001dc4974d300 JavaThread "Thread-13" daemon [_thread_in_native, id=3832, stack(0x00000091a1500000,0x00000091a1600000)]
  0x000001dc4974a060 JavaThread "Thread-14" daemon [_thread_in_native, id=11984, stack(0x00000091a1600000,0x00000091a1700000)]
  0x000001dc4974f160 JavaThread "Worker-2: Repository registry initialization" [_thread_in_vm, id=376, stack(0x00000091a1700000,0x00000091a1800000)]
  0x000001dc4974dd20 JavaThread "pool-2-thread-1" [_thread_blocked, id=6208, stack(0x00000091a1800000,0x00000091a1900000)]
  0x000001dc497505a0 JavaThread "Worker-3" [_thread_blocked, id=7944, stack(0x00000091a1900000,0x00000091a1a00000)]

Other Threads:
  0x000001dc2b91ed20 VMThread "VM Thread" [stack: 0x000000919e400000,0x000000919e500000] [id=20684]
  0x000001dc48226450 WatcherThread [stack: 0x000000919f100000,0x000000919f200000] [id=13016]
  0x000001dc2dc03890 GCTaskThread "GC Thread#0" [stack: 0x000000919e300000,0x000000919e400000] [id=7948]
  0x000001dc48bae530 GCTaskThread "GC Thread#1" [stack: 0x000000919f300000,0x000000919f400000] [id=11648]
  0x000001dc48baec00 GCTaskThread "GC Thread#2" [stack: 0x000000919f400000,0x000000919f500000] [id=12256]
  0x000001dc48cca6a0 GCTaskThread "GC Thread#3" [stack: 0x000000919f500000,0x000000919f600000] [id=6792]
  0x000001dc48cca960 GCTaskThread "GC Thread#4" [stack: 0x000000919f600000,0x000000919f700000] [id=2704]
  0x000001dc48ccac20 GCTaskThread "GC Thread#5" [stack: 0x000000919f700000,0x000000919f800000] [id=19128]
  0x000001dc489cecb0 GCTaskThread "GC Thread#6" [stack: 0x000000919fc00000,0x000000919fd00000] [id=2468]
  0x000001dc48e00b10 GCTaskThread "GC Thread#7" [stack: 0x000000919fd00000,0x000000919fe00000] [id=19080]
  0x000001dc4907e390 GCTaskThread "GC Thread#8" [stack: 0x000000919ff00000,0x00000091a0000000] [id=16532]
  0x000001dc4907e860 GCTaskThread "GC Thread#9" [stack: 0x00000091a0000000,0x00000091a0100000] [id=20288]

Threads with active compile tasks:
C2 CompilerThread0     4944 4255       4       org.eclipse.osgi.internal.loader.BundleLoader::addExportedProvidersFor (167 bytes)
C2 CompilerThread1     4944 4524       4       org.eclipse.osgi.internal.serviceregistry.ServiceRegistry::notifyHooksPrivileged (58 bytes)
C2 CompilerThread2     4944 4486   !   4       org.eclipse.osgi.internal.loader.classpath.ClasspathManager::findLocalClass (210 bytes)

VM state: not at safepoint (normal execution)

VM Mutex/Monitor currently owned by a thread:  ([mutex/lock_event])
[0x000001dc2b918b90] Metaspace_lock - owner thread: 0x000001dc4974f160

Heap address: 0x00000000c0000000, size: 1024 MB, Compressed Oops mode: 32-bit

CDS archive(s) not mapped
Compressed class space mapped at: 0x0000000100000000-0x0000000140000000, reserved size: 1073741824
Narrow klass base: 0x0000000000000000, Narrow klass shift: 3, Narrow klass range: 0x140000000

GC Precious Log:
 CPUs: 12 total, 12 available
 Memory: 15753M
 Large Page Support: Disabled
 NUMA Support: Disabled
 Compressed Oops: Enabled (32-bit)
 Alignments: Space 512K, Generation 512K, Heap 2M
 Heap Min Capacity: 100M
 Heap Initial Capacity: 100M
 Heap Max Capacity: 1G
 Pre-touch: Disabled
 Parallel Workers: 10

Heap:
 PSYoungGen      total 23552K, used 6511K [0x00000000eab00000, 0x00000000ec500000, 0x0000000100000000)
  eden space 22016K, 23% used [0x00000000eab00000,0x00000000eb00be60,0x00000000ec080000)
  from space 1536K, 87% used [0x00000000ec200000,0x00000000ec350000,0x00000000ec380000)
  to   space 1536K, 0% used [0x00000000ec380000,0x00000000ec380000,0x00000000ec500000)
 ParOldGen       total 68608K, used 17138K [0x00000000c0000000, 0x00000000c4300000, 0x00000000eab00000)
  object space 68608K, 24% used [0x00000000c0000000,0x00000000c10bcae8,0x00000000c4300000)
 Metaspace       used 41568K, committed 42560K, reserved 1114112K
  class space    used 4216K, committed 4672K, reserved 1048576K

Card table byte_map: [0x000001dc2d490000,0x000001dc2d6a0000] _byte_map_base: 0x000001dc2ce90000

Marking Bits: (ParMarkBitMap*) 0x00007fff49986940
 Begin Bits: [0x000001dc3f880000, 0x000001dc40880000)
 End Bits:   [0x000001dc40880000, 0x000001dc41880000)

Polling page: 0x000001dc2ba90000

Metaspace:

Usage:
  Non-class:     36.48 MB used.
      Class:      4.12 MB used.
       Both:     40.59 MB used.

Virtual space:
  Non-class space:       64.00 MB reserved,      37.00 MB ( 58%) committed,  1 nodes.
      Class space:        1.00 GB reserved,       4.56 MB ( <1%) committed,  1 nodes.
             Both:        1.06 GB reserved,      41.56 MB (  4%) committed. 

Chunk freelists:
   Non-Class:  10.91 MB
       Class:  11.36 MB
        Both:  22.27 MB

MaxMetaspaceSize: unlimited
CompressedClassSpaceSize: 1.00 GB
Initial GC threshold: 21.00 MB
Current GC threshold: 58.38 MB
CDS: off
MetaspaceReclaimPolicy: balanced
 - commit_granule_bytes: 65536.
 - commit_granule_words: 8192.
 - virtual_space_node_default_size: 8388608.
 - enlarge_chunks_in_place: 1.
 - new_chunks_are_fully_committed: 0.
 - uncommit_free_chunks: 1.
 - use_allocation_guard: 0.
 - handle_deallocations: 1.


Internal statistics:

num_allocs_failed_limit: 6.
num_arena_births: 660.
num_arena_deaths: 14.
num_vsnodes_births: 2.
num_vsnodes_deaths: 0.
num_space_committed: 665.
num_space_uncommitted: 0.
num_chunks_returned_to_freelist: 20.
num_chunks_taken_from_freelist: 2119.
num_chunk_merges: 7.
num_chunk_splits: 1326.
num_chunks_enlarged: 779.
num_inconsistent_stats: 0.

CodeHeap 'non-profiled nmethods': size=120000Kb used=2260Kb max_used=2260Kb free=117739Kb
 bounds [0x000001dc38350000, 0x000001dc385c0000, 0x000001dc3f880000]
CodeHeap 'profiled nmethods': size=120000Kb used=9510Kb max_used=9510Kb free=110489Kb
 bounds [0x000001dc30880000, 0x000001dc311d0000, 0x000001dc37db0000]
CodeHeap 'non-nmethods': size=5760Kb used=1284Kb max_used=1320Kb free=4475Kb
 bounds [0x000001dc37db0000, 0x000001dc38020000, 0x000001dc38350000]
 total_blobs=5172 nmethods=4566 adapters=519
 compilation: enabled
              stopped_count=0, restarted_count=0
 full_count=0

Compilation events (20 events):
Event: 3.911 Thread 0x000001dc46a4f5b0 nmethod 4546 0x000001dc311b2190 code [0x000001dc311b2400, 0x000001dc311b32d8]
Event: 3.915 Thread 0x000001dc46a4f5b0 4547       3       jdk.internal.util.ArraysSupport::mismatch (72 bytes)
Event: 3.916 Thread 0x000001dc46a4f5b0 nmethod 4547 0x000001dc311b3890 code [0x000001dc311b3a60, 0x000001dc311b3e58]
Event: 3.917 Thread 0x000001dc46a4f5b0 4548       3       org.eclipse.jdt.core.compiler.CharOperation::equals (6 bytes)
Event: 3.917 Thread 0x000001dc46a4f5b0 nmethod 4548 0x000001dc311b4090 code [0x000001dc311b4220, 0x000001dc311b4328]
Event: 3.917 Thread 0x000001dc46a4f5b0 4549       3       java.util.Arrays::equals (43 bytes)
Event: 3.917 Thread 0x000001dc46a4f5b0 nmethod 4549 0x000001dc311b4410 code [0x000001dc311b45e0, 0x000001dc311b48a8]
Event: 3.921 Thread 0x000001dc46a4f5b0 4550       3       org.eclipse.jdt.internal.compiler.util.SimpleSetOfCharArray::get (84 bytes)
Event: 3.922 Thread 0x000001dc46a4f5b0 nmethod 4550 0x000001dc311b4990 code [0x000001dc311b4b80, 0x000001dc311b5128]
Event: 3.924 Thread 0x000001dc46a4f5b0 4552       3       java.lang.invoke.MethodHandles$Lookup::resolveOrFail (48 bytes)
Event: 3.925 Thread 0x000001dc46a4f5b0 nmethod 4552 0x000001dc311b5390 code [0x000001dc311b55c0, 0x000001dc311b5c28]
Event: 3.925 Thread 0x000001dc46a4f5b0 4553       3       java.lang.invoke.MethodHandles$Lookup::checkMethodName (45 bytes)
Event: 3.925 Thread 0x000001dc46a4f5b0 nmethod 4553 0x000001dc311b5f10 code [0x000001dc311b6160, 0x000001dc311b6868]
Event: 3.925 Thread 0x000001dc46a4f5b0 4555       3       sun.reflect.generics.parser.SignatureParser::parseTypeSignature (130 bytes)
Event: 3.926 Thread 0x000001dc46a4f5b0 nmethod 4555 0x000001dc311b6b90 code [0x000001dc311b6d60, 0x000001dc311b71a8]
Event: 3.926 Thread 0x000001dc46a4f5b0 4557       3       java.util.Arrays::stream (8 bytes)
Event: 3.926 Thread 0x000001dc46a4f5b0 nmethod 4557 0x000001dc311b7290 code [0x000001dc311b7440, 0x000001dc311b7658]
Event: 3.926 Thread 0x000001dc46a4f5b0 4558       3       java.util.Arrays::stream (11 bytes)
Event: 3.926 Thread 0x000001dc46a4f5b0 nmethod 4558 0x000001dc311b7790 code [0x000001dc311b7940, 0x000001dc311b7ad8]
Event: 3.926 Thread 0x000001dc46a4f5b0 4559       3       org.eclipse.lsp4j.jsonrpc.services.AnnotationUtil::createMethodInfo (51 bytes)

GC Heap History (20 events):
Event: 2.091 GC heap before
{Heap before GC invocations=6 (full 1):
 PSYoungGen      total 29696K, used 4070K [0x00000000eab00000, 0x00000000ece00000, 0x0000000100000000)
  eden space 25600K, 0% used [0x00000000eab00000,0x00000000eab00000,0x00000000ec400000)
  from space 4096K, 99% used [0x00000000ec400000,0x00000000ec7f9a00,0x00000000ec800000)
  to   space 5120K, 0% used [0x00000000ec900000,0x00000000ec900000,0x00000000ece00000)
 ParOldGen       total 68608K, used 6915K [0x00000000c0000000, 0x00000000c4300000, 0x00000000eab00000)
  object space 68608K, 10% used [0x00000000c0000000,0x00000000c06c0f80,0x00000000c4300000)
 Metaspace       used 21150K, committed 21504K, reserved 1114112K
  class space    used 2131K, committed 2304K, reserved 1048576K
}
Event: 2.110 GC heap after
{Heap after GC invocations=6 (full 1):
 PSYoungGen      total 29696K, used 0K [0x00000000eab00000, 0x00000000ece00000, 0x0000000100000000)
  eden space 25600K, 0% used [0x00000000eab00000,0x00000000eab00000,0x00000000ec400000)
  from space 4096K, 0% used [0x00000000ec400000,0x00000000ec400000,0x00000000ec800000)
  to   space 5120K, 0% used [0x00000000ec900000,0x00000000ec900000,0x00000000ece00000)
 ParOldGen       total 68608K, used 10694K [0x00000000c0000000, 0x00000000c4300000, 0x00000000eab00000)
  object space 68608K, 15% used [0x00000000c0000000,0x00000000c0a71968,0x00000000c4300000)
 Metaspace       used 21150K, committed 21504K, reserved 1114112K
  class space    used 2131K, committed 2304K, reserved 1048576K
}
Event: 2.511 GC heap before
{Heap before GC invocations=7 (full 1):
 PSYoungGen      total 29696K, used 25600K [0x00000000eab00000, 0x00000000ece00000, 0x0000000100000000)
  eden space 25600K, 100% used [0x00000000eab00000,0x00000000ec400000,0x00000000ec400000)
  from space 4096K, 0% used [0x00000000ec400000,0x00000000ec400000,0x00000000ec800000)
  to   space 5120K, 0% used [0x00000000ec900000,0x00000000ec900000,0x00000000ece00000)
 ParOldGen       total 68608K, used 10694K [0x00000000c0000000, 0x00000000c4300000, 0x00000000eab00000)
  object space 68608K, 15% used [0x00000000c0000000,0x00000000c0a71968,0x00000000c4300000)
 Metaspace       used 24839K, committed 25344K, reserved 1114112K
  class space    used 2533K, committed 2752K, reserved 1048576K
}
Event: 2.513 GC heap after
{Heap after GC invocations=7 (full 1):
 PSYoungGen      total 26624K, used 1219K [0x00000000eab00000, 0x00000000eca80000, 0x0000000100000000)
  eden space 25088K, 0% used [0x00000000eab00000,0x00000000eab00000,0x00000000ec380000)
  from space 1536K, 79% used [0x00000000ec900000,0x00000000eca30e70,0x00000000eca80000)
  to   space 2560K, 0% used [0x00000000ec580000,0x00000000ec580000,0x00000000ec800000)
 ParOldGen       total 68608K, used 10702K [0x00000000c0000000, 0x00000000c4300000, 0x00000000eab00000)
  object space 68608K, 15% used [0x00000000c0000000,0x00000000c0a73968,0x00000000c4300000)
 Metaspace       used 24839K, committed 25344K, reserved 1114112K
  class space    used 2533K, committed 2752K, reserved 1048576K
}
Event: 2.795 GC heap before
{Heap before GC invocations=8 (full 1):
 PSYoungGen      total 26624K, used 26307K [0x00000000eab00000, 0x00000000eca80000, 0x0000000100000000)
  eden space 25088K, 100% used [0x00000000eab00000,0x00000000ec380000,0x00000000ec380000)
  from space 1536K, 79% used [0x00000000ec900000,0x00000000eca30e70,0x00000000eca80000)
  to   space 2560K, 0% used [0x00000000ec580000,0x00000000ec580000,0x00000000ec800000)
 ParOldGen       total 68608K, used 10702K [0x00000000c0000000, 0x00000000c4300000, 0x00000000eab00000)
  object space 68608K, 15% used [0x00000000c0000000,0x00000000c0a73968,0x00000000c4300000)
 Metaspace       used 27584K, committed 28288K, reserved 1114112K
  class space    used 2857K, committed 3136K, reserved 1048576K
}
Event: 2.797 GC heap after
{Heap after GC invocations=8 (full 1):
 PSYoungGen      total 27136K, used 2535K [0x00000000eab00000, 0x00000000eca00000, 0x0000000100000000)
  eden space 24576K, 0% used [0x00000000eab00000,0x00000000eab00000,0x00000000ec300000)
  from space 2560K, 99% used [0x00000000ec580000,0x00000000ec7f9c18,0x00000000ec800000)
  to   space 2048K, 0% used [0x00000000ec800000,0x00000000ec800000,0x00000000eca00000)
 ParOldGen       total 68608K, used 11086K [0x00000000c0000000, 0x00000000c4300000, 0x00000000eab00000)
  object space 68608K, 16% used [0x00000000c0000000,0x00000000c0ad3968,0x00000000c4300000)
 Metaspace       used 27584K, committed 28288K, reserved 1114112K
  class space    used 2857K, committed 3136K, reserved 1048576K
}
Event: 2.994 GC heap before
{Heap before GC invocations=9 (full 1):
 PSYoungGen      total 27136K, used 27111K [0x00000000eab00000, 0x00000000eca00000, 0x0000000100000000)
  eden space 24576K, 100% used [0x00000000eab00000,0x00000000ec300000,0x00000000ec300000)
  from space 2560K, 99% used [0x00000000ec580000,0x00000000ec7f9c18,0x00000000ec800000)
  to   space 2048K, 0% used [0x00000000ec800000,0x00000000ec800000,0x00000000eca00000)
 ParOldGen       total 68608K, used 11086K [0x00000000c0000000, 0x00000000c4300000, 0x00000000eab00000)
  object space 68608K, 16% used [0x00000000c0000000,0x00000000c0ad3968,0x00000000c4300000)
 Metaspace       used 29743K, committed 30592K, reserved 1114112K
  class space    used 3047K, committed 3456K, reserved 1048576K
}
Event: 2.996 GC heap after
{Heap after GC invocations=9 (full 1):
 PSYoungGen      total 26112K, used 2046K [0x00000000eab00000, 0x00000000eca00000, 0x0000000100000000)
  eden space 24064K, 0% used [0x00000000eab00000,0x00000000eab00000,0x00000000ec280000)
  from space 2048K, 99% used [0x00000000ec800000,0x00000000ec9ffa20,0x00000000eca00000)
  to   space 3584K, 0% used [0x00000000ec300000,0x00000000ec300000,0x00000000ec680000)
 ParOldGen       total 68608K, used 12321K [0x00000000c0000000, 0x00000000c4300000, 0x00000000eab00000)
  object space 68608K, 17% used [0x00000000c0000000,0x00000000c0c087b0,0x00000000c4300000)
 Metaspace       used 29743K, committed 30592K, reserved 1114112K
  class space    used 3047K, committed 3456K, reserved 1048576K
}
Event: 3.195 GC heap before
{Heap before GC invocations=10 (full 1):
 PSYoungGen      total 26112K, used 26110K [0x00000000eab00000, 0x00000000eca00000, 0x0000000100000000)
  eden space 24064K, 100% used [0x00000000eab00000,0x00000000ec280000,0x00000000ec280000)
  from space 2048K, 99% used [0x00000000ec800000,0x00000000ec9ffa20,0x00000000eca00000)
  to   space 3584K, 0% used [0x00000000ec300000,0x00000000ec300000,0x00000000ec680000)
 ParOldGen       total 68608K, used 12321K [0x00000000c0000000, 0x00000000c4300000, 0x00000000eab00000)
  object space 68608K, 17% used [0x00000000c0000000,0x00000000c0c087b0,0x00000000c4300000)
 Metaspace       used 33274K, committed 34112K, reserved 1114112K
  class space    used 3314K, committed 3712K, reserved 1048576K
}
Event: 3.197 GC heap after
{Heap after GC invocations=10 (full 1):
 PSYoungGen      total 26112K, used 2193K [0x00000000eab00000, 0x00000000ec880000, 0x0000000100000000)
  eden space 23552K, 0% used [0x00000000eab00000,0x00000000eab00000,0x00000000ec200000)
  from space 2560K, 85% used [0x00000000ec300000,0x00000000ec524588,0x00000000ec580000)
  to   space 3072K, 0% used [0x00000000ec580000,0x00000000ec580000,0x00000000ec880000)
 ParOldGen       total 68608K, used 12817K [0x00000000c0000000, 0x00000000c4300000, 0x00000000eab00000)
  object space 68608K, 18% used [0x00000000c0000000,0x00000000c0c844d0,0x00000000c4300000)
 Metaspace       used 33274K, committed 34112K, reserved 1114112K
  class space    used 3314K, committed 3712K, reserved 1048576K
}
Event: 3.373 GC heap before
{Heap before GC invocations=11 (full 1):
 PSYoungGen      total 26112K, used 25745K [0x00000000eab00000, 0x00000000ec880000, 0x0000000100000000)
  eden space 23552K, 100% used [0x00000000eab00000,0x00000000ec200000,0x00000000ec200000)
  from space 2560K, 85% used [0x00000000ec300000,0x00000000ec524588,0x00000000ec580000)
  to   space 3072K, 0% used [0x00000000ec580000,0x00000000ec580000,0x00000000ec880000)
 ParOldGen       total 68608K, used 12817K [0x00000000c0000000, 0x00000000c4300000, 0x00000000eab00000)
  object space 68608K, 18% used [0x00000000c0000000,0x00000000c0c844d0,0x00000000c4300000)
 Metaspace       used 34867K, committed 35648K, reserved 1114112K
  class space    used 3431K, committed 3776K, reserved 1048576K
}
Event: 3.375 GC heap after
{Heap after GC invocations=11 (full 1):
 PSYoungGen      total 26112K, used 2664K [0x00000000eab00000, 0x00000000ec880000, 0x0000000100000000)
  eden space 23040K, 0% used [0x00000000eab00000,0x00000000eab00000,0x00000000ec180000)
  from space 3072K, 86% used [0x00000000ec580000,0x00000000ec81a2b0,0x00000000ec880000)
  to   space 3072K, 0% used [0x00000000ec280000,0x00000000ec280000,0x00000000ec580000)
 ParOldGen       total 68608K, used 14430K [0x00000000c0000000, 0x00000000c4300000, 0x00000000eab00000)
  object space 68608K, 21% used [0x00000000c0000000,0x00000000c0e17820,0x00000000c4300000)
 Metaspace       used 34867K, committed 35648K, reserved 1114112K
  class space    used 3431K, committed 3776K, reserved 1048576K
}
Event: 3.404 GC heap before
{Heap before GC invocations=12 (full 1):
 PSYoungGen      total 26112K, used 4743K [0x00000000eab00000, 0x00000000ec880000, 0x0000000100000000)
  eden space 23040K, 9% used [0x00000000eab00000,0x00000000ead07ce0,0x00000000ec180000)
  from space 3072K, 86% used [0x00000000ec580000,0x00000000ec81a2b0,0x00000000ec880000)
  to   space 3072K, 0% used [0x00000000ec280000,0x00000000ec280000,0x00000000ec580000)
 ParOldGen       total 68608K, used 14430K [0x00000000c0000000, 0x00000000c4300000, 0x00000000eab00000)
  object space 68608K, 21% used [0x00000000c0000000,0x00000000c0e17820,0x00000000c4300000)
 Metaspace       used 35053K, committed 35840K, reserved 1114112K
  class space    used 3446K, committed 3776K, reserved 1048576K
}
Event: 3.407 GC heap after
{Heap after GC invocations=12 (full 1):
 PSYoungGen      total 24064K, used 566K [0x00000000eab00000, 0x00000000ec600000, 0x0000000100000000)
  eden space 23040K, 0% used [0x00000000eab00000,0x00000000eab00000,0x00000000ec180000)
  from space 1024K, 55% used [0x00000000ec280000,0x00000000ec30da88,0x00000000ec380000)
  to   space 1536K, 0% used [0x00000000ec480000,0x00000000ec480000,0x00000000ec600000)
 ParOldGen       total 68608K, used 17042K [0x00000000c0000000, 0x00000000c4300000, 0x00000000eab00000)
  object space 68608K, 24% used [0x00000000c0000000,0x00000000c10a4a70,0x00000000c4300000)
 Metaspace       used 35053K, committed 35840K, reserved 1114112K
  class space    used 3446K, committed 3776K, reserved 1048576K
}
Event: 3.407 GC heap before
{Heap before GC invocations=13 (full 2):
 PSYoungGen      total 24064K, used 566K [0x00000000eab00000, 0x00000000ec600000, 0x0000000100000000)
  eden space 23040K, 0% used [0x00000000eab00000,0x00000000eab00000,0x00000000ec180000)
  from space 1024K, 55% used [0x00000000ec280000,0x00000000ec30da88,0x00000000ec380000)
  to   space 1536K, 0% used [0x00000000ec480000,0x00000000ec480000,0x00000000ec600000)
 ParOldGen       total 68608K, used 17042K [0x00000000c0000000, 0x00000000c4300000, 0x00000000eab00000)
  object space 68608K, 24% used [0x00000000c0000000,0x00000000c10a4a70,0x00000000c4300000)
 Metaspace       used 35053K, committed 35840K, reserved 1114112K
  class space    used 3446K, committed 3776K, reserved 1048576K
}
Event: 3.432 GC heap after
{Heap after GC invocations=13 (full 2):
 PSYoungGen      total 24064K, used 0K [0x00000000eab00000, 0x00000000ec600000, 0x0000000100000000)
  eden space 23040K, 0% used [0x00000000eab00000,0x00000000eab00000,0x00000000ec180000)
  from space 1024K, 0% used [0x00000000ec280000,0x00000000ec280000,0x00000000ec380000)
  to   space 1536K, 0% used [0x00000000ec480000,0x00000000ec480000,0x00000000ec600000)
 ParOldGen       total 68608K, used 15643K [0x00000000c0000000, 0x00000000c4300000, 0x00000000eab00000)
  object space 68608K, 22% used [0x00000000c0000000,0x00000000c0f46cd8,0x00000000c4300000)
 Metaspace       used 35040K, committed 35840K, reserved 1114112K
  class space    used 3443K, committed 3776K, reserved 1048576K
}
Event: 3.704 GC heap before
{Heap before GC invocations=14 (full 2):
 PSYoungGen      total 24064K, used 23040K [0x00000000eab00000, 0x00000000ec600000, 0x0000000100000000)
  eden space 23040K, 100% used [0x00000000eab00000,0x00000000ec180000,0x00000000ec180000)
  from space 1024K, 0% used [0x00000000ec280000,0x00000000ec280000,0x00000000ec380000)
  to   space 1536K, 0% used [0x00000000ec480000,0x00000000ec480000,0x00000000ec600000)
 ParOldGen       total 68608K, used 15643K [0x00000000c0000000, 0x00000000c4300000, 0x00000000eab00000)
  object space 68608K, 22% used [0x00000000c0000000,0x00000000c0f46cd8,0x00000000c4300000)
 Metaspace       used 38431K, committed 39360K, reserved 1114112K
  class space    used 3818K, committed 4224K, reserved 1048576K
}
Event: 3.705 GC heap after
{Heap after GC invocations=14 (full 2):
 PSYoungGen      total 24064K, used 1535K [0x00000000eab00000, 0x00000000ec600000, 0x0000000100000000)
  eden space 22528K, 0% used [0x00000000eab00000,0x00000000eab00000,0x00000000ec100000)
  from space 1536K, 99% used [0x00000000ec480000,0x00000000ec5ffff0,0x00000000ec600000)
  to   space 2048K, 0% used [0x00000000ec200000,0x00000000ec200000,0x00000000ec400000)
 ParOldGen       total 68608K, used 15691K [0x00000000c0000000, 0x00000000c4300000, 0x00000000eab00000)
  object space 68608K, 22% used [0x00000000c0000000,0x00000000c0f52cd8,0x00000000c4300000)
 Metaspace       used 38431K, committed 39360K, reserved 1114112K
  class space    used 3818K, committed 4224K, reserved 1048576K
}
Event: 3.907 GC heap before
{Heap before GC invocations=15 (full 2):
 PSYoungGen      total 24064K, used 24063K [0x00000000eab00000, 0x00000000ec600000, 0x0000000100000000)
  eden space 22528K, 100% used [0x00000000eab00000,0x00000000ec100000,0x00000000ec100000)
  from space 1536K, 99% used [0x00000000ec480000,0x00000000ec5ffff0,0x00000000ec600000)
  to   space 2048K, 0% used [0x00000000ec200000,0x00000000ec200000,0x00000000ec400000)
 ParOldGen       total 68608K, used 15691K [0x00000000c0000000, 0x00000000c4300000, 0x00000000eab00000)
  object space 68608K, 22% used [0x00000000c0000000,0x00000000c0f52cd8,0x00000000c4300000)
 Metaspace       used 41018K, committed 42048K, reserved 1114112K
  class space    used 4132K, committed 4608K, reserved 1048576K
}
Event: 3.909 GC heap after
{Heap after GC invocations=15 (full 2):
 PSYoungGen      total 23552K, used 1344K [0x00000000eab00000, 0x00000000ec500000, 0x0000000100000000)
  eden space 22016K, 0% used [0x00000000eab00000,0x00000000eab00000,0x00000000ec080000)
  from space 1536K, 87% used [0x00000000ec200000,0x00000000ec350000,0x00000000ec380000)
  to   space 1536K, 0% used [0x00000000ec380000,0x00000000ec380000,0x00000000ec500000)
 ParOldGen       total 68608K, used 17138K [0x00000000c0000000, 0x00000000c4300000, 0x00000000eab00000)
  object space 68608K, 24% used [0x00000000c0000000,0x00000000c10bcae8,0x00000000c4300000)
 Metaspace       used 41018K, committed 42048K, reserved 1114112K
  class space    used 4132K, committed 4608K, reserved 1048576K
}

Dll operation events (10 events):
Event: 0.008 Loaded shared library c:\Users\Thamod Rasmitha\.vscode\extensions\redhat.java-1.37.0-win32-x64\jre\17.0.13-win32-x86_64\bin\java.dll
Event: 0.116 Loaded shared library c:\Users\Thamod Rasmitha\.vscode\extensions\redhat.java-1.37.0-win32-x64\jre\17.0.13-win32-x86_64\bin\zip.dll
Event: 0.118 Loaded shared library C:\Users\Thamod Rasmitha\.vscode\extensions\redhat.java-1.37.0-win32-x64\jre\17.0.13-win32-x86_64\bin\instrument.dll
Event: 0.129 Loaded shared library C:\Users\Thamod Rasmitha\.vscode\extensions\redhat.java-1.37.0-win32-x64\jre\17.0.13-win32-x86_64\bin\net.dll
Event: 0.131 Loaded shared library C:\Users\Thamod Rasmitha\.vscode\extensions\redhat.java-1.37.0-win32-x64\jre\17.0.13-win32-x86_64\bin\nio.dll
Event: 0.136 Loaded shared library C:\Users\Thamod Rasmitha\.vscode\extensions\redhat.java-1.37.0-win32-x64\jre\17.0.13-win32-x86_64\bin\zip.dll
Event: 0.147 Loaded shared library C:\Users\Thamod Rasmitha\.vscode\extensions\redhat.java-1.37.0-win32-x64\jre\17.0.13-win32-x86_64\bin\jimage.dll
Event: 0.192 Loaded shared library c:\Users\Thamod Rasmitha\.vscode\extensions\redhat.java-1.37.0-win32-x64\jre\17.0.13-win32-x86_64\bin\verify.dll
Event: 0.956 Loaded shared library C:\Users\Thamod Rasmitha\AppData\Roaming\Code\User\globalStorage\redhat.java\1.37.0\config_win\org.eclipse.equinox.launcher\org.eclipse.equinox.launcher.win32.win32.x86_64_1.2.1100.v20240722-2106\eclipse_11904.dll
Event: 2.380 Loaded shared library C:\Users\Thamod Rasmitha\AppData\Local\Temp\jna--2070620168\jna11099000288992556520.dll

Deoptimization events (20 events):
Event: 3.890 Thread 0x000001dc4974f160 Uncommon trap: trap_request=0xffffff45 fr.pc=0x000001dc384d1184 relative=0x00000000000007c4
Event: 3.890 Thread 0x000001dc4974f160 Uncommon trap: reason=unstable_if action=reinterpret pc=0x000001dc384d1184 method=java.io.BufferedInputStream.read([BII)I @ 31 c2
Event: 3.890 Thread 0x000001dc4974f160 DEOPT PACKING pc=0x000001dc384d1184 sp=0x00000091a17feb50
Event: 3.890 Thread 0x000001dc4974f160 DEOPT UNPACKING pc=0x000001dc37e066a3 sp=0x00000091a17feb28 mode 2
Event: 3.890 Thread 0x000001dc4974f160 Uncommon trap: trap_request=0xffffffde fr.pc=0x000001dc384fb3b0 relative=0x0000000000000090
Event: 3.890 Thread 0x000001dc4974f160 Uncommon trap: reason=class_check action=maybe_recompile pc=0x000001dc384fb3b0 method=java.lang.Character.codePointAt(Ljava/lang/CharSequence;I)I @ 2 c2
Event: 3.890 Thread 0x000001dc4974f160 DEOPT PACKING pc=0x000001dc384fb3b0 sp=0x00000091a17fe970
Event: 3.890 Thread 0x000001dc4974f160 DEOPT UNPACKING pc=0x000001dc37e066a3 sp=0x00000091a17fe8f8 mode 2
Event: 3.890 Thread 0x000001dc4974f160 Uncommon trap: trap_request=0xffffffde fr.pc=0x000001dc384fb3b0 relative=0x0000000000000090
Event: 3.890 Thread 0x000001dc4974f160 Uncommon trap: reason=class_check action=maybe_recompile pc=0x000001dc384fb3b0 method=java.lang.Character.codePointAt(Ljava/lang/CharSequence;I)I @ 2 c2
Event: 3.890 Thread 0x000001dc4974f160 DEOPT PACKING pc=0x000001dc384fb3b0 sp=0x00000091a17fe970
Event: 3.890 Thread 0x000001dc4974f160 DEOPT UNPACKING pc=0x000001dc37e066a3 sp=0x00000091a17fe8f8 mode 2
Event: 3.890 Thread 0x000001dc4974f160 Uncommon trap: trap_request=0xffffffde fr.pc=0x000001dc384fb3b0 relative=0x0000000000000090
Event: 3.890 Thread 0x000001dc4974f160 Uncommon trap: reason=class_check action=maybe_recompile pc=0x000001dc384fb3b0 method=java.lang.Character.codePointAt(Ljava/lang/CharSequence;I)I @ 2 c2
Event: 3.890 Thread 0x000001dc4974f160 DEOPT PACKING pc=0x000001dc384fb3b0 sp=0x00000091a17fe970
Event: 3.890 Thread 0x000001dc4974f160 DEOPT UNPACKING pc=0x000001dc37e066a3 sp=0x00000091a17fe8f8 mode 2
Event: 3.890 Thread 0x000001dc4974f160 Uncommon trap: trap_request=0xffffffde fr.pc=0x000001dc384fb3b0 relative=0x0000000000000090
Event: 3.890 Thread 0x000001dc4974f160 Uncommon trap: reason=class_check action=maybe_recompile pc=0x000001dc384fb3b0 method=java.lang.Character.codePointAt(Ljava/lang/CharSequence;I)I @ 2 c2
Event: 3.890 Thread 0x000001dc4974f160 DEOPT PACKING pc=0x000001dc384fb3b0 sp=0x00000091a17fe970
Event: 3.890 Thread 0x000001dc4974f160 DEOPT UNPACKING pc=0x000001dc37e066a3 sp=0x00000091a17fe8f8 mode 2

Classes loaded (20 events):
Event: 3.849 Loading class sun/nio/cs/ThreadLocalCoders$Cache done
Event: 3.849 Loading class sun/nio/cs/ThreadLocalCoders$1 done
Event: 3.849 Loading class sun/nio/cs/ThreadLocalCoders$2
Event: 3.849 Loading class sun/nio/cs/ThreadLocalCoders$2 done
Event: 3.881 Loading class java/io/UTFDataFormatException
Event: 3.881 Loading class java/io/UTFDataFormatException done
Event: 3.881 Loading class java/math/BigDecimal
Event: 3.882 Loading class java/math/BigDecimal done
Event: 3.905 Loading class java/util/concurrent/atomic/AtomicIntegerArray
Event: 3.906 Loading class java/util/concurrent/atomic/AtomicIntegerArray done
Event: 3.910 Loading class java/util/Currency
Event: 3.910 Loading class java/util/Currency done
Event: 3.915 Loading class java/util/concurrent/atomic/AtomicLongArray
Event: 3.915 Loading class java/util/concurrent/atomic/AtomicLongArray done
Event: 3.920 Loading class java/util/concurrent/atomic/AtomicReferenceFieldUpdater
Event: 3.920 Loading class java/util/concurrent/atomic/AtomicReferenceFieldUpdater done
Event: 3.920 Loading class java/util/concurrent/atomic/AtomicReferenceFieldUpdater$AtomicReferenceFieldUpdaterImpl
Event: 3.920 Loading class java/util/concurrent/atomic/AtomicReferenceFieldUpdater$AtomicReferenceFieldUpdaterImpl done
Event: 3.920 Loading class java/util/concurrent/atomic/AtomicReferenceFieldUpdater$AtomicReferenceFieldUpdaterImpl$1
Event: 3.920 Loading class java/util/concurrent/atomic/AtomicReferenceFieldUpdater$AtomicReferenceFieldUpdaterImpl$1 done

Classes unloaded (7 events):
Event: 3.410 Thread 0x000001dc2b91ed20 Unloading class 0x0000000100250000 'java/lang/invoke/LambdaForm$MH+0x0000000100250000'
Event: 3.410 Thread 0x000001dc2b91ed20 Unloading class 0x000000010024fc00 'java/lang/invoke/LambdaForm$MH+0x000000010024fc00'
Event: 3.410 Thread 0x000001dc2b91ed20 Unloading class 0x000000010024f800 'java/lang/invoke/LambdaForm$MH+0x000000010024f800'
Event: 3.410 Thread 0x000001dc2b91ed20 Unloading class 0x000000010024f400 'java/lang/invoke/LambdaForm$MH+0x000000010024f400'
Event: 3.410 Thread 0x000001dc2b91ed20 Unloading class 0x000000010024f000 'java/lang/invoke/LambdaForm$BMH+0x000000010024f000'
Event: 3.410 Thread 0x000001dc2b91ed20 Unloading class 0x000000010024ec00 'java/lang/invoke/LambdaForm$DMH+0x000000010024ec00'
Event: 3.410 Thread 0x000001dc2b91ed20 Unloading class 0x000000010024c400 'java/lang/invoke/LambdaForm$DMH+0x000000010024c400'

Classes redefined (0 events):
No events

Internal exceptions (20 events):
Event: 3.677 Thread 0x000001dc484b4a70 Exception <a 'sun/nio/fs/WindowsException'{0x00000000ebe4e7f0}> (0x00000000ebe4e7f0) 
thrown [s\src\hotspot\share\prims\jni.cpp, line 516]
Event: 3.677 Thread 0x000001dc484b4a70 Exception <a 'sun/nio/fs/WindowsException'{0x00000000ebe4f0f0}> (0x00000000ebe4f0f0) 
thrown [s\src\hotspot\share\prims\jni.cpp, line 516]
Event: 3.689 Thread 0x000001dc484b4a70 Exception <a 'java/lang/NoSuchMethodError'{0x00000000ec02be10}: 'void java.lang.invoke.DirectMethodHandle$Holder.invokeVirtual(java.lang.Object, java.lang.Object, java.lang.Object, java.lang.Object)'> (0x00000000ec02be10) 
thrown [s\src\hotspot\share\interpreter\linkResolver.cpp, line 759]
Event: 3.718 Thread 0x000001dc484b4a70 Exception <a 'java/lang/NoSuchMethodError'{0x00000000eac9b570}: 'int java.lang.invoke.DirectMethodHandle$Holder.invokeSpecial(java.lang.Object, java.lang.Object, java.lang.Object, java.lang.Object)'> (0x00000000eac9b570) 
thrown [s\src\hotspot\share\interpreter\linkResolver.cpp, line 759]
Event: 3.738 Thread 0x000001dc484b4a70 Exception <a 'sun/nio/fs/WindowsException'{0x00000000eae64280}> (0x00000000eae64280) 
thrown [s\src\hotspot\share\prims\jni.cpp, line 516]
Event: 3.738 Thread 0x000001dc484b4a70 Exception <a 'sun/nio/fs/WindowsException'{0x00000000eae64b58}> (0x00000000eae64b58) 
thrown [s\src\hotspot\share\prims\jni.cpp, line 516]
Event: 3.739 Thread 0x000001dc484b4a70 Exception <a 'sun/nio/fs/WindowsException'{0x00000000eae88818}> (0x00000000eae88818) 
thrown [s\src\hotspot\share\prims\jni.cpp, line 516]
Event: 3.739 Thread 0x000001dc484b4a70 Exception <a 'sun/nio/fs/WindowsException'{0x00000000eae88e70}> (0x00000000eae88e70) 
thrown [s\src\hotspot\share\prims\jni.cpp, line 516]
Event: 3.747 Thread 0x000001dc2dbee530 Exception <a 'java/lang/NoSuchMethodError'{0x00000000eaf0bc58}: 'void java.lang.invoke.DirectMethodHandle$Holder.invokeStatic(java.lang.Object, java.lang.Object, java.lang.Object, java.lang.Object)'> (0x00000000eaf0bc58) 
thrown [s\src\hotspot\share\interpreter\linkResolver.cpp, line 759]
Event: 3.748 Thread 0x000001dc484b4a70 Exception <a 'sun/nio/fs/WindowsException'{0x00000000eaf438c8}> (0x00000000eaf438c8) 
thrown [s\src\hotspot\share\prims\jni.cpp, line 516]
Event: 3.748 Thread 0x000001dc484b4a70 Exception <a 'sun/nio/fs/WindowsException'{0x00000000eaf441a0}> (0x00000000eaf441a0) 
thrown [s\src\hotspot\share\prims\jni.cpp, line 516]
Event: 3.855 Thread 0x000001dc484b4a70 Exception <a 'sun/nio/fs/WindowsException'{0x00000000eba455c8}> (0x00000000eba455c8) 
thrown [s\src\hotspot\share\prims\jni.cpp, line 516]
Event: 3.870 Thread 0x000001dc484b4a70 Exception <a 'java/io/FileNotFoundException'{0x00000000ebc1ce38}> (0x00000000ebc1ce38) 
thrown [s\src\hotspot\share\prims\jni.cpp, line 516]
Event: 3.870 Thread 0x000001dc484b4a70 Exception <a 'java/io/FileNotFoundException'{0x00000000ebc1e0e0}> (0x00000000ebc1e0e0) 
thrown [s\src\hotspot\share\prims\jni.cpp, line 516]
Event: 3.871 Thread 0x000001dc484b4a70 Exception <a 'java/lang/NoSuchMethodError'{0x00000000ebc3e960}: 'java.lang.Object java.lang.invoke.DirectMethodHandle$Holder.newInvokeSpecial(java.lang.Object, java.lang.Object, java.lang.Object, int)'> (0x00000000ebc3e960) 
thrown [s\src\hotspot\share\interpreter\linkResolver.cpp, line 759]
Event: 3.872 Thread 0x000001dc484b4a70 Exception <a 'java/lang/NoSuchMethodError'{0x00000000ebc54b80}: 'java.lang.Object java.lang.invoke.DirectMethodHandle$Holder.invokeSpecial(java.lang.Object, java.lang.Object, java.lang.Object, java.lang.Object, int)'> (0x00000000ebc54b80) 
thrown [s\src\hotspot\share\interpreter\linkResolver.cpp, line 759]
Event: 3.872 Thread 0x000001dc484b4a70 Exception <a 'java/lang/NoSuchMethodError'{0x00000000ebc58288}: 'java.lang.Object java.lang.invoke.Invokers$Holder.linkToTargetMethod(java.lang.Object, java.lang.Object, int, java.lang.Object)'> (0x00000000ebc58288) 
thrown [s\src\hotspot\share\interpreter\linkResolver.cpp, line 759]
Event: 3.873 Thread 0x000001dc484b4a70 Exception <a 'java/lang/NoSuchMethodError'{0x00000000ebc8bc10}: 'void java.lang.invoke.DirectMethodHandle$Holder.invokeStaticInit(java.lang.Object, java.lang.Object, java.lang.Object)'> (0x00000000ebc8bc10) 
thrown [s\src\hotspot\share\interpreter\linkResolver.cpp, line 759]
Event: 3.906 Thread 0x000001dc4974f160 Exception <a 'java/lang/NoSuchMethodError'{0x00000000ec0ed628}: 'java.lang.Object java.lang.invoke.DirectMethodHandle$Holder.invokeSpecialIFC(java.lang.Object, java.lang.Object, java.lang.Object, java.lang.Object)'> (0x00000000ec0ed628) 
thrown [s\src\hotspot\share\interpreter\linkResolver.cpp, line 759]
Event: 3.927 Thread 0x000001dc2dbee530 Exception <a 'java/lang/NoSuchMethodError'{0x00000000eadeea78}: 'void java.lang.invoke.DirectMethodHandle$Holder.invokeSpecial(java.lang.Object, java.lang.Object, java.lang.Object, java.lang.Object, java.lang.Object, java.lang.Object)'> (0x00000000eadeea78) 
thrown [s\src\hotspot\share\interpreter\linkResolver.cpp, line 759]

VM Operations (20 events):
Event: 3.373 Executing VM operation: ParallelGCFailedAllocation
Event: 3.375 Executing VM operation: ParallelGCFailedAllocation done
Event: 3.404 Executing VM operation: CollectForMetadataAllocation
Event: 3.432 Executing VM operation: CollectForMetadataAllocation done
Event: 3.433 Executing VM operation: HandshakeAllThreads
Event: 3.433 Executing VM operation: HandshakeAllThreads done
Event: 3.487 Executing VM operation: HandshakeAllThreads
Event: 3.487 Executing VM operation: HandshakeAllThreads done
Event: 3.508 Executing VM operation: HandshakeAllThreads
Event: 3.508 Executing VM operation: HandshakeAllThreads done
Event: 3.511 Executing VM operation: HandshakeAllThreads
Event: 3.511 Executing VM operation: HandshakeAllThreads done
Event: 3.531 Executing VM operation: HandshakeAllThreads
Event: 3.531 Executing VM operation: HandshakeAllThreads done
Event: 3.704 Executing VM operation: ParallelGCFailedAllocation
Event: 3.705 Executing VM operation: ParallelGCFailedAllocation done
Event: 3.883 Executing VM operation: HandshakeAllThreads
Event: 3.883 Executing VM operation: HandshakeAllThreads done
Event: 3.906 Executing VM operation: ParallelGCFailedAllocation
Event: 3.909 Executing VM operation: ParallelGCFailedAllocation done

Memory protections (0 events):
No events

Nmethod flushes (0 events):
No events

Events (20 events):
Event: 2.424 Thread 0x000001dc48894a90 Thread added: 0x000001dc484b4a70
Event: 2.440 Thread 0x000001dc48894a90 Thread added: 0x000001dc484b5eb0
Event: 2.981 Thread 0x000001dc46a4f5b0 Thread added: 0x000001dc49950bf0
Event: 3.370 Thread 0x000001dc48894a90 Thread added: 0x000001dc484b2c10
Event: 3.683 Thread 0x000001dc2dbee530 Thread added: 0x000001dc484b3120
Event: 3.683 Thread 0x000001dc2dbee530 Thread added: 0x000001dc4974b9b0
Event: 3.683 Thread 0x000001dc2dbee530 Thread added: 0x000001dc4974af90
Event: 3.683 Thread 0x000001dc2dbee530 Thread added: 0x000001dc4974c3d0
Event: 3.683 Thread 0x000001dc2dbee530 Thread added: 0x000001dc4974b4a0
Event: 3.684 Thread 0x000001dc2dbee530 Thread added: 0x000001dc4974a570
Event: 3.684 Thread 0x000001dc2dbee530 Thread added: 0x000001dc4974c8e0
Event: 3.684 Thread 0x000001dc2dbee530 Thread added: 0x000001dc4974d810
Event: 3.684 Thread 0x000001dc2dbee530 Thread added: 0x000001dc4974bec0
Event: 3.684 Thread 0x000001dc2dbee530 Thread added: 0x000001dc4974cdf0
Event: 3.684 Thread 0x000001dc2dbee530 Thread added: 0x000001dc4974aa80
Event: 3.684 Thread 0x000001dc2dbee530 Thread added: 0x000001dc4974d300
Event: 3.684 Thread 0x000001dc2dbee530 Thread added: 0x000001dc4974a060
Event: 3.692 Thread 0x000001dc484b5eb0 Thread added: 0x000001dc4974f160
Event: 3.709 Thread 0x000001dc2dbee530 Thread added: 0x000001dc4974dd20
Event: 3.876 Thread 0x000001dc4974f160 Thread added: 0x000001dc497505a0


Dynamic libraries:
0x00007ff7864a0000 - 0x00007ff7864ae000 	c:\Users\Thamod Rasmitha\.vscode\extensions\redhat.java-1.37.0-win32-x64\jre\17.0.13-win32-x86_64\bin\java.exe
0x00007ff802180000 - 0x00007ff8023e3000 	C:\WINDOWS\SYSTEM32\ntdll.dll
0x00007ff8007d0000 - 0x00007ff800898000 	C:\WINDOWS\System32\KERNEL32.DLL
0x00007fffff5d0000 - 0x00007fffff982000 	C:\WINDOWS\System32\KERNELBASE.dll
0x00007fffffc80000 - 0x00007fffffdcb000 	C:\WINDOWS\System32\ucrtbase.dll
0x00007fffa7530000 - 0x00007fffa7547000 	c:\Users\Thamod Rasmitha\.vscode\extensions\redhat.java-1.37.0-win32-x64\jre\17.0.13-win32-x86_64\bin\jli.dll
0x00007fffbb0a0000 - 0x00007fffbb0be000 	c:\Users\Thamod Rasmitha\.vscode\extensions\redhat.java-1.37.0-win32-x64\jre\17.0.13-win32-x86_64\bin\VCRUNTIME140.dll
0x00007ff800dd0000 - 0x00007ff800f98000 	C:\WINDOWS\System32\USER32.dll
0x00007fffff990000 - 0x00007fffff9b7000 	C:\WINDOWS\System32\win32u.dll
0x00007ff800ba0000 - 0x00007ff800bca000 	C:\WINDOWS\System32\GDI32.dll
0x00007fffec300000 - 0x00007fffec590000 	C:\WINDOWS\WinSxS\amd64_microsoft.windows.common-controls_6595b64144ccf1df_6.0.26100.2454_none_3e0b68a2e331ad60\COMCTL32.dll
0x00007fffffe90000 - 0x00007ffffffbb000 	C:\WINDOWS\System32\gdi32full.dll
0x00007fffff9c0000 - 0x00007fffffa63000 	C:\WINDOWS\System32\msvcp_win.dll
0x00007ff801210000 - 0x00007ff8012b9000 	C:\WINDOWS\System32\msvcrt.dll
0x00007ff800910000 - 0x00007ff80093f000 	C:\WINDOWS\System32\IMM32.DLL
0x00007fffde680000 - 0x00007fffde68c000 	c:\Users\Thamod Rasmitha\.vscode\extensions\redhat.java-1.37.0-win32-x64\jre\17.0.13-win32-x86_64\bin\vcruntime140_1.dll
0x00007fff4a2a0000 - 0x00007fff4a32d000 	c:\Users\Thamod Rasmitha\.vscode\extensions\redhat.java-1.37.0-win32-x64\jre\17.0.13-win32-x86_64\bin\msvcp140.dll
0x00007fff48de0000 - 0x00007fff49a4b000 	c:\Users\Thamod Rasmitha\.vscode\extensions\redhat.java-1.37.0-win32-x64\jre\17.0.13-win32-x86_64\bin\server\jvm.dll
0x00007ff800200000 - 0x00007ff8002b4000 	C:\WINDOWS\System32\ADVAPI32.dll
0x00007ff801520000 - 0x00007ff8015c6000 	C:\WINDOWS\System32\sechost.dll
0x00007ff801340000 - 0x00007ff801456000 	C:\WINDOWS\System32\RPCRT4.dll
0x00007ff800750000 - 0x00007ff8007c4000 	C:\WINDOWS\System32\WS2_32.dll
0x00007ffff8fa0000 - 0x00007ffff8fab000 	C:\WINDOWS\SYSTEM32\VERSION.dll
0x00007ffffe210000 - 0x00007ffffe25e000 	C:\WINDOWS\SYSTEM32\POWRPROF.dll
0x00007ffff8f60000 - 0x00007ffff8f96000 	C:\WINDOWS\SYSTEM32\WINMM.dll
0x00007ffffe1f0000 - 0x00007ffffe204000 	C:\WINDOWS\SYSTEM32\UMPDC.dll
0x00007ffffe490000 - 0x00007ffffe4aa000 	C:\WINDOWS\SYSTEM32\kernel.appcore.dll
0x00007fffdc9f0000 - 0x00007fffdc9fa000 	c:\Users\Thamod Rasmitha\.vscode\extensions\redhat.java-1.37.0-win32-x64\jre\17.0.13-win32-x86_64\bin\jimage.dll
0x00007ffffccc0000 - 0x00007ffffcf01000 	C:\WINDOWS\SYSTEM32\DBGHELP.DLL
0x00007ff801650000 - 0x00007ff8019ce000 	C:\WINDOWS\System32\combase.dll
0x00007ff800ac0000 - 0x00007ff800b96000 	C:\WINDOWS\System32\OLEAUT32.dll
0x00007fffeb800000 - 0x00007fffeb839000 	C:\WINDOWS\SYSTEM32\dbgcore.DLL
0x00007fffff530000 - 0x00007fffff5c9000 	C:\WINDOWS\System32\bcryptPrimitives.dll
0x00007ffff1d60000 - 0x00007ffff1d6e000 	c:\Users\Thamod Rasmitha\.vscode\extensions\redhat.java-1.37.0-win32-x64\jre\17.0.13-win32-x86_64\bin\instrument.dll
0x00007fff4a5a0000 - 0x00007fff4a5c5000 	c:\Users\Thamod Rasmitha\.vscode\extensions\redhat.java-1.37.0-win32-x64\jre\17.0.13-win32-x86_64\bin\java.dll
0x00007fffa63f0000 - 0x00007fffa6408000 	c:\Users\Thamod Rasmitha\.vscode\extensions\redhat.java-1.37.0-win32-x64\jre\17.0.13-win32-x86_64\bin\zip.dll
0x00007ff801a30000 - 0x00007ff802130000 	C:\WINDOWS\System32\SHELL32.dll
0x00007ffffd2b0000 - 0x00007ffffdae1000 	C:\WINDOWS\SYSTEM32\windows.storage.dll
0x00007ff800fa0000 - 0x00007ff80107a000 	C:\WINDOWS\System32\SHCORE.dll
0x00007ff8008b0000 - 0x00007ff80090d000 	C:\WINDOWS\System32\shlwapi.dll
0x00007fffff440000 - 0x00007fffff46e000 	C:\WINDOWS\SYSTEM32\profapi.dll
0x00007fffa6350000 - 0x00007fffa6369000 	C:\Users\Thamod Rasmitha\.vscode\extensions\redhat.java-1.37.0-win32-x64\jre\17.0.13-win32-x86_64\bin\net.dll
0x00007ffff5a80000 - 0x00007ffff5ba6000 	C:\WINDOWS\SYSTEM32\WINHTTP.dll
0x00007ffffe990000 - 0x00007ffffe9f8000 	C:\WINDOWS\system32\mswsock.dll
0x00007fff8b440000 - 0x00007fff8b456000 	C:\Users\Thamod Rasmitha\.vscode\extensions\redhat.java-1.37.0-win32-x64\jre\17.0.13-win32-x86_64\bin\nio.dll
0x00007fffd98d0000 - 0x00007fffd98e0000 	c:\Users\Thamod Rasmitha\.vscode\extensions\redhat.java-1.37.0-win32-x64\jre\17.0.13-win32-x86_64\bin\verify.dll
0x00007fffdb020000 - 0x00007fffdb065000 	C:\Users\Thamod Rasmitha\AppData\Roaming\Code\User\globalStorage\redhat.java\1.37.0\config_win\org.eclipse.equinox.launcher\org.eclipse.equinox.launcher.win32.win32.x86_64_1.2.1100.v20240722-2106\eclipse_11904.dll
0x00007ff800bd0000 - 0x00007ff800d69000 	C:\WINDOWS\System32\ole32.dll
0x00007ffffec30000 - 0x00007ffffec4c000 	C:\WINDOWS\SYSTEM32\CRYPTSP.dll
0x00007ffffe3f0000 - 0x00007ffffe428000 	C:\WINDOWS\system32\rsaenh.dll
0x00007ffffea30000 - 0x00007ffffea5b000 	C:\WINDOWS\SYSTEM32\USERENV.dll
0x00007ffffee70000 - 0x00007ffffee96000 	C:\WINDOWS\SYSTEM32\bcrypt.dll
0x00007ffffec50000 - 0x00007ffffec5c000 	C:\WINDOWS\SYSTEM32\CRYPTBASE.dll
0x00007ffffde50000 - 0x00007ffffde82000 	C:\WINDOWS\SYSTEM32\IPHLPAPI.DLL
0x00007ff801460000 - 0x00007ff80146a000 	C:\WINDOWS\System32\NSI.dll
0x00007ffff5c40000 - 0x00007ffff5c5e000 	C:\WINDOWS\SYSTEM32\dhcpcsvc6.DLL
0x00007ffff5c10000 - 0x00007ffff5c35000 	C:\WINDOWS\SYSTEM32\dhcpcsvc.DLL
0x00007ffffdf40000 - 0x00007ffffe065000 	C:\WINDOWS\SYSTEM32\DNSAPI.dll
0x00007fffdafd0000 - 0x00007fffdb019000 	C:\Users\Thamod Rasmitha\AppData\Local\Temp\jna--2070620168\jna11099000288992556520.dll
0x00007ff8008a0000 - 0x00007ff8008a8000 	C:\WINDOWS\System32\PSAPI.DLL

dbghelp: loaded successfully - version: 4.0.5 - missing functions: none
symbol engine: initialized successfully - sym options: 0x614 - pdb path: .;c:\Users\Thamod Rasmitha\.vscode\extensions\redhat.java-1.37.0-win32-x64\jre\17.0.13-win32-x86_64\bin;C:\WINDOWS\SYSTEM32;C:\WINDOWS\WinSxS\amd64_microsoft.windows.common-controls_6595b64144ccf1df_6.0.26100.2454_none_3e0b68a2e331ad60;c:\Users\Thamod Rasmitha\.vscode\extensions\redhat.java-1.37.0-win32-x64\jre\17.0.13-win32-x86_64\bin\server;C:\Users\Thamod Rasmitha\AppData\Roaming\Code\User\globalStorage\redhat.java\1.37.0\config_win\org.eclipse.equinox.launcher\org.eclipse.equinox.launcher.win32.win32.x86_64_1.2.1100.v20240722-2106;C:\Users\Thamod Rasmitha\AppData\Local\Temp\jna--2070620168

VM Arguments:
jvm_args: --add-modules=ALL-SYSTEM --add-opens=java.base/java.util=ALL-UNNAMED --add-opens=java.base/java.lang=ALL-UNNAMED --add-opens=java.base/sun.nio.fs=ALL-UNNAMED -Declipse.application=org.eclipse.jdt.ls.core.id1 -Dosgi.bundles.defaultStartLevel=4 -Declipse.product=org.eclipse.jdt.ls.core.product -Djava.import.generatesMetadataFilesAtProjectRoot=false -DDetectVMInstallationsJob.disabled=true -Dfile.encoding=utf8 -XX:+UseParallelGC -XX:GCTimeRatio=4 -XX:AdaptiveSizePolicyWeight=90 -Dsun.zip.disableMemoryMapping=true -Xmx1G -Xms100m -Xlog:disable -javaagent:c:\Users\Thamod Rasmitha\.vscode\extensions\redhat.java-1.37.0-win32-x64\lombok\lombok-1.18.34.jar -XX:+HeapDumpOnOutOfMemoryError -XX:HeapDumpPath=c:\Users\Thamod Rasmitha\AppData\Roaming\Code\User\workspaceStorage\79564c900adf8b5a677e70732245fc39\redhat.java -Daether.dependencyCollector.impl=bf 
java_command: c:\Users\Thamod Rasmitha\.vscode\extensions\redhat.java-1.37.0-win32-x64\server\plugins\org.eclipse.equinox.launcher_1.6.900.v20240613-2009.jar -configuration c:\Users\Thamod Rasmitha\AppData\Roaming\Code\User\globalStorage\redhat.java\1.37.0\config_win -data c:\Users\Thamod Rasmitha\AppData\Roaming\Code\User\workspaceStorage\79564c900adf8b5a677e70732245fc39\redhat.java\jdt_ws --pipe=\\.\pipe\lsp-165f7f9b9e78a93451ea604e624eb057-sock
java_class_path (initial): c:\Users\Thamod Rasmitha\.vscode\extensions\redhat.java-1.37.0-win32-x64\server\plugins\org.eclipse.equinox.launcher_1.6.900.v20240613-2009.jar
Launcher Type: SUN_STANDARD

[Global flags]
    uintx AdaptiveSizePolicyWeight                 = 90                                        {product} {command line}
     intx CICompilerCount                          = 4                                         {product} {ergonomic}
    uintx GCTimeRatio                              = 4                                         {product} {command line}
     bool HeapDumpOnOutOfMemoryError               = true                                   {manageable} {command line}
    ccstr HeapDumpPath                             = c:\Users\Thamod Rasmitha\AppData\Roaming\Code\User\workspaceStorage\79564c900adf8b5a677e70732245fc39\redhat.java         {manageable} {command line}
   size_t InitialHeapSize                          = 104857600                                 {product} {command line}
   size_t MaxHeapSize                              = 1073741824                                {product} {command line}
   size_t MaxNewSize                               = 357564416                                 {product} {ergonomic}
   size_t MinHeapDeltaBytes                        = 524288                                    {product} {ergonomic}
   size_t MinHeapSize                              = 104857600                                 {product} {command line}
   size_t NewSize                                  = 34603008                                  {product} {ergonomic}
    uintx NonNMethodCodeHeapSize                   = 5839372                                {pd product} {ergonomic}
    uintx NonProfiledCodeHeapSize                  = 122909434                              {pd product} {ergonomic}
   size_t OldSize                                  = 70254592                                  {product} {ergonomic}
    uintx ProfiledCodeHeapSize                     = 122909434                              {pd product} {ergonomic}
    uintx ReservedCodeCacheSize                    = 251658240                              {pd product} {ergonomic}
     bool SegmentedCodeCache                       = true                                      {product} {ergonomic}
   size_t SoftMaxHeapSize                          = 1073741824                             {manageable} {ergonomic}
     bool UseCompressedClassPointers               = true                           {product lp64_product} {ergonomic}
     bool UseCompressedOops                        = true                           {product lp64_product} {ergonomic}
     bool UseLargePagesIndividualAllocation        = false                                  {pd product} {ergonomic}
     bool UseParallelGC                            = true                                      {product} {command line}

Logging:
Log output configuration:
 #0: stdout all=off uptime,level,tags
 #1: stderr all=off uptime,level,tags

Environment Variables:
PATH=C:\Program Files (x86)\Common Files\Oracle\Java\javapath;C:\oracles\dbhomeXE\bin;C:\Python311\Scripts\;C:\Python311\;C:\WINDOWS\system32;C:\WINDOWS;C:\WINDOWS\System32\Wbem;C:\WINDOWS\System32\WindowsPowerShell\v1.0\;C:\WINDOWS\System32\OpenSSH\;C:\Program Files\Java\jdk1.8.0_351\bin;C:\Program Files\Java\jre1.8.0_351\bin;C:\ProgramData\chocolatey\bin;C:\Program Files\Git\cmd;C:\Program Files\nodejs\;C:\Program Files\MATLAB\R2023a\runtime\win64;C:\Program Files\MATLAB\R2023a\bin;C:\Program Files (x86)\Microsoft SQL Server\160\DTS\Binn\;C:\Program Files (x86)\Microsoft SQL Server\160\Tools\Binn\;C:\Program Files\Microsoft SQL Server\160\Tools\Binn\;C:\Program Files\Microsoft SQL Server\Client SDK\ODBC\170\Tools\Binn\;C:\Program Files\Microsoft SQL Server\160\DTS\Binn\;C:\Program Files\Microsoft SQL Server\150\Tools\Binn\;C:\Program Files\PowerShell\7\;D:\Software\mongoDb\mongosh-2.3.3-win32-x64\mongosh-2.3.3-win32-x64\bin;C:\Users\Thamod Rasmitha\AppData\Local\Microsoft\WindowsApps;C:\Program Files\JetBrains\IntelliJ IDEA Community Edition 2022.3.1\bin;;C:\Users\Thamod Rasmitha\AppData\Local\Programs\Microsoft VS Code\bin;C:\flutter\bin;C:\Users\Thamod Rasmitha\AppData\Local\Pub\Cache\bin;C:\Users\Thamod Rasmitha\AppData\Roaming\npm;
USERNAME=Thamod Rasmitha
OS=Windows_NT
PROCESSOR_IDENTIFIER=AMD64 Family 23 Model 104 Stepping 1, AuthenticAMD
TMP=C:\Users\THAMOD~1\AppData\Local\Temp
TEMP=C:\Users\THAMOD~1\AppData\Local\Temp



Periodic native trim disabled


---------------  S Y S T E M  ---------------

OS:
 Windows 11 , 64 bit Build 26100 (10.0.26100.2454)
OS uptime: 0 days 3:23 hours

CPU: total 12 (initial active 12) (12 cores per cpu, 2 threads per core) family 23 model 104 stepping 1 microcode 0x8608104, cx8, cmov, fxsr, ht, mmx, 3dnowpref, sse, sse2, sse3, ssse3, sse4a, sse4.1, sse4.2, popcnt, lzcnt, tsc, tscinvbit, avx, avx2, aes, clmul, bmi1, bmi2, adx, sha, fma, vzeroupper, clflush, clflushopt
Processor Information for all 12 processors :
  Max Mhz: 2100, Current Mhz: 2100, Mhz Limit: 2100

Memory: 4k page, system-wide physical 15753M (6053M free)
TotalPageFile size 15753M (AvailPageFile size 28M)
current process WorkingSet (physical memory assigned to process): 189M, peak: 189M
current process commit charge ("private bytes"): 289M, peak: 289M

vm_info: OpenJDK 64-Bit Server VM (17.0.13+11) for windows-amd64 JRE (17.0.13+11), built on Oct 16 2024 00:10:08 by "admin" with MS VC++ 17.7 (VS2022)

END.
